
 MICRESS binary
 **************
 version number: 6.400 (Linux)
 compiled: 01/17/2018
 compiler version: Intel 1400 20140120
 executable architecture: x64
 Thermo-Calc coupling: enabled
 #    Version:    19
 #    Link Date:  20-03-2017 12:28:00
 #    OS Name:    Linux
 #    Build Date: 10716
 #    Compiler:   ifort (IFORT) 14.0.2 20140120
 OpenMP: disabled
 shell: /bin/tcsh
 ('double precision' binary)

 Miscellanea
 ***********
 Date and time: 17/01/2018 (04:18)
 Machine: n022
 Driving file: A011_Flow_Readfrac_dri.temp


 Flags and settings
 ******************

 Geometry
 --------
 AnzX,   AnzY,   AnzZ   = 100, 100, 100
 deltaX, deltaY, deltaZ [cm] = 1.0000E-04, 1.0000E-04, 1.0000E-04

 Flags
 -----
 Phase-field simulation without coupling
 Simulation with flow coupling
 'Double-obstacle' potential
 IFaceDim coeff. : 0.100 (0.75, 0.50)
 nTupelDim coeff.: 0.010 (0.75, 0.50)


 Time input data
 ***************
 Number of intermediate outputs = 1
 Intermediate output at t       = 2.0000000E-03 s
 Coefficient for phase-field criterion 1.00
 Weight factor for bulk increment = 1.000E-07
 Upper limit for time step: 1.000E+20
 Number of steps to adjust profiles of initially sharp interfaces [exclude_inactive]: 1
 
 
 Phase data
 **********
 Number of distinct solid phases = 1
 
 Data for phase 1:
 -----------------
 in phase 1, recrystallisation will not be considered.
 Phase 1 is isotropic.
 No categorization is allowed for phase 1


 Grain input
 ***********
 Grains will be positioned deterministically
 Number of grains = 0


 Data for further nucleation
 ***************************
 Run-time nucleation disabled
 
 
 Phase interaction data
 **********************
 
 Data for phase interaction 0 / 1:
 ---------------------------------
  Interaction between 0 and 1 will not be simulated.
 
 Data for phase interaction 1 / 1:
 ---------------------------------
  Interaction between 1 and 1 will be simulated.
  Interaction parameters between phases  1  and 1:
  Interfacial energy        sigma = 1.00000E-05 [J/cm**2]
  Kinetic coefficient          mu = 5.00000E-13 [cm**4/(Js)]


 Phase diagram - input data
 **************************
 
 Material data for flow calculation
 **********************************
 
 Phase           0
 -------------
 Viscosity [cm**2/s], phase           0
  1.000000000000000E-002
 mean density [g/cm**3], Phase           0
   7.00000000000000     
 
 
 Boundary conditions
 *******************
 Initial temperature at the bottom: 1000.000 K
 Temperature gradient at beginning: 0.0000 K/cm
 Cooling rate: 0.0000 K/s
 Simulation domain not shifted
 
 In W-direction symmetric boundary condition for phase field
 In E-direction symmetric boundary condition for phase field
 In S-direction symmetric boundary condition for phase field
 In N-direction symmetric boundary condition for phase field
 In B-direction symmetric boundary condition for phase field
 In T-direction symmetric boundary condition for phase field
 #
 # Boundary conditions for flow field in each direction
 # Options: p (periodic) e (in-out) o,+ (in-out normal to wall) f (fixed)
 # Options: i (insulation parallel to wall) s (symmetric) l,= (parallel to wall)
 # Sequence: W E (S N, if 3D) B T borders
 oossss
 #
 # Boundary conditions for pressure in each direction
 # Options: i (insulation) s (symmetric) n (vonNeumann) p (periodic)
 #          g (continuous gradient) f (fixed) - (none, for flow: fisl)
 # Sequence: W E (S N, if 3D) B T borders
 ffssss
  # Fixed value for pressure in W-direction [Pa]
  0.50000    
  # Fixed value for pressure in E-direction [Pa]
   0.0000    
 
 Unit-cell model symmetric with respect to the x/y diagonal plane not activated


 Other numerical parameters
 **************************
 # Convergence criterion for impulse eqn. (absolute) [mue_m/s] 2.00E-02
 # Max. number of iterations for linear solver:   500
 Phase minimum      phMin = 1.00E-05
 Interface thickness etaZ = 2.50000000000000


 Beginning of initialisation
 ***************************
 
 # tWidth_max( 1 : 1 ) = 3.0400000E+08 s
 # Maximal value for tWidth = 3.0400000E+08 s for phase-field solver
 # Initial value for tWidth = 3.04000E+08 s for automatic time stepping (phase-field solver)
 
 Remaining license time: permanent

 ==================================================

 Time t = 0.0000000 s
 CPU-time: 0 s
 Current phase-field solver time step = 3.04E+08 s
 Temperature at the bottom = 1000.0 K
 Temperature gradient = 0.00000 K/cm
 Flow, domain averages: p = 0.0000E+00 Pa, RMS(|V|) = 0.0000E+00 micron/s
                V_x = 0.0000E+00 V_y = 0.0000E+00 V_z = 0.0000E+00 micron/s

 **********************************************
 *         Beginning of simulation            *
 **********************************************
 VTK frac0 field read
 WARNING, Flow: continuity not converged 3.629E+00 > 1.000E-01 /s

 Intermediate output for t = 2.00000E-03 s
 CPU-time: 1449 s
 Current phase-field solver time step = 2.00E-03 s
 Temperature at the bottom = 1000.0 K
 Temperature gradient = 0.00000 K/cm
 Flow, domain averages: p = 2.7023E-01 Pa, RMS(|V|) = 4.8559E+01 micron/s
                V_x = 2.7506E+01 V_y = 1.2654E+00 V_z = 1.8075E-01 micron/s
 WARNING, Flow (      11X): max. continuity error 3.629E+00 /s

 ==================================================

 Simulation run on machine n022
 Remaining license time: permanent
 CPU time in seconds:        1453
 Wall clock time in seconds:  1474
 End
 
