
 MICRESS binary
 **************
 version number: 6.400 (Linux)
 compiled: 01/17/2018
 compiler version: Intel 1400 20140120
 executable architecture: x64
 Thermo-Calc coupling: enabled
 #    Version:    19
 #    Link Date:  20-03-2017 12:28:00
 #    OS Name:    Linux
 #    Build Date: 10716
 #    Compiler:   ifort (IFORT) 14.0.2 20140120
 OpenMP: disabled
 shell: /bin/tcsh
 ('double precision' binary)

 Miscellanea
 ***********
 Date and time: 17/01/2018 (04:29)
 Machine: n009
 Driving file: T018_GammaAlphaPearlite_TQ_dri.temp


 Flags and settings
 ******************

 Geometry
 --------
 AnzX,   AnzY,   AnzZ   = 100, 1, 100
 deltaX, deltaY, deltaZ [cm] = 7.5000E-06, 7.5000E-06, 7.5000E-06

 Flags
 -----
 Simulation with concentration coupling
 'Double-obstacle' potential
 no_1d_far_field
 no_1d_temp
 IFaceDim coeff. : 0.100 (0.75, 0.50)
 nTupelDim coeff.: 0.100 (0.75, 0.50)


 The data compression is done with 'zlib' (cf. http://www.zlib.net/).
 The routine for appending is loosely derived from the 'gzappend.c' example.


 Time input data
 ***************
 Number of intermediate outputs = 45
 Intermediate output at t       = 2.5000000E-01 s
 Intermediate output at t       = 1.0000000E+00 s
 Intermediate output at t       = 1.5000000E+00 s
 Intermediate output at t       = 2.0000000E+00 s
 Intermediate output at t       = 2.5000000E+00 s
 Intermediate output at t       = 3.0000000E+00 s
 Intermediate output at t       = 3.5000000E+00 s
 Intermediate output at t       = 4.0000000E+00 s
 Intermediate output at t       = 4.5000000E+00 s
 Intermediate output at t       = 5.0000000E+00 s
 Intermediate output at t       = 5.5000000E+00 s
 Intermediate output at t       = 6.0000000E+00 s
 Intermediate output at t       = 6.5000000E+00 s
 Intermediate output at t       = 7.0000000E+00 s
 Intermediate output at t       = 7.5000000E+00 s
 Intermediate output at t       = 8.0000000E+00 s
 Intermediate output at t       = 8.5000000E+00 s
 Intermediate output at t       = 9.0000000E+00 s
 Intermediate output at t       = 9.5000000E+00 s
 Intermediate output at t       = 1.0000000E+01 s
 Intermediate output at t       = 1.1000000E+01 s
 Intermediate output at t       = 1.2000000E+01 s
 Intermediate output at t       = 1.3000000E+01 s
 Intermediate output at t       = 1.4000000E+01 s
 Intermediate output at t       = 1.5000000E+01 s
 Intermediate output at t       = 1.6000000E+01 s
 Intermediate output at t       = 1.7000000E+01 s
 Intermediate output at t       = 1.8000000E+01 s
 Intermediate output at t       = 1.9000000E+01 s
 Intermediate output at t       = 2.0000000E+01 s
 Intermediate output at t       = 2.1000000E+01 s
 Intermediate output at t       = 2.2000000E+01 s
 Intermediate output at t       = 2.3000000E+01 s
 Intermediate output at t       = 2.4000000E+01 s
 Intermediate output at t       = 2.5000000E+01 s
 Intermediate output at t       = 2.6000000E+01 s
 Intermediate output at t       = 2.7000000E+01 s
 Intermediate output at t       = 2.8000000E+01 s
 Intermediate output at t       = 2.9000000E+01 s
 Intermediate output at t       = 3.0000000E+01 s
 Intermediate output at t       = 3.1000000E+01 s
 Intermediate output at t       = 3.2000000E+01 s
 Intermediate output at t       = 3.3000000E+01 s
 Intermediate output at t       = 3.4000000E+01 s
 Intermediate output at t       = 3.5000000E+01 s
 Coefficient for phase-field criterion 1.00
 Coefficient for segregation criterion 0.900
 Upper limit for time step: 10.0
 Lower limit for time step: 1.000E-03
 Number of steps to adjust profiles of initially sharp interfaces [exclude_inactive]: 25
 
 
 Phase data
 **********
 Number of distinct solid phases = 3
 
 Data for phase 1:
 -----------------
 in phase 1, recrystallisation will not be considered.
 Phase 1 is isotropic.
 No categorization is allowed for phase 1
 
 Data for phase 2:
 -----------------
 in phase 2, recrystallisation will not be considered.
 Phase 2 is isotropic.
 No categorization is allowed for phase 2
 
 Data for phase 3:
 -----------------
 in phase 3, recrystallisation will not be considered.
 Phase 3 is anisotropic.
 Cubic crystal symmetry will be considered:
 No categorization is allowed for phase 3
 Grain orientations will be defined by 2D angles.


 Grain input
 ***********
 Grains will be positioned randomly
 Integer for randomization: 23457
 Number of different types of grains: 1
 Number of grains of type 1: 8

 Input for grain type 1
 ----------------------
  For grain type 1 round grains will be set.
  Minimal value of x-coordinates: 0.00000 micrometers
  Maximal value of x-coordinates: 7.50000 micrometers
  Minimal value of z-coordinates: 0.00000 micrometers
  Maximal value of z-coordinates: 7.50000 micrometers
  Minimum grain radius: 3.33000 micrometers
  Maximum grain radius: 4.00000 micrometers
  Grain type 1 is stabilized
  For grains of type 1 will be set according to the Voronoi construction
  Phase number for grain type 1: 1
  Minimal distance between grains is: 2.6600 micrometers

 I.e.:
 -----
 Number of grains = 8
 Input data for grain number 1:
  'Round' grain.
  x,z coordinates               : 1.14582, 6.85662 micrometers
  Grain radius                  : 3.9348 micrometers
  Stabilisation
  Voronoi construction
  Phase number                  : 1
 Input data for grain number 2:
  'Round' grain.
  x,z coordinates               : 5.88592, 2.00717 micrometers
  Grain radius                  : 3.4838 micrometers
  Stabilisation
  Voronoi construction
  Phase number                  : 1
 Input data for grain number 3:
  'Round' grain.
  x,z coordinates               : 1.99702, 0.338218 micrometers
  Grain radius                  : 3.5934 micrometers
  Stabilisation
  Voronoi construction
  Phase number                  : 1
 Input data for grain number 4:
  'Round' grain.
  x,z coordinates               : 4.33695, 6.98943 micrometers
  Grain radius                  : 3.6123 micrometers
  Stabilisation
  Voronoi construction
  Phase number                  : 1
 Input data for grain number 5:
  'Round' grain.
  x,z coordinates               : 1.05461, 2.86947 micrometers
  Grain radius                  : 3.9993 micrometers
  Stabilisation
  Voronoi construction
  Phase number                  : 1
 Input data for grain number 6:
  'Round' grain.
  x,z coordinates               : 3.14971, 4.54363 micrometers
  Grain radius                  : 3.8495 micrometers
  Stabilisation
  Voronoi construction
  Phase number                  : 1
 Input data for grain number 7:
  'Round' grain.
  x,z coordinates               : 7.35435, 7.09214 micrometers
  Grain radius                  : 3.5219 micrometers
  Stabilisation
  Voronoi construction
  Phase number                  : 1
 Input data for grain number 8:
  'Round' grain.
  x,z coordinates               : 5.90327, 4.72531 micrometers
  Grain radius                  : 3.7307 micrometers
  Stabilisation
  Voronoi construction
  Phase number                  : 1


 Data for further nucleation
 ***************************
 Run-time nucleation enabled
 Number of types of seeds: 4

 Input for seed type 1:
 ----------------------
  Type of 'position' of the seeds: higher-order junctions
  Phase of new grains: 2
  Phase of new grains: 2
  Reference phase is phase 1
  Minimal fraction of reference phase: 0.00000
  Maximal fraction of reference phase: 1.00000
  Substrate phase: 1
  Nucleation driving force for seed type 1 will be undercooling.
  Seed type 1 will be described by the nucleation model seed_undercooling
  maximum number of new nuclei 1: 250
  Grain radius [micrometers]: 0.00000
  Choice of growth mode:stabilisation
  min. undercooling [K] (>0): 50.000
  Shield time [s]: 20.000
  shield phase or group number: 2
  Shield distance [micrometers]  [ nucleation distance [micrometers] ]: 2.5000
  min. nucleation temperature for seed type 1: 0.0000 K
  max. nucleation temperature for seed type 1: 1200.0000 K
  Time between checks for nucleation: 0.25000 [s]
  No random noise will be applied.

 Input for seed type 2:
 ----------------------
  Type of 'position' of the seeds: interfaces
  Phase of new grains: 2
  Phase of new grains: 2
  Reference phase is phase 1
  Minimal fraction of reference phase: 0.00000
  Maximal fraction of reference phase: 1.00000
  Substrate phase: 1
  Nucleation driving force for seed type 2 will be undercooling.
  Seed type 2 will be described by the nucleation model seed_undercooling
  maximum number of new nuclei 2: 500
  Grain radius [micrometers]: 0.00000
  Choice of growth mode:stabilisation
  min. undercooling [K] (>0): 55.000
  Shield time [s]: 20.000
  shield phase or group number: 2
  Shield distance [micrometers]  [ nucleation distance [micrometers] ]: 2.5000
  min. nucleation temperature for seed type 2: 0.0000 K
  max. nucleation temperature for seed type 2: 1200.0000 K
  Time between checks for nucleation: 0.25000 [s]
  No random noise will be applied.

 Input for seed type 3:
 ----------------------
  Type of 'position' of the seeds: bulk
  Phase of new grains: 2
  Phase of new grains: 2
  Reference phase is phase 1
  Minimal fraction of reference phase: 0.00000
  Maximal fraction of reference phase: 1.00000
  Nucleation driving force for seed type 3 will be undercooling.
  Seed type 3 will be described by the nucleation model seed_undercooling
  maximum number of new nuclei 3: 500
  Grain radius [micrometers]: 0.00000
  Choice of growth mode:stabilisation
  min. undercooling [K] (>0): 65.000
  Shield time [s]: 20.000
  shield phase or group number: 2
  Shield distance [micrometers]  [ nucleation distance [micrometers] ]: 7.5000
  min. nucleation temperature for seed type 3: 0.0000 K
  max. nucleation temperature for seed type 3: 1200.0000 K
  Time between checks for nucleation: 0.25000 [s]
  No random noise will be applied.

 Input for seed type 4:
 ----------------------
  Type of 'position' of the seeds: interfaces
  Phase of new grains: 3
  "Diffuse" model is activated
  Phase of new grains: 3
  The lamellar radius is: 0.100000 micrometers
  Reference phase is phase 1
  Minimal fraction of reference phase: 0.00000
  Maximal fraction of reference phase: 1.00000
  Substrate phase: 2
  The influence of the curvature undercooling will not be taken into account.
  Nucleation driving force for seed type 4 will be undercooling.
  Seed type 4 will be described by the nucleation model seed_undercooling
  maximum number of new nuclei 4: 500
  Grain radius [micrometers]: 0.00000
  Choice of growth mode:stabilisation
  min. undercooling [K] (>0): 20.000
  Determination of grain orientations is 'random'
  Shield time [s]: 1.0000
  shield phase or group number: 3
  Shield distance [micrometers]  [ nucleation distance [micrometers] ]: 2.5000
  min. nucleation temperature for seed type 4: 0.0000 K
  max. nucleation temperature for seed type 4: 930.0000 K
  Time between checks for nucleation: 1.0000 [s]
  No random noise will be applied.

 Other nucleation parameters
 ---------------------------
  Max. number of simultaneous nucleations: 1750
  Metastable small seeds will not be killed
 
 
 Phase interaction data
 **********************
 
 Data for phase interaction 0 / 1:
 ---------------------------------
  Interaction between 0 and 1 will not be simulated.
 
 Data for phase interaction 0 / 2:
 ---------------------------------
  Interaction between 0 and 2 will not be simulated.
 
 Data for phase interaction 0 / 3:
 ---------------------------------
  Interaction between 0 and 3 will not be simulated.
 
 Data for phase interaction 1 / 1:
 ---------------------------------
  Interaction between 1 and 1 will be simulated.
  Interaction parameters between phases  1  and 1:
  Interfacial energy        sigma = 1.00000E-05 [J/cm**2]
  Kinetic coefficient          mu = 1.00000E-05 [cm**4/(Js)]
 
 Data for phase interaction 1 / 2:
 ---------------------------------
  Interaction between 1 and 2 will be simulated.
  Interaction parameters between phases  1  and 2:
  Maximal driving force     dGMax = 50.000 [J/cm**3]
  Interfacial energy        sigma = 5.00000E-05 [J/cm**2]
  Kinetic coefficient          mu = 1.00000E-06 [cm**4/(Js)]
 
 Data for phase interaction 1 / 3:
 ---------------------------------
  Interaction between 1 and 3 will be simulated.
  Interaction parameters between phases  1  and 3:
  Averaging coefficient        Av = +0.50
  Maximal driving force     dGMax = 500.00 [J/cm**3]
  Interfacial energy        sigma = 5.00000E-04 [J/cm**2]
  Kinetic coefficient          mu = 1.00000E-08 [cm**4/(Js)]
  Phases  1 /  3 have an isotropic interaction.
 
 Data for phase interaction 2 / 2:
 ---------------------------------
  Interaction between 2 and 2 will be simulated.
  Interaction parameters between phases  2  and 2:
  Interfacial energy        sigma = 5.00000E-05 [J/cm**2]
  Kinetic coefficient          mu = 1.00000E-05 [cm**4/(Js)]
 
 Data for phase interaction 2 / 3:
 ---------------------------------
  Interaction between 2 and 3 will be simulated.
  Interaction parameters between phases  2  and 3:
  Averaging coefficient        Av = +0.50
  Maximal driving force     dGMax = 500.00 [J/cm**3]
  Interfacial energy        sigma = 5.00000E-04 [J/cm**2]
  Kinetic coefficient          mu = 5.00000E-09 [cm**4/(Js)]
  Phases  2 /  3 have an isotropic interaction.
 
 Data for phase interaction 3 / 3:
 ---------------------------------
  Interaction between 3 and 3 will not be simulated.


 Concentration data
 ******************
 Number of dissolved constituents = 2
 Concentration in weight percent wt%

 Diffusion Data
 --------------
 Diffusion of component 1  in phase 0  will not be solved.
 Diffusion of component 1  in phase 1  will be solved with diffusion coefficient values from database ('global')
 Diffusion of component 1  in phase 2  will be solved with diffusion coefficient values from database ('global')
 Diffusion of component 1  in phase 3  will not be solved.
 Diffusion of component 2  in phase 0  will not be solved.
 Diffusion of component 2  in phase 1  will be solved with diffusion coefficient values from database ('global')
 Diffusion of component 2  in phase 2  will be solved with diffusion coefficient values from database ('global')
 Diffusion of component 2  in phase 3  will not be solved.
 Interval for updating diffusion coefficients data: 1.0000 [s]


 Phase diagram - input data
 **************************
 In phase 3 components 1 and 2 are defined as enhanced stoichiometric.

 Name of Thermo-Calc *.GES5 file: GES_Files/TC2015a_FeCMn
 Interval for updating thermodynamic data [s] = 1.0000

 Input of the phase diagram of phase 1 and phase 2:
 --------------------------------------------------
 TC-Coupling activated
 No relinearisation is done per Interface!

 Input of the phase diagram of phase 1 and phase 3:
 --------------------------------------------------
 TC-Coupling activated
 No relinearisation is done per Interface!

 Input of the phase diagram of phase 2 and phase 3:
 --------------------------------------------------
 TC-Coupling activated
 No relinearisation is done per Interface!
 # Reading GES5 workspace ...
 The database contains the following components:
 1: C
 2: FE
 3: MN
 Thermo-Calc index of (MICRESS) component 0 = 2
 Thermo-Calc index of (MICRESS) component 1 = 1
 Thermo-Calc index of (MICRESS) component 2 = 3
 0 -> FE
 1 -> C
 2 -> MN
 The database contains 4 phases:
 1: LIQUID
 2: BCC_A2
 3: CEMENTITE
 4: FCC_A1
 Thermo-Calc index of the (MICRESS) phase 1 = 4
 Thermo-Calc index of the (MICRESS) phase 2 = 2
 Thermo-Calc index of the (MICRESS) phase 3 = 3
 1 -> FCC_A1
 2 -> BCC_A2
 3 -> CEMENTITE
 In phase 3 component 1 is really stoichiometric.
 # Molar volume of phase 1 (FCC_A1): 7.1824 [cm**3/mol]
 # Molar volume of phase 2 (BCC_A2): 7.2757 [cm**3/mol]
 # Molar volume of phase 3 (CEMENTITE): 7.0000 [cm**3/mol]
 initial equilibrium at T = 1030.000
 
 
 Initial concentrations
 **********************
 Concentrations will be automatically set, matrix phase: 1
 Initial concentration of component 1 (C) in phase 1 (FCC_A1) = 0.2500000000 wt%
 Initial concentration of component 2 (MN) in phase 1 (FCC_A1) = 0.1740000000 wt%


 Parameters for latent heat and 1D temperature field
 ***************************************************
 Simulation without release of latent heat
 
 
 Boundary conditions
 *******************
 Initial temperature at the bottom: 1030.000 K
 Temperature gradient at beginning: 0.0000 K/cm
 Cooling rate: -10.000 K/s
 Simulation domain not shifted
 
 In W-direction periodic/wrap-around boundary condition for phase field
 In E-direction periodic/wrap-around boundary condition for phase field
 In B-direction periodic/wrap-around boundary condition for phase field
 In T-direction periodic/wrap-around boundary condition for phase field
 
 In W-direction periodic/wrap-around boundary condition for concentration field
 In E-direction periodic/wrap-around boundary condition for concentration field
 In B-direction periodic/wrap-around boundary condition for concentration field
 In T-direction periodic/wrap-around boundary condition for concentration field
 
 Unit-cell model symmetric with respect to the x/y diagonal plane not activated


 Other numerical parameters
 **************************
 Phase minimum      phMin = 1.00E-06
 Interface thickness etaZ = 3.00000000000000


 Beginning of initialisation
 ***************************
 # Grain number 1 set
 # Grain number 2 set
 # Grain number 3 set
 # Grain number 4 set
 # Grain number 5 set
 # Grain number 6 set
 # Grain number 7 set
 # Grain number 8 set

 Start Composition for iteration of quasi-equilibrium
 ****************************************************
  FE in FCC_A1:  98.00255
  C in FCC_A1: 0.9257909
  MN in FCC_A1:  1.071662
  FE in BCC_A2:  96.14901
  C in BCC_A2:  2.860741
  MN in BCC_A2: 0.9902453
  FE in CEMENTITE:  74.20800
  C in CEMENTITE:  25.00000
  MN in CEMENTITE: 0.7920045
 Initial concentration in the phases:
 FCC_A1, FE: 99.57600 wt%
 FCC_A1, C: 0.2500000 wt%
 FCC_A1, MN: 0.1740000 wt%
 
 # tWidth_max( 1 : 1 ) = 0.1335937 s
 # tWidth_max( 1 : 2 ) = 0.2671875 s
 # tWidth_max( 1 : 3 ) = 2.671875 s
 # tWidth_max( 2 : 2 ) = 2.6718750E-02 s
 # tWidth_max( 2 : 3 ) = 5.343750 s
 # Maximal value for tWidth = 2.6718750E-02 s for phase-field solver
 Updating of diffusion data from database...
 # Maximal value for tWidth = 1.2842462E-03 s for conc-field solver
 # Automatic time stepping (phase-field solver): decreased value for tWidth = 1.22003E-03 s
 # Initial value for tWidth = 1.22003E-03 s for automatic time stepping (phase-field solver)
 
 Remaining license time: permanent

 ==================================================

 Time t = 0.0000000 s
 CPU-time: 0 s
 Current phase-field solver time step = 1.22E-03 s
 Average conc. of comp. 1 = 0.2500000 wt%
 Average conc. of comp. 2 = 0.1740000 wt%
 Temperature at the bottom = 1030.0 K
 Temperature gradient = 0.00000 K/cm
 Fraction of phase 0: 0.00000
 Fraction of phase 1: 1.00000
 Fraction of phase 2: 0.00000
 Fraction of phase 3: 0.00000

 **********************************************
 *         Beginning of simulation            *
 **********************************************

 # The linearisation parameters of the phases FCC_A1/BCC_A2 are:
 # -------------------------------------------------------------
 1027.5000            ! T0 [K]
 -19.538578           ! dG [J/cm**3]
 0.39678294           ! dSf+ [J/cm**3K]
 0.28160471           ! dSf- [J/cm**3K]
 513.69310            ! dH [J/cm3]
 0.25000062806144     ! c0(C)/FCC_A1
 6.11347675309500E-03 ! c0(C)/BCC_A2
 0.17400002557175     ! c0(MN)/FCC_A1
 5.95795352664910E-02 ! c0(MN)/BCC_A2
 -151.98825           ! m(C)/FCC_A1
 -7790.3829           ! m(C)/BCC_A2
 -18.564652           ! m(MN)/FCC_A1
 -77.661155           ! m(MN)/BCC_A2
 -1.64042149E-03      ! dcdT(C)/FCC_A1
 4.46539621E-05       ! dcdT(C)/BCC_A2
 -1.06653369E-03      ! dcdT(MN)/FCC_A1
 3.51469268E-04       ! dcdT(MN)/BCC_A2

 # Minimum undercooling for stable growth, seed type 1: 33.60360 K [r=7.5000000E-02 mic.]

 # Minimum undercooling for stable growth, seed type 2: 33.60360 K [r=7.5000000E-02 mic.]

 # Minimum undercooling for stable growth, seed type 3: 33.60360 K [r=7.5000000E-02 mic.]

 Intermediate output for t = 0.25000 s
 CPU-time: 2 s
 Current phase-field solver time step = 1.29E-01 s
 Average conc. of comp. 1 = 0.2500000, Variation = -0.0000000 wt%
 Average conc. of comp. 2 = 0.1740000, Variation = -0.0000000 wt%
 Temperature at the bottom = 1027.5 K
 Temperature gradient = 0.00000 K/cm

 Seed number 1 set at time t = 0.50000 s
 ---------------------------------------
 at a triple-junction
 Phase: 2 (BCC_A2)
 Seed type: 1
 Local temperature = 1025.0 K
 Undercooling = 50.664 K
 Grain number = 9

 Seed number 2 set at time t = 0.50000 s
 ---------------------------------------
 at a triple-junction
 Phase: 2 (BCC_A2)
 Seed type: 1
 Local temperature = 1025.0 K
 Undercooling = 50.664 K
 Grain number = 10

 Seed number 3 set at time t = 0.50000 s
 ---------------------------------------
 at a triple-junction
 Phase: 2 (BCC_A2)
 Seed type: 1
 Local temperature = 1025.0 K
 Undercooling = 50.664 K
 Grain number = 11

 Seed number 4 set at time t = 0.50000 s
 ---------------------------------------
 at a triple-junction
 Phase: 2 (BCC_A2)
 Seed type: 1
 Local temperature = 1025.0 K
 Undercooling = 50.664 K
 Grain number = 12
 Updating of diffusion data from database...
 Updating of diffusion data from database...

 Intermediate output for t = 1.0000 s
 CPU-time: 4 s
 Current phase-field solver time step = 1.34E-01 s
 Average conc. of comp. 1 = 0.2500000, Variation = -0.0000000 wt%
 Average conc. of comp. 2 = 0.1740000, Variation = -0.0000000 wt%
 Temperature at the bottom = 1020.0 K
 Temperature gradient = 0.00000 K/cm
 complete relinearisation!

 Grain 10 reaches full size at t = 1.36267 s

 Grain 9 reaches full size at t = 1.46301 s

 Seed number 5 set at time t = 1.5000 s
 --------------------------------------
 at an interface
 Phase: 2 (BCC_A2)
 Seed type: 2
 Local temperature = 1015.0 K
 Undercooling = 56.386 K
 Grain number = 13

 Seed number 6 set at time t = 1.5000 s
 --------------------------------------
 at an interface
 Phase: 2 (BCC_A2)
 Seed type: 2
 Local temperature = 1015.0 K
 Undercooling = 56.389 K
 Grain number = 14

 Intermediate output for t = 1.5000 s
 CPU-time: 2 s
 Current phase-field solver time step = 1.65E-02 s
 Average conc. of comp. 1 = 0.2500000, Variation = -0.0000000 wt%
 Average conc. of comp. 2 = 0.1740000, Variation = -0.0000000 wt%
 Temperature at the bottom = 1015.0 K
 Temperature gradient = 0.00000 K/cm

 Grain 12 reaches full size at t = 1.52807 s

 Grain 11 reaches full size at t = 1.63084 s
 Updating of diffusion data from database...

 Intermediate output for t = 2.0000 s
 CPU-time: 3 s
 Current phase-field solver time step = 1.16E-02 s
 Average conc. of comp. 1 = 0.2500000, Variation = -0.0000000 wt%
 Average conc. of comp. 2 = 0.1740000, Variation = -0.0000000 wt%
 Temperature at the bottom = 1010.0 K
 Temperature gradient = 0.00000 K/cm
 complete relinearisation!

 Intermediate output for t = 2.5000 s
 CPU-time: 3 s
 Current phase-field solver time step = 1.12E-02 s
 Average conc. of comp. 1 = 0.2500000, Variation = -0.0000000 wt%
 Average conc. of comp. 2 = 0.1740000, Variation = -0.0000000 wt%
 Temperature at the bottom = 1005.0 K
 Temperature gradient = 0.00000 K/cm

 Grain 13 reaches full size at t = 2.55925 s

 Grain 14 reaches full size at t = 2.55925 s
 Updating of diffusion data from database...

 Intermediate output for t = 3.0000 s
 CPU-time: 3 s
 Current phase-field solver time step = 9.78E-03 s
 Average conc. of comp. 1 = 0.2500000, Variation = -0.0000000 wt%
 Average conc. of comp. 2 = 0.1740000, Variation = -0.0000000 wt%
 Temperature at the bottom = 1000.0 K
 Temperature gradient = 0.00000 K/cm
 complete relinearisation!

 Intermediate output for t = 3.5000 s
 CPU-time: 4 s
 Current phase-field solver time step = 1.07E-02 s
 Average conc. of comp. 1 = 0.2500000, Variation = -0.0000000 wt%
 Average conc. of comp. 2 = 0.1740000, Variation = -0.0000000 wt%
 Temperature at the bottom = 995.00 K
 Temperature gradient = 0.00000 K/cm
 Updating of diffusion data from database...

 Intermediate output for t = 4.0000 s
 CPU-time: 4 s
 Current phase-field solver time step = 9.08E-03 s
 Average conc. of comp. 1 = 0.2500000, Variation = -0.0000000 wt%
 Average conc. of comp. 2 = 0.1740000, Variation = -0.0000000 wt%
 Temperature at the bottom = 990.00 K
 Temperature gradient = 0.00000 K/cm
 complete relinearisation!

 Intermediate output for t = 4.5000 s
 CPU-time: 5 s
 Current phase-field solver time step = 9.16E-03 s
 Average conc. of comp. 1 = 0.2500000, Variation = -0.0000000 wt%
 Average conc. of comp. 2 = 0.1740000, Variation = -0.0000000 wt%
 Temperature at the bottom = 985.00 K
 Temperature gradient = 0.00000 K/cm
 Updating of diffusion data from database...

 Intermediate output for t = 5.0000 s
 CPU-time: 5 s
 Current phase-field solver time step = 9.52E-03 s
 Average conc. of comp. 1 = 0.2500000, Variation = -0.0000000 wt%
 Average conc. of comp. 2 = 0.1740000, Variation = -0.0000000 wt%
 Temperature at the bottom = 980.00 K
 Temperature gradient = 0.00000 K/cm
 complete relinearisation!

 Intermediate output for t = 5.5000 s
 CPU-time: 5 s
 Current phase-field solver time step = 9.16E-03 s
 Average conc. of comp. 1 = 0.2500000, Variation = -0.0000000 wt%
 Average conc. of comp. 2 = 0.1740000, Variation = -0.0000000 wt%
 Temperature at the bottom = 975.00 K
 Temperature gradient = 0.00000 K/cm
 Updating of diffusion data from database...

 Intermediate output for t = 6.0000 s
 CPU-time: 6 s
 Current phase-field solver time step = 1.01E-02 s
 Average conc. of comp. 1 = 0.2500000, Variation = -0.0000000 wt%
 Average conc. of comp. 2 = 0.1740000, Variation = -0.0000000 wt%
 Temperature at the bottom = 970.00 K
 Temperature gradient = 0.00000 K/cm
 complete relinearisation!

 Intermediate output for t = 6.5000 s
 CPU-time: 6 s
 Current phase-field solver time step = 1.05E-02 s
 Average conc. of comp. 1 = 0.2500000, Variation = -0.0000000 wt%
 Average conc. of comp. 2 = 0.1740000, Variation = -0.0000000 wt%
 Temperature at the bottom = 965.00 K
 Temperature gradient = 0.00000 K/cm
 Updating of diffusion data from database...

 Intermediate output for t = 7.0000 s
 CPU-time: 6 s
 Current phase-field solver time step = 1.20E-02 s
 Average conc. of comp. 1 = 0.2500000, Variation = -0.0000000 wt%
 Average conc. of comp. 2 = 0.1740000, Variation = -0.0000000 wt%
 Temperature at the bottom = 960.00 K
 Temperature gradient = 0.00000 K/cm
 complete relinearisation!

 Intermediate output for t = 7.5000 s
 CPU-time: 6 s
 Current phase-field solver time step = 1.05E-02 s
 Average conc. of comp. 1 = 0.2500000, Variation = -0.0000000 wt%
 Average conc. of comp. 2 = 0.1740000, Variation = -0.0000000 wt%
 Temperature at the bottom = 955.00 K
 Temperature gradient = 0.00000 K/cm
 Updating of diffusion data from database...

 Intermediate output for t = 8.0000 s
 CPU-time: 5 s
 Current phase-field solver time step = 1.96E-02 s
 Average conc. of comp. 1 = 0.2500000, Variation = -0.0000000 wt%
 Average conc. of comp. 2 = 0.1740000, Variation = -0.0000000 wt%
 Temperature at the bottom = 950.00 K
 Temperature gradient = 0.00000 K/cm
 complete relinearisation!

 Intermediate output for t = 8.5000 s
 CPU-time: 5 s
 Current phase-field solver time step = 2.38E-02 s
 Average conc. of comp. 1 = 0.2500000, Variation = -0.0000000 wt%
 Average conc. of comp. 2 = 0.1740000, Variation = -0.0000000 wt%
 Temperature at the bottom = 945.00 K
 Temperature gradient = 0.00000 K/cm
 Updating of diffusion data from database...

 Intermediate output for t = 9.0000 s
 CPU-time: 5 s
 Current phase-field solver time step = 2.51E-02 s
 Average conc. of comp. 1 = 0.2500000, Variation = -0.0000000 wt%
 Average conc. of comp. 2 = 0.1740000, Variation = -0.0000000 wt%
 Temperature at the bottom = 940.00 K
 Temperature gradient = 0.00000 K/cm
 complete relinearisation!

 Intermediate output for t = 9.5000 s
 CPU-time: 4 s
 Current phase-field solver time step = 2.35E-02 s
 Average conc. of comp. 1 = 0.2500000, Variation = -0.0000000 wt%
 Average conc. of comp. 2 = 0.1740000, Variation = -0.0000000 wt%
 Temperature at the bottom = 935.00 K
 Temperature gradient = 0.00000 K/cm

 # The linearisation parameters of the phases FCC_A1/CEMENTITE are:
 # ----------------------------------------------------------------
 930.00000            ! T0 [K]
 -256.61664           ! dG [J/cm**3]
 0.99411474           ! dSf+ [J/cm**3K]
 1.2815960            ! dSf- [J/cm**3K]
 269.10639            ! dH [J/cm3]
 1.2762187647990      ! c0(C)/FCC_A1
 6.6903966039669      ! c0(C)/CEMENTITE
 0.34018566709688     ! c0(MN)/FCC_A1
 0.87600422996738     ! c0(MN)/CEMENTITE
 294.36305            ! m(C)/FCC_A1
 -999.99000           ! m(C)/CEMENTITE
 2.7822497            ! m(MN)/FCC_A1
 1.0868529            ! m(MN)/CEMENTITE
 9.37164000E-12       ! dcdT(C)/FCC_A1
 0.0000000            ! dcdT(C)/CEMENTITE
 3.70095841E-04       ! dcdT(MN)/FCC_A1
 -4.45714826E-04      ! dcdT(MN)/CEMENTITE

 # Minimum undercooling for stable growth, seed type 4: 134.1227 K [r=7.5000000E-02 mic.]
 Slopes of C in phase CEMENTITE cannot be calculated!

 Seed number 7 set at time t = 10.000 s
 --------------------------------------
 at an interface
 Phase: 3 (CEMENTITE)
 Seed type: 4
 Local temperature = 930.00 K
 Undercooling = 265.69 K
 Grain number = 15

 Seed number 8 set at time t = 10.000 s
 --------------------------------------
 at an interface
 Phase: 3 (CEMENTITE)
 Seed type: 4
 Local temperature = 930.00 K
 Undercooling = 275.63 K
 Grain number = 16

 Seed number 9 set at time t = 10.000 s
 --------------------------------------
 at an interface
 Phase: 3 (CEMENTITE)
 Seed type: 4
 Local temperature = 930.00 K
 Undercooling = 267.54 K
 Grain number = 17

 Seed number 10 set at time t = 10.000 s
 ---------------------------------------
 at an interface
 Phase: 3 (CEMENTITE)
 Seed type: 4
 Local temperature = 930.00 K
 Undercooling = 269.00 K
 Grain number = 18

 Seed number 11 set at time t = 10.000 s
 ---------------------------------------
 at an interface
 Phase: 3 (CEMENTITE)
 Seed type: 4
 Local temperature = 930.00 K
 Undercooling = 273.12 K
 Grain number = 19

 # The linearisation parameters of the phases BCC_A2/CEMENTITE are:
 # ----------------------------------------------------------------
 930.00000            ! T0 [K]
 101.12261            ! dG [J/cm**3]
 3.1030399            ! dSf+ [J/cm**3K]
 4.2409087            ! dSf- [J/cm**3K]
 -687.57104           ! dH [J/cm3]
 6.11347099070556E-03 ! c0(C)/BCC_A2
 6.6904044492566      ! c0(C)/CEMENTITE
 5.38827693092740E-02 ! c0(MN)/BCC_A2
 0.88309231669583     ! c0(MN)/CEMENTITE
 14012.194            ! m(C)/BCC_A2
 -999.99000           ! m(C)/CEMENTITE
 36.863732            ! m(MN)/BCC_A2
 2.3123084            ! m(MN)/CEMENTITE
 0.0000000            ! dcdT(C)/BCC_A2
 0.0000000            ! dcdT(C)/CEMENTITE
 3.67296266E-04       ! dcdT(MN)/BCC_A2
 -5.91583736E-03      ! dcdT(MN)/CEMENTITE
 Slopes of C in phase CEMENTITE cannot be calculated!
 Updating of diffusion data from database...

 Intermediate output for t = 10.000 s
 CPU-time: 4 s
 Current phase-field solver time step = 2.27E-02 s
 Average conc. of comp. 1 = 0.2500000, Variation = -0.0000000 wt%
 Average conc. of comp. 2 = 0.1740000, Variation = -0.0000000 wt%
 Temperature at the bottom = 930.00 K
 Temperature gradient = 0.00000 K/cm
 complete relinearisation!
 Updating of diffusion data from database...

 Intermediate output for t = 11.000 s
 CPU-time: 8 s
 Current phase-field solver time step = 2.06E-02 s
 Average conc. of comp. 1 = 0.2500000, Variation = -0.0000000 wt%
 Average conc. of comp. 2 = 0.1740000, Variation = -0.0000000 wt%
 Temperature at the bottom = 920.00 K
 Temperature gradient = 0.00000 K/cm
 complete relinearisation!

 Seed number 12 set at time t = 12.000 s
 ---------------------------------------
 at an interface
 Phase: 3 (CEMENTITE)
 Seed type: 4
 Local temperature = 910.00 K
 Undercooling = 351.81 K
 Grain number = 20

 Seed number 13 set at time t = 12.000 s
 ---------------------------------------
 at an interface
 Phase: 3 (CEMENTITE)
 Seed type: 4
 Local temperature = 910.00 K
 Undercooling = 349.08 K
 Grain number = 21

 Seed number 14 set at time t = 12.000 s
 ---------------------------------------
 at an interface
 Phase: 3 (CEMENTITE)
 Seed type: 4
 Local temperature = 910.00 K
 Undercooling = 345.41 K
 Grain number = 22

 Seed number 15 set at time t = 12.000 s
 ---------------------------------------
 at an interface
 Phase: 3 (CEMENTITE)
 Seed type: 4
 Local temperature = 910.00 K
 Undercooling = 344.77 K
 Grain number = 23

 Seed number 16 set at time t = 12.000 s
 ---------------------------------------
 at an interface
 Phase: 3 (CEMENTITE)
 Seed type: 4
 Local temperature = 910.00 K
 Undercooling = 351.99 K
 Grain number = 24
 Updating of diffusion data from database...

 Intermediate output for t = 12.000 s
 CPU-time: 8 s
 Current phase-field solver time step = 1.89E-02 s
 Average conc. of comp. 1 = 0.2500000, Variation = -0.0000000 wt%
 Average conc. of comp. 2 = 0.1740000, Variation = -0.0000000 wt%
 Temperature at the bottom = 910.00 K
 Temperature gradient = 0.00000 K/cm
 complete relinearisation!

 Seed number 17 set at time t = 13.000 s
 ---------------------------------------
 at an interface
 Phase: 3 (CEMENTITE)
 Seed type: 4
 Local temperature = 900.00 K
 Undercooling = 369.57 K
 Grain number = 25
 Updating of diffusion data from database...

 Intermediate output for t = 13.000 s
 CPU-time: 8 s
 Current phase-field solver time step = 1.74E-02 s
 Average conc. of comp. 1 = 0.2500000, Variation = -0.0000000 wt%
 Average conc. of comp. 2 = 0.1740000, Variation = -0.0000000 wt%
 Temperature at the bottom = 900.00 K
 Temperature gradient = 0.00000 K/cm
 complete relinearisation!

 Seed number 18 set at time t = 14.000 s
 ---------------------------------------
 at an interface
 Phase: 3 (CEMENTITE)
 Seed type: 4
 Local temperature = 890.00 K
 Undercooling = 404.21 K
 Grain number = 26

 Seed number 19 set at time t = 14.000 s
 ---------------------------------------
 at an interface
 Phase: 3 (CEMENTITE)
 Seed type: 4
 Local temperature = 890.00 K
 Undercooling = 405.91 K
 Grain number = 27

 Seed number 20 set at time t = 14.000 s
 ---------------------------------------
 at an interface
 Phase: 3 (CEMENTITE)
 Seed type: 4
 Local temperature = 890.00 K
 Undercooling = 409.09 K
 Grain number = 28
 Updating of diffusion data from database...

 Intermediate output for t = 14.000 s
 CPU-time: 9 s
 Current phase-field solver time step = 1.13E-02 s
 Average conc. of comp. 1 = 0.2500000, Variation = -0.0000000 wt%
 Average conc. of comp. 2 = 0.1740000, Variation = -0.0000000 wt%
 Temperature at the bottom = 890.00 K
 Temperature gradient = 0.00000 K/cm
 complete relinearisation!

 Seed number 21 set at time t = 15.000 s
 ---------------------------------------
 at an interface
 Phase: 3 (CEMENTITE)
 Seed type: 4
 Local temperature = 880.00 K
 Undercooling = 427.14 K
 Grain number = 29
 Updating of diffusion data from database...

 Intermediate output for t = 15.000 s
 CPU-time: 12 s
 Current phase-field solver time step = 8.18E-03 s
 Average conc. of comp. 1 = 0.2500000, Variation = -0.0000000 wt%
 Average conc. of comp. 2 = 0.1740000, Variation = -0.0000000 wt%
 Temperature at the bottom = 880.00 K
 Temperature gradient = 0.00000 K/cm
 complete relinearisation!

 Seed number 22 set at time t = 16.000 s
 ---------------------------------------
 at an interface
 Phase: 3 (CEMENTITE)
 Seed type: 4
 Local temperature = 870.00 K
 Undercooling = 403.30 K
 Grain number = 30
 Updating of diffusion data from database...

 Intermediate output for t = 16.000 s
 CPU-time: 17 s
 Current phase-field solver time step = 7.61E-03 s
 Average conc. of comp. 1 = 0.2500000, Variation = -0.0000000 wt%
 Average conc. of comp. 2 = 0.1740000, Variation = -0.0000000 wt%
 Temperature at the bottom = 870.00 K
 Temperature gradient = 0.00000 K/cm
 complete relinearisation!
 Updating of diffusion data from database...

 Intermediate output for t = 17.000 s
 CPU-time: 21 s
 Current phase-field solver time step = 7.53E-03 s
 Average conc. of comp. 1 = 0.2500000, Variation = -0.0000000 wt%
 Average conc. of comp. 2 = 0.1740000, Variation = -0.0000000 wt%
 Temperature at the bottom = 860.00 K
 Temperature gradient = 0.00000 K/cm
 complete relinearisation!
 Updating of diffusion data from database...

 Intermediate output for t = 18.000 s
 CPU-time: 23 s
 Current phase-field solver time step = 6.12E-03 s
 Average conc. of comp. 1 = 0.2500000, Variation = -0.0000000 wt%
 Average conc. of comp. 2 = 0.1740000, Variation = -0.0000000 wt%
 Temperature at the bottom = 850.00 K
 Temperature gradient = 0.00000 K/cm
 complete relinearisation!
 Updating of diffusion data from database...

 Intermediate output for t = 19.000 s
 CPU-time: 25 s
 Current phase-field solver time step = 3.98E-03 s
 Average conc. of comp. 1 = 0.2500000, Variation = -0.0000000 wt%
 Average conc. of comp. 2 = 0.1740000, Variation = -0.0000000 wt%
 Temperature at the bottom = 840.00 K
 Temperature gradient = 0.00000 K/cm
 complete relinearisation!
 Updating of diffusion data from database...

 Intermediate output for t = 20.000 s
 CPU-time: 20 s
 Current phase-field solver time step = 5.72E-03 s
 Average conc. of comp. 1 = 0.2500000, Variation = -0.0000000 wt%
 Average conc. of comp. 2 = 0.1740000, Variation = -0.0000000 wt%
 Temperature at the bottom = 830.00 K
 Temperature gradient = 0.00000 K/cm
 complete relinearisation!
 Updating of diffusion data from database...

 Intermediate output for t = 21.000 s
 CPU-time: 18 s
 Current phase-field solver time step = 5.39E-03 s
 Average conc. of comp. 1 = 0.2500000, Variation = -0.0000000 wt%
 Average conc. of comp. 2 = 0.1740000, Variation = -0.0000000 wt%
 Temperature at the bottom = 820.00 K
 Temperature gradient = 0.00000 K/cm
 complete relinearisation!
 Updating of diffusion data from database...

 Intermediate output for t = 22.000 s
 CPU-time: 18 s
 Current phase-field solver time step = 4.99E-03 s
 Average conc. of comp. 1 = 0.2500000, Variation = -0.0000000 wt%
 Average conc. of comp. 2 = 0.1740000, Variation = -0.0000000 wt%
 Temperature at the bottom = 810.00 K
 Temperature gradient = 0.00000 K/cm
 complete relinearisation!
 Updating of diffusion data from database...

 Intermediate output for t = 23.000 s
 CPU-time: 17 s
 Current phase-field solver time step = 4.62E-03 s
 Average conc. of comp. 1 = 0.2500000, Variation = -0.0000000 wt%
 Average conc. of comp. 2 = 0.1740000, Variation = -0.0000000 wt%
 Temperature at the bottom = 800.00 K
 Temperature gradient = 0.00000 K/cm
 complete relinearisation!
 Updating of diffusion data from database...

 Intermediate output for t = 24.000 s
 CPU-time: 18 s
 Current phase-field solver time step = 4.26E-03 s
 Average conc. of comp. 1 = 0.2500000, Variation = -0.0000000 wt%
 Average conc. of comp. 2 = 0.1740000, Variation = -0.0000000 wt%
 Temperature at the bottom = 790.00 K
 Temperature gradient = 0.00000 K/cm
 complete relinearisation!
 Updating of diffusion data from database...

 Intermediate output for t = 25.000 s
 CPU-time: 18 s
 Current phase-field solver time step = 3.96E-03 s
 Average conc. of comp. 1 = 0.2500000, Variation = -0.0000000 wt%
 Average conc. of comp. 2 = 0.1740000, Variation = -0.0000000 wt%
 Temperature at the bottom = 780.00 K
 Temperature gradient = 0.00000 K/cm
 complete relinearisation!
 Updating of diffusion data from database...

 Intermediate output for t = 26.000 s
 CPU-time: 19 s
 Current phase-field solver time step = 3.62E-03 s
 Average conc. of comp. 1 = 0.2500000, Variation = -0.0000000 wt%
 Average conc. of comp. 2 = 0.1740000, Variation = -0.0000000 wt%
 Temperature at the bottom = 770.00 K
 Temperature gradient = 0.00000 K/cm
 complete relinearisation!
 Updating of diffusion data from database...

 Intermediate output for t = 27.000 s
 CPU-time: 20 s
 Current phase-field solver time step = 3.23E-03 s
 Average conc. of comp. 1 = 0.2500000, Variation = -0.0000000 wt%
 Average conc. of comp. 2 = 0.1740000, Variation = -0.0000000 wt%
 Temperature at the bottom = 760.00 K
 Temperature gradient = 0.00000 K/cm
 complete relinearisation!
 Updating of diffusion data from database...

 Intermediate output for t = 28.000 s
 CPU-time: 21 s
 Current phase-field solver time step = 2.90E-03 s
 Average conc. of comp. 1 = 0.2500000, Variation = -0.0000000 wt%
 Average conc. of comp. 2 = 0.1740000, Variation = -0.0000000 wt%
 Temperature at the bottom = 750.00 K
 Temperature gradient = 0.00000 K/cm
 complete relinearisation!
 Updating of diffusion data from database...

 Intermediate output for t = 29.000 s
 CPU-time: 28 s
 Current phase-field solver time step = 2.34E-03 s
 Average conc. of comp. 1 = 0.2500000, Variation = -0.0000000 wt%
 Average conc. of comp. 2 = 0.1740000, Variation = -0.0000000 wt%
 Temperature at the bottom = 740.00 K
 Temperature gradient = 0.00000 K/cm
 complete relinearisation!
 Updating of diffusion data from database...

 Intermediate output for t = 30.000 s
 CPU-time: 27 s
 Current phase-field solver time step = 2.12E-03 s
 Average conc. of comp. 1 = 0.2500000, Variation = -0.0000000 wt%
 Average conc. of comp. 2 = 0.1740000, Variation = -0.0000000 wt%
 Temperature at the bottom = 730.00 K
 Temperature gradient = 0.00000 K/cm
 complete relinearisation!
 Updating of diffusion data from database...

 Intermediate output for t = 31.000 s
 CPU-time: 31 s
 Current phase-field solver time step = 1.83E-03 s
 Average conc. of comp. 1 = 0.2500000, Variation = -0.0000000 wt%
 Average conc. of comp. 2 = 0.1740000, Variation = -0.0000000 wt%
 Temperature at the bottom = 720.00 K
 Temperature gradient = 0.00000 K/cm
 complete relinearisation!
 Updating of diffusion data from database...

 Intermediate output for t = 32.000 s
 CPU-time: 31 s
 Current phase-field solver time step = 1.65E-03 s
 Average conc. of comp. 1 = 0.2500000, Variation = -0.0000000 wt%
 Average conc. of comp. 2 = 0.1740000, Variation = -0.0000000 wt%
 Temperature at the bottom = 710.00 K
 Temperature gradient = 0.00000 K/cm
 complete relinearisation!
 Updating of diffusion data from database...

 Intermediate output for t = 33.000 s
 CPU-time: 35 s
 Current phase-field solver time step = 1.46E-03 s
 Average conc. of comp. 1 = 0.2500000, Variation = -0.0000000 wt%
 Average conc. of comp. 2 = 0.1740000, Variation = -0.0000000 wt%
 Temperature at the bottom = 700.00 K
 Temperature gradient = 0.00000 K/cm
 complete relinearisation!
 Updating of diffusion data from database...

 Intermediate output for t = 34.000 s
 CPU-time: 50 s
 Current phase-field solver time step = 1.17E-03 s
 Average conc. of comp. 1 = 0.2500000, Variation = -0.0000000 wt%
 Average conc. of comp. 2 = 0.1740000, Variation = -0.0000000 wt%
 Temperature at the bottom = 690.00 K
 Temperature gradient = 0.00000 K/cm
 complete relinearisation!
 Updating of diffusion data from database...

 Intermediate output for t = 35.000 s
 CPU-time: 54 s
 Current phase-field solver time step = 1.03E-03 s
 Average conc. of comp. 1 = 0.2500000, Variation = -0.0000000 wt%
 Average conc. of comp. 2 = 0.1740000, Variation = -0.0000000 wt%
 Temperature at the bottom = 680.00 K
 Temperature gradient = 0.00000 K/cm

 ==================================================

 Simulation run on machine n009
 Remaining license time: permanent
 CPU time in seconds:         666
 Wall clock time in seconds:  1126
 End
 
