
 MICRESS binary
 **************
 version number: 6.400 (Linux)
 compiled: 01/17/2018
 compiler version: Intel 1400 20140120
 executable architecture: x64
 Thermo-Calc coupling: enabled
 #    Version:    19
 #    Link Date:  20-03-2017 12:28:00
 #    OS Name:    Linux
 #    Build Date: 10716
 #    Compiler:   ifort (IFORT) 14.0.2 20140120
 OpenMP: disabled
 shell: /bin/tcsh
 ('double precision' binary)

 Miscellanea
 ***********
 Date and time: 17/01/2018 (04:05)
 Machine: n009
 Driving file: T008_CastIronNodule_dri.temp


 Flags and settings
 ******************

 Geometry
 --------
 AnzX,   AnzY,   AnzZ   = 40, 40, 40
 deltaX, deltaY, deltaZ [cm] = 2.0000E-04, 2.0000E-04, 2.0000E-04

 Flags
 -----
 Simulation with concentration coupling
 The 'volume_change' option is enabled.
 'Multi-obstacle' potential
 no_1d_far_field
 no_1d_temp
 IFaceDim coeff. : 0.100 (0.75, 0.50)
 nTupelDim coeff.: 0.100 (0.75, 0.50)


 The data compression is done with 'zlib' (cf. http://www.zlib.net/).
 The routine for appending is loosely derived from the 'gzappend.c' example.


 Time input data
 ***************
 Number of intermediate outputs = 10
 Intermediate output at t       = 5.0000000E+00 s
 Intermediate output at t       = 1.0000000E+01 s
 Intermediate output at t       = 1.5000000E+01 s
 Intermediate output at t       = 2.0000000E+01 s
 Intermediate output at t       = 2.5000000E+01 s
 Intermediate output at t       = 3.0000000E+01 s
 Intermediate output at t       = 3.5000000E+01 s
 Intermediate output at t       = 4.0000000E+01 s
 Intermediate output at t       = 4.5000000E+01 s
 Intermediate output at t       = 5.0000000E+01 s
 Coefficient for phase-field criterion 1.00
 Coefficient for segregation criterion 0.990
 Upper limit for time step: 0.100
 Lower limit for time step: 1.000E-04
 Number of steps to adjust profiles of initially sharp interfaces [exclude_inactive]: 100
 
 
 Phase data
 **********
 Number of distinct solid phases = 2
 
 Data for phase 1:
 -----------------
 in phase 1, recrystallisation will not be considered.
 Phase 1 is anisotropic.
 Cubic crystal symmetry will be considered:
 No categorization is allowed for phase 1
 
 Data for phase 2:
 -----------------
 in phase 2, recrystallisation will not be considered.
 Phase 2 is faceted (model B).
 No crystal symmetry will be considered.
  kin. anisotropy parameter Kappa = 0.5000000
  the same value will be used for the facets of the phase
 Number of possible orientations of a facet: 25
 1 -th normal vector:, 0.7572794, 7.2121845E-02, 0.6490966
 2 -th normal vector:, 4.7351372E-02, 0.9943788, 9.4702745E-02
 3 -th normal vector:, 5.2270837E-02, 0.1045417, 0.9931459
 4 -th normal vector:, 0.6134825, 0.5855970, 0.5298258
 5 -th normal vector:, -.6157855, 0.5571392, 0.5571392
 6 -th normal vector:, 0.5298258, -.5855970, 0.6134825
 7 -th normal vector:, 0.5389122, 0.5956398, -.5956398
 8 -th normal vector:, 0.7410739, 0.6704954, 3.5289234E-02
 9 -th normal vector:, 0.6503664, -.7587608, 3.6131469E-02
 10 -th normal vector:, 0.7254234, 3.8180177E-02, 0.6872432
 11 -th normal vector:, -.7738807, 1.4070558E-02, 0.6331751
 12 -th normal vector:, 3.5158128E-02, 0.7734788, 0.6328463
 13 -th normal vector:, 7.0358013E-03, -.7739381, 0.6332221
 14 -th normal vector:, 0.1976739, -.9601302, 0.1976739
 15 -th normal vector:, 0.1845182, 0.2039412, -.9614370
 16 -th normal vector:, 0.9628659, -.2001998, -.1811332
 17 -th normal vector:, 0.1983782, 0.9635513, 0.1794851
 18 -th normal vector:, 0.9650847, 0.1852183, -.1852183
 19 -th normal vector:, 0.2116167, -.1731410, -.9618943
 20 -th normal vector:, 0.2112554, 0.1824479, 0.9602520
 21 -th normal vector:, 0.9621614, -.1828107, 0.2020539
 22 -th normal vector:, -.1998460, 0.9611640, 0.1903295
 23 -th normal vector:, 0.9609900, 0.2093245, 0.1807803
 24 -th normal vector:, 0.1821040, -.1725196, 0.9680264
 25 -th normal vector:, 0.1821040, 0.9680264, -.1725196
 No categorization is allowed for phase 2
 Grain orientations will be defined by angle and axis.


 Grain input
 ***********
 Grains will be positioned deterministically
 Number of grains = 1
 Input data for grain number 1:
  'Round' grain.
  x,y,z coordinates             : 40.0000, 40.0000, 40.0000 micrometers
  Grain radius                  : 12.0000 micrometers
  Grain 1 is stabilized
  No Voronoi construction
  Phase number                  : 2
  Rotation angle                : 33.0000000000000  degree
  Rotation axis:  1.000 1.000 0.000


 Data for further nucleation
 ***************************
 Run-time nucleation enabled
 Number of types of seeds: 1

 Input for seed type 1:
 ----------------------
  Type of 'position' of the seeds: interfaces
  Phase of new grains: 1
  Phase of new grains: 1
  Reference phase is phase 0
  Minimal fraction of reference phase: 0.500000
  Maximal fraction of reference phase: 1.00000
  Substrate phase: 0
  Nucleation driving force for seed type 1 will be undercooling.
  Seed type 1 will be described by the nucleation model seed_undercooling
  maximum number of new nuclei 1: 1
  Grain radius [micrometers]: 0.00000
  Choice of growth mode:stabilisation
  min. undercooling [K] (>0): 8.0000
  Determination of grain orientations is 'random'
  min. nucleation temperature for seed type 1: 0.0000 K
  max. nucleation temperature for seed type 1: 1433.0000 K
  Time between checks for nucleation: 0.10000 [s]
  No random noise will be applied.

 Other nucleation parameters
 ---------------------------
  Metastable small seeds will not be killed
 
 
 Phase interaction data
 **********************
 
 Data for phase interaction 0 / 1:
 ---------------------------------
  Interaction between 0 and 1 will be simulated.
  Interaction parameters between phases  0  and 1:
  Averaging coefficient        Av = +0.50
  Maximal driving force     dGMax = 1000.0 [J/cm**3]
  Interfacial energy        sigma = 1.70000E-05 [J/cm**2]
  Kinetic coefficient          mu = 4.00000E-04 [cm**4/(Js)]
 Cubic anisotropy of interfacial energy.
 Coefficient eps1 = 3.0000000E-02
 Coefficient eps2 = 0.000000
 Cubic anisotropy of interfacial mobility.
 Coefficient eps1 = 3.0000000E-02
 Coefficient eps2 = 0.000000
 
 Data for phase interaction 0 / 2:
 ---------------------------------
  Interaction between 0 and 2 will be simulated.
  Interaction parameters between phases  0  and 2:
  Averaging coefficient        Av = +0.50
  Maximal driving force     dGMax = 1000.0 [J/cm**3]
  'Smoothing angle'        smooth = 30.00
  Interfacial energy        sigma = 1.50000E-04 [J/cm**2]
  Kinetic coefficient          mu = 1.00000E-06 [cm**4/(Js)]
 static anisotropy coefficient   = 0.2000000
 kinetic anisotropy coefficient  = 0.2000000
 
 Data for phase interaction 1 / 1:
 ---------------------------------
  Interaction between 1 and 1 will be simulated.
  Interaction parameters between phases  1  and 1:
  Interfacial energy        sigma = 3.00000E-05 [J/cm**2]
  Kinetic coefficient          mu = 5.00000E-09 [cm**4/(Js)]
  Misorientation will not be considered.
 
 Data for phase interaction 1 / 2:
 ---------------------------------
  Interaction between 1 and 2 will be simulated.
  Interaction parameters between phases  1  and 2:
  Averaging coefficient        Av = +0.50
  Maximal driving force     dGMax = 1000.0 [J/cm**3]
  'Smoothing angle'        smooth = 30.00
  Interfacial energy        sigma = 1.20000E-04 [J/cm**2]
  Kinetic coefficient          mu = 8.00000E-08 [cm**4/(Js)]
  Misorientation will not be considered.
 This anisotropic interaction is not yet implemented.
 Instead: isotropic-faceted
 static anisotropy coefficient   = 0.2000000
 kinetic anisotropy coefficient  = 0.2000000
 
 Data for phase interaction 2 / 2:
 ---------------------------------
  Interaction between 2 and 2 will be simulated.
  Interaction parameters between phases  2  and 2:
  Interfacial energy        sigma = 1.00000E-04 [J/cm**2]
  Kinetic coefficient          mu = 1.00000E-09 [cm**4/(Js)]
  Misorientation will not be considered.


 Concentration data
 ******************
 Number of dissolved constituents = 2
 Concentration in weight percent wt%

 Diffusion Data
 --------------
 Diffusion of component 1  in phase 0  will be solved.
 Diff.-coefficient:
 Prefactor: 1.000000000000000E-005 [cm**2/s]
 Activation energy: 0.000000000000000E+000 [J/mol]
 Diffusion of component 2  in phase 0  will be solved.
 Diff.-coefficient:
 Prefactor: 1.000000000000000E-005 [cm**2/s]
 Activation energy: 0.000000000000000E+000 [J/mol]
 Diffusion of component 1  in phase 1  will be solved with user-defined diffusion matrix
 Diffusion of component 2  in phase 1  will be solved with diffusion coefficient values from database ('global')
 Diffusion of component 1  in phase 2  will be solved.
 Diff.-coefficient:
 Prefactor: 1.000000000000000E-010 [cm**2/s]
 Activation energy: 0.000000000000000E+000 [J/mol]
 Diffusion of component 2  in phase 2  will be solved.
 Diff.-coefficient:
 Prefactor: 1.000000000000000E-010 [cm**2/s]
 Activation energy: 0.000000000000000E+000 [J/mol]
 Interval for updating diffusion coefficients data: 5.0000 [s]


 Phase diagram - input data
 **************************
 In phase 2 components 1 and 2 are defined as stoichiometric.

 In phase 1 component 1 is defined as interstitial.

 Name of Thermo-Calc *.GES5 file: GES_Files/TC2015a_FeCSi_CastIron
 Interval for updating thermodynamic data [s] = 4.0000

 Input of the phase diagram of phase 0 and phase 1:
 --------------------------------------------------
 TC-Coupling activated
 No relinearisation is done per Interface!
 Redistribution characteristics of components:
 1:  normal mobility correction
 2:  normal normal

 Input of the phase diagram of phase 0 and phase 2:
 --------------------------------------------------
 TC-Coupling activated
 No relinearisation is done per Interface!
 Redistribution characteristics of components:
 1:  normal mobility correction
 2:  normal normal

 Input of the phase diagram of phase 1 and phase 2:
 --------------------------------------------------
 TC-Coupling activated
 No relinearisation is done per Interface!
 Redistribution characteristics of components:
 1:  normal mobility correction
 2:  normal normal
 # Reading GES5 workspace ...
 The database contains the following components:
 1: C
 2: FE
 3: SI
 Thermo-Calc index of (MICRESS) component 0 = 2
 Thermo-Calc index of (MICRESS) component 1 = 1
 Thermo-Calc index of (MICRESS) component 2 = 3
 0 -> FE
 1 -> C
 2 -> SI
 The database contains 3 phases:
 1: LIQUID
 2: FCC_A1
 3: GRAPHITE
 Thermo-Calc index of the (MICRESS) phase 0 = 1
 Thermo-Calc index of the (MICRESS) phase 1 = 2
 Thermo-Calc index of the (MICRESS) phase 2 = 3
 0 -> LIQUID
 1 -> FCC_A1
 2 -> GRAPHITE
 In phase 2 components 1 and 2 are really stoichiometric.
 # Molar volume of phase 0 (LIQUID): 7.1077 [cm**3/mol]
 Extrapolation with temperature:
  7.10765753                # molVoPhl0 [cm**3/mol]
1429.000000   5.66004E-04# molVol_T0 [K],   molVol_dT [~/K]
 Extrapolation with concentration:
 1.52584E+01  -3.57801E-02 # molVol_C0 [at%], molVol_dC [~/at%]
 3.34850E+00   3.88635E-02 # molVol_C0 [at%], molVol_dC [~/at%]
 # Molar volume of phase 1 (FCC_A1) is read from database.
 # Molar volume of phase 2 (GRAPHITE): 5.4680 [cm**3/mol]
 Extrapolation with temperature:
  5.46800324                # molVoPhl0 [cm**3/mol]
1429.000000   1.71396E-04# molVol_T0 [K],   molVol_dT [~/K]
 initial equilibrium at T = 1436.000
 
 
 Initial concentrations
 **********************
 Concentrations will be automatically set, matrix phase: 0
 Initial concentration of component 1 (C) in phase 0 (LIQUID) = 3.800000000 wt%
 Initial concentration of component 2 (SI) in phase 0 (LIQUID) = 1.950000000 wt%


 Parameters for latent heat and 1D temperature field
 ***************************************************
 Simulation without release of latent heat
 
 
 Boundary conditions
 *******************
 Initial temperature at the bottom: 1429.000 K
 Temperature gradient at beginning: 0.0000 K/cm
 Cooling rate: 0.0000 K/s
 Simulation domain not shifted
 
 In W-direction isolation boundary condition for phase field
 In E-direction isolation boundary condition for phase field
 In S-direction isolation boundary condition for phase field
 In N-direction isolation boundary condition for phase field
 In B-direction isolation boundary condition for phase field
 In T-direction isolation boundary condition for phase field
 
 In W-direction isolation boundary condition for concentration field
 In E-direction isolation boundary condition for concentration field
 In S-direction isolation boundary condition for concentration field
 In N-direction isolation boundary condition for concentration field
 In B-direction isolation boundary condition for concentration field
 In T-direction isolation boundary condition for concentration field
 
 Unit-cell model symmetric with respect to the x/y diagonal plane not activated


 Other numerical parameters
 **************************
 Max. number of calls to the expansion solver per time step: 4
 Phase minimum      phMin = 1.00E-05
 Interface thickness etaZ = 3.50000000000000


 Beginning of initialisation
 ***************************
 # Grain number 1 set

 Start Composition for iteration of quasi-equilibrium
 ****************************************************
  FE in LIQUID:  98.01980
  C in LIQUID: 0.9803922
  SI in LIQUID: 0.9998059
  FE in FCC_A1:  98.01838
  C in FCC_A1: 0.9721203
  SI in FCC_A1:  1.009498
  FE in GRAPHITE:  0.000000
  C in GRAPHITE:  100.0000
  SI in GRAPHITE:  0.000000

 # The linearisation parameters of the phases LIQUID/GRAPHITE are:
 # ---------------------------------------------------------------
 1436.0000            ! T0 [K]
 -18.647809           ! dG [J/cm**3]
 3.2650701            ! dSf+ [J/cm**3K]
 3.2650701            ! dSf- [J/cm**3K]
 3170.7572            ! dH [J/cm3]
 3.8000000000000      ! c0(C)/LIQUID
 100.00000000000      ! c0(C)/GRAPHITE
 1.9500000000000      ! c0(SI)/LIQUID
 0.0000000000000      ! c0(SI)/GRAPHITE
 397.31401            ! m(C)/LIQUID
 -999.99000           ! m(C)/GRAPHITE
 113.24827            ! m(SI)/LIQUID
 -999.99000           ! m(SI)/GRAPHITE
 0.0000000            ! dcdT(C)/LIQUID
 0.0000000            ! dcdT(C)/GRAPHITE
 0.0000000            ! dcdT(SI)/LIQUID
 0.0000000            ! dcdT(SI)/GRAPHITE
 Slopes of C in phase GRAPHITE cannot be calculated!
 Slopes of SI in phase GRAPHITE cannot be calculated!
 Initial concentration in the phases:
 LIQUID, FE: 94.25000 wt%
 LIQUID, C: 3.800000 wt%
 LIQUID, SI: 1.950000 wt%
 GRAPHITE, FE: 0.000000 wt%
 GRAPHITE, C: 100.0000 wt%
 GRAPHITE, SI: 0.000000 wt%

 Initial molar volume of phase 0:
  7.10765601   7.10765753   # molVol,   molVol0   [cm**3/mol]
 1429.000000   5.66004E-04  # T0 [K],   molVol_dT [~/K]
 1.52584E+01  -3.57801E-02  # C0 [at%], molVol_dC [~/at%]
 3.34850E+00   3.88635E-02  # C0 [at%], molVol_dC [~/at%]

 Initial molar volume of phase 2:
  5.46800324   5.46800324   # molVol,   molVol0   [cm**3/mol]
 1429.000000   1.71396E-04  # T0 [K],   molVol_dT [~/K]
 
 # tWidth_max( 0 : 1 ) = 0.8941176 s
 # tWidth_max( 0 : 2 ) = 40.53333 s
 # tWidth_max( 1 : 1 ) = 40533.33 s
 # tWidth_max( 1 : 2 ) = 633.3333 s
 # tWidth_max( 2 : 2 ) = 60800.00 s
 # Maximal value for tWidth = 0.8941176 s for phase-field solver
 Updating of diffusion data from database...
 # Maximal value for tWidth = 6.0800000E-04 s for conc-field solver
 # Automatic time stepping (phase-field solver): decreased value for tWidth = 5.77600E-04 s
 # Initial value for tWidth = 5.77600E-04 s for automatic time stepping (phase-field solver)
 # Critical grain radius:
 # of phase 2 in phase 0 = 0.91882 / dT_unt  [micrometers]
 
 Remaining license time: permanent

 ==================================================

 Time t = 0.0000000 s
 CPU-time: 0 s
 Current phase-field solver time step = 5.78E-04 s
 mean molar volume [mol/cm3]:  7.09507115
 mean expansion:  1.00000000
 Average conc. of comp. 1 = 4.0233401 wt%
 Average conc. of comp. 2 = 1.9454728 wt%
 Temperature at the bottom = 1429.0 K
 Temperature gradient = 0.00000 K/cm
 Fraction of phase 0: 0.99286
 Fraction of phase 1: 0.00000
 Fraction of phase 2: 0.00714

 **********************************************
 *         Beginning of simulation            *
 **********************************************

 # The linearisation parameters of the phases LIQUID/FCC_A1 are:
 # -------------------------------------------------------------
 1429.0000            ! T0 [K]
 -8.4707658           ! dG [J/cm**3]
 0.98721618           ! dSf+ [J/cm**3K]
 0.52138904           ! dSf- [J/cm**3K]
 3158.0830            ! dH [J/cm3]
 3.7909138555047      ! c0(C)/LIQUID
 1.6697419219427      ! c0(C)/FCC_A1
 1.9501635623140      ! c0(SI)/LIQUID
 2.2898521372738      ! c0(SI)/FCC_A1
 -118.71213           ! m(C)/LIQUID
 -191.71747           ! m(C)/FCC_A1
 -26.653969           ! m(SI)/LIQUID
 -27.877048           ! m(SI)/FCC_A1
 -2.81275818E-03      ! dcdT(C)/LIQUID
 1.48950569E-03       ! dcdT(C)/FCC_A1
 2.87250245E-03       ! dcdT(SI)/LIQUID
 -2.02928474E-03      ! dcdT(SI)/FCC_A1

 # Minimum undercooling for stable growth, seed type 1: 0.1722014 K [r=2.000000 mic.]

 Seed number 1 set at time t = 0.10000 s
 ---------------------------------------
 at an interface
 Phase: 1 (FCC_A1)
 Seed type: 1
 Local temperature = 1429.0 K
 Undercooling = 9.1010 K
 Grain number = 2

 # The linearisation parameters of the phases FCC_A1/GRAPHITE are:
 # ---------------------------------------------------------------
 1429.0000            ! T0 [K]
 -22.343156           ! dG [J/cm**3]
 3.6344051            ! dSf+ [J/cm**3K]
 3.6344051            ! dSf- [J/cm**3K]
 7.7331259            ! dH [J/cm3]
 1.6697419219427      ! c0(C)/FCC_A1
 100.00000000000      ! c0(C)/GRAPHITE
 2.2898521372738      ! c0(SI)/FCC_A1
 0.0000000000000      ! c0(SI)/GRAPHITE
 326.09807            ! m(C)/FCC_A1
 -999.99000           ! m(C)/GRAPHITE
 61.860139            ! m(SI)/FCC_A1
 -999.99000           ! m(SI)/GRAPHITE
 0.0000000            ! dcdT(C)/FCC_A1
 0.0000000            ! dcdT(C)/GRAPHITE
 0.0000000            ! dcdT(SI)/FCC_A1
 0.0000000            ! dcdT(SI)/GRAPHITE
 Slopes of C in phase GRAPHITE cannot be calculated!
 Slopes of SI in phase GRAPHITE cannot be calculated!
 Updating of diffusion data from database...

 Initial molar volume of phase 1:
 ================================
  7.07357086                # molVolPh [cm**3/mol]

 Grain 2 reaches full size at t = 1.03804 s
 complete relinearisation!
 Updating of diffusion data from database...

 Intermediate output for t = 5.0000 s
 CPU-time: 172 s
 Current phase-field solver time step = 1.57E-03 s
 mean molar volume [mol/cm3]:  7.09140466
 mean expansion:  0.99940374
 Average conc. of comp. 1 = 4.0233401, Variation = -0.0000000 wt%
 Average conc. of comp. 2 = 1.9454728, Variation = -0.0000000 wt%
 Temperature at the bottom = 1429.0 K
 Temperature gradient = 0.00000 K/cm
 complete relinearisation!
 Updating of diffusion data from database...

 Intermediate output for t = 10.000 s
 CPU-time: 187 s
 Current phase-field solver time step = 9.29E-03 s
 mean molar volume [mol/cm3]:  7.08938595
 mean expansion:  0.99907176
 Average conc. of comp. 1 = 4.0233401, Variation = -0.0000000 wt%
 Average conc. of comp. 2 = 1.9454728, Variation = -0.0000000 wt%
 Temperature at the bottom = 1429.0 K
 Temperature gradient = 0.00000 K/cm
 complete relinearisation!
 Updating of diffusion data from database...

 Intermediate output for t = 15.000 s
 CPU-time: 109 s
 Current phase-field solver time step = 9.29E-03 s
 mean molar volume [mol/cm3]:  7.08850305
 mean expansion:  0.99892563
 Average conc. of comp. 1 = 4.0233401, Variation = -0.0000000 wt%
 Average conc. of comp. 2 = 1.9454728, Variation = -0.0000000 wt%
 Temperature at the bottom = 1429.0 K
 Temperature gradient = 0.00000 K/cm
 complete relinearisation!
 Updating of diffusion data from database...

 Intermediate output for t = 20.000 s
 CPU-time: 110 s
 Current phase-field solver time step = 9.29E-03 s
 mean molar volume [mol/cm3]:  7.08768637
 mean expansion:  0.99878994
 Average conc. of comp. 1 = 4.0233401, Variation = -0.0000000 wt%
 Average conc. of comp. 2 = 1.9454728, Variation = -0.0000000 wt%
 Temperature at the bottom = 1429.0 K
 Temperature gradient = 0.00000 K/cm
 complete relinearisation!
 complete relinearisation!
 Updating of diffusion data from database...

 Intermediate output for t = 25.000 s
 CPU-time: 111 s
 Current phase-field solver time step = 9.29E-03 s
 mean molar volume [mol/cm3]:  7.08688019
 mean expansion:  0.99865582
 Average conc. of comp. 1 = 4.0233401, Variation = -0.0000000 wt%
 Average conc. of comp. 2 = 1.9454728, Variation = -0.0000000 wt%
 Temperature at the bottom = 1429.0 K
 Temperature gradient = 0.00000 K/cm
 complete relinearisation!
 Updating of diffusion data from database...

 Intermediate output for t = 30.000 s
 CPU-time: 112 s
 Current phase-field solver time step = 9.29E-03 s
 mean molar volume [mol/cm3]:  7.08606572
 mean expansion:  0.99852023
 Average conc. of comp. 1 = 4.0233401, Variation = -0.0000000 wt%
 Average conc. of comp. 2 = 1.9454728, Variation = -0.0000000 wt%
 Temperature at the bottom = 1429.0 K
 Temperature gradient = 0.00000 K/cm
 complete relinearisation!
 Updating of diffusion data from database...

 Intermediate output for t = 35.000 s
 CPU-time: 112 s
 Current phase-field solver time step = 9.28E-03 s
 mean molar volume [mol/cm3]:  7.08522726
 mean expansion:  0.99838088
 Average conc. of comp. 1 = 4.0233401, Variation = -0.0000000 wt%
 Average conc. of comp. 2 = 1.9454728, Variation = -0.0000000 wt%
 Temperature at the bottom = 1429.0 K
 Temperature gradient = 0.00000 K/cm
 complete relinearisation!
 Updating of diffusion data from database...

 Intermediate output for t = 40.000 s
 CPU-time: 116 s
 Current phase-field solver time step = 9.30E-03 s
 mean molar volume [mol/cm3]:  7.08435583
 mean expansion:  0.99823618
 Average conc. of comp. 1 = 4.0233401, Variation = -0.0000000 wt%
 Average conc. of comp. 2 = 1.9454728, Variation = -0.0000000 wt%
 Temperature at the bottom = 1429.0 K
 Temperature gradient = 0.00000 K/cm
 complete relinearisation!
 complete relinearisation!
 Updating of diffusion data from database...

 Intermediate output for t = 45.000 s
 CPU-time: 114 s
 Current phase-field solver time step = 9.28E-03 s
 mean molar volume [mol/cm3]:  7.08344742
 mean expansion:  0.99808536
 Average conc. of comp. 1 = 4.0233401, Variation = -0.0000000 wt%
 Average conc. of comp. 2 = 1.9454728, Variation = -0.0000000 wt%
 Temperature at the bottom = 1429.0 K
 Temperature gradient = 0.00000 K/cm
 complete relinearisation!
 Updating of diffusion data from database...

 Intermediate output for t = 50.000 s
 CPU-time: 115 s
 Current phase-field solver time step = 9.29E-03 s
 mean molar volume [mol/cm3]:  7.08250234
 mean expansion:  0.99792856
 Average conc. of comp. 1 = 4.0233401, Variation = -0.0000000 wt%
 Average conc. of comp. 2 = 1.9454728, Variation = -0.0000000 wt%
 Temperature at the bottom = 1429.0 K
 Temperature gradient = 0.00000 K/cm

 ==================================================

 Simulation run on machine n009
 Remaining license time: permanent
 CPU time in seconds:        1265
 Wall clock time in seconds:  1437
 End
 
