
 MICRESS binary
 **************
 version number: 6.400 (Linux)
 compiled: 01/18/2018
 compiler version: Intel 1400 20140120
 executable architecture: x64
 Thermo-Calc coupling: enabled
 #    Version:    19
 #    Link Date:  20-03-2017 12:28:00
 #    OS Name:    Linux
 #    Build Date: 10716
 #    Compiler:   ifort (IFORT) 14.0.2 20140120
 OpenMP: enabled
 shell: /bin/tcsh
 ('double precision' binary)

 Miscellanea
 ***********
 Date and time: 18/01/2018 (13:13)
 Machine: n008
 Driving file: A004_Gamma_Alpha_TQ_dri.temp


 Flags and settings
 ******************

 Geometry
 --------
 AnzX,   AnzY,   AnzZ   = 500, 1, 500
 deltaX, deltaY, deltaZ [cm] = 1.2500E-05, 1.2500E-05, 1.2500E-05

 Flags
 -----
 Simulation with concentration coupling
 'Multi-obstacle' potential
 no_1d_far_field
 no_1d_temp
 IFaceDim coeff. : 0.100 (0.75, 0.50)
 nTupelDim coeff.: 0.100 (0.75, 0.50)


 The data compression is done with 'zlib' (cf. http://www.zlib.net/).
 The routine for appending is loosely derived from the 'gzappend.c' example.


 Time input data
 ***************
 Number of intermediate outputs = 32
 Intermediate output at t       = 1.0000000E-01 s
 Intermediate output at t       = 2.0000000E-01 s
 Intermediate output at t       = 3.0000000E-01 s
 Intermediate output at t       = 4.0000000E-01 s
 Intermediate output at t       = 5.0000000E-01 s
 Intermediate output at t       = 6.0000000E-01 s
 Intermediate output at t       = 7.0000000E-01 s
 Intermediate output at t       = 8.0000000E-01 s
 Intermediate output at t       = 9.0000000E-01 s
 Intermediate output at t       = 1.0000000E+00 s
 Intermediate output at t       = 1.2500000E+00 s
 Intermediate output at t       = 1.5000000E+00 s
 Intermediate output at t       = 1.7500000E+00 s
 Intermediate output at t       = 2.0000000E+00 s
 Intermediate output at t       = 3.0000000E+00 s
 Intermediate output at t       = 4.0000000E+00 s
 Intermediate output at t       = 5.0000000E+00 s
 Intermediate output at t       = 7.5000000E+00 s
 Intermediate output at t       = 1.0000000E+01 s
 Intermediate output at t       = 1.5000000E+01 s
 Intermediate output at t       = 2.0000000E+01 s
 Intermediate output at t       = 2.5000000E+01 s
 Intermediate output at t       = 3.0000000E+01 s
 Intermediate output at t       = 3.5000000E+01 s
 Intermediate output at t       = 4.0000000E+01 s
 Intermediate output at t       = 4.5000000E+01 s
 Intermediate output at t       = 5.0000000E+01 s
 Intermediate output at t       = 6.0000000E+01 s
 Intermediate output at t       = 7.0000000E+01 s
 Intermediate output at t       = 8.0000000E+01 s
 Intermediate output at t       = 9.0000000E+01 s
 Intermediate output at t       = 1.0000000E+02 s
 Coefficient for phase-field criterion 1.00
 Coefficient for segregation criterion 0.900
 Upper limit for time step: 5.000E-03
 Lower limit for time step: 5.000E-04
 Number of steps to adjust profiles of initially sharp interfaces [exclude_inactive]: 20
 
 
 Phase data
 **********
 Number of distinct solid phases = 2
 
 Data for phase 1:
 -----------------
 in phase 1, recrystallisation will not be considered.
 Phase 1 is isotropic.
 No categorization is allowed for phase 1
 
 Data for phase 2:
 -----------------
 in phase 2, recrystallisation will not be considered.
 Phase 2 is isotropic.
 No categorization is allowed for phase 2


 Grain input
 ***********
 Grains will be positioned deterministically
 Number of grains = 9
 Input data for grain number 1:
  'Round' grain.
  x,z coordinates               : 51.2400, 20.9700 micrometers
  Grain radius                  : 23.3600 micrometers
  Grain 1 is stabilized
  Voronoi construction
  Phase number                  : 1
 Input data for grain number 2:
  'Round' grain.
  x,z coordinates               : 52.1000, 47.3650 micrometers
  Grain radius                  : 25.8600 micrometers
  Grain 2 is stabilized
  Voronoi construction
  Phase number                  : 1
 Input data for grain number 3:
  'Round' grain.
  x,z coordinates               : 37.1300, 23.0300 micrometers
  Grain radius                  : 23.8100 micrometers
  Grain 3 is stabilized
  Voronoi construction
  Phase number                  : 1
 Input data for grain number 4:
  'Round' grain.
  x,z coordinates               : 3.24500, 21.1300 micrometers
  Grain radius                  : 23.8700 micrometers
  Grain 4 is stabilized
  Voronoi construction
  Phase number                  : 1
 Input data for grain number 5:
  'Round' grain.
  x,z coordinates               : 13.1700, 35.4850 micrometers
  Grain radius                  : 27.0200 micrometers
  Grain 5 is stabilized
  Voronoi construction
  Phase number                  : 1
 Input data for grain number 6:
  'Round' grain.
  x,z coordinates               : 29.3050, 12.8200 micrometers
  Grain radius                  : 27.7700 micrometers
  Grain 6 is stabilized
  Voronoi construction
  Phase number                  : 1
 Input data for grain number 7:
  'Round' grain.
  x,z coordinates               : 4.78500, 31.4650 micrometers
  Grain radius                  : 25.3700 micrometers
  Grain 7 is stabilized
  Voronoi construction
  Phase number                  : 1
 Input data for grain number 8:
  'Round' grain.
  x,z coordinates               : 2.15500, 2.49000 micrometers
  Grain radius                  : 27.9450 micrometers
  Grain 8 is stabilized
  Voronoi construction
  Phase number                  : 1
 Input data for grain number 9:
  'Round' grain.
  x,z coordinates               : 42.1750, 4.61000 micrometers
  Grain radius                  : 24.1500 micrometers
  Grain 9 is stabilized
  Voronoi construction
  Phase number                  : 1


 Data for further nucleation
 ***************************
 Run-time nucleation enabled
 Number of types of seeds: 3

 Input for seed type 1:
 ----------------------
  Type of 'position' of the seeds: higher-order junctions
  Phase of new grains: 2
  Phase of new grains: 2
  Reference phase is phase 1
  Minimal fraction of reference phase: 0.00000
  Maximal fraction of reference phase: 1.00000
  Substrate phase: 1           1
  Nucleation driving force for seed type 1 will be undercooling.
  Seed type 1 will be described by the nucleation model seed_undercooling
  maximum number of new nuclei 1 is unlimited
  Grain radius [micrometers]: 0.00000
  Choice of growth mode:stabilisation
  min. undercooling [K] (>0): 50.000
  Shield time [s]: 0.20000
  shield phase or group number: 2
  Shield distance [micrometers]  [ nucleation distance [micrometers] ]: 1.0000
  Distance between simultaneous Nucleations [micrometers]: 25.000
  min. nucleation temperature for seed type 1: 0.0000 K
  max. nucleation temperature for seed type 1: 1200.0000 K
  Time between checks for nucleation: 0.10010 [s]
  No random noise will be applied.

 Input for seed type 2:
 ----------------------
  Type of 'position' of the seeds: interfaces
  Phase of new grains: 2
  Phase of new grains: 2
  Reference phase is phase 1
  Minimal fraction of reference phase: 0.00000
  Maximal fraction of reference phase: 1.00000
  Substrate phase: 1           1
  Nucleation driving force for seed type 2 will be undercooling.
  Seed type 2 will be described by the nucleation model seed_undercooling
  maximum number of new nuclei 2 is unlimited
  Grain radius [micrometers]: 0.00000
  Choice of growth mode:stabilisation
  min. undercooling [K] (>0): 50.000
  Shield time [s]: 2.0000
  shield phase or group number: 2
  Shield distance [micrometers]  [ nucleation distance [micrometers] ]: 1.0000
  Distance between simultaneous Nucleations [micrometers]: 25.000
  min. nucleation temperature for seed type 2: 0.0000 K
  max. nucleation temperature for seed type 2: 1200.0000 K
  Time between checks for nucleation: 1.0100 [s]
  No random noise will be applied.

 Input for seed type 3:
 ----------------------
  Type of 'position' of the seeds: bulk
  Phase of new grains: 2
  Phase of new grains: 2
  Reference phase is phase 1
  Minimal fraction of reference phase: 0.00000
  Maximal fraction of reference phase: 1.00000
  Nucleation driving force for seed type 3 will be undercooling.
  Seed type 3 will be described by the nucleation model seed_undercooling
  maximum number of new nuclei 3 is unlimited
  Grain radius [micrometers]: 0.00000
  Choice of growth mode:stabilisation
  min. undercooling [K] (>0): 50.000
  Shield time [s]: 10.000
  shield phase or group number: 2
  Shield distance [micrometers]  [ nucleation distance [micrometers] ]: 1.0000
  Distance between simultaneous Nucleations [micrometers]: 25.000
  min. nucleation temperature for seed type 3: 0.0000 K
  max. nucleation temperature for seed type 3: 1200.0000 K
  Time between checks for nucleation: 5.0100 [s]
  No random noise will be applied.

 Other nucleation parameters
 ---------------------------
  Max. number of simultaneous nucleations: 2147483646
  Metastable small seeds will not be killed
 
 
 Phase interaction data
 **********************
 
 Data for phase interaction 0 / 1:
 ---------------------------------
  Interaction between 0 and 1 will not be simulated.
 
 Data for phase interaction 0 / 2:
 ---------------------------------
  Interaction between 0 and 2 will not be simulated.
 
 Data for phase interaction 1 / 1:
 ---------------------------------
  Interaction between 1 and 1 will be simulated.
  Interaction parameters between phases  1  and 1:
  Interfacial energy        sigma = 5.00000E-05 [J/cm**2]
  Kinetic coefficient          mu = 1.00000E-05 [cm**4/(Js)]
 
 Data for phase interaction 1 / 2:
 ---------------------------------
  Interaction between 1 and 2 will be simulated.
  Interaction parameters between phases  1  and 2:
  Averaging coefficient        Av = +0.50
  'Smoothing angle'        smooth = 45.00
  Interfacial energy        sigma = 2.00000E-05 [J/cm**2]
  Kinetic coefficient          mu = 1.00000E+00 [cm**4/(Js)]
 
 Data for phase interaction 2 / 2:
 ---------------------------------
  Interaction between 2 and 2 will be simulated.
  Interaction parameters between phases  2  and 2:
  Interfacial energy        sigma = 2.00000E-05 [J/cm**2]
  Kinetic coefficient          mu = 1.00000E-05 [cm**4/(Js)]


 Concentration data
 ******************
 Number of dissolved constituents = 2
 Concentration in weight percent wt%

 Diffusion Data
 --------------
 Diffusion of component 1  in phase 0  will not be solved.
 Diffusion of component 1  in phase 1  will be solved with user-defined diffusion matrix
 Diffusion of component 1  in phase 2  will be solved with user-defined diffusion matrix
 Diffusion of component 2  in phase 0  will not be solved.
 Diffusion of component 2  in phase 1  will be solved with user-defined diffusion matrix
 Diffusion of component 2  in phase 2  will be solved with user-defined diffusion matrix
 Interval for updating diffusion coefficients data: 5.0000 [s]


 Phase diagram - input data
 **************************

 Name of Thermo-Calc *.GES5 file: GES_Files/TC2015a_FeCMn
 Interval for updating thermodynamic data [s] = 1.0000

 Input of the phase diagram of phase 1 and phase 2:
 --------------------------------------------------
 TC-Coupling activated
 No relinearisation is done per Interface!
 Redistribution characteristics of components:
 1:  normal mobility correction
 2:  nple nple
 # Reading GES5 workspace ...
 The database contains the following components:
 1: C
 2: FE
 3: MN
 Thermo-Calc index of (MICRESS) component 0 = 2
 Thermo-Calc index of (MICRESS) component 1 = 1
 Thermo-Calc index of (MICRESS) component 2 = 3
 0 -> FE
 1 -> C
 2 -> MN
 The database contains 4 phases:
 1: LIQUID
 2: BCC_A2
 3: CEMENTITE
 4: FCC_A1
 Thermo-Calc index of the (MICRESS) phase 1 = 4
 Thermo-Calc index of the (MICRESS) phase 2 = 2
 1 -> FCC_A1
 2 -> BCC_A2
 # Molar volume of phase 1 (FCC_A1): 7.1824 [cm**3/mol]
 # Molar volume of phase 2 (BCC_A2): 7.2757 [cm**3/mol]
 initial equilibrium at T = 1100.000
 
 
 Initial concentrations
 **********************
 Concentrations will be automatically set, matrix phase: 1
 Initial concentration of component 1 (C) in phase 1 (FCC_A1) = 0.1000000000 wt%
 Initial concentration of component 2 (MN) in phase 1 (FCC_A1) = 1.500000000 wt%


 Parameters for latent heat and 1D temperature field
 ***************************************************
 Simulation without release of latent heat
 
 
 Boundary conditions
 *******************
 Initial temperature at the bottom: 1023.000 K
 Temperature gradient at beginning: 0.0000 K/cm
 Cooling rate: 0.0000 K/s
 Simulation domain not shifted
 
 In W-direction periodic/wrap-around boundary condition for phase field
 In E-direction periodic/wrap-around boundary condition for phase field
 In B-direction periodic/wrap-around boundary condition for phase field
 In T-direction periodic/wrap-around boundary condition for phase field
 
 In W-direction periodic/wrap-around boundary condition for concentration field
 In E-direction periodic/wrap-around boundary condition for concentration field
 In B-direction periodic/wrap-around boundary condition for concentration field
 In T-direction periodic/wrap-around boundary condition for concentration field
 
 Unit-cell model symmetric with respect to the x/y diagonal plane not activated


 Other numerical parameters
 **************************
 Phase minimum      phMin = 1.00E-04
 Interface thickness etaZ = 3.00000000000000
 Number of parallel threads: 12


 Beginning of initialisation
 ***************************
 # Grain number 1 set
 # Grain number 2 set
 # Grain number 3 set
 # Grain number 4 set
 # Grain number 5 set
 # Grain number 6 set
 # Grain number 7 set
 # Grain number 8 set
 # Grain number 9 set

 Start Composition for iteration of quasi-equilibrium
 ****************************************************
  FE in FCC_A1:  98.00255
  C in FCC_A1: 0.9257909
  MN in FCC_A1:  1.071662
  FE in BCC_A2:  96.14901
  C in BCC_A2:  2.860741
  MN in BCC_A2: 0.9902453
 Initial concentration in the phases:
 FCC_A1, FE: 98.40000 wt%
 FCC_A1, C: 0.1000000 wt%
 FCC_A1, MN: 1.500000 wt%
 
 # tWidth_max( 1 : 1 ) = 7.4218750E-02 s
 # tWidth_max( 1 : 2 ) = 1.8554687E-06 s
 # tWidth_max( 2 : 2 ) = 0.1855469 s
 # Maximal value for tWidth = 1.8554687E-06 s for phase-field solver
 Updating of diffusion data from database...
 # Maximal value for tWidth = 4.8578550E-03 s for conc-field solver
 # Automatic time stepping (phase-field solver): decreased value for tWidth = 1.85547E-06 s
 # Initial value for tWidth = 1.85547E-06 s for automatic time stepping (phase-field solver)
 
 Remaining license time: permanent

 ==================================================

 Time t = 0.0000000 s
 CPU-time: 5 s
 Current phase-field solver time step = 1.86E-06 s
 Average conc. of comp. 1 = 0.1000000 wt%
 Average conc. of comp. 2 = 1.5000000 wt%
 Temperature at the bottom = 1023.0 K
 Temperature gradient = 0.00000 K/cm
 Fraction of phase 0: 0.00000
 Fraction of phase 1: 1.00000
 Fraction of phase 2: 0.00000

 **********************************************
 *         Beginning of simulation            *
 **********************************************

 Intermediate output for t = 0.10000 s
 CPU-time: 6 s
 Current phase-field solver time step = 5.00E-03 s
 Average conc. of comp. 1 = 0.1000000, Variation = +0.0000000 wt%
 Average conc. of comp. 2 = 1.5000000, Variation = +0.0000000 wt%
 Temperature at the bottom = 1023.0 K
 Temperature gradient = 0.00000 K/cm

 # The linearisation parameters of the phases FCC_A1/BCC_A2 are:
 # -------------------------------------------------------------
 1023.0000            ! T0 [K]
 -19.848353           ! dG [J/cm**3]
 0.38178478           ! dSf+ [J/cm**3K]
 0.26826291           ! dSf- [J/cm**3K]
 460.83171            ! dH [J/cm3]
 0.10006239976121     ! c0(C)/FCC_A1
 2.14555348191307E-03 ! c0(C)/BCC_A2
 1.5000468953052      ! c0(MN)/FCC_A1
 0.54528318295309     ! c0(MN)/BCC_A2
 -142.73313           ! m(C)/FCC_A1
 -9357.1076           ! m(C)/BCC_A2
 -20.046221           ! m(MN)/FCC_A1
 -73.589650           ! m(MN)/BCC_A2
 -7.50659080E-04      ! dcdT(C)/FCC_A1
 1.63833453E-05       ! dcdT(C)/BCC_A2
 -8.78046050E-03      ! dcdT(MN)/FCC_A1
 3.33193955E-03       ! dcdT(MN)/BCC_A2

 # Minimum undercooling for stable growth, seed type 1: 8.381686 K [r=0.1250000 mic.]

 # Minimum undercooling for stable growth, seed type 2: 8.381686 K [r=0.1250000 mic.]

 # Minimum undercooling for stable growth, seed type 3: 8.381686 K [r=0.1250000 mic.]

 Seed number 1 set at time t = 0.10010 s
 ---------------------------------------
 at a triple-junction
 Phase: 2 (BCC_A2)
 Seed type: 1
 Local temperature = 1023.0 K
 Undercooling = 51.998 K
 Grain number = 10

 Seed number 2 set at time t = 0.10010 s
 ---------------------------------------
 at a triple-junction
 Phase: 2 (BCC_A2)
 Seed type: 1
 Local temperature = 1023.0 K
 Undercooling = 51.998 K
 Grain number = 11

 Seed number 3 set at time t = 0.10010 s
 ---------------------------------------
 at a triple-junction
 Phase: 2 (BCC_A2)
 Seed type: 1
 Local temperature = 1023.0 K
 Undercooling = 51.998 K
 Grain number = 12

 Seed number 4 set at time t = 0.10010 s
 ---------------------------------------
 at a triple-junction
 Phase: 2 (BCC_A2)
 Seed type: 1
 Local temperature = 1023.0 K
 Undercooling = 51.998 K
 Grain number = 13
 Updating of diffusion data from database...

 Grain 13 reaches full size at t = 0.175424 s

 Grain 12 reaches full size at t = 0.187291 s

 Grain 10 reaches full size at t = 0.188707 s

 Intermediate output for t = 0.20000 s
 CPU-time: 39 s
 Current phase-field solver time step = 5.12E-04 s
 Average conc. of comp. 1 = 0.1000000, Variation = +0.0000000 wt%
 Average conc. of comp. 2 = 1.5000000, Variation = +0.0000000 wt%
 Temperature at the bottom = 1023.0 K
 Temperature gradient = 0.00000 K/cm

 Seed number 5 set at time t = 0.20020 s
 ---------------------------------------
 at a triple-junction
 Phase: 2 (BCC_A2)
 Seed type: 1
 Local temperature = 1023.0 K
 Undercooling = 51.998 K
 Grain number = 14

 Seed number 6 set at time t = 0.20020 s
 ---------------------------------------
 at a triple-junction
 Phase: 2 (BCC_A2)
 Seed type: 1
 Local temperature = 1023.0 K
 Undercooling = 51.998 K
 Grain number = 15

 Seed number 7 set at time t = 0.20020 s
 ---------------------------------------
 at a triple-junction
 Phase: 2 (BCC_A2)
 Seed type: 1
 Local temperature = 1023.0 K
 Undercooling = 51.998 K
 Grain number = 16

 Grain 11 reaches full size at t = 0.240438 s

 Grain 14 reaches full size at t = 0.265905 s

 Grain 15 reaches full size at t = 0.267366 s

 Grain 16 reaches full size at t = 0.274677 s

 Intermediate output for t = 0.30000 s
 CPU-time: 45 s
 Current phase-field solver time step = 5.90E-04 s
 Average conc. of comp. 1 = 0.1000000, Variation = +0.0000000 wt%
 Average conc. of comp. 2 = 1.5000000, Variation = +0.0000000 wt%
 Temperature at the bottom = 1023.0 K
 Temperature gradient = 0.00000 K/cm

 Seed number 8 set at time t = 0.30030 s
 ---------------------------------------
 at a triple-junction
 Phase: 2 (BCC_A2)
 Seed type: 1
 Local temperature = 1023.0 K
 Undercooling = 51.998 K
 Grain number = 17

 Seed number 9 set at time t = 0.30030 s
 ---------------------------------------
 at a triple-junction
 Phase: 2 (BCC_A2)
 Seed type: 1
 Local temperature = 1023.0 K
 Undercooling = 51.998 K
 Grain number = 18

 Seed number 10 set at time t = 0.30030 s
 ----------------------------------------
 at a triple-junction
 Phase: 2 (BCC_A2)
 Seed type: 1
 Local temperature = 1023.0 K
 Undercooling = 51.998 K
 Grain number = 19

 Seed number 11 set at time t = 0.30030 s
 ----------------------------------------
 at a triple-junction
 Phase: 2 (BCC_A2)
 Seed type: 1
 Local temperature = 1023.0 K
 Undercooling = 51.998 K
 Grain number = 20

 Grain 18 reaches full size at t = 0.354249 s

 Grain 19 reaches full size at t = 0.360780 s

 Grain 17 reaches full size at t = 0.362785 s

 Grain 20 reaches full size at t = 0.365333 s

 Intermediate output for t = 0.40000 s
 CPU-time: 49 s
 Current phase-field solver time step = 5.78E-04 s
 Average conc. of comp. 1 = 0.1000000, Variation = +0.0000000 wt%
 Average conc. of comp. 2 = 1.5000000, Variation = +0.0000000 wt%
 Temperature at the bottom = 1023.0 K
 Temperature gradient = 0.00000 K/cm

 Seed number 12 set at time t = 0.40040 s
 ----------------------------------------
 at a triple-junction
 Phase: 2 (BCC_A2)
 Seed type: 1
 Local temperature = 1023.0 K
 Undercooling = 51.998 K
 Grain number = 21

 Seed number 13 set at time t = 0.40040 s
 ----------------------------------------
 at a triple-junction
 Phase: 2 (BCC_A2)
 Seed type: 1
 Local temperature = 1023.0 K
 Undercooling = 51.998 K
 Grain number = 22

 Seed number 14 set at time t = 0.40040 s
 ----------------------------------------
 at a triple-junction
 Phase: 2 (BCC_A2)
 Seed type: 1
 Local temperature = 1023.0 K
 Undercooling = 51.998 K
 Grain number = 23

 Seed number 15 set at time t = 0.40040 s
 ----------------------------------------
 at a triple-junction
 Phase: 2 (BCC_A2)
 Seed type: 1
 Local temperature = 1023.0 K
 Undercooling = 51.998 K
 Grain number = 24

 Grain 21 reaches full size at t = 0.474101 s

 Intermediate output for t = 0.50000 s
 CPU-time: 45 s
 Current phase-field solver time step = 5.35E-04 s
 Average conc. of comp. 1 = 0.1000000, Variation = +0.0000000 wt%
 Average conc. of comp. 2 = 1.5000000, Variation = +0.0000000 wt%
 Temperature at the bottom = 1023.0 K
 Temperature gradient = 0.00000 K/cm

 Seed number 16 set at time t = 0.50050 s
 ----------------------------------------
 at a triple-junction
 Phase: 2 (BCC_A2)
 Seed type: 1
 Local temperature = 1023.0 K
 Undercooling = 51.998 K
 Grain number = 25

 Seed number 17 set at time t = 0.50050 s
 ----------------------------------------
 at a triple-junction
 Phase: 2 (BCC_A2)
 Seed type: 1
 Local temperature = 1023.0 K
 Undercooling = 51.998 K
 Grain number = 26

 Seed number 18 set at time t = 0.50050 s
 ----------------------------------------
 at a triple-junction
 Phase: 2 (BCC_A2)
 Seed type: 1
 Local temperature = 1023.0 K
 Undercooling = 51.998 K
 Grain number = 27

 Seed number 19 set at time t = 0.50050 s
 ----------------------------------------
 at a triple-junction
 Phase: 2 (BCC_A2)
 Seed type: 1
 Local temperature = 1023.0 K
 Undercooling = 51.998 K
 Grain number = 28

 Grain 28 reaches full size at t = 0.584850 s

 Intermediate output for t = 0.60000 s
 CPU-time: 47 s
 Current phase-field solver time step = 6.57E-04 s
 Average conc. of comp. 1 = 0.1000000, Variation = +0.0000000 wt%
 Average conc. of comp. 2 = 1.5000000, Variation = +0.0000000 wt%
 Temperature at the bottom = 1023.0 K
 Temperature gradient = 0.00000 K/cm

 Seed number 20 set at time t = 0.60060 s
 ----------------------------------------
 at a triple-junction
 Phase: 2 (BCC_A2)
 Seed type: 1
 Local temperature = 1023.0 K
 Undercooling = 51.998 K
 Grain number = 29

 Seed number 21 set at time t = 0.60060 s
 ----------------------------------------
 at a triple-junction
 Phase: 2 (BCC_A2)
 Seed type: 1
 Local temperature = 1023.0 K
 Undercooling = 51.998 K
 Grain number = 30

 Grain 25 reaches full size at t = 0.620668 s

 Grain 30 reaches full size at t = 0.676248 s

 Grain 29 reaches full size at t = 0.699693 s

 Intermediate output for t = 0.70000 s
 CPU-time: 45 s
 Current phase-field solver time step = 5.00E-04 s
 Average conc. of comp. 1 = 0.1000000, Variation = +0.0000000 wt%
 Average conc. of comp. 2 = 1.5000000, Variation = +0.0000000 wt%
 Temperature at the bottom = 1023.0 K
 Temperature gradient = 0.00000 K/cm

 Seed number 22 set at time t = 0.70070 s
 ----------------------------------------
 at a triple-junction
 Phase: 2 (BCC_A2)
 Seed type: 1
 Local temperature = 1023.0 K
 Undercooling = 51.998 K
 Grain number = 31

 Seed number 23 set at time t = 0.70070 s
 ----------------------------------------
 at a triple-junction
 Phase: 2 (BCC_A2)
 Seed type: 1
 Local temperature = 1023.0 K
 Undercooling = 51.998 K
 Grain number = 32

 Grain 32 reaches full size at t = 0.773478 s

 Grain 31 reaches full size at t = 0.784732 s

 Intermediate output for t = 0.80000 s
 CPU-time: 53 s
 Current phase-field solver time step = 5.41E-04 s
 Average conc. of comp. 1 = 0.1000000, Variation = +0.0000000 wt%
 Average conc. of comp. 2 = 1.5000000, Variation = +0.0000000 wt%
 Temperature at the bottom = 1023.0 K
 Temperature gradient = 0.00000 K/cm

 Intermediate output for t = 0.90000 s
 CPU-time: 49 s
 Current phase-field solver time step = 5.00E-04 s
 Average conc. of comp. 1 = 0.1000000, Variation = +0.0000000 wt%
 Average conc. of comp. 2 = 1.5000000, Variation = +0.0000000 wt%
 Temperature at the bottom = 1023.0 K
 Temperature gradient = 0.00000 K/cm

 Intermediate output for t = 1.0000 s
 CPU-time: 50 s
 Current phase-field solver time step = 6.30E-04 s
 Average conc. of comp. 1 = 0.1000000, Variation = +0.0000000 wt%
 Average conc. of comp. 2 = 1.5000000, Variation = +0.0000000 wt%
 Temperature at the bottom = 1023.0 K
 Temperature gradient = 0.00000 K/cm
 complete relinearisation!

 Seed number 24 set at time t = 1.0100 s
 ---------------------------------------
 at an interface
 Phase: 2 (BCC_A2)
 Seed type: 2
 Local temperature = 1023.0 K
 Undercooling = 51.998 K
 Grain number = 33

 Seed number 25 set at time t = 1.0100 s
 ---------------------------------------
 at an interface
 Phase: 2 (BCC_A2)
 Seed type: 2
 Local temperature = 1023.0 K
 Undercooling = 51.998 K
 Grain number = 34

 Seed number 26 set at time t = 1.0100 s
 ---------------------------------------
 at an interface
 Phase: 2 (BCC_A2)
 Seed type: 2
 Local temperature = 1023.0 K
 Undercooling = 51.999 K
 Grain number = 35

 Seed number 27 set at time t = 1.0100 s
 ---------------------------------------
 at an interface
 Phase: 2 (BCC_A2)
 Seed type: 2
 Local temperature = 1023.0 K
 Undercooling = 51.998 K
 Grain number = 36

 Grain 34 reaches full size at t = 1.11580 s

 Grain 36 reaches full size at t = 1.11935 s

 Grain 33 reaches full size at t = 1.12907 s

 Grain 35 reaches full size at t = 1.15241 s

 Intermediate output for t = 1.2500 s
 CPU-time: 148 s
 Current phase-field solver time step = 5.80E-04 s
 Average conc. of comp. 1 = 0.1000000, Variation = +0.0000000 wt%
 Average conc. of comp. 2 = 1.5000000, Variation = +0.0000000 wt%
 Temperature at the bottom = 1023.0 K
 Temperature gradient = 0.00000 K/cm

 Intermediate output for t = 1.5000 s
 CPU-time: 135 s
 Current phase-field solver time step = 5.00E-04 s
 Average conc. of comp. 1 = 0.1000000, Variation = +0.0000000 wt%
 Average conc. of comp. 2 = 1.5000000, Variation = +0.0000000 wt%
 Temperature at the bottom = 1023.0 K
 Temperature gradient = 0.00000 K/cm

 Intermediate output for t = 1.7500 s
 CPU-time: 136 s
 Current phase-field solver time step = 5.82E-04 s
 Average conc. of comp. 1 = 0.1000000, Variation = +0.0000000 wt%
 Average conc. of comp. 2 = 1.5000000, Variation = +0.0000000 wt%
 Temperature at the bottom = 1023.0 K
 Temperature gradient = 0.00000 K/cm

 Intermediate output for t = 2.0000 s
 CPU-time: 139 s
 Current phase-field solver time step = 6.35E-04 s
 Average conc. of comp. 1 = 0.1000000, Variation = +0.0000000 wt%
 Average conc. of comp. 2 = 1.5000000, Variation = +0.0000000 wt%
 Temperature at the bottom = 1023.0 K
 Temperature gradient = 0.00000 K/cm
 complete relinearisation!

 Seed number 28 set at time t = 2.0200 s
 ---------------------------------------
 at an interface
 Phase: 2 (BCC_A2)
 Seed type: 2
 Local temperature = 1023.0 K
 Undercooling = 51.996 K
 Grain number = 37

 Seed number 29 set at time t = 2.0200 s
 ---------------------------------------
 at an interface
 Phase: 2 (BCC_A2)
 Seed type: 2
 Local temperature = 1023.0 K
 Undercooling = 51.998 K
 Grain number = 38

 Seed number 30 set at time t = 2.0200 s
 ---------------------------------------
 at an interface
 Phase: 2 (BCC_A2)
 Seed type: 2
 Local temperature = 1023.0 K
 Undercooling = 51.998 K
 Grain number = 39

 Seed number 31 set at time t = 2.0200 s
 ---------------------------------------
 at an interface
 Phase: 2 (BCC_A2)
 Seed type: 2
 Local temperature = 1023.0 K
 Undercooling = 51.998 K
 Grain number = 40

 Grain 39 reaches full size at t = 2.13207 s

 Grain 40 reaches full size at t = 2.13257 s

 Grain 37 reaches full size at t = 2.17680 s

 Grain 38 reaches full size at t = 2.24496 s

 Intermediate output for t = 3.0000 s
 CPU-time: 673 s
 Current phase-field solver time step = 7.47E-04 s
 Average conc. of comp. 1 = 0.1000000, Variation = +0.0000000 wt%
 Average conc. of comp. 2 = 1.5000000, Variation = +0.0000000 wt%
 Temperature at the bottom = 1023.0 K
 Temperature gradient = 0.00000 K/cm
 complete relinearisation!

 Seed number 32 set at time t = 3.0300 s
 ---------------------------------------
 at an interface
 Phase: 2 (BCC_A2)
 Seed type: 2
 Local temperature = 1023.0 K
 Undercooling = 51.998 K
 Grain number = 41

 Seed number 33 set at time t = 3.0300 s
 ---------------------------------------
 at an interface
 Phase: 2 (BCC_A2)
 Seed type: 2
 Local temperature = 1023.0 K
 Undercooling = 51.997 K
 Grain number = 42

 Seed number 34 set at time t = 3.0300 s
 ---------------------------------------
 at an interface
 Phase: 2 (BCC_A2)
 Seed type: 2
 Local temperature = 1023.0 K
 Undercooling = 51.995 K
 Grain number = 43

 Seed number 35 set at time t = 3.0300 s
 ---------------------------------------
 at an interface
 Phase: 2 (BCC_A2)
 Seed type: 2
 Local temperature = 1023.0 K
 Undercooling = 51.998 K
 Grain number = 44

 Grain 41 reaches full size at t = 3.13603 s

 Grain 44 reaches full size at t = 3.16515 s

 Grain 42 reaches full size at t = 3.16640 s

 Grain 43 reaches full size at t = 3.17241 s

 Intermediate output for t = 4.0000 s
 CPU-time: 751 s
 Current phase-field solver time step = 5.00E-04 s
 Average conc. of comp. 1 = 0.1000000, Variation = +0.0000000 wt%
 Average conc. of comp. 2 = 1.5000000, Variation = +0.0000000 wt%
 Temperature at the bottom = 1023.0 K
 Temperature gradient = 0.00000 K/cm
 complete relinearisation!

 Seed number 36 set at time t = 4.0400 s
 ---------------------------------------
 at an interface
 Phase: 2 (BCC_A2)
 Seed type: 2
 Local temperature = 1023.0 K
 Undercooling = 51.987 K
 Grain number = 45

 Seed number 37 set at time t = 4.0400 s
 ---------------------------------------
 at an interface
 Phase: 2 (BCC_A2)
 Seed type: 2
 Local temperature = 1023.0 K
 Undercooling = 51.998 K
 Grain number = 46

 Seed number 38 set at time t = 4.0400 s
 ---------------------------------------
 at an interface
 Phase: 2 (BCC_A2)
 Seed type: 2
 Local temperature = 1023.0 K
 Undercooling = 51.454 K
 Grain number = 47

 Grain 46 reaches full size at t = 4.15873 s

 Grain 45 reaches full size at t = 4.18538 s

 Grain 47 reaches full size at t = 4.23442 s
 Updating of diffusion data from database...

 Intermediate output for t = 5.0000 s
 CPU-time: 913 s
 Current phase-field solver time step = 5.00E-04 s
 Average conc. of comp. 1 = 0.1000000, Variation = +0.0000000 wt%
 Average conc. of comp. 2 = 1.5000000, Variation = +0.0000000 wt%
 Temperature at the bottom = 1023.0 K
 Temperature gradient = 0.00000 K/cm
 complete relinearisation!

 Seed number 39 set at time t = 5.0100 s
 ---------------------------------------
 in the bulk
 Phase: 2 (BCC_A2)
 Seed type: 3
 Local temperature = 1023.0 K
 Undercooling = 51.998 K
 Grain number = 48

 Seed number 40 set at time t = 5.0500 s
 ---------------------------------------
 at an interface
 Phase: 2 (BCC_A2)
 Seed type: 2
 Local temperature = 1023.0 K
 Undercooling = 51.815 K
 Grain number = 49

 Seed number 41 set at time t = 5.0500 s
 ---------------------------------------
 at an interface
 Phase: 2 (BCC_A2)
 Seed type: 2
 Local temperature = 1023.0 K
 Undercooling = 51.886 K
 Grain number = 50

 Seed number 42 set at time t = 5.0500 s
 ---------------------------------------
 at an interface
 Phase: 2 (BCC_A2)
 Seed type: 2
 Local temperature = 1023.0 K
 Undercooling = 51.207 K
 Grain number = 51

 Seed number 43 set at time t = 5.0500 s
 ---------------------------------------
 at an interface
 Phase: 2 (BCC_A2)
 Seed type: 2
 Local temperature = 1023.0 K
 Undercooling = 51.976 K
 Grain number = 52

 Grain 50 reaches full size at t = 5.17317 s

 Grain 52 reaches full size at t = 5.18235 s

 Grain 51 reaches full size at t = 5.19811 s

 Grain 49 reaches full size at t = 5.32889 s
 complete relinearisation!

 Seed number 44 set at time t = 6.0600 s
 ---------------------------------------
 at an interface
 Phase: 2 (BCC_A2)
 Seed type: 2
 Local temperature = 1023.0 K
 Undercooling = 51.337 K
 Grain number = 53

 Seed number 45 set at time t = 6.0600 s
 ---------------------------------------
 at an interface
 Phase: 2 (BCC_A2)
 Seed type: 2
 Local temperature = 1023.0 K
 Undercooling = 51.355 K
 Grain number = 54

 Grain 53 reaches full size at t = 6.24429 s

 Grain 54 reaches full size at t = 6.25357 s

 Grain 48 reaches full size at t = 6.37737 s
 complete relinearisation!

 Seed number 46 set at time t = 7.0700 s
 ---------------------------------------
 at an interface
 Phase: 2 (BCC_A2)
 Seed type: 2
 Local temperature = 1023.0 K
 Undercooling = 50.417 K
 Grain number = 55

 Grain 55 reaches full size at t = 7.44581 s

 Intermediate output for t = 7.5000 s
 CPU-time: 2509 s
 Current phase-field solver time step = 5.00E-04 s
 Average conc. of comp. 1 = 0.1000000, Variation = +0.0000000 wt%
 Average conc. of comp. 2 = 1.5000000, Variation = +0.0000000 wt%
 Temperature at the bottom = 1023.0 K
 Temperature gradient = 0.00000 K/cm
 complete relinearisation!
 complete relinearisation!
 Updating of diffusion data from database...

 Intermediate output for t = 10.000 s
 CPU-time: 2308 s
 Current phase-field solver time step = 6.16E-04 s
 Average conc. of comp. 1 = 0.1000000, Variation = +0.0000000 wt%
 Average conc. of comp. 2 = 1.5000000, Variation = +0.0000000 wt%
 Temperature at the bottom = 1023.0 K
 Temperature gradient = 0.00000 K/cm
 complete relinearisation!

 Seed number 47 set at time t = 10.020 s
 ---------------------------------------
 in the bulk
 Phase: 2 (BCC_A2)
 Seed type: 3
 Local temperature = 1023.0 K
 Undercooling = 50.155 K
 Grain number = 56
 complete relinearisation!
 complete relinearisation!
 complete relinearisation!
 complete relinearisation!
 Updating of diffusion data from database...

 Intermediate output for t = 15.000 s
 CPU-time: 5693 s
 Current phase-field solver time step = 5.00E-04 s
 Average conc. of comp. 1 = 0.1000000, Variation = +0.0000000 wt%
 Average conc. of comp. 2 = 1.5000000, Variation = +0.0000000 wt%
 Temperature at the bottom = 1023.0 K
 Temperature gradient = 0.00000 K/cm
 complete relinearisation!

 Seed number 48 set at time t = 15.030 s
 ---------------------------------------
 in the bulk
 Phase: 2 (BCC_A2)
 Seed type: 3
 Local temperature = 1023.0 K
 Undercooling = 50.248 K
 Grain number = 57
 complete relinearisation!
 complete relinearisation!
 complete relinearisation!
 complete relinearisation!
 Updating of diffusion data from database...

 Intermediate output for t = 20.000 s
 CPU-time: 5895 s
 Current phase-field solver time step = 5.00E-04 s
 Average conc. of comp. 1 = 0.1000000, Variation = +0.0000000 wt%
 Average conc. of comp. 2 = 1.5000000, Variation = +0.0000000 wt%
 Temperature at the bottom = 1023.0 K
 Temperature gradient = 0.00000 K/cm
 complete relinearisation!
 complete relinearisation!
 complete relinearisation!
 complete relinearisation!
 complete relinearisation!
 Updating of diffusion data from database...

 Intermediate output for t = 25.000 s
 CPU-time: 5822 s
 Current phase-field solver time step = 5.00E-04 s
 Average conc. of comp. 1 = 0.1000000, Variation = +0.0000000 wt%
 Average conc. of comp. 2 = 1.5000000, Variation = +0.0000000 wt%
 Temperature at the bottom = 1023.0 K
 Temperature gradient = 0.00000 K/cm
 complete relinearisation!
 complete relinearisation!
 complete relinearisation!
 complete relinearisation!
 complete relinearisation!
 Updating of diffusion data from database...

 Intermediate output for t = 30.000 s
 CPU-time: 6302 s
 Current phase-field solver time step = 5.00E-04 s
 Average conc. of comp. 1 = 0.1000000, Variation = +0.0000000 wt%
 Average conc. of comp. 2 = 1.5000000, Variation = +0.0000000 wt%
 Temperature at the bottom = 1023.0 K
 Temperature gradient = 0.00000 K/cm
 complete relinearisation!
 complete relinearisation!
 complete relinearisation!
 complete relinearisation!
 complete relinearisation!
 Updating of diffusion data from database...

 Intermediate output for t = 35.000 s
 CPU-time: 5714 s
 Current phase-field solver time step = 5.00E-04 s
 Average conc. of comp. 1 = 0.1000000, Variation = +0.0000000 wt%
 Average conc. of comp. 2 = 1.5000000, Variation = +0.0000000 wt%
 Temperature at the bottom = 1023.0 K
 Temperature gradient = 0.00000 K/cm
 complete relinearisation!
 complete relinearisation!
 complete relinearisation!
 complete relinearisation!
 complete relinearisation!
 Updating of diffusion data from database...

 Intermediate output for t = 40.000 s
 CPU-time: 4547 s
 Current phase-field solver time step = 9.64E-04 s
 Average conc. of comp. 1 = 0.1000000, Variation = +0.0000000 wt%
 Average conc. of comp. 2 = 1.5000000, Variation = +0.0000000 wt%
 Temperature at the bottom = 1023.0 K
 Temperature gradient = 0.00000 K/cm
 complete relinearisation!
 complete relinearisation!
 complete relinearisation!
 complete relinearisation!
 complete relinearisation!
 Updating of diffusion data from database...

 Intermediate output for t = 45.000 s
 CPU-time: 5665 s
 Current phase-field solver time step = 9.26E-04 s
 Average conc. of comp. 1 = 0.1000000, Variation = +0.0000000 wt%
 Average conc. of comp. 2 = 1.5000000, Variation = +0.0000000 wt%
 Temperature at the bottom = 1023.0 K
 Temperature gradient = 0.00000 K/cm
 complete relinearisation!
 complete relinearisation!
 complete relinearisation!
 complete relinearisation!
 complete relinearisation!
 Updating of diffusion data from database...

 Intermediate output for t = 50.000 s
 CPU-time: 4206 s
 Current phase-field solver time step = 3.95E-03 s
 Average conc. of comp. 1 = 0.1000000, Variation = +0.0000000 wt%
 Average conc. of comp. 2 = 1.5000000, Variation = +0.0000000 wt%
 Temperature at the bottom = 1023.0 K
 Temperature gradient = 0.00000 K/cm
 complete relinearisation!
 complete relinearisation!
 complete relinearisation!
 complete relinearisation!
 complete relinearisation!
 Updating of diffusion data from database...
 complete relinearisation!
 complete relinearisation!
 complete relinearisation!
 complete relinearisation!
 complete relinearisation!
 Updating of diffusion data from database...

 Intermediate output for t = 60.000 s
 CPU-time: 10528 s
 Current phase-field solver time step = 5.00E-04 s
 Average conc. of comp. 1 = 0.1000000, Variation = +0.0000000 wt%
 Average conc. of comp. 2 = 1.5000000, Variation = +0.0000000 wt%
 Temperature at the bottom = 1023.0 K
 Temperature gradient = 0.00000 K/cm
 complete relinearisation!
 complete relinearisation!
 complete relinearisation!
 complete relinearisation!
 complete relinearisation!
 Updating of diffusion data from database...
 complete relinearisation!
 complete relinearisation!
 complete relinearisation!
 complete relinearisation!
 complete relinearisation!
 Updating of diffusion data from database...

 Intermediate output for t = 70.000 s
 CPU-time: 11788 s
 Current phase-field solver time step = 5.00E-04 s
 Average conc. of comp. 1 = 0.1000000, Variation = +0.0000000 wt%
 Average conc. of comp. 2 = 1.5000000, Variation = +0.0000000 wt%
 Temperature at the bottom = 1023.0 K
 Temperature gradient = 0.00000 K/cm
 complete relinearisation!
 complete relinearisation!
 complete relinearisation!
 complete relinearisation!
 complete relinearisation!
 Updating of diffusion data from database...
 complete relinearisation!
 complete relinearisation!
 complete relinearisation!
 complete relinearisation!
 complete relinearisation!
 Updating of diffusion data from database...

 Intermediate output for t = 80.000 s
 CPU-time: 9727 s
 Current phase-field solver time step = 5.00E-04 s
 Average conc. of comp. 1 = 0.1000000, Variation = +0.0000000 wt%
 Average conc. of comp. 2 = 1.5000000, Variation = +0.0000000 wt%
 Temperature at the bottom = 1023.0 K
 Temperature gradient = 0.00000 K/cm
 complete relinearisation!
 complete relinearisation!
 complete relinearisation!
 complete relinearisation!
 complete relinearisation!
 Updating of diffusion data from database...
 complete relinearisation!
 complete relinearisation!
 complete relinearisation!
 complete relinearisation!
 complete relinearisation!
 Updating of diffusion data from database...

 Intermediate output for t = 90.000 s
 CPU-time: 10765 s
 Current phase-field solver time step = 5.00E-04 s
 Average conc. of comp. 1 = 0.1000000, Variation = +0.0000000 wt%
 Average conc. of comp. 2 = 1.5000000, Variation = +0.0000000 wt%
 Temperature at the bottom = 1023.0 K
 Temperature gradient = 0.00000 K/cm
 complete relinearisation!
 complete relinearisation!
 complete relinearisation!
 complete relinearisation!
 complete relinearisation!
 Updating of diffusion data from database...
 complete relinearisation!
 complete relinearisation!
 complete relinearisation!
 complete relinearisation!
 complete relinearisation!
 Updating of diffusion data from database...

 Intermediate output for t = 100.00 s
 CPU-time: 10268 s
 Current phase-field solver time step = 5.00E-04 s
 Average conc. of comp. 1 = 0.1000000, Variation = +0.0000000 wt%
 Average conc. of comp. 2 = 1.5000000, Variation = +0.0000000 wt%
 Temperature at the bottom = 1023.0 K
 Temperature gradient = 0.00000 K/cm

 ==================================================

 Simulation run on machine n008
 Remaining license time: permanent
 CPU time in seconds:      105085
 Wall clock time in seconds:  9637
 End
 
