
 MICRESS binary
 **************
 version number: 6.400 (Linux)
 compiled: 01/17/2018
 compiler version: Intel 1400 20140120
 executable architecture: x64
 Thermo-Calc coupling: enabled
 #    Version:    19
 #    Link Date:  20-03-2017 12:28:00
 #    OS Name:    Linux
 #    Build Date: 10716
 #    Compiler:   ifort (IFORT) 14.0.2 20140120
 OpenMP: disabled
 shell: /bin/tcsh
 ('double precision' binary)

 Miscellanea
 ***********
 Date and time: 17/01/2018 (06:03)
 Machine: n009
 Driving file: T042_TQ_Ripening_dri.temp


 Flags and settings
 ******************

 Geometry
 --------
 AnzX,   AnzY,   AnzZ   = 100, 1, 100
 deltaX, deltaY, deltaZ [cm] = 1.0000E-05, 1.0000E-05, 1.0000E-05

 Flags
 -----
 Simulation with concentration coupling
 'Double-obstacle' potential
 no_1d_far_field
 no_1d_temp
 IFaceDim coeff. : 0.100 (0.75, 0.50)
 nTupelDim coeff.: 0.100 (0.75, 0.50)


 The data compression is done with 'zlib' (cf. http://www.zlib.net/).
 The routine for appending is loosely derived from the 'gzappend.c' example.


 Time input data
 ***************
 Number of intermediate outputs = 21
 Intermediate output at t       = 1.0000000E-03 s
 Intermediate output at t       = 1.4142000E-03 s
 Intermediate output at t       = 1.9999616E-03 s
 Intermediate output at t       = 2.8283458E-03 s
 Intermediate output at t       = 3.9998466E-03 s
 Intermediate output at t       = 5.6565830E-03 s
 Intermediate output at t       = 7.9995397E-03 s
 Intermediate output at t       = 1.1312949E-02 s
 Intermediate output at t       = 1.5998773E-02 s
 Intermediate output at t       = 2.2625464E-02 s
 Intermediate output at t       = 3.1996931E-02 s
 Intermediate output at t       = 4.5250060E-02 s
 Intermediate output at t       = 6.3992635E-02 s
 Intermediate output at t       = 9.0498385E-02 s
 Intermediate output at t       = 1.2798282E-01 s
 Intermediate output at t       = 1.8099330E-01 s
 Intermediate output at t       = 2.5596072E-01 s
 Intermediate output at t       = 3.6197965E-01 s
 Intermediate output at t       = 5.1191163E-01 s
 Intermediate output at t       = 7.2394542E-01 s
 Intermediate output at t       = 1.0000000E+00 s
 Coefficient for phase-field criterion 1.00
 Coefficient for segregation criterion 0.900
 Upper limit for time step: 1.000E+20
 Number of steps to adjust profiles of initially sharp interfaces [exclude_inactive]: 20
 
 
 Phase data
 **********
 Number of distinct solid phases = 1
 
 Data for phase 1:
 -----------------
 in phase 1, recrystallisation will not be considered.
 Phase 1 is anisotropic.
 Cubic crystal symmetry will be considered:
 No categorization is allowed for phase 1
 Grain orientations will be defined by 2D angles.


 Grain input
 ***********
 Grains will be positioned randomly
 Integer for randomization: 10
 Number of different types of grains: 1
 Number of grains of type 1: 10

 Input for grain type 1
 ----------------------
  For grain type 1 round grains will be set.
  Minimal value of x-coordinates: 0.00000 micrometers
  Maximal value of x-coordinates: 10.0000 micrometers
  Minimal value of z-coordinates: 0.00000 micrometers
  Maximal value of z-coordinates: 10.0000 micrometers
  Minimum grain radius: 0.200000 micrometers
  Maximum grain radius: 1.00000 micrometers
  Grain type 1 is stabilized
  For grains of type 1 will be set according to the Voronoi construction
  Phase number for grain type 1: 1
  Determination of grain orientations is 'range'
  Minimal value of rotation angle 0.000
  Maximal value of rotation angle 90.00
  Minimal distance between grains is: 0.50000 micrometers

 I.e.:
 -----
 Number of grains = 10
 Input data for grain number 1:
  'Round' grain.
  x,z coordinates               : 8.82105, 6.22336 micrometers
  Grain radius                  : 0.70621 micrometers
  Stabilisation
  Voronoi construction
  Phase number                  : 1
  Rotation angle                : +62.0907 degree
 Input data for grain number 2:
  'Round' grain.
  x,z coordinates               : 4.77079, 0.542557 micrometers
  Grain radius                  : 0.81988 micrometers
  Stabilisation
  Voronoi construction
  Phase number                  : 1
  Rotation angle                : +58.5930 degree
 Input data for grain number 3:
  'Round' grain.
  x,z coordinates               : 2.17497, 3.01364 micrometers
  Grain radius                  : 0.28616 micrometers
  Stabilisation
  Voronoi construction
  Phase number                  : 1
  Rotation angle                : +74.1391 degree
 Input data for grain number 4:
  'Round' grain.
  x,z coordinates               : 0.525670, 8.20263 micrometers
  Grain radius                  : 0.38973 micrometers
  Stabilisation
  Voronoi construction
  Phase number                  : 1
  Rotation angle                : +74.8051 degree
 Input data for grain number 5:
  'Round' grain.
  x,z coordinates               : 4.07075, 1.99367 micrometers
  Grain radius                  : 0.70040 micrometers
  Stabilisation
  Voronoi construction
  Phase number                  : 1
  Rotation angle                : +63.9423 degree
 Input data for grain number 6:
  'Round' grain.
  x,z coordinates               : 6.07736, 1.06171 micrometers
  Grain radius                  : 0.81422 micrometers
  Stabilisation
  Voronoi construction
  Phase number                  : 1
  Rotation angle                : +81.2845 degree
 Input data for grain number 7:
  'Round' grain.
  x,z coordinates               : 1.42294, 5.51832 micrometers
  Grain radius                  : 0.97748 micrometers
  Stabilisation
  Voronoi construction
  Phase number                  : 1
  Rotation angle                : +48.5707 degree
 Input data for grain number 8:
  'Round' grain.
  x,z coordinates               : 9.12467, 3.42690 micrometers
  Grain radius                  : 0.56021 micrometers
  Stabilisation
  Voronoi construction
  Phase number                  : 1
  Rotation angle                : +58.0995 degree
 Input data for grain number 9:
  'Round' grain.
  x,z coordinates               : 7.79258, 9.17485 micrometers
  Grain radius                  : 0.76159 micrometers
  Stabilisation
  Voronoi construction
  Phase number                  : 1
  Rotation angle                : +74.5960 degree
 Input data for grain number 10:
  'Round' grain.
  x,z coordinates               : 3.70112, 5.02055 micrometers
  Grain radius                  : 0.78835 micrometers
  Stabilisation
  Voronoi construction
  Phase number                  : 1
  Rotation angle                : +57.9912 degree


 Data for further nucleation
 ***************************
 Run-time nucleation disabled
 
 
 Phase interaction data
 **********************
 
 Data for phase interaction 0 / 1:
 ---------------------------------
  Interaction between 0 and 1 will be simulated.
  Interaction parameters between phases  0  and 1:
  Averaging coefficient        Av = +1.00
  Maximal driving force     dGMax = 20.000 [J/cm**3]
  Interfacial energy        sigma = 4.00000E-05 [J/cm**2]
  Kinetic coefficient          mu = 6.00000E-02 [cm**4/(Js)]
  Phases  0 /  1 have an isotropic interaction.
 
 Data for phase interaction 1 / 1:
 ---------------------------------
  Interaction between 1 and 1 will be simulated.
  Interaction parameters between phases  1  and 1:
  Interfacial energy        sigma = 4.00000E-05 [J/cm**2]
  Kinetic coefficient          mu = 3.00000E-03 [cm**4/(Js)]
  Misorientation will not be considered.


 Concentration data
 ******************
 Number of dissolved constituents = 1
 Concentration in atom percent at%

 Diffusion Data
 --------------
 Diffusion of component 1  in phase 0  will be solved.
 Diff.-coefficient:
 Prefactor: 5.000000000000000E-006 [cm**2/s]
 Activation energy: 0.000000000000000E+000 [J/mol]
 Diffusion of component 1  in phase 1  will be solved.
 Diff.-coefficient:
 Prefactor: 1.000000000000000E-009 [cm**2/s]
 Activation energy: 0.000000000000000E+000 [J/mol]


 Phase diagram - input data
 **************************

 Name of Thermo-Calc *.GES5 file: GES_Files/TC2015a_Seta_Bin
 Interval for updating thermodynamic data [s] = 100.00

 Input of the phase diagram of phase 0 and phase 1:
 --------------------------------------------------
 TC-Coupling activated
 Relinearisation interval [s] 2.00000000000000 s
 # Reading GES5 workspace ...
 The database contains the following components:
 1: AG
 2: AL
 Thermo-Calc index of (MICRESS) component 0 = 2
 Thermo-Calc index of (MICRESS) component 1 = 1
 0 -> AL
 1 -> AG
 The database contains 3 phases:
 1: LIQUID
 2: FCC_A1
 3: HCP_A3
 Thermo-Calc index of the (MICRESS) phase 0 = 1
 Thermo-Calc index of the (MICRESS) phase 1 = 2
 0 -> LIQUID
 1 -> FCC_A1
 # Molar volume of phase 0 (LIQUID): 15.000 [cm**3/mol]
 # Molar volume of phase 1 (FCC_A1): 15.000 [cm**3/mol]
 initial equilibrium at T = 845.0000
 
 
 Initial concentrations
 **********************
 Concentrations will be automatically set, matrix phase: 0
 Initial concentration of component 1 (AG) in phase 0 (LIQUID) = 32.00000000 at%


 Parameters for latent heat and 1D temperature field
 ***************************************************
 Simulation with release of latent heat
 
 
 Boundary conditions
 *******************
 Initial temperature at the bottom: 845.0000 K
 Temperature gradient at beginning: 0.0000 K/cm
 Heat flow = 0.0000 [J/s*cm^3]
 
 In W-direction periodic/wrap-around boundary condition for phase field
 In E-direction periodic/wrap-around boundary condition for phase field
 In B-direction periodic/wrap-around boundary condition for phase field
 In T-direction periodic/wrap-around boundary condition for phase field
 
 In W-direction periodic/wrap-around boundary condition for concentration field
 In E-direction periodic/wrap-around boundary condition for concentration field
 In B-direction periodic/wrap-around boundary condition for concentration field
 In T-direction periodic/wrap-around boundary condition for concentration field
 
 Unit-cell model symmetric with respect to the x/y diagonal plane not activated


 Other numerical parameters
 **************************
 Phase minimum      phMin = 1.00E-04
 Interface thickness etaZ = 3.00000000000000


 Beginning of initialisation
 ***************************
 # Grain number  1 set
 # Grain number  2 set
 # Grain number  3 set
 # Grain number  4 set
 # Grain number  5 set
 # Grain number  6 set
 # Grain number  7 set
 # Grain number  8 set
 # Grain number  9 set
 # Grain number 10 set

 Start Composition for iteration of quasi-equilibrium
 ****************************************************
  AL in LIQUID:  50.24631
  AG in LIQUID:  49.75369
  AL in FCC_A1:  1.019408
  AG in FCC_A1:  98.98059

 # The linearisation parameters of the phases LIQUID/FCC_A1 are:
 # -------------------------------------------------------------
 845.00000            ! T0 [K]
 3.3343129            ! dG [J/cm**3]
 0.73542065           ! dSf+ [J/cm**3K]
 0.71126119           ! dSf- [J/cm**3K]
 545.27572            ! dH [J/cm3]
 32.007736857599      ! c0(AG)/LIQUID
 21.619813456090      ! c0(AG)/FCC_A1
 -1.8900800           ! m(AG)/LIQUID
 -0.38456956          ! m(AG)/FCC_A1
 -1.73803704E-02      ! dcdT(AG)/LIQUID
 8.83230907E-02       ! dcdT(AG)/FCC_A1
 Initial concentration in the phases:
 LIQUID, AL: 68.00000 at%
 LIQUID, AG: 32.00000 at%
 FCC_A1, AL: 78.38019 at%
 FCC_A1, AG: 21.61981 at%
 
 # tWidth_max( 0 : 1 ) = 9.8958333E-06 s
 # tWidth_max( 1 : 1 ) = 1.9791667E-04 s
 # Maximal value for tWidth = 9.8958333E-06 s for phase-field solver
 # Maximal value for tWidth = 4.7500000E-06 s for conc-field solver
 # Automatic time stepping (phase-field solver): decreased value for tWidth = 4.51250E-06 s
 # Initial value for tWidth = 4.51250E-06 s for automatic time stepping (phase-field solver)
 # Critical grain radius:
 # of phase 1 in phase 0 = 0.54391 / dT_unt  [micrometers]
 
 Remaining license time: permanent

 ==================================================

 Time t = 0.0000000 s
 CPU-time: 0 s
 Current phase-field solver time step = 4.51E-06 s
 Average conc. of comp. 1 = 30.4136314 at%
 Temperature at the bottom = 845.00 K
 Temperature gradient = 0.00000 K/cm
 Fraction of phase 0: 0.84717
 Fraction of phase 1: 0.15283

 **********************************************
 *         Beginning of simulation            *
 **********************************************

 Intermediate output for t = 1.00000E-03 s
 CPU-time: 0 s
 Current phase-field solver time step = 1.74E-06 s
 Average conc. of comp. 1 = 30.4136314, Variation = -0.0000000 at%
 Temperature at the bottom = 840.01 K
 Temperature gradient = 0.00000 K/cm

 Intermediate output for t = 1.41420E-03 s
 CPU-time: 0 s
 Current phase-field solver time step = 9.90E-06 s
 Average conc. of comp. 1 = 30.4136314, Variation = -0.0000000 at%
 Temperature at the bottom = 840.02 K
 Temperature gradient = 0.00000 K/cm

 Intermediate output for t = 1.99996E-03 s
 CPU-time: 0 s
 Current phase-field solver time step = 9.90E-06 s
 Average conc. of comp. 1 = 30.4136314, Variation = -0.0000000 at%
 Temperature at the bottom = 840.02 K
 Temperature gradient = 0.00000 K/cm

 Intermediate output for t = 2.82835E-03 s
 CPU-time: 0 s
 Current phase-field solver time step = 9.63E-06 s
 Average conc. of comp. 1 = 30.4136314, Variation = -0.0000000 at%
 Temperature at the bottom = 840.02 K
 Temperature gradient = 0.00000 K/cm

 Intermediate output for t = 3.99985E-03 s
 CPU-time: 0 s
 Current phase-field solver time step = 9.05E-06 s
 Average conc. of comp. 1 = 30.4136314, Variation = -0.0000000 at%
 Temperature at the bottom = 840.02 K
 Temperature gradient = 0.00000 K/cm

 Intermediate output for t = 5.65658E-03 s
 CPU-time: 0 s
 Current phase-field solver time step = 8.57E-06 s
 Average conc. of comp. 1 = 30.4136314, Variation = -0.0000000 at%
 Temperature at the bottom = 840.01 K
 Temperature gradient = 0.00000 K/cm

 Intermediate output for t = 7.99954E-03 s
 CPU-time: 0 s
 Current phase-field solver time step = 6.35E-06 s
 Average conc. of comp. 1 = 30.4136314, Variation = -0.0000000 at%
 Temperature at the bottom = 839.98 K
 Temperature gradient = 0.00000 K/cm

 Intermediate output for t = 1.13129E-02 s
 CPU-time: 1 s
 Current phase-field solver time step = 9.90E-06 s
 Average conc. of comp. 1 = 30.4136314, Variation = -0.0000000 at%
 Temperature at the bottom = 840.00 K
 Temperature gradient = 0.00000 K/cm

 Intermediate output for t = 1.59988E-02 s
 CPU-time: 1 s
 Current phase-field solver time step = 9.90E-06 s
 Average conc. of comp. 1 = 30.4136314, Variation = -0.0000000 at%
 Temperature at the bottom = 840.06 K
 Temperature gradient = 0.00000 K/cm

 Intermediate output for t = 2.26255E-02 s
 CPU-time: 2 s
 Current phase-field solver time step = 9.90E-06 s
 Average conc. of comp. 1 = 30.4136314, Variation = -0.0000000 at%
 Temperature at the bottom = 840.06 K
 Temperature gradient = 0.00000 K/cm

 Intermediate output for t = 3.19969E-02 s
 CPU-time: 2 s
 Current phase-field solver time step = 8.78E-06 s
 Average conc. of comp. 1 = 30.4136314, Variation = -0.0000000 at%
 Temperature at the bottom = 840.04 K
 Temperature gradient = 0.00000 K/cm

 Intermediate output for t = 4.52501E-02 s
 CPU-time: 4 s
 Current phase-field solver time step = 6.94E-06 s
 Average conc. of comp. 1 = 30.4136314, Variation = -0.0000000 at%
 Temperature at the bottom = 840.08 K
 Temperature gradient = 0.00000 K/cm

 Intermediate output for t = 6.39926E-02 s
 CPU-time: 4 s
 Current phase-field solver time step = 9.90E-06 s
 Average conc. of comp. 1 = 30.4136314, Variation = -0.0000000 at%
 Temperature at the bottom = 840.23 K
 Temperature gradient = 0.00000 K/cm

 Intermediate output for t = 9.04984E-02 s
 CPU-time: 7 s
 Current phase-field solver time step = 9.90E-06 s
 Average conc. of comp. 1 = 30.4136314, Variation = -0.0000000 at%
 Temperature at the bottom = 840.33 K
 Temperature gradient = 0.00000 K/cm

 Intermediate output for t = 0.12798 s
 CPU-time: 9 s
 Current phase-field solver time step = 9.90E-06 s
 Average conc. of comp. 1 = 30.4136314, Variation = -0.0000000 at%
 Temperature at the bottom = 840.33 K
 Temperature gradient = 0.00000 K/cm

 Intermediate output for t = 0.18099 s
 CPU-time: 12 s
 Current phase-field solver time step = 9.90E-06 s
 Average conc. of comp. 1 = 30.4136314, Variation = -0.0000000 at%
 Temperature at the bottom = 840.32 K
 Temperature gradient = 0.00000 K/cm

 Intermediate output for t = 0.25596 s
 CPU-time: 16 s
 Current phase-field solver time step = 9.44E-06 s
 Average conc. of comp. 1 = 30.4136314, Variation = -0.0000000 at%
 Temperature at the bottom = 840.30 K
 Temperature gradient = 0.00000 K/cm

 Intermediate output for t = 0.36198 s
 CPU-time: 23 s
 Current phase-field solver time step = 9.90E-06 s
 Average conc. of comp. 1 = 30.4136314, Variation = -0.0000000 at%
 Temperature at the bottom = 840.31 K
 Temperature gradient = 0.00000 K/cm

 Intermediate output for t = 0.51191 s
 CPU-time: 26 s
 Current phase-field solver time step = 9.90E-06 s
 Average conc. of comp. 1 = 30.4136314, Variation = -0.0000000 at%
 Temperature at the bottom = 840.41 K
 Temperature gradient = 0.00000 K/cm

 Intermediate output for t = 0.72395 s
 CPU-time: 29 s
 Current phase-field solver time step = 9.90E-06 s
 Average conc. of comp. 1 = 30.4136314, Variation = -0.0000000 at%
 Temperature at the bottom = 840.41 K
 Temperature gradient = 0.00000 K/cm

 Intermediate output for t = 1.0000 s
 CPU-time: 46 s
 Current phase-field solver time step = 9.90E-06 s
 Average conc. of comp. 1 = 30.4136314, Variation = -0.0000000 at%
 Temperature at the bottom = 840.40 K
 Temperature gradient = 0.00000 K/cm

 ==================================================

 Simulation run on machine n009
 Remaining license time: permanent
 CPU time in seconds:         192
 Wall clock time in seconds:  243
 End
 
