
 MICRESS binary
 **************
 version number: 6.400 (Linux)
 compiled: 01/17/2018
 compiler version: Intel 1400 20140120
 executable architecture: x64
 Thermo-Calc coupling: enabled
 #    Version:    19
 #    Link Date:  20-03-2017 12:28:00
 #    OS Name:    Linux
 #    Build Date: 10716
 #    Compiler:   ifort (IFORT) 14.0.2 20140120
 OpenMP: disabled
 shell: /bin/tcsh
 ('double precision' binary)

 Miscellanea
 ***********
 Date and time: 17/01/2018 (04:05)
 Machine: n009
 Driving file: T012_Gamma_Alpha_PARA_dri.temp


 Flags and settings
 ******************

 Geometry
 --------
 AnzX,   AnzY,   AnzZ   = 250, 1, 250
 deltaX, deltaY, deltaZ [cm] = 2.5000E-05, 2.5000E-05, 2.5000E-05

 Flags
 -----
 Simulation with concentration coupling
 'Multi-obstacle' potential
 no_1d_far_field
 no_1d_temp
 IFaceDim coeff. : 0.100 (0.75, 0.50)
 nTupelDim coeff.: 0.100 (0.75, 0.50)


 The data compression is done with 'zlib' (cf. http://www.zlib.net/).
 The routine for appending is loosely derived from the 'gzappend.c' example.


 Time input data
 ***************
 Number of intermediate outputs = 27
 Intermediate output at t       = 1.0000000E+00 s
 Intermediate output at t       = 2.0000000E+00 s
 Intermediate output at t       = 3.0000000E+00 s
 Intermediate output at t       = 4.0000000E+00 s
 Intermediate output at t       = 5.0000000E+00 s
 Intermediate output at t       = 6.0000000E+00 s
 Intermediate output at t       = 8.0000000E+00 s
 Intermediate output at t       = 1.0000000E+01 s
 Intermediate output at t       = 1.5000000E+01 s
 Intermediate output at t       = 2.0000000E+01 s
 Intermediate output at t       = 2.5000000E+01 s
 Intermediate output at t       = 3.0000000E+01 s
 Intermediate output at t       = 4.0000000E+01 s
 Intermediate output at t       = 5.0000000E+01 s
 Intermediate output at t       = 6.0000000E+01 s
 Intermediate output at t       = 7.0000000E+01 s
 Intermediate output at t       = 8.0000000E+01 s
 Intermediate output at t       = 9.0000000E+01 s
 Intermediate output at t       = 1.0000000E+02 s
 Intermediate output at t       = 1.2500000E+02 s
 Intermediate output at t       = 1.5000000E+02 s
 Intermediate output at t       = 1.7500000E+02 s
 Intermediate output at t       = 2.0000000E+02 s
 Intermediate output at t       = 2.2500000E+02 s
 Intermediate output at t       = 2.5000000E+02 s
 Intermediate output at t       = 2.7500000E+02 s
 Intermediate output at t       = 3.0000000E+02 s
 Coefficient for phase-field criterion 1.00
 Coefficient for segregation criterion 0.900
 Upper limit for time step: 1.00
 Lower limit for time step: 1.000E-04
 Number of steps to adjust profiles of initially sharp interfaces [exclude_inactive]: 20
 
 
 Phase data
 **********
 Number of distinct solid phases = 2
 
 Data for phase 1:
 -----------------
 in phase 1, recrystallisation will not be considered.
 Phase 1 is isotropic.
 No categorization is allowed for phase 1
 
 Data for phase 2:
 -----------------
 in phase 2, recrystallisation will not be considered.
 Phase 2 is isotropic.
 No categorization is allowed for phase 2


 Grain input
 ***********
 Grains will be positioned deterministically
 Number of grains = 9
 Input data for grain number 1:
  'Round' grain.
  x,z coordinates               : 51.2400, 20.9700 micrometers
  Grain radius                  : 23.3600 micrometers
  Grain 1 is stabilized
  Voronoi construction
  Phase number                  : 1
 Input data for grain number 2:
  'Round' grain.
  x,z coordinates               : 52.1000, 47.3650 micrometers
  Grain radius                  : 25.8600 micrometers
  Grain 2 is stabilized
  Voronoi construction
  Phase number                  : 1
 Input data for grain number 3:
  'Round' grain.
  x,z coordinates               : 37.1300, 23.0300 micrometers
  Grain radius                  : 23.8100 micrometers
  Grain 3 is stabilized
  Voronoi construction
  Phase number                  : 1
 Input data for grain number 4:
  'Round' grain.
  x,z coordinates               : 3.24500, 21.1300 micrometers
  Grain radius                  : 23.8700 micrometers
  Grain 4 is stabilized
  Voronoi construction
  Phase number                  : 1
 Input data for grain number 5:
  'Round' grain.
  x,z coordinates               : 13.1700, 35.4850 micrometers
  Grain radius                  : 27.0200 micrometers
  Grain 5 is stabilized
  Voronoi construction
  Phase number                  : 1
 Input data for grain number 6:
  'Round' grain.
  x,z coordinates               : 29.3050, 12.8200 micrometers
  Grain radius                  : 27.7700 micrometers
  Grain 6 is stabilized
  Voronoi construction
  Phase number                  : 1
 Input data for grain number 7:
  'Round' grain.
  x,z coordinates               : 4.78500, 31.4650 micrometers
  Grain radius                  : 25.3700 micrometers
  Grain 7 is stabilized
  Voronoi construction
  Phase number                  : 1
 Input data for grain number 8:
  'Round' grain.
  x,z coordinates               : 2.15500, 2.49000 micrometers
  Grain radius                  : 27.9450 micrometers
  Grain 8 is stabilized
  Voronoi construction
  Phase number                  : 1
 Input data for grain number 9:
  'Round' grain.
  x,z coordinates               : 42.1750, 4.61000 micrometers
  Grain radius                  : 24.1500 micrometers
  Grain 9 is stabilized
  Voronoi construction
  Phase number                  : 1


 Data for further nucleation
 ***************************
 Run-time nucleation enabled
 Number of types of seeds: 3

 Input for seed type 1:
 ----------------------
  Type of 'position' of the seeds: higher-order junctions
  Phase of new grains: 2
  Phase of new grains: 2
  Reference phase is phase 1
  Minimal fraction of reference phase: 0.00000
  Maximal fraction of reference phase: 1.00000
  Substrate phase: 1
  Nucleation driving force for seed type 1 will be undercooling.
  Seed type 1 will be described by the nucleation model seed_undercooling
  maximum number of new nuclei 1: 250
  Grain radius [micrometers]: 0.00000
  Choice of growth mode:stabilisation
  min. undercooling [K] (>0): 50.000
  Shield time [s]: 50.000
  shield phase or group number: 2
  Shield distance [micrometers]  [ nucleation distance [micrometers] ]: 5.0000
  min. nucleation temperature for seed type 1: 0.0000 K
  max. nucleation temperature for seed type 1: 1200.0000 K
  Time between checks for nucleation: 1.0100 [s]
  No random noise will be applied.

 Input for seed type 2:
 ----------------------
  Type of 'position' of the seeds: interfaces
  Phase of new grains: 2
  Phase of new grains: 2
  Reference phase is phase 1
  Minimal fraction of reference phase: 0.00000
  Maximal fraction of reference phase: 1.00000
  Substrate phase: 1
  Nucleation driving force for seed type 2 will be undercooling.
  Seed type 2 will be described by the nucleation model seed_undercooling
  maximum number of new nuclei 2: 500
  Grain radius [micrometers]: 0.00000
  Choice of growth mode:stabilisation
  min. undercooling [K] (>0): 50.000
  Shield time [s]: 50.000
  shield phase or group number: 2
  Shield distance [micrometers]  [ nucleation distance [micrometers] ]: 5.0000
  min. nucleation temperature for seed type 2: 0.0000 K
  max. nucleation temperature for seed type 2: 1200.0000 K
  Time between checks for nucleation: 1.0100 [s]
  No random noise will be applied.

 Input for seed type 3:
 ----------------------
  Type of 'position' of the seeds: bulk
  Phase of new grains: 2
  Phase of new grains: 2
  Reference phase is phase 1
  Minimal fraction of reference phase: 0.00000
  Maximal fraction of reference phase: 1.00000
  Nucleation driving force for seed type 3 will be undercooling.
  Seed type 3 will be described by the nucleation model seed_undercooling
  maximum number of new nuclei 3: 500
  Grain radius [micrometers]: 0.00000
  Choice of growth mode:stabilisation
  min. undercooling [K] (>0): 50.000
  Shield time [s]: 50.000
  shield phase or group number: 2
  Shield distance [micrometers]  [ nucleation distance [micrometers] ]: 5.0000
  min. nucleation temperature for seed type 3: 0.0000 K
  max. nucleation temperature for seed type 3: 1200.0000 K
  Time between checks for nucleation: 1.0100 [s]
  No random noise will be applied.

 Other nucleation parameters
 ---------------------------
  Max. number of simultaneous nucleations: 1250
  Metastable small seeds will not be killed
 
 
 Phase interaction data
 **********************
 
 Data for phase interaction 0 / 1:
 ---------------------------------
  Interaction between 0 and 1 will not be simulated.
 
 Data for phase interaction 0 / 2:
 ---------------------------------
  Interaction between 0 and 2 will not be simulated.
 
 Data for phase interaction 1 / 1:
 ---------------------------------
  Interaction between 1 and 1 will be simulated.
  Interaction parameters between phases  1  and 1:
  Interfacial energy        sigma = 2.00000E-05 [J/cm**2]
  Kinetic coefficient          mu = 1.00000E-05 [cm**4/(Js)]
 
 Data for phase interaction 1 / 2:
 ---------------------------------
  Interaction between 1 and 2 will be simulated.
  Interaction parameters between phases  1  and 2:
  Interfacial energy        sigma = 2.00000E-05 [J/cm**2]
  Kinetic coefficient          mu = 2.20000E-06 [cm**4/(Js)]
 
 Data for phase interaction 2 / 2:
 ---------------------------------
  Interaction between 2 and 2 will be simulated.
  Interaction parameters between phases  2  and 2:
  Interfacial energy        sigma = 2.00000E-05 [J/cm**2]
  Kinetic coefficient          mu = 1.00000E-05 [cm**4/(Js)]


 Concentration data
 ******************
 Number of dissolved constituents = 2
 Concentration in weight percent wt%

 Diffusion Data
 --------------
 Diffusion of component 1  in phase 0  will not be solved.
 Diffusion of component 1  in phase 1  will be solved.
 Diff.-coefficient:
 Prefactor: 0.234000000000000 [cm**2/s]
 Activation energy: 147700.000000000 [J/mol]
 Diffusion of component 1  in phase 2  will be solved.
 Diff.-coefficient:
 Prefactor: 0.123000000000000 [cm**2/s]
 Activation energy: 98290.0000000000 [J/mol]
 Diffusion of component 2  in phase 0  will not be solved.
 Diffusion of component 2  in phase 1  will be solved.
 Diff.-coefficient:
 Prefactor: 0.159000000000000 [cm**2/s]
 Activation energy: 261600.000000000 [J/mol]
 Diffusion of component 2  in phase 2  will be solved.
 Diff.-coefficient:
 Prefactor: 127.000000000000 [cm**2/s]
 Activation energy: 270800.000000000 [J/mol]


 Phase diagram - input data
 **************************

 TC-Coupling is not performed

 Input of the phase diagram of phase 1 and phase 2:
 --------------------------------------------------
 Linear phase diagram is used
  Temperature of the cut = 1025.00000000000 K
  conc0( 1: 2: 1) = 1.00062E-01 [wt%]
  conc0( 2: 1: 1) = 2.03949E-03 [wt%]
  conc0( 1: 2: 2) = 3.79995E+00 [wt%]
  conc0( 2: 1: 2) = 1.53480E+00 [wt%]
  Slope       mSlope( 2: 1: 1) = -1.60441E+04 K/wt%
  Slope       mSlope( 1: 2: 1) = -1.56377E+02 K/wt%
  Slope       mSlope( 2: 1: 2) = -9.88250E+01 K/wt%
  Slope       mSlope( 1: 2: 2) = -2.26615E+01 K/wt%
 Redistribution characteristics of components:
 1:  normal normal
 2:  para para
 
 
 Initial concentrations
 **********************
 Concentrations will be automatically set, matrix phase: 1
 Initial concentration of component 1 in phase 1 = 0.1000000000 wt%
 Initial concentration of component 2 in phase 1 = 1.500000000 wt%


 Parameters for latent heat and 1D temperature field
 ***************************************************
 Simulation without release of latent heat
 
 
 Boundary conditions
 *******************
 Initial temperature at the bottom: 1023.000 K
 Temperature gradient at beginning: 0.0000 K/cm
 Cooling rate: 0.0000 K/s
 Simulation domain not shifted
 
 In W-direction periodic/wrap-around boundary condition for phase field
 In E-direction periodic/wrap-around boundary condition for phase field
 In B-direction periodic/wrap-around boundary condition for phase field
 In T-direction periodic/wrap-around boundary condition for phase field
 
 In W-direction periodic/wrap-around boundary condition for concentration field
 In E-direction periodic/wrap-around boundary condition for concentration field
 In B-direction periodic/wrap-around boundary condition for concentration field
 In T-direction periodic/wrap-around boundary condition for concentration field
 
 Unit-cell model symmetric with respect to the x/y diagonal plane not activated


 Other numerical parameters
 **************************
 Phase minimum      phMin = 1.00E-04
 Interface thickness etaZ = 3.00000000000000


 Beginning of initialisation
 ***************************
 # Grain number 1 set
 # Grain number 2 set
 # Grain number 3 set
 # Grain number 4 set
 # Grain number 5 set
 # Grain number 6 set
 # Grain number 7 set
 # Grain number 8 set
 # Grain number 9 set
 Equilibrium temperature T_Glgew = 1077.1301 K
 Phase  1, Component  0: 98.40000
 Phase  1, Component  1:0.1000000
 Phase  1, Component  2: 1.500000
 Phase  2, Component  0: 98.99056
 Phase  2, Component  1:2.0388773E-03
 Phase  2, Component  2: 1.007400
 
 # tWidth_max( 1 : 1 ) = 0.7421875 s
 # tWidth_max( 1 : 2 ) = 3.373580 s
 # tWidth_max( 2 : 2 ) = 0.7421875 s
 # Maximal value for tWidth = 0.7421875 s for phase-field solver
 # Maximal value for tWidth = 1.2595758E-04 s for conc-field solver
 # Automatic time stepping (phase-field solver): decreased value for tWidth = 1.19660E-04 s
 # Initial value for tWidth = 1.19660E-04 s for automatic time stepping (phase-field solver)
 # Critical grain radius:
 # of phase 2 in phase 1 = 0.54054 / dT_unt  [micrometers]
 
 Remaining license time: permanent

 ==================================================

 Time t = 0.0000000 s
 CPU-time: 0 s
 Current phase-field solver time step = 1.20E-04 s
 Average conc. of comp. 1 = 0.1000000 wt%
 Average conc. of comp. 2 = 1.5000000 wt%
 Temperature at the bottom = 1023.0 K
 Temperature gradient = 0.00000 K/cm
 Fraction of phase 0: 0.00000
 Fraction of phase 1: 1.00000
 Fraction of phase 2: 0.00000

 **********************************************
 *         Beginning of simulation            *
 **********************************************

 Intermediate output for t = 1.0000 s
 CPU-time: 0 s
 Current phase-field solver time step = 7.42E-01 s
 Average conc. of comp. 1 = 0.1000000, Variation = +0.0000000 wt%
 Average conc. of comp. 2 = 1.5000000, Variation = +0.0000000 wt%
 Temperature at the bottom = 1023.0 K
 Temperature gradient = 0.00000 K/cm

 Seed number 1 set at time t = 1.0100 s
 --------------------------------------
 at a triple-junction
 Phase: 2
 Seed type: 1
 Local temperature = 1023.0 K
 Undercooling = 54.130 K
 Grain number = 10

 Seed number 2 set at time t = 1.0100 s
 --------------------------------------
 at a triple-junction
 Phase: 2
 Seed type: 1
 Local temperature = 1023.0 K
 Undercooling = 54.130 K
 Grain number = 11

 Seed number 3 set at time t = 1.0100 s
 --------------------------------------
 at a triple-junction
 Phase: 2
 Seed type: 1
 Local temperature = 1023.0 K
 Undercooling = 54.130 K
 Grain number = 12

 Seed number 4 set at time t = 1.0100 s
 --------------------------------------
 at a triple-junction
 Phase: 2
 Seed type: 1
 Local temperature = 1023.0 K
 Undercooling = 54.130 K
 Grain number = 13

 Seed number 5 set at time t = 1.0100 s
 --------------------------------------
 at a triple-junction
 Phase: 2
 Seed type: 1
 Local temperature = 1023.0 K
 Undercooling = 54.130 K
 Grain number = 14

 Seed number 6 set at time t = 1.0100 s
 --------------------------------------
 at a triple-junction
 Phase: 2
 Seed type: 1
 Local temperature = 1023.0 K
 Undercooling = 54.130 K
 Grain number = 15

 Seed number 7 set at time t = 1.0100 s
 --------------------------------------
 at a triple-junction
 Phase: 2
 Seed type: 1
 Local temperature = 1023.0 K
 Undercooling = 54.130 K
 Grain number = 16

 Seed number 8 set at time t = 1.0100 s
 --------------------------------------
 at a triple-junction
 Phase: 2
 Seed type: 1
 Local temperature = 1023.0 K
 Undercooling = 54.130 K
 Grain number = 17

 Seed number 9 set at time t = 1.0100 s
 --------------------------------------
 at a triple-junction
 Phase: 2
 Seed type: 1
 Local temperature = 1023.0 K
 Undercooling = 54.130 K
 Grain number = 18

 Seed number 10 set at time t = 1.0100 s
 ---------------------------------------
 at a triple-junction
 Phase: 2
 Seed type: 1
 Local temperature = 1023.0 K
 Undercooling = 54.130 K
 Grain number = 19

 Seed number 11 set at time t = 1.0100 s
 ---------------------------------------
 at a triple-junction
 Phase: 2
 Seed type: 1
 Local temperature = 1023.0 K
 Undercooling = 54.130 K
 Grain number = 20

 Seed number 12 set at time t = 1.0100 s
 ---------------------------------------
 at a triple-junction
 Phase: 2
 Seed type: 1
 Local temperature = 1023.0 K
 Undercooling = 54.130 K
 Grain number = 21

 Seed number 13 set at time t = 1.0100 s
 ---------------------------------------
 at a triple-junction
 Phase: 2
 Seed type: 1
 Local temperature = 1023.0 K
 Undercooling = 54.130 K
 Grain number = 22

 Seed number 14 set at time t = 1.0100 s
 ---------------------------------------
 at a triple-junction
 Phase: 2
 Seed type: 1
 Local temperature = 1023.0 K
 Undercooling = 54.130 K
 Grain number = 23

 Seed number 15 set at time t = 1.0100 s
 ---------------------------------------
 at a triple-junction
 Phase: 2
 Seed type: 1
 Local temperature = 1023.0 K
 Undercooling = 54.130 K
 Grain number = 24

 Seed number 16 set at time t = 1.0100 s
 ---------------------------------------
 at a triple-junction
 Phase: 2
 Seed type: 1
 Local temperature = 1023.0 K
 Undercooling = 54.130 K
 Grain number = 25

 Seed number 17 set at time t = 1.0100 s
 ---------------------------------------
 at an interface
 Phase: 2
 Seed type: 2
 Local temperature = 1023.0 K
 Undercooling = 54.130 K
 Grain number = 26

 Seed number 18 set at time t = 1.0100 s
 ---------------------------------------
 at an interface
 Phase: 2
 Seed type: 2
 Local temperature = 1023.0 K
 Undercooling = 54.130 K
 Grain number = 27

 Seed number 19 set at time t = 1.0100 s
 ---------------------------------------
 at an interface
 Phase: 2
 Seed type: 2
 Local temperature = 1023.0 K
 Undercooling = 54.130 K
 Grain number = 28

 Seed number 20 set at time t = 1.0100 s
 ---------------------------------------
 at an interface
 Phase: 2
 Seed type: 2
 Local temperature = 1023.0 K
 Undercooling = 54.130 K
 Grain number = 29

 Seed number 21 set at time t = 1.0100 s
 ---------------------------------------
 at an interface
 Phase: 2
 Seed type: 2
 Local temperature = 1023.0 K
 Undercooling = 54.130 K
 Grain number = 30

 Seed number 22 set at time t = 1.0100 s
 ---------------------------------------
 at an interface
 Phase: 2
 Seed type: 2
 Local temperature = 1023.0 K
 Undercooling = 54.130 K
 Grain number = 31

 Seed number 23 set at time t = 1.0100 s
 ---------------------------------------
 at an interface
 Phase: 2
 Seed type: 2
 Local temperature = 1023.0 K
 Undercooling = 54.130 K
 Grain number = 32

 Seed number 24 set at time t = 1.0100 s
 ---------------------------------------
 at an interface
 Phase: 2
 Seed type: 2
 Local temperature = 1023.0 K
 Undercooling = 54.130 K
 Grain number = 33

 Seed number 25 set at time t = 1.0100 s
 ---------------------------------------
 at an interface
 Phase: 2
 Seed type: 2
 Local temperature = 1023.0 K
 Undercooling = 54.130 K
 Grain number = 34

 Seed number 26 set at time t = 1.0100 s
 ---------------------------------------
 at an interface
 Phase: 2
 Seed type: 2
 Local temperature = 1023.0 K
 Undercooling = 54.130 K
 Grain number = 35

 Seed number 27 set at time t = 1.0100 s
 ---------------------------------------
 at an interface
 Phase: 2
 Seed type: 2
 Local temperature = 1023.0 K
 Undercooling = 54.130 K
 Grain number = 36

 Seed number 28 set at time t = 1.0100 s
 ---------------------------------------
 at an interface
 Phase: 2
 Seed type: 2
 Local temperature = 1023.0 K
 Undercooling = 54.130 K
 Grain number = 37

 Seed number 29 set at time t = 1.0100 s
 ---------------------------------------
 at an interface
 Phase: 2
 Seed type: 2
 Local temperature = 1023.0 K
 Undercooling = 54.130 K
 Grain number = 38

 Seed number 30 set at time t = 1.0100 s
 ---------------------------------------
 at an interface
 Phase: 2
 Seed type: 2
 Local temperature = 1023.0 K
 Undercooling = 54.130 K
 Grain number = 39

 Seed number 31 set at time t = 1.0100 s
 ---------------------------------------
 at an interface
 Phase: 2
 Seed type: 2
 Local temperature = 1023.0 K
 Undercooling = 54.130 K
 Grain number = 40

 Seed number 32 set at time t = 1.0100 s
 ---------------------------------------
 at an interface
 Phase: 2
 Seed type: 2
 Local temperature = 1023.0 K
 Undercooling = 54.130 K
 Grain number = 41

 Seed number 33 set at time t = 1.0100 s
 ---------------------------------------
 at an interface
 Phase: 2
 Seed type: 2
 Local temperature = 1023.0 K
 Undercooling = 54.130 K
 Grain number = 42

 Seed number 34 set at time t = 1.0100 s
 ---------------------------------------
 at an interface
 Phase: 2
 Seed type: 2
 Local temperature = 1023.0 K
 Undercooling = 54.130 K
 Grain number = 43

 Seed number 35 set at time t = 1.0100 s
 ---------------------------------------
 at an interface
 Phase: 2
 Seed type: 2
 Local temperature = 1023.0 K
 Undercooling = 54.130 K
 Grain number = 44

 Seed number 36 set at time t = 1.0100 s
 ---------------------------------------
 at an interface
 Phase: 2
 Seed type: 2
 Local temperature = 1023.0 K
 Undercooling = 54.130 K
 Grain number = 45

 Seed number 37 set at time t = 1.0100 s
 ---------------------------------------
 at an interface
 Phase: 2
 Seed type: 2
 Local temperature = 1023.0 K
 Undercooling = 54.130 K
 Grain number = 46

 Seed number 38 set at time t = 1.0100 s
 ---------------------------------------
 at an interface
 Phase: 2
 Seed type: 2
 Local temperature = 1023.0 K
 Undercooling = 54.130 K
 Grain number = 47

 Seed number 39 set at time t = 1.0100 s
 ---------------------------------------
 at an interface
 Phase: 2
 Seed type: 2
 Local temperature = 1023.0 K
 Undercooling = 54.130 K
 Grain number = 48

 Seed number 40 set at time t = 1.0100 s
 ---------------------------------------
 at an interface
 Phase: 2
 Seed type: 2
 Local temperature = 1023.0 K
 Undercooling = 54.130 K
 Grain number = 49

 Seed number 41 set at time t = 1.0100 s
 ---------------------------------------
 at an interface
 Phase: 2
 Seed type: 2
 Local temperature = 1023.0 K
 Undercooling = 54.130 K
 Grain number = 50

 Seed number 42 set at time t = 1.0100 s
 ---------------------------------------
 at an interface
 Phase: 2
 Seed type: 2
 Local temperature = 1023.0 K
 Undercooling = 54.130 K
 Grain number = 51

 Seed number 43 set at time t = 1.0100 s
 ---------------------------------------
 at an interface
 Phase: 2
 Seed type: 2
 Local temperature = 1023.0 K
 Undercooling = 54.130 K
 Grain number = 52

 Seed number 44 set at time t = 1.0100 s
 ---------------------------------------
 at an interface
 Phase: 2
 Seed type: 2
 Local temperature = 1023.0 K
 Undercooling = 54.130 K
 Grain number = 53

 Seed number 45 set at time t = 1.0100 s
 ---------------------------------------
 at an interface
 Phase: 2
 Seed type: 2
 Local temperature = 1023.0 K
 Undercooling = 54.130 K
 Grain number = 54

 Seed number 46 set at time t = 1.0100 s
 ---------------------------------------
 at an interface
 Phase: 2
 Seed type: 2
 Local temperature = 1023.0 K
 Undercooling = 54.130 K
 Grain number = 55

 Seed number 47 set at time t = 1.0100 s
 ---------------------------------------
 at an interface
 Phase: 2
 Seed type: 2
 Local temperature = 1023.0 K
 Undercooling = 54.130 K
 Grain number = 56

 Seed number 48 set at time t = 1.0100 s
 ---------------------------------------
 at an interface
 Phase: 2
 Seed type: 2
 Local temperature = 1023.0 K
 Undercooling = 54.130 K
 Grain number = 57

 Seed number 49 set at time t = 1.0100 s
 ---------------------------------------
 at an interface
 Phase: 2
 Seed type: 2
 Local temperature = 1023.0 K
 Undercooling = 54.130 K
 Grain number = 58

 Seed number 50 set at time t = 1.0100 s
 ---------------------------------------
 in the bulk
 Phase: 2
 Seed type: 3
 Local temperature = 1023.0 K
 Undercooling = 54.130 K
 Grain number = 59

 Seed number 51 set at time t = 1.0100 s
 ---------------------------------------
 in the bulk
 Phase: 2
 Seed type: 3
 Local temperature = 1023.0 K
 Undercooling = 54.130 K
 Grain number = 60

 Seed number 52 set at time t = 1.0100 s
 ---------------------------------------
 in the bulk
 Phase: 2
 Seed type: 3
 Local temperature = 1023.0 K
 Undercooling = 54.130 K
 Grain number = 61

 Seed number 53 set at time t = 1.0100 s
 ---------------------------------------
 in the bulk
 Phase: 2
 Seed type: 3
 Local temperature = 1023.0 K
 Undercooling = 54.130 K
 Grain number = 62

 Seed number 54 set at time t = 1.0100 s
 ---------------------------------------
 in the bulk
 Phase: 2
 Seed type: 3
 Local temperature = 1023.0 K
 Undercooling = 54.130 K
 Grain number = 63

 Seed number 55 set at time t = 1.0100 s
 ---------------------------------------
 in the bulk
 Phase: 2
 Seed type: 3
 Local temperature = 1023.0 K
 Undercooling = 54.130 K
 Grain number = 64

 Seed number 56 set at time t = 1.0100 s
 ---------------------------------------
 in the bulk
 Phase: 2
 Seed type: 3
 Local temperature = 1023.0 K
 Undercooling = 54.130 K
 Grain number = 65

 Seed number 57 set at time t = 1.0100 s
 ---------------------------------------
 in the bulk
 Phase: 2
 Seed type: 3
 Local temperature = 1023.0 K
 Undercooling = 54.130 K
 Grain number = 66

 Seed number 58 set at time t = 1.0100 s
 ---------------------------------------
 in the bulk
 Phase: 2
 Seed type: 3
 Local temperature = 1023.0 K
 Undercooling = 54.130 K
 Grain number = 67

 Seed number 59 set at time t = 1.0100 s
 ---------------------------------------
 in the bulk
 Phase: 2
 Seed type: 3
 Local temperature = 1023.0 K
 Undercooling = 54.130 K
 Grain number = 68

 Seed number 60 set at time t = 1.0100 s
 ---------------------------------------
 in the bulk
 Phase: 2
 Seed type: 3
 Local temperature = 1023.0 K
 Undercooling = 54.130 K
 Grain number = 69

 Seed number 61 set at time t = 1.0100 s
 ---------------------------------------
 in the bulk
 Phase: 2
 Seed type: 3
 Local temperature = 1023.0 K
 Undercooling = 54.130 K
 Grain number = 70

 Seed number 62 set at time t = 1.0100 s
 ---------------------------------------
 in the bulk
 Phase: 2
 Seed type: 3
 Local temperature = 1023.0 K
 Undercooling = 54.130 K
 Grain number = 71

 Seed number 63 set at time t = 1.0100 s
 ---------------------------------------
 in the bulk
 Phase: 2
 Seed type: 3
 Local temperature = 1023.0 K
 Undercooling = 54.130 K
 Grain number = 72

 Seed number 64 set at time t = 1.0100 s
 ---------------------------------------
 in the bulk
 Phase: 2
 Seed type: 3
 Local temperature = 1023.0 K
 Undercooling = 54.130 K
 Grain number = 73

 Seed number 65 set at time t = 1.0100 s
 ---------------------------------------
 in the bulk
 Phase: 2
 Seed type: 3
 Local temperature = 1023.0 K
 Undercooling = 54.130 K
 Grain number = 74

 Seed number 66 set at time t = 1.0100 s
 ---------------------------------------
 in the bulk
 Phase: 2
 Seed type: 3
 Local temperature = 1023.0 K
 Undercooling = 54.130 K
 Grain number = 75

 Seed number 67 set at time t = 1.0100 s
 ---------------------------------------
 in the bulk
 Phase: 2
 Seed type: 3
 Local temperature = 1023.0 K
 Undercooling = 54.130 K
 Grain number = 76

 Seed number 68 set at time t = 1.0100 s
 ---------------------------------------
 in the bulk
 Phase: 2
 Seed type: 3
 Local temperature = 1023.0 K
 Undercooling = 54.130 K
 Grain number = 77

 Seed number 69 set at time t = 1.0100 s
 ---------------------------------------
 in the bulk
 Phase: 2
 Seed type: 3
 Local temperature = 1023.0 K
 Undercooling = 54.130 K
 Grain number = 78

 Seed number 70 set at time t = 1.0100 s
 ---------------------------------------
 in the bulk
 Phase: 2
 Seed type: 3
 Local temperature = 1023.0 K
 Undercooling = 54.130 K
 Grain number = 79

 Seed number 71 set at time t = 1.0100 s
 ---------------------------------------
 in the bulk
 Phase: 2
 Seed type: 3
 Local temperature = 1023.0 K
 Undercooling = 54.130 K
 Grain number = 80

 Seed number 72 set at time t = 1.0100 s
 ---------------------------------------
 in the bulk
 Phase: 2
 Seed type: 3
 Local temperature = 1023.0 K
 Undercooling = 54.130 K
 Grain number = 81

 Seed number 73 set at time t = 1.0100 s
 ---------------------------------------
 in the bulk
 Phase: 2
 Seed type: 3
 Local temperature = 1023.0 K
 Undercooling = 54.130 K
 Grain number = 82

 Seed number 74 set at time t = 1.0100 s
 ---------------------------------------
 in the bulk
 Phase: 2
 Seed type: 3
 Local temperature = 1023.0 K
 Undercooling = 54.130 K
 Grain number = 83

 Seed number 75 set at time t = 1.0100 s
 ---------------------------------------
 in the bulk
 Phase: 2
 Seed type: 3
 Local temperature = 1023.0 K
 Undercooling = 54.130 K
 Grain number = 84

 Seed number 76 set at time t = 1.0100 s
 ---------------------------------------
 in the bulk
 Phase: 2
 Seed type: 3
 Local temperature = 1023.0 K
 Undercooling = 54.130 K
 Grain number = 85

 Seed number 77 set at time t = 1.0100 s
 ---------------------------------------
 in the bulk
 Phase: 2
 Seed type: 3
 Local temperature = 1023.0 K
 Undercooling = 54.130 K
 Grain number = 86

 Seed number 78 set at time t = 1.0100 s
 ---------------------------------------
 in the bulk
 Phase: 2
 Seed type: 3
 Local temperature = 1023.0 K
 Undercooling = 54.130 K
 Grain number = 87

 Seed number 79 set at time t = 1.0100 s
 ---------------------------------------
 in the bulk
 Phase: 2
 Seed type: 3
 Local temperature = 1023.0 K
 Undercooling = 54.130 K
 Grain number = 88

 Seed number 80 set at time t = 1.0100 s
 ---------------------------------------
 in the bulk
 Phase: 2
 Seed type: 3
 Local temperature = 1023.0 K
 Undercooling = 54.130 K
 Grain number = 89

 Seed number 81 set at time t = 1.0100 s
 ---------------------------------------
 in the bulk
 Phase: 2
 Seed type: 3
 Local temperature = 1023.0 K
 Undercooling = 54.130 K
 Grain number = 90

 Intermediate output for t = 2.0000 s
 CPU-time: 3 s
 Current phase-field solver time step = 7.32E-02 s
 Average conc. of comp. 1 = 0.1000000, Variation = +0.0000000 wt%
 Average conc. of comp. 2 = 1.5000000, Variation = +0.0000000 wt%
 Temperature at the bottom = 1023.0 K
 Temperature gradient = 0.00000 K/cm

 Seed number 82 set at time t = 2.0200 s
 ---------------------------------------
 in the bulk
 Phase: 2
 Seed type: 3
 Local temperature = 1023.0 K
 Undercooling = 54.130 K
 Grain number = 91

 Seed number 83 set at time t = 2.0200 s
 ---------------------------------------
 in the bulk
 Phase: 2
 Seed type: 3
 Local temperature = 1023.0 K
 Undercooling = 54.130 K
 Grain number = 92

 Seed number 84 set at time t = 2.0200 s
 ---------------------------------------
 in the bulk
 Phase: 2
 Seed type: 3
 Local temperature = 1023.0 K
 Undercooling = 54.130 K
 Grain number = 93

 Seed number 85 set at time t = 2.0200 s
 ---------------------------------------
 in the bulk
 Phase: 2
 Seed type: 3
 Local temperature = 1023.0 K
 Undercooling = 54.130 K
 Grain number = 94

 Seed number 86 set at time t = 2.0200 s
 ---------------------------------------
 in the bulk
 Phase: 2
 Seed type: 3
 Local temperature = 1023.0 K
 Undercooling = 54.130 K
 Grain number = 95

 Seed number 87 set at time t = 2.0200 s
 ---------------------------------------
 in the bulk
 Phase: 2
 Seed type: 3
 Local temperature = 1023.0 K
 Undercooling = 54.130 K
 Grain number = 96

 Seed number 88 set at time t = 2.0200 s
 ---------------------------------------
 in the bulk
 Phase: 2
 Seed type: 3
 Local temperature = 1023.0 K
 Undercooling = 54.130 K
 Grain number = 97

 Seed number 89 set at time t = 2.0200 s
 ---------------------------------------
 in the bulk
 Phase: 2
 Seed type: 3
 Local temperature = 1023.0 K
 Undercooling = 54.130 K
 Grain number = 98

 Seed number 90 set at time t = 2.0200 s
 ---------------------------------------
 in the bulk
 Phase: 2
 Seed type: 3
 Local temperature = 1023.0 K
 Undercooling = 54.130 K
 Grain number = 99

 Seed number 91 set at time t = 2.0200 s
 ---------------------------------------
 in the bulk
 Phase: 2
 Seed type: 3
 Local temperature = 1023.0 K
 Undercooling = 54.130 K
 Grain number = 100

 Seed number 92 set at time t = 2.0200 s
 ---------------------------------------
 in the bulk
 Phase: 2
 Seed type: 3
 Local temperature = 1023.0 K
 Undercooling = 54.130 K
 Grain number = 101

 Intermediate output for t = 3.0000 s
 CPU-time: 3 s
 Current phase-field solver time step = 2.25E-01 s
 Average conc. of comp. 1 = 0.1000000, Variation = +0.0000000 wt%
 Average conc. of comp. 2 = 1.5000000, Variation = +0.0000000 wt%
 Temperature at the bottom = 1023.0 K
 Temperature gradient = 0.00000 K/cm

 Seed number 93 set at time t = 3.0300 s
 ---------------------------------------
 in the bulk
 Phase: 2
 Seed type: 3
 Local temperature = 1023.0 K
 Undercooling = 54.130 K
 Grain number = 102

 Seed number 94 set at time t = 3.0300 s
 ---------------------------------------
 in the bulk
 Phase: 2
 Seed type: 3
 Local temperature = 1023.0 K
 Undercooling = 54.130 K
 Grain number = 103

 Grain 28 reaches full size at t = 3.49454 s

 Grain 34 reaches full size at t = 3.49454 s

 Grain 37 reaches full size at t = 3.49454 s

 Grain 39 reaches full size at t = 3.49454 s

 Grain 42 reaches full size at t = 3.49454 s

 Grain 43 reaches full size at t = 3.49454 s

 Grain 44 reaches full size at t = 3.49454 s

 Grain 45 reaches full size at t = 3.49454 s

 Grain 46 reaches full size at t = 3.49454 s

 Grain 48 reaches full size at t = 3.49454 s

 Grain 53 reaches full size at t = 3.49454 s

 Grain 56 reaches full size at t = 3.49454 s

 Grain 57 reaches full size at t = 3.49454 s

 Grain 14 reaches full size at t = 3.54707 s

 Grain 18 reaches full size at t = 3.54707 s

 Grain 20 reaches full size at t = 3.54707 s

 Grain 21 reaches full size at t = 3.54707 s

 Grain 22 reaches full size at t = 3.54707 s

 Grain 23 reaches full size at t = 3.54707 s

 Grain 12 reaches full size at t = 3.59963 s

 Grain 13 reaches full size at t = 3.59963 s

 Grain 10 reaches full size at t = 3.64767 s

 Grain 11 reaches full size at t = 3.64767 s

 Grain 15 reaches full size at t = 3.64767 s

 Grain 16 reaches full size at t = 3.64767 s

 Grain 17 reaches full size at t = 3.64767 s

 Grain 19 reaches full size at t = 3.64767 s

 Grain 25 reaches full size at t = 3.64767 s

 Grain 24 reaches full size at t = 3.74683 s

 Grain 49 reaches full size at t = 3.79271 s

 Grain 27 reaches full size at t = 3.83997 s

 Grain 32 reaches full size at t = 3.83997 s

 Grain 33 reaches full size at t = 3.83997 s

 Grain 40 reaches full size at t = 3.83997 s

 Grain 26 reaches full size at t = 3.93129 s

 Grain 31 reaches full size at t = 3.93129 s

 Grain 36 reaches full size at t = 3.93129 s

 Grain 50 reaches full size at t = 3.93129 s

 Grain 52 reaches full size at t = 3.93129 s

 Intermediate output for t = 4.0000 s
 CPU-time: 4 s
 Current phase-field solver time step = 4.67E-02 s
 Average conc. of comp. 1 = 0.1000000, Variation = +0.0000000 wt%
 Average conc. of comp. 2 = 1.5000000, Variation = +0.0000000 wt%
 Temperature at the bottom = 1023.0 K
 Temperature gradient = 0.00000 K/cm

 Seed number 95 set at time t = 4.0400 s
 ---------------------------------------
 in the bulk
 Phase: 2
 Seed type: 3
 Local temperature = 1023.0 K
 Undercooling = 54.128 K
 Grain number = 104

 Seed number 96 set at time t = 4.0400 s
 ---------------------------------------
 in the bulk
 Phase: 2
 Seed type: 3
 Local temperature = 1023.0 K
 Undercooling = 54.127 K
 Grain number = 105

 Seed number 97 set at time t = 4.0400 s
 ---------------------------------------
 in the bulk
 Phase: 2
 Seed type: 3
 Local temperature = 1023.0 K
 Undercooling = 54.126 K
 Grain number = 106

 Seed number 98 set at time t = 4.0400 s
 ---------------------------------------
 in the bulk
 Phase: 2
 Seed type: 3
 Local temperature = 1023.0 K
 Undercooling = 54.128 K
 Grain number = 107

 Seed number 99 set at time t = 4.0400 s
 ---------------------------------------
 in the bulk
 Phase: 2
 Seed type: 3
 Local temperature = 1023.0 K
 Undercooling = 54.129 K
 Grain number = 108

 Seed number 100 set at time t = 4.0400 s
 ----------------------------------------
 in the bulk
 Phase: 2
 Seed type: 3
 Local temperature = 1023.0 K
 Undercooling = 54.127 K
 Grain number = 109

 Grain 29 reaches full size at t = 4.04000 s

 Grain 38 reaches full size at t = 4.04000 s

 Grain 41 reaches full size at t = 4.04000 s

 Grain 35 reaches full size at t = 4.08604 s

 Grain 47 reaches full size at t = 4.08604 s

 Grain 51 reaches full size at t = 4.13522 s

 Grain 55 reaches full size at t = 4.13522 s

 Grain 58 reaches full size at t = 4.13522 s

 Grain 30 reaches full size at t = 4.18344 s

 Grain 54 reaches full size at t = 4.18344 s

 Grain 70 reaches full size at t = 4.45802 s

 Grain 79 reaches full size at t = 4.45802 s

 Grain 80 reaches full size at t = 4.45802 s

 Grain 83 reaches full size at t = 4.45802 s

 Grain 84 reaches full size at t = 4.45802 s

 Grain 85 reaches full size at t = 4.45802 s

 Grain 87 reaches full size at t = 4.45802 s

 Grain 88 reaches full size at t = 4.45802 s

 Grain 69 reaches full size at t = 4.45802 s

 Grain 71 reaches full size at t = 4.45802 s

 Grain 73 reaches full size at t = 4.45802 s

 Grain 67 reaches full size at t = 4.45802 s

 Grain 72 reaches full size at t = 4.45802 s

 Grain 75 reaches full size at t = 4.45802 s

 Grain 76 reaches full size at t = 4.45802 s

 Grain 77 reaches full size at t = 4.45802 s

 Grain 78 reaches full size at t = 4.45802 s

 Grain 81 reaches full size at t = 4.45802 s

 Grain 82 reaches full size at t = 4.45802 s

 Grain 60 reaches full size at t = 4.45802 s

 Grain 64 reaches full size at t = 4.45802 s

 Grain 65 reaches full size at t = 4.45802 s

 Grain 66 reaches full size at t = 4.45802 s

 Grain 68 reaches full size at t = 4.45802 s

 Grain 74 reaches full size at t = 4.45802 s

 Grain 59 reaches full size at t = 4.45802 s

 Grain 62 reaches full size at t = 4.45802 s

 Grain 63 reaches full size at t = 4.45802 s

 Grain 89 reaches full size at t = 4.45802 s

 Grain 90 reaches full size at t = 4.45802 s

 Grain 61 reaches full size at t = 4.45802 s

 Grain 86 reaches full size at t = 4.45802 s

 Intermediate output for t = 5.0000 s
 CPU-time: 5 s
 Current phase-field solver time step = 4.83E-02 s
 Average conc. of comp. 1 = 0.1000000, Variation = +0.0000000 wt%
 Average conc. of comp. 2 = 1.5000000, Variation = +0.0000000 wt%
 Temperature at the bottom = 1023.0 K
 Temperature gradient = 0.00000 K/cm

 Grain 96 reaches full size at t = 5.60685 s

 Grain 98 reaches full size at t = 5.60685 s

 Grain 99 reaches full size at t = 5.60685 s

 Grain 100 reaches full size at t = 5.60685 s

 Grain 97 reaches full size at t = 5.60685 s

 Grain 94 reaches full size at t = 5.60685 s

 Grain 95 reaches full size at t = 5.60685 s

 Grain 91 reaches full size at t = 5.60685 s

 Grain 93 reaches full size at t = 5.60685 s

 Grain 92 reaches full size at t = 5.60685 s

 Grain 101 reaches full size at t = 5.60685 s

 Intermediate output for t = 6.0000 s
 CPU-time: 5 s
 Current phase-field solver time step = 4.58E-02 s
 Average conc. of comp. 1 = 0.1000000, Variation = +0.0000000 wt%
 Average conc. of comp. 2 = 1.5000000, Variation = +0.0000000 wt%
 Temperature at the bottom = 1023.0 K
 Temperature gradient = 0.00000 K/cm

 Grain 102 reaches full size at t = 6.39315 s

 Grain 103 reaches full size at t = 6.39315 s

 Grain 107 reaches full size at t = 7.40107 s

 Grain 108 reaches full size at t = 7.40107 s

 Grain 106 reaches full size at t = 7.40107 s

 Grain 104 reaches full size at t = 7.40107 s

 Grain 105 reaches full size at t = 7.40107 s

 Grain 109 reaches full size at t = 7.40107 s

 Intermediate output for t = 8.0000 s
 CPU-time: 14 s
 Current phase-field solver time step = 4.70E-02 s
 Average conc. of comp. 1 = 0.1000000, Variation = +0.0000000 wt%
 Average conc. of comp. 2 = 1.5000000, Variation = +0.0000000 wt%
 Temperature at the bottom = 1023.0 K
 Temperature gradient = 0.00000 K/cm

 Intermediate output for t = 10.000 s
 CPU-time: 19 s
 Current phase-field solver time step = 5.09E-02 s
 Average conc. of comp. 1 = 0.1000000, Variation = +0.0000000 wt%
 Average conc. of comp. 2 = 1.5000000, Variation = +0.0000000 wt%
 Temperature at the bottom = 1023.0 K
 Temperature gradient = 0.00000 K/cm

 Seed number 101 set at time t = 13.130 s
 ----------------------------------------
 in the bulk
 Phase: 2
 Seed type: 3
 Local temperature = 1023.0 K
 Undercooling = 51.963 K
 Grain number = 110

 Intermediate output for t = 15.000 s
 CPU-time: 71 s
 Current phase-field solver time step = 6.76E-02 s
 Average conc. of comp. 1 = 0.1000000, Variation = +0.0000000 wt%
 Average conc. of comp. 2 = 1.5000000, Variation = +0.0000000 wt%
 Temperature at the bottom = 1023.0 K
 Temperature gradient = 0.00000 K/cm

 Seed number 102 set at time t = 15.150 s
 ----------------------------------------
 in the bulk
 Phase: 2
 Seed type: 3
 Local temperature = 1023.0 K
 Undercooling = 51.133 K
 Grain number = 111

 Grain 110 reaches full size at t = 17.3244 s

 Grain 111 reaches full size at t = 19.6398 s

 Intermediate output for t = 20.000 s
 CPU-time: 97 s
 Current phase-field solver time step = 8.12E-02 s
 Average conc. of comp. 1 = 0.1000000, Variation = +0.0000000 wt%
 Average conc. of comp. 2 = 1.5000000, Variation = +0.0000000 wt%
 Temperature at the bottom = 1023.0 K
 Temperature gradient = 0.00000 K/cm

 Intermediate output for t = 25.000 s
 CPU-time: 115 s
 Current phase-field solver time step = 1.08E-01 s
 Average conc. of comp. 1 = 0.1000000, Variation = +0.0000000 wt%
 Average conc. of comp. 2 = 1.5000000, Variation = +0.0000000 wt%
 Temperature at the bottom = 1023.0 K
 Temperature gradient = 0.00000 K/cm

 Intermediate output for t = 30.000 s
 CPU-time: 119 s
 Current phase-field solver time step = 1.07E-01 s
 Average conc. of comp. 1 = 0.1000000, Variation = +0.0000000 wt%
 Average conc. of comp. 2 = 1.5000000, Variation = +0.0000000 wt%
 Temperature at the bottom = 1023.0 K
 Temperature gradient = 0.00000 K/cm

 Intermediate output for t = 40.000 s
 CPU-time: 231 s
 Current phase-field solver time step = 1.06E-01 s
 Average conc. of comp. 1 = 0.1000000, Variation = +0.0000000 wt%
 Average conc. of comp. 2 = 1.5000000, Variation = +0.0000000 wt%
 Temperature at the bottom = 1023.0 K
 Temperature gradient = 0.00000 K/cm

 Intermediate output for t = 50.000 s
 CPU-time: 227 s
 Current phase-field solver time step = 1.06E-01 s
 Average conc. of comp. 1 = 0.1000000, Variation = +0.0000000 wt%
 Average conc. of comp. 2 = 1.5000000, Variation = +0.0000000 wt%
 Temperature at the bottom = 1023.0 K
 Temperature gradient = 0.00000 K/cm

 Intermediate output for t = 60.000 s
 CPU-time: 227 s
 Current phase-field solver time step = 1.07E-01 s
 Average conc. of comp. 1 = 0.1000000, Variation = +0.0000000 wt%
 Average conc. of comp. 2 = 1.5000000, Variation = +0.0000000 wt%
 Temperature at the bottom = 1023.0 K
 Temperature gradient = 0.00000 K/cm

 Intermediate output for t = 70.000 s
 CPU-time: 223 s
 Current phase-field solver time step = 1.06E-01 s
 Average conc. of comp. 1 = 0.1000000, Variation = +0.0000000 wt%
 Average conc. of comp. 2 = 1.5000000, Variation = +0.0000000 wt%
 Temperature at the bottom = 1023.0 K
 Temperature gradient = 0.00000 K/cm

 Intermediate output for t = 80.000 s
 CPU-time: 225 s
 Current phase-field solver time step = 1.07E-01 s
 Average conc. of comp. 1 = 0.1000000, Variation = +0.0000000 wt%
 Average conc. of comp. 2 = 1.5000000, Variation = +0.0000000 wt%
 Temperature at the bottom = 1023.0 K
 Temperature gradient = 0.00000 K/cm

 Intermediate output for t = 90.000 s
 CPU-time: 228 s
 Current phase-field solver time step = 1.07E-01 s
 Average conc. of comp. 1 = 0.1000000, Variation = +0.0000000 wt%
 Average conc. of comp. 2 = 1.5000000, Variation = +0.0000000 wt%
 Temperature at the bottom = 1023.0 K
 Temperature gradient = 0.00000 K/cm

 Intermediate output for t = 100.00 s
 CPU-time: 231 s
 Current phase-field solver time step = 1.07E-01 s
 Average conc. of comp. 1 = 0.1000000, Variation = +0.0000000 wt%
 Average conc. of comp. 2 = 1.5000000, Variation = +0.0000000 wt%
 Temperature at the bottom = 1023.0 K
 Temperature gradient = 0.00000 K/cm

 Intermediate output for t = 125.00 s
 CPU-time: 589 s
 Current phase-field solver time step = 1.08E-01 s
 Average conc. of comp. 1 = 0.1000000, Variation = +0.0000000 wt%
 Average conc. of comp. 2 = 1.5000000, Variation = +0.0000000 wt%
 Temperature at the bottom = 1023.0 K
 Temperature gradient = 0.00000 K/cm

 Intermediate output for t = 150.00 s
 CPU-time: 598 s
 Current phase-field solver time step = 1.08E-01 s
 Average conc. of comp. 1 = 0.1000000, Variation = +0.0000000 wt%
 Average conc. of comp. 2 = 1.5000000, Variation = +0.0000000 wt%
 Temperature at the bottom = 1023.0 K
 Temperature gradient = 0.00000 K/cm

 Intermediate output for t = 175.00 s
 CPU-time: 703 s
 Current phase-field solver time step = 1.08E-01 s
 Average conc. of comp. 1 = 0.1000000, Variation = +0.0000000 wt%
 Average conc. of comp. 2 = 1.5000000, Variation = +0.0000000 wt%
 Temperature at the bottom = 1023.0 K
 Temperature gradient = 0.00000 K/cm

 Intermediate output for t = 200.00 s
 CPU-time: 688 s
 Current phase-field solver time step = 1.08E-01 s
 Average conc. of comp. 1 = 0.1000000, Variation = +0.0000000 wt%
 Average conc. of comp. 2 = 1.5000000, Variation = +0.0000000 wt%
 Temperature at the bottom = 1023.0 K
 Temperature gradient = 0.00000 K/cm

 Intermediate output for t = 225.00 s
 CPU-time: 692 s
 Current phase-field solver time step = 1.08E-01 s
 Average conc. of comp. 1 = 0.1000000, Variation = +0.0000000 wt%
 Average conc. of comp. 2 = 1.5000000, Variation = +0.0000000 wt%
 Temperature at the bottom = 1023.0 K
 Temperature gradient = 0.00000 K/cm

 Intermediate output for t = 250.00 s
 CPU-time: 762 s
 Current phase-field solver time step = 1.08E-01 s
 Average conc. of comp. 1 = 0.1000000, Variation = +0.0000000 wt%
 Average conc. of comp. 2 = 1.5000000, Variation = +0.0000000 wt%
 Temperature at the bottom = 1023.0 K
 Temperature gradient = 0.00000 K/cm

 Intermediate output for t = 275.00 s
 CPU-time: 739 s
 Current phase-field solver time step = 1.08E-01 s
 Average conc. of comp. 1 = 0.1000000, Variation = +0.0000000 wt%
 Average conc. of comp. 2 = 1.5000000, Variation = +0.0000000 wt%
 Temperature at the bottom = 1023.0 K
 Temperature gradient = 0.00000 K/cm

 Intermediate output for t = 300.00 s
 CPU-time: 797 s
 Current phase-field solver time step = 1.09E-01 s
 Average conc. of comp. 1 = 0.1000000, Variation = +0.0000000 wt%
 Average conc. of comp. 2 = 1.5000000, Variation = +0.0000000 wt%
 Temperature at the bottom = 1023.0 K
 Temperature gradient = 0.00000 K/cm

 ==================================================

 Simulation run on machine n009
 Remaining license time: permanent
 CPU time in seconds:        7633
 Wall clock time in seconds:  8381
 End
 
