
 MICRESS binary
 **************
 version number: 6.400 (Linux)
 compiled: 01/17/2018
 compiler version: Intel 1400 20140120
 executable architecture: x64
 Thermo-Calc coupling: enabled
 #    Version:    19
 #    Link Date:  20-03-2017 12:28:00
 #    OS Name:    Linux
 #    Build Date: 10716
 #    Compiler:   ifort (IFORT) 14.0.2 20140120
 OpenMP: disabled
 shell: /bin/tcsh
 ('double precision' binary)

 Miscellanea
 ***********
 Date and time: 17/01/2018 (04:37)
 Machine: n009
 Driving file: T021_Grain_Growth_Profiles_dri.temp


 Flags and settings
 ******************

 Geometry
 --------
 AnzX,   AnzY,   AnzZ   = 100, 1, 500
 deltaX, deltaY, deltaZ [cm] = 1.5000E-04, 1.5000E-04, 1.5000E-04

 Flags
 -----
 Phase-field simulation without coupling
 'Double-obstacle' potential
 IFaceDim coeff. : 0.100 (0.75, 0.50)
 nTupelDim coeff.: 0.010 (0.75, 0.50)


 The data compression is done with 'zlib' (cf. http://www.zlib.net/).
 The routine for appending is loosely derived from the 'gzappend.c' example.


 Time input data
 ***************
 Number of intermediate outputs = 32
 Intermediate output at t       = 2.0000000E-02 s
 Intermediate output at t       = 4.0000000E-02 s
 Intermediate output at t       = 6.0000000E-02 s
 Intermediate output at t       = 8.0000000E-02 s
 Intermediate output at t       = 1.0000000E-01 s
 Intermediate output at t       = 1.2000000E-01 s
 Intermediate output at t       = 1.4000000E-01 s
 Intermediate output at t       = 1.6000000E-01 s
 Intermediate output at t       = 1.8000000E-01 s
 Intermediate output at t       = 2.0000000E-01 s
 Intermediate output at t       = 2.2000000E-01 s
 Intermediate output at t       = 2.4000000E-01 s
 Intermediate output at t       = 2.6000000E-01 s
 Intermediate output at t       = 2.8000000E-01 s
 Intermediate output at t       = 3.0000000E-01 s
 Intermediate output at t       = 3.2000000E-01 s
 Intermediate output at t       = 3.4000000E-01 s
 Intermediate output at t       = 3.6000000E-01 s
 Intermediate output at t       = 3.8000000E-01 s
 Intermediate output at t       = 4.0000000E-01 s
 Intermediate output at t       = 4.5000000E-01 s
 Intermediate output at t       = 5.0000000E-01 s
 Intermediate output at t       = 5.5000000E-01 s
 Intermediate output at t       = 6.0000000E-01 s
 Intermediate output at t       = 6.5000000E-01 s
 Intermediate output at t       = 7.0000000E-01 s
 Intermediate output at t       = 7.5000000E-01 s
 Intermediate output at t       = 8.0000000E-01 s
 Intermediate output at t       = 8.5000000E-01 s
 Intermediate output at t       = 9.0000000E-01 s
 Intermediate output at t       = 9.5000000E-01 s
 Intermediate output at t       = 1.0000000E+00 s
 Coefficient for phase-field criterion 1.00
 Weight factor for bulk increment = 2.250E-07
 Upper limit for time step: 1.000E+20
 Number of steps to adjust profiles of initially sharp interfaces [exclude_inactive]: 5
 
 
 Phase data
 **********
 Number of distinct solid phases = 1
 
 Data for phase 1:
 -----------------
 in phase 1, recrystallisation will not be considered.
 Phase 1 is isotropic.
 No categorization is allowed for phase 1


 Grain input
 ***********
 Grains will be positioned randomly
 Integer for randomization: 123
 Number of different types of grains: 1
 Number of grains of type 1: 100

 Input for grain type 1
 ----------------------
  For grain type 1 round grains will be set.
  Minimal value of x-coordinates: 0.00000 micrometers
  Maximal value of x-coordinates: 150.000 micrometers
  Minimal value of z-coordinates: 0.00000 micrometers
  Maximal value of z-coordinates: 750.000 micrometers
  Minimum grain radius: 70.0000 micrometers
  Maximum grain radius: 80.0000 micrometers
  Grain type 1 is stabilized
  For grains of type 1 will be set according to the Voronoi construction
  Phase number for grain type 1: 1
  Minimal distance between grains is: 5.0000 micrometers

 I.e.:
 -----
 Number of grains = 100
 Input data for grain number 1:
  'Round' grain.
  x,z coordinates               : 127.483, 416.052 micrometers
  Grain radius                  : 71.809 micrometers
  Stabilisation
  Voronoi construction
  Phase number                  : 1
 Input data for grain number 2:
  'Round' grain.
  x,z coordinates               : 25.2112, 500.509 micrometers
  Grain radius                  : 70.632 micrometers
  Stabilisation
  Voronoi construction
  Phase number                  : 1
 Input data for grain number 3:
  'Round' grain.
  x,z coordinates               : 41.2813, 80.0789 micrometers
  Grain radius                  : 75.938 micrometers
  Stabilisation
  Voronoi construction
  Phase number                  : 1
 Input data for grain number 4:
  'Round' grain.
  x,z coordinates               : 96.9860, 141.923 micrometers
  Grain radius                  : 73.732 micrometers
  Stabilisation
  Voronoi construction
  Phase number                  : 1
 Input data for grain number 5:
  'Round' grain.
  x,z coordinates               : 136.053, 714.159 micrometers
  Grain radius                  : 70.736 micrometers
  Stabilisation
  Voronoi construction
  Phase number                  : 1
 Input data for grain number 6:
  'Round' grain.
  x,z coordinates               : 116.273, 229.427 micrometers
  Grain radius                  : 76.445 micrometers
  Stabilisation
  Voronoi construction
  Phase number                  : 1
 Input data for grain number 7:
  'Round' grain.
  x,z coordinates               : 142.532, 215.649 micrometers
  Grain radius                  : 75.947 micrometers
  Stabilisation
  Voronoi construction
  Phase number                  : 1
 Input data for grain number 8:
  'Round' grain.
  x,z coordinates               : 109.632, 29.8011 micrometers
  Grain radius                  : 78.030 micrometers
  Stabilisation
  Voronoi construction
  Phase number                  : 1
 Input data for grain number 9:
  'Round' grain.
  x,z coordinates               : 48.5021, 86.3160 micrometers
  Grain radius                  : 75.433 micrometers
  Stabilisation
  Voronoi construction
  Phase number                  : 1
 Input data for grain number 10:
  'Round' grain.
  x,z coordinates               : 27.7317, 63.7958 micrometers
  Grain radius                  : 78.124 micrometers
  Stabilisation
  Voronoi construction
  Phase number                  : 1
 Input data for grain number 11:
  'Round' grain.
  x,z coordinates               : 97.8558, 281.459 micrometers
  Grain radius                  : 79.263 micrometers
  Stabilisation
  Voronoi construction
  Phase number                  : 1
 Input data for grain number 12:
  'Round' grain.
  x,z coordinates               : 102.444, 106.167 micrometers
  Grain radius                  : 71.030 micrometers
  Stabilisation
  Voronoi construction
  Phase number                  : 1
 Input data for grain number 13:
  'Round' grain.
  x,z coordinates               : 15.6771, 155.780 micrometers
  Grain radius                  : 72.236 micrometers
  Stabilisation
  Voronoi construction
  Phase number                  : 1
 Input data for grain number 14:
  'Round' grain.
  x,z coordinates               : 17.8020, 393.520 micrometers
  Grain radius                  : 74.810 micrometers
  Stabilisation
  Voronoi construction
  Phase number                  : 1
 Input data for grain number 15:
  'Round' grain.
  x,z coordinates               : 124.851, 707.800 micrometers
  Grain radius                  : 77.501 micrometers
  Stabilisation
  Voronoi construction
  Phase number                  : 1
 Input data for grain number 16:
  'Round' grain.
  x,z coordinates               : 122.572, 243.244 micrometers
  Grain radius                  : 78.616 micrometers
  Stabilisation
  Voronoi construction
  Phase number                  : 1
 Input data for grain number 17:
  'Round' grain.
  x,z coordinates               : 46.7633, 629.087 micrometers
  Grain radius                  : 78.895 micrometers
  Stabilisation
  Voronoi construction
  Phase number                  : 1
 Input data for grain number 18:
  'Round' grain.
  x,z coordinates               : 46.1392, 482.727 micrometers
  Grain radius                  : 71.197 micrometers
  Stabilisation
  Voronoi construction
  Phase number                  : 1
 Input data for grain number 19:
  'Round' grain.
  x,z coordinates               : 61.3313, 219.642 micrometers
  Grain radius                  : 73.162 micrometers
  Stabilisation
  Voronoi construction
  Phase number                  : 1
 Input data for grain number 20:
  'Round' grain.
  x,z coordinates               : 83.0602, 100.600 micrometers
  Grain radius                  : 75.410 micrometers
  Stabilisation
  Voronoi construction
  Phase number                  : 1
 Input data for grain number 21:
  'Round' grain.
  x,z coordinates               : 64.5172, 705.201 micrometers
  Grain radius                  : 77.429 micrometers
  Stabilisation
  Voronoi construction
  Phase number                  : 1
 Input data for grain number 22:
  'Round' grain.
  x,z coordinates               : 149.218, 186.645 micrometers
  Grain radius                  : 70.949 micrometers
  Stabilisation
  Voronoi construction
  Phase number                  : 1
 Input data for grain number 23:
  'Round' grain.
  x,z coordinates               : 6.89178, 638.791 micrometers
  Grain radius                  : 74.006 micrometers
  Stabilisation
  Voronoi construction
  Phase number                  : 1
 Input data for grain number 24:
  'Round' grain.
  x,z coordinates               : 78.1344, 723.576 micrometers
  Grain radius                  : 76.305 micrometers
  Stabilisation
  Voronoi construction
  Phase number                  : 1
 Input data for grain number 25:
  'Round' grain.
  x,z coordinates               : 46.0084, 296.436 micrometers
  Grain radius                  : 79.243 micrometers
  Stabilisation
  Voronoi construction
  Phase number                  : 1
 Input data for grain number 26:
  'Round' grain.
  x,z coordinates               : 34.9414, 539.993 micrometers
  Grain radius                  : 79.958 micrometers
  Stabilisation
  Voronoi construction
  Phase number                  : 1
 Input data for grain number 27:
  'Round' grain.
  x,z coordinates               : 13.6100, 435.630 micrometers
  Grain radius                  : 73.322 micrometers
  Stabilisation
  Voronoi construction
  Phase number                  : 1
 Input data for grain number 28:
  'Round' grain.
  x,z coordinates               : 110.058, 135.531 micrometers
  Grain radius                  : 79.402 micrometers
  Stabilisation
  Voronoi construction
  Phase number                  : 1
 Input data for grain number 29:
  'Round' grain.
  x,z coordinates               : 114.553, 342.253 micrometers
  Grain radius                  : 72.994 micrometers
  Stabilisation
  Voronoi construction
  Phase number                  : 1
 Input data for grain number 30:
  'Round' grain.
  x,z coordinates               : 138.765, 438.266 micrometers
  Grain radius                  : 78.264 micrometers
  Stabilisation
  Voronoi construction
  Phase number                  : 1
 Input data for grain number 31:
  'Round' grain.
  x,z coordinates               : 66.9445, 155.117 micrometers
  Grain radius                  : 72.851 micrometers
  Stabilisation
  Voronoi construction
  Phase number                  : 1
 Input data for grain number 32:
  'Round' grain.
  x,z coordinates               : 57.1641, 174.092 micrometers
  Grain radius                  : 75.640 micrometers
  Stabilisation
  Voronoi construction
  Phase number                  : 1
 Input data for grain number 33:
  'Round' grain.
  x,z coordinates               : 75.9040, 646.463 micrometers
  Grain radius                  : 79.079 micrometers
  Stabilisation
  Voronoi construction
  Phase number                  : 1
 Input data for grain number 34:
  'Round' grain.
  x,z coordinates               : 10.8766, 564.352 micrometers
  Grain radius                  : 79.396 micrometers
  Stabilisation
  Voronoi construction
  Phase number                  : 1
 Input data for grain number 35:
  'Round' grain.
  x,z coordinates               : 59.1675, 140.117 micrometers
  Grain radius                  : 78.227 micrometers
  Stabilisation
  Voronoi construction
  Phase number                  : 1
 Input data for grain number 36:
  'Round' grain.
  x,z coordinates               : 93.2519, 244.549 micrometers
  Grain radius                  : 72.067 micrometers
  Stabilisation
  Voronoi construction
  Phase number                  : 1
 Input data for grain number 37:
  'Round' grain.
  x,z coordinates               : 32.4445, 749.231 micrometers
  Grain radius                  : 76.150 micrometers
  Stabilisation
  Voronoi construction
  Phase number                  : 1
 Input data for grain number 38:
  'Round' grain.
  x,z coordinates               : 58.9521, 426.386 micrometers
  Grain radius                  : 79.221 micrometers
  Stabilisation
  Voronoi construction
  Phase number                  : 1
 Input data for grain number 39:
  'Round' grain.
  x,z coordinates               : 107.544, 735.065 micrometers
  Grain radius                  : 73.805 micrometers
  Stabilisation
  Voronoi construction
  Phase number                  : 1
 Input data for grain number 40:
  'Round' grain.
  x,z coordinates               : 91.5017, 342.152 micrometers
  Grain radius                  : 70.395 micrometers
  Stabilisation
  Voronoi construction
  Phase number                  : 1
 Input data for grain number 41:
  'Round' grain.
  x,z coordinates               : 145.123, 735.220 micrometers
  Grain radius                  : 77.052 micrometers
  Stabilisation
  Voronoi construction
  Phase number                  : 1
 Input data for grain number 42:
  'Round' grain.
  x,z coordinates               : 95.6876, 739.502 micrometers
  Grain radius                  : 73.973 micrometers
  Stabilisation
  Voronoi construction
  Phase number                  : 1
 Input data for grain number 43:
  'Round' grain.
  x,z coordinates               : 28.0168, 80.7813 micrometers
  Grain radius                  : 70.664 micrometers
  Stabilisation
  Voronoi construction
  Phase number                  : 1
 Input data for grain number 44:
  'Round' grain.
  x,z coordinates               : 52.7124, 261.726 micrometers
  Grain radius                  : 76.976 micrometers
  Stabilisation
  Voronoi construction
  Phase number                  : 1
 Input data for grain number 45:
  'Round' grain.
  x,z coordinates               : 12.8607, 162.145 micrometers
  Grain radius                  : 72.805 micrometers
  Stabilisation
  Voronoi construction
  Phase number                  : 1
 Input data for grain number 46:
  'Round' grain.
  x,z coordinates               : 40.8424, 342.287 micrometers
  Grain radius                  : 70.769 micrometers
  Stabilisation
  Voronoi construction
  Phase number                  : 1
 Input data for grain number 47:
  'Round' grain.
  x,z coordinates               : 74.5388, 305.275 micrometers
  Grain radius                  : 75.827 micrometers
  Stabilisation
  Voronoi construction
  Phase number                  : 1
 Input data for grain number 48:
  'Round' grain.
  x,z coordinates               : 37.5483, 393.024 micrometers
  Grain radius                  : 71.997 micrometers
  Stabilisation
  Voronoi construction
  Phase number                  : 1
 Input data for grain number 49:
  'Round' grain.
  x,z coordinates               : 99.1832, 52.1781 micrometers
  Grain radius                  : 71.082 micrometers
  Stabilisation
  Voronoi construction
  Phase number                  : 1
 Input data for grain number 50:
  'Round' grain.
  x,z coordinates               : 55.2172, 534.160 micrometers
  Grain radius                  : 78.255 micrometers
  Stabilisation
  Voronoi construction
  Phase number                  : 1
 Input data for grain number 51:
  'Round' grain.
  x,z coordinates               : 141.499, 379.274 micrometers
  Grain radius                  : 75.968 micrometers
  Stabilisation
  Voronoi construction
  Phase number                  : 1
 Input data for grain number 52:
  'Round' grain.
  x,z coordinates               : 75.1648, 493.330 micrometers
  Grain radius                  : 75.247 micrometers
  Stabilisation
  Voronoi construction
  Phase number                  : 1
 Input data for grain number 53:
  'Round' grain.
  x,z coordinates               : 62.9147, 73.3463 micrometers
  Grain radius                  : 74.682 micrometers
  Stabilisation
  Voronoi construction
  Phase number                  : 1
 Input data for grain number 54:
  'Round' grain.
  x,z coordinates               : 29.4826, 709.820 micrometers
  Grain radius                  : 77.622 micrometers
  Stabilisation
  Voronoi construction
  Phase number                  : 1
 Input data for grain number 55:
  'Round' grain.
  x,z coordinates               : 52.5214, 655.189 micrometers
  Grain radius                  : 70.005 micrometers
  Stabilisation
  Voronoi construction
  Phase number                  : 1
 Input data for grain number 56:
  'Round' grain.
  x,z coordinates               : 145.634, 561.066 micrometers
  Grain radius                  : 73.545 micrometers
  Stabilisation
  Voronoi construction
  Phase number                  : 1
 Input data for grain number 57:
  'Round' grain.
  x,z coordinates               : 13.8165, 463.232 micrometers
  Grain radius                  : 77.017 micrometers
  Stabilisation
  Voronoi construction
  Phase number                  : 1
 Input data for grain number 58:
  'Round' grain.
  x,z coordinates               : 61.0283, 103.937 micrometers
  Grain radius                  : 78.092 micrometers
  Stabilisation
  Voronoi construction
  Phase number                  : 1
 Input data for grain number 59:
  'Round' grain.
  x,z coordinates               : 43.0523, 488.205 micrometers
  Grain radius                  : 77.337 micrometers
  Stabilisation
  Voronoi construction
  Phase number                  : 1
 Input data for grain number 60:
  'Round' grain.
  x,z coordinates               : 5.26629, 110.813 micrometers
  Grain radius                  : 71.824 micrometers
  Stabilisation
  Voronoi construction
  Phase number                  : 1
 Input data for grain number 61:
  'Round' grain.
  x,z coordinates               : 34.8094, 163.688 micrometers
  Grain radius                  : 78.189 micrometers
  Stabilisation
  Voronoi construction
  Phase number                  : 1
 Input data for grain number 62:
  'Round' grain.
  x,z coordinates               : 115.622, 369.689 micrometers
  Grain radius                  : 73.647 micrometers
  Stabilisation
  Voronoi construction
  Phase number                  : 1
 Input data for grain number 63:
  'Round' grain.
  x,z coordinates               : 59.4961, 704.915 micrometers
  Grain radius                  : 78.166 micrometers
  Stabilisation
  Voronoi construction
  Phase number                  : 1
 Input data for grain number 64:
  'Round' grain.
  x,z coordinates               : 76.3135, 341.755 micrometers
  Grain radius                  : 73.640 micrometers
  Stabilisation
  Voronoi construction
  Phase number                  : 1
 Input data for grain number 65:
  'Round' grain.
  x,z coordinates               : 109.079, 470.243 micrometers
  Grain radius                  : 78.516 micrometers
  Stabilisation
  Voronoi construction
  Phase number                  : 1
 Input data for grain number 66:
  'Round' grain.
  x,z coordinates               : 1.88515, 412.418 micrometers
  Grain radius                  : 75.856 micrometers
  Stabilisation
  Voronoi construction
  Phase number                  : 1
 Input data for grain number 67:
  'Round' grain.
  x,z coordinates               : 7.61120, 104.141 micrometers
  Grain radius                  : 70.251 micrometers
  Stabilisation
  Voronoi construction
  Phase number                  : 1
 Input data for grain number 68:
  'Round' grain.
  x,z coordinates               : 19.4705, 325.551 micrometers
  Grain radius                  : 73.338 micrometers
  Stabilisation
  Voronoi construction
  Phase number                  : 1
 Input data for grain number 69:
  'Round' grain.
  x,z coordinates               : 145.862, 7.36365 micrometers
  Grain radius                  : 75.331 micrometers
  Stabilisation
  Voronoi construction
  Phase number                  : 1
 Input data for grain number 70:
  'Round' grain.
  x,z coordinates               : 65.6567, 371.480 micrometers
  Grain radius                  : 78.887 micrometers
  Stabilisation
  Voronoi construction
  Phase number                  : 1
 Input data for grain number 71:
  'Round' grain.
  x,z coordinates               : 6.92982, 449.107 micrometers
  Grain radius                  : 75.891 micrometers
  Stabilisation
  Voronoi construction
  Phase number                  : 1
 Input data for grain number 72:
  'Round' grain.
  x,z coordinates               : 17.3078, 269.804 micrometers
  Grain radius                  : 70.686 micrometers
  Stabilisation
  Voronoi construction
  Phase number                  : 1
 Input data for grain number 73:
  'Round' grain.
  x,z coordinates               : 87.7487, 388.225 micrometers
  Grain radius                  : 73.477 micrometers
  Stabilisation
  Voronoi construction
  Phase number                  : 1
 Input data for grain number 74:
  'Round' grain.
  x,z coordinates               : 23.5710, 414.276 micrometers
  Grain radius                  : 76.107 micrometers
  Stabilisation
  Voronoi construction
  Phase number                  : 1
 Input data for grain number 75:
  'Round' grain.
  x,z coordinates               : 5.38045, 323.295 micrometers
  Grain radius                  : 70.505 micrometers
  Stabilisation
  Voronoi construction
  Phase number                  : 1
 Input data for grain number 76:
  'Round' grain.
  x,z coordinates               : 144.094, 662.622 micrometers
  Grain radius                  : 75.184 micrometers
  Stabilisation
  Voronoi construction
  Phase number                  : 1
 Input data for grain number 77:
  'Round' grain.
  x,z coordinates               : 114.193, 452.736 micrometers
  Grain radius                  : 78.466 micrometers
  Stabilisation
  Voronoi construction
  Phase number                  : 1
 Input data for grain number 78:
  'Round' grain.
  x,z coordinates               : 136.944, 693.019 micrometers
  Grain radius                  : 70.591 micrometers
  Stabilisation
  Voronoi construction
  Phase number                  : 1
 Input data for grain number 79:
  'Round' grain.
  x,z coordinates               : 80.5907, 707.568 micrometers
  Grain radius                  : 79.710 micrometers
  Stabilisation
  Voronoi construction
  Phase number                  : 1
 Input data for grain number 80:
  'Round' grain.
  x,z coordinates               : 76.3562, 200.595 micrometers
  Grain radius                  : 76.280 micrometers
  Stabilisation
  Voronoi construction
  Phase number                  : 1
 Input data for grain number 81:
  'Round' grain.
  x,z coordinates               : 80.1182, 57.4811 micrometers
  Grain radius                  : 77.109 micrometers
  Stabilisation
  Voronoi construction
  Phase number                  : 1
 Input data for grain number 82:
  'Round' grain.
  x,z coordinates               : 106.651, 341.222 micrometers
  Grain radius                  : 70.843 micrometers
  Stabilisation
  Voronoi construction
  Phase number                  : 1
 Input data for grain number 83:
  'Round' grain.
  x,z coordinates               : 120.477, 36.6196 micrometers
  Grain radius                  : 70.985 micrometers
  Stabilisation
  Voronoi construction
  Phase number                  : 1
 Input data for grain number 84:
  'Round' grain.
  x,z coordinates               : 40.2619, 535.433 micrometers
  Grain radius                  : 74.154 micrometers
  Stabilisation
  Voronoi construction
  Phase number                  : 1
 Input data for grain number 85:
  'Round' grain.
  x,z coordinates               : 56.9359, 268.764 micrometers
  Grain radius                  : 77.573 micrometers
  Stabilisation
  Voronoi construction
  Phase number                  : 1
 Input data for grain number 86:
  'Round' grain.
  x,z coordinates               : 119.101, 86.7046 micrometers
  Grain radius                  : 77.982 micrometers
  Stabilisation
  Voronoi construction
  Phase number                  : 1
 Input data for grain number 87:
  'Round' grain.
  x,z coordinates               : 107.695, 166.912 micrometers
  Grain radius                  : 71.750 micrometers
  Stabilisation
  Voronoi construction
  Phase number                  : 1
 Input data for grain number 88:
  'Round' grain.
  x,z coordinates               : 21.6713, 543.916 micrometers
  Grain radius                  : 72.366 micrometers
  Stabilisation
  Voronoi construction
  Phase number                  : 1
 Input data for grain number 89:
  'Round' grain.
  x,z coordinates               : 67.2910, 666.955 micrometers
  Grain radius                  : 72.375 micrometers
  Stabilisation
  Voronoi construction
  Phase number                  : 1
 Input data for grain number 90:
  'Round' grain.
  x,z coordinates               : 70.4148, 173.260 micrometers
  Grain radius                  : 79.281 micrometers
  Stabilisation
  Voronoi construction
  Phase number                  : 1
 Input data for grain number 91:
  'Round' grain.
  x,z coordinates               : 8.18525, 141.639 micrometers
  Grain radius                  : 71.167 micrometers
  Stabilisation
  Voronoi construction
  Phase number                  : 1
 Input data for grain number 92:
  'Round' grain.
  x,z coordinates               : 135.582, 513.556 micrometers
  Grain radius                  : 75.196 micrometers
  Stabilisation
  Voronoi construction
  Phase number                  : 1
 Input data for grain number 93:
  'Round' grain.
  x,z coordinates               : 23.1520, 595.223 micrometers
  Grain radius                  : 74.248 micrometers
  Stabilisation
  Voronoi construction
  Phase number                  : 1
 Input data for grain number 94:
  'Round' grain.
  x,z coordinates               : 57.0847, 516.728 micrometers
  Grain radius                  : 74.072 micrometers
  Stabilisation
  Voronoi construction
  Phase number                  : 1
 Input data for grain number 95:
  'Round' grain.
  x,z coordinates               : 126.075, 541.584 micrometers
  Grain radius                  : 78.831 micrometers
  Stabilisation
  Voronoi construction
  Phase number                  : 1
 Input data for grain number 96:
  'Round' grain.
  x,z coordinates               : 62.0386, 515.916 micrometers
  Grain radius                  : 78.984 micrometers
  Stabilisation
  Voronoi construction
  Phase number                  : 1
 Input data for grain number 97:
  'Round' grain.
  x,z coordinates               : 64.5443, 660.981 micrometers
  Grain radius                  : 75.852 micrometers
  Stabilisation
  Voronoi construction
  Phase number                  : 1
 Input data for grain number 98:
  'Round' grain.
  x,z coordinates               : 91.9499, 517.324 micrometers
  Grain radius                  : 70.297 micrometers
  Stabilisation
  Voronoi construction
  Phase number                  : 1
 Input data for grain number 99:
  'Round' grain.
  x,z coordinates               : 77.2650, 487.418 micrometers
  Grain radius                  : 71.494 micrometers
  Stabilisation
  Voronoi construction
  Phase number                  : 1
 Input data for grain number 100:
  'Round' grain.
  x,z coordinates               : 149.840, 491.183 micrometers
  Grain radius                  : 72.982 micrometers
  Stabilisation
  Voronoi construction
  Phase number                  : 1


 Data for further nucleation
 ***************************
 Run-time nucleation disabled
 
 
 Phase interaction data
 **********************
 
 Data for phase interaction 0 / 1:
 ---------------------------------
  Interaction between 0 and 1 will not be simulated.
 
 Data for phase interaction 1 / 1:
 ---------------------------------
  Interaction between 1 and 1 will be simulated.
  Interaction parameters between phases  1  and 1:
  Interfacial energy        sigma = 1.00000E-05 [J/cm**2]
  Mu is temperature dependent!
                        file name : T021_Grain_Growth_Profile_Mue11.txt


 Phase diagram - input data
 **************************
 
 
 Boundary conditions
 *******************
 Linear temperature trend chosen for 5 Connecting point(s)
 temperature profile for time   0.000000000000000E+000 s
  is read from file T021_Temperature_Profiles.txt columns 1 2
 temperature profile for time   0.200000000000000 s
  is read from file T021_Temperature_Profiles.txt columns 1 3
 temperature profile for time   0.400000000000000 s
  is read from file T021_Temperature_Profiles.txt columns 1 4
 temperature profile for time   0.600000000000000 s
  is read from file T021_Temperature_Profiles.txt columns 1 5
 temperature profile for time   0.800000000000000 s
  is read from file T021_Temperature_Profiles.txt columns 1 6
 temperature profile for time    1.00000000000000 s
  is read from file T021_Temperature_Profiles.txt columns 1 7
 Simulation domain not shifted
 
 In W-direction periodic/wrap-around boundary condition for phase field
 In E-direction periodic/wrap-around boundary condition for phase field
 In B-direction gradient boundary condition for phase field
 In T-direction gradient boundary condition for phase field
 
 Unit-cell model symmetric with respect to the x/y diagonal plane not activated


 Other numerical parameters
 **************************
 Phase minimum      phMin = 1.00E-05
 Interface thickness etaZ = 4.00000000000000


 Beginning of initialisation
 ***************************
 # Grain number   1 set
 # Grain number   2 set
 # Grain number   3 set
 # Grain number   4 set
 # Grain number   5 set
 # Grain number   6 set
 # Grain number   7 set
 # Grain number   8 set
 # Grain number   9 set
 # Grain number  10 set
 # Grain number  11 set
 # Grain number  12 set
 # Grain number  13 set
 # Grain number  14 set
 # Grain number  15 set
 # Grain number  16 set
 # Grain number  17 set
 # Grain number  18 set
 # Grain number  19 set
 # Grain number  20 set
 # Grain number  21 set
 # Grain number  22 set
 # Grain number  23 set
 # Grain number  24 set
 # Grain number  25 set
 # Grain number  26 set
 # Grain number  27 set
 # Grain number  28 set
 # Grain number  29 set
 # Grain number  30 set
 # Grain number  31 set
 # Grain number  32 set
 # Grain number  33 set
 # Grain number  34 set
 # Grain number  35 set
 # Grain number  36 set
 # Grain number  37 set
 # Grain number  38 set
 # Grain number  39 set
 # Grain number  40 set
 # Grain number  41 set
 # Grain number  42 set
 # Grain number  43 set
 # Grain number  44 set
 # Grain number  45 set
 # Grain number  46 set
 # Grain number  47 set
 # Grain number  48 set
 # Grain number  49 set
 # Grain number  50 set
 # Grain number  51 set
 # Grain number  52 set
 # Grain number  53 set
 # Grain number  54 set
 # Grain number  55 set
 # Grain number  56 set
 # Grain number  57 set
 # Grain number  58 set
 # Grain number  59 set
 # Grain number  60 set
 # Grain number  61 set
 # Grain number  62 set
 # Grain number  63 set
 # Grain number  64 set
 # Grain number  65 set
 # Grain number  66 set
 # Grain number  67 set
 # Grain number  68 set
 # Grain number  69 set
 # Grain number  70 set
 # Grain number  71 set
 # Grain number  72 set
 # Grain number  73 set
 # Grain number  74 set
 # Grain number  75 set
 # Grain number  76 set
 # Grain number  77 set
 # Grain number  78 set
 # Grain number  79 set
 # Grain number  80 set
 # Grain number  81 set
 # Grain number  82 set
 # Grain number  83 set
 # Grain number  84 set
 # Grain number  85 set
 # Grain number  86 set
 # Grain number  87 set
 # Grain number  88 set
 # Grain number  89 set
 # Grain number  90 set
 # Grain number  91 set
 # Grain number  92 set
 # Grain number  93 set
 # Grain number  94 set
 # Grain number  95 set
 # Grain number  96 set
 # Grain number  97 set
 # Grain number  98 set
 # Grain number  99 set
 # Grain number 100 set
 
 # Maximal value for tWidth = 1.0000000E+18 s for phase-field solver
 # Initial value for tWidth = 1.00000E+18 s for automatic time stepping (phase-field solver)
 
 Remaining license time: permanent

 ==================================================

 Time t = 0.0000000 s
 CPU-time: 0 s
 Current phase-field solver time step = 1.00E+18 s
 Temperature at the bottom = 300.00 K
 Temperature gradient = 0.00000 K/cm

 **********************************************
 *         Beginning of simulation            *
 **********************************************

 Intermediate output for t = 2.00000E-02 s
 CPU-time: 0 s
 Current phase-field solver time step = 1.61E-03 s
 Temperature at the bottom = 300.00 K
 Temperature gradient = 1600.00 K/cm

 Intermediate output for t = 4.00000E-02 s
 CPU-time: 0 s
 Current phase-field solver time step = 9.55E-04 s
 Temperature at the bottom = 300.00 K
 Temperature gradient = 3200.00 K/cm

 Intermediate output for t = 6.00000E-02 s
 CPU-time: 0 s
 Current phase-field solver time step = 3.28E-04 s
 Temperature at the bottom = 300.00 K
 Temperature gradient = 4800.00 K/cm

 Intermediate output for t = 8.00000E-02 s
 CPU-time: 2 s
 Current phase-field solver time step = 1.22E-04 s
 Temperature at the bottom = 300.00 K
 Temperature gradient = 6400.00 K/cm

 Intermediate output for t = 0.10000 s
 CPU-time: 4 s
 Current phase-field solver time step = 6.68E-05 s
 Temperature at the bottom = 300.00 K
 Temperature gradient = 8000.00 K/cm

 Intermediate output for t = 0.12000 s
 CPU-time: 6 s
 Current phase-field solver time step = 5.14E-05 s
 Temperature at the bottom = 300.00 K
 Temperature gradient = 9600.00 K/cm

 Intermediate output for t = 0.14000 s
 CPU-time: 8 s
 Current phase-field solver time step = 3.66E-05 s
 Temperature at the bottom = 300.00 K
 Temperature gradient = 11200.0 K/cm

 Intermediate output for t = 0.16000 s
 CPU-time: 12 s
 Current phase-field solver time step = 2.39E-05 s
 Temperature at the bottom = 300.00 K
 Temperature gradient = 12800.0 K/cm

 Intermediate output for t = 0.18000 s
 CPU-time: 17 s
 Current phase-field solver time step = 1.53E-05 s
 Temperature at the bottom = 300.00 K
 Temperature gradient = 14400.0 K/cm

 Intermediate output for t = 0.20000 s
 CPU-time: 26 s
 Current phase-field solver time step = 1.07E-05 s
 Temperature at the bottom = 300.00 K
 Temperature gradient = 16000.0 K/cm

 Intermediate output for t = 0.22000 s
 CPU-time: 31 s
 Current phase-field solver time step = 1.11E-05 s
 Temperature at the bottom = 300.01 K
 Temperature gradient = 15800.0 K/cm

 Intermediate output for t = 0.24000 s
 CPU-time: 29 s
 Current phase-field solver time step = 1.16E-05 s
 Temperature at the bottom = 300.03 K
 Temperature gradient = 15600.0 K/cm

 Intermediate output for t = 0.26000 s
 CPU-time: 30 s
 Current phase-field solver time step = 1.20E-05 s
 Temperature at the bottom = 300.05 K
 Temperature gradient = 15400.0 K/cm

 Intermediate output for t = 0.28000 s
 CPU-time: 29 s
 Current phase-field solver time step = 1.26E-05 s
 Temperature at the bottom = 300.06 K
 Temperature gradient = 15200.0 K/cm

 Intermediate output for t = 0.30000 s
 CPU-time: 27 s
 Current phase-field solver time step = 1.32E-05 s
 Temperature at the bottom = 300.07 K
 Temperature gradient = 15000.0 K/cm

 Intermediate output for t = 0.32000 s
 CPU-time: 25 s
 Current phase-field solver time step = 1.38E-05 s
 Temperature at the bottom = 300.09 K
 Temperature gradient = 14800.0 K/cm

 Intermediate output for t = 0.34000 s
 CPU-time: 24 s
 Current phase-field solver time step = 1.45E-05 s
 Temperature at the bottom = 300.10 K
 Temperature gradient = 14600.0 K/cm

 Intermediate output for t = 0.36000 s
 CPU-time: 23 s
 Current phase-field solver time step = 1.53E-05 s
 Temperature at the bottom = 300.12 K
 Temperature gradient = 14400.0 K/cm

 Intermediate output for t = 0.38000 s
 CPU-time: 20 s
 Current phase-field solver time step = 1.61E-05 s
 Temperature at the bottom = 300.13 K
 Temperature gradient = 14200.0 K/cm

 Intermediate output for t = 0.40000 s
 CPU-time: 20 s
 Current phase-field solver time step = 1.71E-05 s
 Temperature at the bottom = 300.15 K
 Temperature gradient = 14000.0 K/cm

 Intermediate output for t = 0.45000 s
 CPU-time: 48 s
 Current phase-field solver time step = 1.90E-05 s
 Temperature at the bottom = 312.76 K
 Temperature gradient = 13500.0 K/cm

 Intermediate output for t = 0.50000 s
 CPU-time: 40 s
 Current phase-field solver time step = 2.14E-05 s
 Temperature at the bottom = 325.38 K
 Temperature gradient = 13000.0 K/cm

 Intermediate output for t = 0.55000 s
 CPU-time: 37 s
 Current phase-field solver time step = 2.29E-05 s
 Temperature at the bottom = 337.99 K
 Temperature gradient = 12500.0 K/cm

 Intermediate output for t = 0.60000 s
 CPU-time: 32 s
 Current phase-field solver time step = 2.46E-05 s
 Temperature at the bottom = 350.60 K
 Temperature gradient = 12000.0 K/cm

 Intermediate output for t = 0.65000 s
 CPU-time: 30 s
 Current phase-field solver time step = 2.66E-05 s
 Temperature at the bottom = 378.03 K
 Temperature gradient = 11300.0 K/cm

 Intermediate output for t = 0.70000 s
 CPU-time: 27 s
 Current phase-field solver time step = 2.89E-05 s
 Temperature at the bottom = 405.45 K
 Temperature gradient = 10600.0 K/cm

 Intermediate output for t = 0.75000 s
 CPU-time: 25 s
 Current phase-field solver time step = 3.17E-05 s
 Temperature at the bottom = 432.88 K
 Temperature gradient = 9900.00 K/cm

 Intermediate output for t = 0.80000 s
 CPU-time: 22 s
 Current phase-field solver time step = 3.50E-05 s
 Temperature at the bottom = 460.30 K
 Temperature gradient = 9200.00 K/cm

 Intermediate output for t = 0.85000 s
 CPU-time: 19 s
 Current phase-field solver time step = 3.92E-05 s
 Temperature at the bottom = 467.80 K
 Temperature gradient = 8766.67 K/cm

 Intermediate output for t = 0.90000 s
 CPU-time: 17 s
 Current phase-field solver time step = 4.45E-05 s
 Temperature at the bottom = 475.30 K
 Temperature gradient = 8333.33 K/cm

 Intermediate output for t = 0.95000 s
 CPU-time: 16 s
 Current phase-field solver time step = 4.65E-05 s
 Temperature at the bottom = 482.80 K
 Temperature gradient = 7900.00 K/cm

 Intermediate output for t = 1.0000 s
 CPU-time: 14 s
 Current phase-field solver time step = 4.86E-05 s
 Temperature at the bottom = 490.30 K
 Temperature gradient = 7466.67 K/cm

 ==================================================

 Simulation run on machine n009
 Remaining license time: permanent
 CPU time in seconds:         674
 Wall clock time in seconds:  1039
 End
 
