
 MICRESS binary
 **************
 version number: 6.400 (Linux)
 compiled: 01/17/2018
 compiler version: Intel 1400 20140120
 executable architecture: x64
 Thermo-Calc coupling: enabled
 #    Version:    19
 #    Link Date:  20-03-2017 12:28:00
 #    OS Name:    Linux
 #    Build Date: 10716
 #    Compiler:   ifort (IFORT) 14.0.2 20140120
 OpenMP: disabled
 shell: /bin/tcsh
 ('double precision' binary)

 Miscellanea
 ***********
 Date and time: 17/01/2018 (05:05)
 Machine: n009
 Driving file: T030_Flow_Cylinder_Laminar_dri.temp


 Flags and settings
 ******************

 Geometry
 --------
 AnzX,   AnzY,   AnzZ   = 200, 1, 100
 deltaX, deltaY, deltaZ [cm] = 5.0000E-05, 5.0000E-05, 5.0000E-05

 Flags
 -----
 Phase-field simulation without coupling
 Simulation with flow coupling
 'Double-obstacle' potential
 ! Warning: fd-correction is recommended!
 IFaceDim coeff. : 0.00 (0.75, 0.50)
 nTupelDim coeff.: 0.00 (0.75, 0.50)


 The data compression is done with 'zlib' (cf. http://www.zlib.net/).
 The routine for appending is loosely derived from the 'gzappend.c' example.


 Time input data
 ***************
 Number of intermediate outputs = 3
 Intermediate output at t       = 1.0000000E-03 s
 Intermediate output at t       = 2.0000000E-03 s
 Intermediate output at t       = 3.0000000E-03 s
 Time-step                      = 1.00000E-04  s
 Number of steps to adjust profiles of initially sharp interfaces [exclude_inactive]: 20
 
 
 Phase data
 **********
 Number of distinct solid phases = 1
 
 Data for phase 1:
 -----------------
 in phase 1, recrystallisation will not be considered.
 Phase 1 is isotropic.
 No categorization is allowed for phase 1


 Grain input
 ***********
 Grains will be positioned deterministically
 Number of grains = 1
 Input data for grain number 1:
  'Round' grain.
  x,z coordinates               : 50.0000, 25.0000 micrometers
  Grain radius                  : 10.0000 micrometers
  Grain 1 is stabilized
  No Voronoi construction
  Phase number                  : 1


 Data for further nucleation
 ***************************
 Run-time nucleation disabled
 
 
 Phase interaction data
 **********************
 
 Data for phase interaction 0 / 1:
 ---------------------------------
  Interaction between 0 and 1 will be simulated.
  Interaction parameters between phases  0  and 1:
  'Smoothing angle'        smooth = 45.00
  Interfacial energy        sigma = 1.00000E+00 [J/cm**2]
  Kinetic coefficient          mu = 0.00000E+00 [cm**4/(Js)]
 
 Data for phase interaction 1 / 1:
 ---------------------------------
  Interaction between 1 and 1 will not be simulated.


 Phase diagram - input data
 **************************
 Equilibrium temperature between 0  and 1 = 100.000000000000 K
 Entropy of fusion between phase 0  and 1 = 1.00000000000000 J/(cm**3 K)
 
 Material data for flow calculation
 **********************************
 
 Phase           0
 -------------
 Viscosity [cm**2/s], phase           0
  1.000000000000000E-002
 mean density [g/cm**3], Phase           0
   1.00000000000000     
 
 
 Boundary conditions
 *******************
 Linear temperature trend chosen for 1 Connecting point(s)
 Initial temperature at the bottom: 100.0000 K
 Temperature gradient at beginning: 0.0000 K/cm
 1 Connecting point, time  t [sec]? = 1.00000000000000 s
 1 Connecting point, temperature = 100.000000000000 K
 1 connecting point, temperature gradient in z-direction (real)  [K/cm] = 0.000000000000000E+000 K/cm
 Simulation domain not shifted
 
 In W-direction isolation boundary condition for phase field
 In E-direction isolation boundary condition for phase field
 In B-direction isolation boundary condition for phase field
 In T-direction isolation boundary condition for phase field
 #
 # Boundary conditions for flow field in each direction
 # Options: p (periodic) e (in-out) o,+ (in-out normal to wall) f (fixed)
 # Options: i (insulation parallel to wall) s (symmetric) l,= (parallel to wall)
 # Sequence: W E (S N, if 3D) B T borders
 eeii
 #
 # Boundary conditions for pressure in each direction
 # Options: i (insulation) s (symmetric) n (vonNeumann) p (periodic)
 #          g (continuous gradient) f (fixed) - (none, for flow: fisl)
 # Sequence: W E (S N, if 3D) B T borders
 ff--
  # Fixed value for pressure in W-direction [Pa]
   1.0000    
  # Fixed value for pressure in E-direction [Pa]
   0.0000    
 
 Unit-cell model symmetric with respect to the x/y diagonal plane not activated


 Other numerical parameters
 **************************
 # Convergence criterion for impulse eqn. (absolute) [mue_m/s] 1.00E-05
 # Max. number of iterations for linear solver:   500
 Phase minimum      phMin = 1.00E-04
 Interface thickness etaZ = 5.00000000000000


 Beginning of initialisation
 ***************************
 # Grain number 1 set
 
 # Critical grain radius:
 # of phase 1 in phase 0 = 10000. / dT_unt  [micrometers]
 
 Remaining license time: permanent

 ==================================================

 Time t = 0.0000000 s
 CPU-time: 3 s
 Temperature at the bottom = 100.00 K
 Temperature gradient = 0.00000 K/cm
 Flow, domain averages: p = 0.0000E+00 Pa, RMS(|V|) = 0.0000E+00 micron/s
                V_x = 0.0000E+00 V_z = 0.0000E+00 micron/s

 **********************************************
 *         Beginning of simulation            *
 **********************************************
 WARNING, Flow: pressure not converged 1.479E-08 > 1.000E-08 Pa

 Intermediate output for t = 1.00000E-03 s
 CPU-time: 731 s
 Temperature at the bottom = 100.00 K
 Temperature gradient = 0.00000 K/cm
 Flow, domain averages: p = 4.9935E-01 Pa, RMS(|V|) = 1.8325E+03 micron/s
                V_x = 1.5824E+03 V_z =-7.8510E-11 micron/s
 WARNING, Flow (       2X): max. pressure error 1.479E-08 Pa

 Intermediate output for t = 2.00000E-03 s
 CPU-time: 109 s
 Temperature at the bottom = 100.00 K
 Temperature gradient = 0.00000 K/cm
 Flow, domain averages: p = 4.9934E-01 Pa, RMS(|V|) = 1.8467E+03 micron/s
                V_x = 1.5946E+03 V_z = 1.0312E-11 micron/s

 Intermediate output for t = 3.00000E-03 s
 CPU-time: 11 s
 Temperature at the bottom = 100.00 K
 Temperature gradient = 0.00000 K/cm
 Flow, domain averages: p = 4.9934E-01 Pa, RMS(|V|) = 1.8468E+03 micron/s
                V_x = 1.5947E+03 V_z = 7.5883E-13 micron/s

 ==================================================

 Simulation run on machine n009
 Remaining license time: permanent
 CPU time in seconds:         855
 Wall clock time in seconds:  870
 End
 
