
 MICRESS binary
 **************
 version number: 6.400 (Linux)
 compiled: 01/17/2018
 compiler version: Intel 1400 20140120
 executable architecture: x64
 Thermo-Calc coupling: enabled
 #    Version:    19
 #    Link Date:  20-03-2017 12:28:00
 #    OS Name:    Linux
 #    Build Date: 10716
 #    Compiler:   ifort (IFORT) 14.0.2 20140120
 OpenMP: disabled
 shell: /bin/tcsh
 ('double precision' binary)

 Miscellanea
 ***********
 Date and time: 17/01/2018 (04:39)
 Machine: n009
 Driving file: T022_Grain_Growth_Pinning_Pres_dri.temp


 Flags and settings
 ******************

 Geometry
 --------
 AnzX,   AnzY,   AnzZ   = 400, 1, 320
 deltaX, deltaY, deltaZ [cm] = 1.5000E-04, 1.5000E-04, 1.5000E-04

 Flags
 -----
 Phase-field simulation without coupling
 'Multi-obstacle' potential
 IFaceDim coeff. : 0.100 (0.75, 0.50)
 nTupelDim coeff.: 0.010 (0.75, 0.50)


 The data compression is done with 'zlib' (cf. http://www.zlib.net/).
 The routine for appending is loosely derived from the 'gzappend.c' example.


 Time input data
 ***************
 Number of intermediate outputs = 42
 Intermediate output at t       = 5.0000000E+00 s
 Intermediate output at t       = 1.0000000E+01 s
 Intermediate output at t       = 1.5000000E+01 s
 Intermediate output at t       = 2.0000000E+01 s
 Intermediate output at t       = 3.0000000E+01 s
 Intermediate output at t       = 4.0000000E+01 s
 Intermediate output at t       = 5.0000000E+01 s
 Intermediate output at t       = 6.0000000E+01 s
 Intermediate output at t       = 7.0000000E+01 s
 Intermediate output at t       = 8.0000000E+01 s
 Intermediate output at t       = 9.0000000E+01 s
 Intermediate output at t       = 1.0000000E+02 s
 Intermediate output at t       = 1.1000000E+02 s
 Intermediate output at t       = 1.2000000E+02 s
 Intermediate output at t       = 1.3000000E+02 s
 Intermediate output at t       = 1.4000000E+02 s
 Intermediate output at t       = 1.5000000E+02 s
 Intermediate output at t       = 1.6000000E+02 s
 Intermediate output at t       = 1.7000000E+02 s
 Intermediate output at t       = 1.8000000E+02 s
 Intermediate output at t       = 1.9000000E+02 s
 Intermediate output at t       = 2.0000000E+02 s
 Intermediate output at t       = 2.1000000E+02 s
 Intermediate output at t       = 2.2000000E+02 s
 Intermediate output at t       = 2.3000000E+02 s
 Intermediate output at t       = 2.4000000E+02 s
 Intermediate output at t       = 2.5000000E+02 s
 Intermediate output at t       = 3.0000000E+02 s
 Intermediate output at t       = 3.5000000E+02 s
 Intermediate output at t       = 4.0000000E+02 s
 Intermediate output at t       = 4.5000000E+02 s
 Intermediate output at t       = 5.0000000E+02 s
 Intermediate output at t       = 5.5000000E+02 s
 Intermediate output at t       = 6.0000000E+02 s
 Intermediate output at t       = 6.5000000E+02 s
 Intermediate output at t       = 7.0000000E+02 s
 Intermediate output at t       = 7.5000000E+02 s
 Intermediate output at t       = 8.0000000E+02 s
 Intermediate output at t       = 8.5000000E+02 s
 Intermediate output at t       = 9.0000000E+02 s
 Intermediate output at t       = 9.5000000E+02 s
 Intermediate output at t       = 1.0000000E+03 s
 Coefficient for phase-field criterion 1.00
 Weight factor for bulk increment = 2.250E-07
 Upper limit for time step: 1.000E+20
 Number of steps to adjust profiles of initially sharp interfaces [exclude_inactive]: 5
 
 
 Phase data
 **********
 Number of distinct solid phases = 1
 
 Data for phase 1:
 -----------------
 in phase 1, recrystallisation will not be considered.
 Phase 1 is isotropic.
 No categorization is allowed for phase 1


 Grain input
 ***********
 Grains will be positioned according to input file
 File name for initial microstructure: T020_Grain_Growth_Microstructure.txt
 Treatment of data: fp
 CellsX for initial microstructure: 500
 CellsZ for initial microstructure: 400
 Number of grains = 53
 Input data for grain number 1:
  Phase number                  : 1
 'Non-geometric' data for grains 1 to 53 identical


 Data for further nucleation
 ***************************
 Run-time nucleation disabled
 
 
 Phase interaction data
 **********************
 
 Data for phase interaction 0 / 1:
 ---------------------------------
  Interaction between 0 and 1 will not be simulated.
 
 Data for phase interaction 1 / 1:
 ---------------------------------
  Interaction between 1 and 1 will be simulated.
  Interaction parameters between phases  1  and 1:
  Interfacial energy        sigma = 1.00000E-05 [J/cm**2]
  Kinetic coefficient          mu = 5.00000E-03 [cm**4/(Js)]


 Phase diagram - input data
 **************************
 
 
 Boundary conditions
 *******************
 Initial temperature at the bottom: 1000.000 K
 Temperature gradient at beginning: 0.0000 K/cm
 Cooling rate: 0.0000 K/s
 Simulation domain not shifted
 
 In W-direction periodic/wrap-around boundary condition for phase field
 In E-direction periodic/wrap-around boundary condition for phase field
 In B-direction periodic/wrap-around boundary condition for phase field
 In T-direction periodic/wrap-around boundary condition for phase field
 
 Unit-cell model symmetric with respect to the x/y diagonal plane not activated


 Other numerical parameters
 **************************
 Phase minimum      phMin = 1.00E-04
 Interface thickness etaZ = 4.00000000000000


 Beginning of initialisation
 ***************************
 # Grain number  1 set
 # Grain number  2 set
 # Grain number  3 set
 # Grain number  4 set
 # Grain number  5 set
 # Grain number  6 set
 # Grain number  7 set
 # Grain number  8 set
 # Grain number  9 set
 # Grain number 10 set
 # Grain number 11 set
 # Grain number 12 set
 # Grain number 13 set
 # Grain number 14 set
 # Grain number 15 set
 # Grain number 16 set
 # Grain number 17 set
 # Grain number 18 set
 # Grain number 19 set
 # Grain number 20 set
 # Grain number 21 set
 # Grain number 22 set
 # Grain number 23 set
 # Grain number 24 set
 # Grain number 25 set
 # Grain number 26 set
 # Grain number 27 set
 # Grain number 28 set
 # Grain number 29 set
 # Grain number 30 set
 # Grain number 31 set
 # Grain number 32 set
 # Grain number 33 set
 # Grain number 34 set
 # Grain number 35 set
 # Grain number 36 set
 # Grain number 37 set
 # Grain number 38 set
 # Grain number 39 set
 # Grain number 40 set
 # Grain number 41 set
 # Grain number 42 set
 # Grain number 43 set
 # Grain number 44 set
 # Grain number 45 set
 # Grain number 46 set
 # Grain number 47 set
 # Grain number 48 set
 # Grain number 49 set
 # Grain number 50 set
 # Grain number 51 set
 # Grain number 52 set
 # Grain number 53 set
 
 # tWidth_max( 1 : 1 ) = 0.1068750 s
 # Maximal value for tWidth = 0.1068750 s for phase-field solver
 # Initial value for tWidth = 0.10687 s for automatic time stepping (phase-field solver)
 
 Remaining license time: permanent

 ==================================================

 Time t = 0.0000000 s
 CPU-time: 0 s
 Current phase-field solver time step = 1.07E-01 s
 Temperature at the bottom = 1000.0 K
 Temperature gradient = 0.00000 K/cm

 **********************************************
 *         Beginning of simulation            *
 **********************************************

 Intermediate output for t = 5.0000 s
 CPU-time: 2 s
 Current phase-field solver time step = 1.07E-01 s
 Temperature at the bottom = 1000.0 K
 Temperature gradient = 0.00000 K/cm

 Intermediate output for t = 10.000 s
 CPU-time: 1 s
 Current phase-field solver time step = 1.07E-01 s
 Temperature at the bottom = 1000.0 K
 Temperature gradient = 0.00000 K/cm

 Intermediate output for t = 15.000 s
 CPU-time: 1 s
 Current phase-field solver time step = 1.02E-01 s
 Temperature at the bottom = 1000.0 K
 Temperature gradient = 0.00000 K/cm

 Intermediate output for t = 20.000 s
 CPU-time: 1 s
 Current phase-field solver time step = 1.07E-01 s
 Temperature at the bottom = 1000.0 K
 Temperature gradient = 0.00000 K/cm

 Intermediate output for t = 30.000 s
 CPU-time: 2 s
 Current phase-field solver time step = 1.07E-01 s
 Temperature at the bottom = 1000.0 K
 Temperature gradient = 0.00000 K/cm

 Intermediate output for t = 40.000 s
 CPU-time: 2 s
 Current phase-field solver time step = 7.11E-02 s
 Temperature at the bottom = 1000.0 K
 Temperature gradient = 0.00000 K/cm

 Intermediate output for t = 50.000 s
 CPU-time: 2 s
 Current phase-field solver time step = 1.07E-01 s
 Temperature at the bottom = 1000.0 K
 Temperature gradient = 0.00000 K/cm

 Intermediate output for t = 60.000 s
 CPU-time: 2 s
 Current phase-field solver time step = 1.06E-01 s
 Temperature at the bottom = 1000.0 K
 Temperature gradient = 0.00000 K/cm

 Intermediate output for t = 70.000 s
 CPU-time: 2 s
 Current phase-field solver time step = 1.07E-01 s
 Temperature at the bottom = 1000.0 K
 Temperature gradient = 0.00000 K/cm

 Intermediate output for t = 80.000 s
 CPU-time: 2 s
 Current phase-field solver time step = 9.09E-02 s
 Temperature at the bottom = 1000.0 K
 Temperature gradient = 0.00000 K/cm

 Intermediate output for t = 90.000 s
 CPU-time: 2 s
 Current phase-field solver time step = 1.04E-01 s
 Temperature at the bottom = 1000.0 K
 Temperature gradient = 0.00000 K/cm

 Intermediate output for t = 100.00 s
 CPU-time: 2 s
 Current phase-field solver time step = 1.07E-01 s
 Temperature at the bottom = 1000.0 K
 Temperature gradient = 0.00000 K/cm

 Intermediate output for t = 110.00 s
 CPU-time: 2 s
 Current phase-field solver time step = 1.07E-01 s
 Temperature at the bottom = 1000.0 K
 Temperature gradient = 0.00000 K/cm

 Intermediate output for t = 120.00 s
 CPU-time: 2 s
 Current phase-field solver time step = 8.21E-02 s
 Temperature at the bottom = 1000.0 K
 Temperature gradient = 0.00000 K/cm

 Intermediate output for t = 130.00 s
 CPU-time: 2 s
 Current phase-field solver time step = 1.07E-01 s
 Temperature at the bottom = 1000.0 K
 Temperature gradient = 0.00000 K/cm

 Intermediate output for t = 140.00 s
 CPU-time: 2 s
 Current phase-field solver time step = 1.07E-01 s
 Temperature at the bottom = 1000.0 K
 Temperature gradient = 0.00000 K/cm

 Intermediate output for t = 150.00 s
 CPU-time: 2 s
 Current phase-field solver time step = 1.07E-01 s
 Temperature at the bottom = 1000.0 K
 Temperature gradient = 0.00000 K/cm

 Intermediate output for t = 160.00 s
 CPU-time: 2 s
 Current phase-field solver time step = 1.07E-01 s
 Temperature at the bottom = 1000.0 K
 Temperature gradient = 0.00000 K/cm

 Intermediate output for t = 170.00 s
 CPU-time: 2 s
 Current phase-field solver time step = 1.07E-01 s
 Temperature at the bottom = 1000.0 K
 Temperature gradient = 0.00000 K/cm

 Intermediate output for t = 180.00 s
 CPU-time: 2 s
 Current phase-field solver time step = 5.89E-02 s
 Temperature at the bottom = 1000.0 K
 Temperature gradient = 0.00000 K/cm

 Intermediate output for t = 190.00 s
 CPU-time: 1 s
 Current phase-field solver time step = 3.24E-02 s
 Temperature at the bottom = 1000.0 K
 Temperature gradient = 0.00000 K/cm

 Intermediate output for t = 200.00 s
 CPU-time: 2 s
 Current phase-field solver time step = 1.07E-01 s
 Temperature at the bottom = 1000.0 K
 Temperature gradient = 0.00000 K/cm

 Intermediate output for t = 210.00 s
 CPU-time: 2 s
 Current phase-field solver time step = 1.07E-01 s
 Temperature at the bottom = 1000.0 K
 Temperature gradient = 0.00000 K/cm

 Intermediate output for t = 220.00 s
 CPU-time: 1 s
 Current phase-field solver time step = 1.07E-01 s
 Temperature at the bottom = 1000.0 K
 Temperature gradient = 0.00000 K/cm

 Intermediate output for t = 230.00 s
 CPU-time: 1 s
 Current phase-field solver time step = 1.07E-01 s
 Temperature at the bottom = 1000.0 K
 Temperature gradient = 0.00000 K/cm

 Intermediate output for t = 240.00 s
 CPU-time: 2 s
 Current phase-field solver time step = 1.07E-01 s
 Temperature at the bottom = 1000.0 K
 Temperature gradient = 0.00000 K/cm

 Intermediate output for t = 250.00 s
 CPU-time: 2 s
 Current phase-field solver time step = 1.07E-01 s
 Temperature at the bottom = 1000.0 K
 Temperature gradient = 0.00000 K/cm

 Intermediate output for t = 300.00 s
 CPU-time: 9 s
 Current phase-field solver time step = 1.07E-01 s
 Temperature at the bottom = 1000.0 K
 Temperature gradient = 0.00000 K/cm

 Intermediate output for t = 350.00 s
 CPU-time: 9 s
 Current phase-field solver time step = 1.07E-01 s
 Temperature at the bottom = 1000.0 K
 Temperature gradient = 0.00000 K/cm

 Intermediate output for t = 400.00 s
 CPU-time: 9 s
 Current phase-field solver time step = 1.07E-01 s
 Temperature at the bottom = 1000.0 K
 Temperature gradient = 0.00000 K/cm

 Intermediate output for t = 450.00 s
 CPU-time: 8 s
 Current phase-field solver time step = 1.07E-01 s
 Temperature at the bottom = 1000.0 K
 Temperature gradient = 0.00000 K/cm

 Intermediate output for t = 500.00 s
 CPU-time: 8 s
 Current phase-field solver time step = 1.07E-01 s
 Temperature at the bottom = 1000.0 K
 Temperature gradient = 0.00000 K/cm

 Intermediate output for t = 550.00 s
 CPU-time: 8 s
 Current phase-field solver time step = 1.07E-01 s
 Temperature at the bottom = 1000.0 K
 Temperature gradient = 0.00000 K/cm

 Intermediate output for t = 600.00 s
 CPU-time: 8 s
 Current phase-field solver time step = 1.07E-01 s
 Temperature at the bottom = 1000.0 K
 Temperature gradient = 0.00000 K/cm

 Intermediate output for t = 650.00 s
 CPU-time: 8 s
 Current phase-field solver time step = 1.07E-01 s
 Temperature at the bottom = 1000.0 K
 Temperature gradient = 0.00000 K/cm

 Intermediate output for t = 700.00 s
 CPU-time: 8 s
 Current phase-field solver time step = 1.07E-01 s
 Temperature at the bottom = 1000.0 K
 Temperature gradient = 0.00000 K/cm

 Intermediate output for t = 750.00 s
 CPU-time: 8 s
 Current phase-field solver time step = 1.07E-01 s
 Temperature at the bottom = 1000.0 K
 Temperature gradient = 0.00000 K/cm

 Intermediate output for t = 800.00 s
 CPU-time: 8 s
 Current phase-field solver time step = 1.07E-01 s
 Temperature at the bottom = 1000.0 K
 Temperature gradient = 0.00000 K/cm

 Intermediate output for t = 850.00 s
 CPU-time: 8 s
 Current phase-field solver time step = 1.07E-01 s
 Temperature at the bottom = 1000.0 K
 Temperature gradient = 0.00000 K/cm

 Intermediate output for t = 900.00 s
 CPU-time: 8 s
 Current phase-field solver time step = 1.07E-01 s
 Temperature at the bottom = 1000.0 K
 Temperature gradient = 0.00000 K/cm

 Intermediate output for t = 950.00 s
 CPU-time: 8 s
 Current phase-field solver time step = 1.07E-01 s
 Temperature at the bottom = 1000.0 K
 Temperature gradient = 0.00000 K/cm

 Intermediate output for t = 1000.0 s
 CPU-time: 7 s
 Current phase-field solver time step = 1.07E-01 s
 Temperature at the bottom = 1000.0 K
 Temperature gradient = 0.00000 K/cm

 ==================================================

 Simulation run on machine n009
 Remaining license time: permanent
 CPU time in seconds:         189
 Wall clock time in seconds:  1057
 End
 
