
 MICRESS binary
 **************
 version number: 6.400 (Linux)
 compiled: 01/17/2018
 compiler version: Intel 1400 20140120
 executable architecture: x64
 Thermo-Calc coupling: enabled
 #    Version:    19
 #    Link Date:  20-03-2017 12:28:00
 #    OS Name:    Linux
 #    Build Date: 10716
 #    Compiler:   ifort (IFORT) 14.0.2 20140120
 OpenMP: disabled
 shell: /bin/tcsh
 ('double precision' binary)

 Miscellanea
 ***********
 Date and time: 17/01/2018 (06:02)
 Machine: n009
 Driving file: T041_Facetted_Grains_dri.temp


 Flags and settings
 ******************

 Geometry
 --------
 AnzX,   AnzY,   AnzZ   = 600, 1, 160
 deltaX, deltaY, deltaZ [cm] = 5.0000E-05, 5.0000E-05, 5.0000E-05

 Flags
 -----
 Phase-field simulation without coupling
 'Multi-obstacle' potential
 IFaceDim coeff. : 0.200 (0.75, 0.50)
 nTupelDim coeff.: 0.00 (0.75, 0.50)


 The data compression is done with 'zlib' (cf. http://www.zlib.net/).
 The routine for appending is loosely derived from the 'gzappend.c' example.


 Time input data
 ***************
 Number of intermediate outputs = 10
 Intermediate output at t       = 5.0000000E+00 s
 Intermediate output at t       = 1.0000000E+01 s
 Intermediate output at t       = 1.5000000E+01 s
 Intermediate output at t       = 2.0000000E+01 s
 Intermediate output at t       = 2.5000000E+01 s
 Intermediate output at t       = 3.0000000E+01 s
 Intermediate output at t       = 3.5000000E+01 s
 Intermediate output at t       = 4.0000000E+01 s
 Intermediate output at t       = 4.5000000E+01 s
 Intermediate output at t       = 5.0000000E+01 s
 Coefficient for phase-field criterion 1.00
 Weight factor for bulk increment = 2.500E-08
 Upper limit for time step: 1.000E+20
 Number of steps to adjust profiles of initially sharp interfaces [exclude_inactive]: 20
 
 
 Phase data
 **********
 Number of distinct solid phases = 1
 
 Data for phase 1:
 -----------------
 in phase 1, recrystallisation will not be considered.
 Phase 1 is faceted (model B).
 Tetragonal symmetry will be considered:
  kin. anisotropy parameter Kappa = 0.7500000
  the same value will be used for the facets of the phase
 Number of possible orientations of a facet: 2
 1 -th normal vector:, 0.8660191, 0.000000, 0.5000110
 2 -th normal vector:, -.8660191, 0.000000, 0.5000110
 No categorization is allowed for phase 1
 Grain orientations will be defined by 2D angles.


 Grain input
 ***********
 Grains will be positioned deterministically
 Number of grains = 5
 Input data for grain number 1:
  'Round' grain.
  x,z coordinates               : 25.0000, 40.0000 micrometers
  Grain radius                  : 2.00000 micrometers
  Grain 1 is stabilized
  No Voronoi construction
  Phase number                  : 1
  Rotation angle                : 0.000000000000000E+000  degree
 Input data for grain number 2:
  'Round' grain.
  x,z coordinates               : 80.0000, 40.0000 micrometers
  Grain radius                  : 2.00000 micrometers
  Grain 2 is stabilized
  No Voronoi construction
  Phase number                  : 1
  Rotation angle                : 22.5000000000000  degree
 Input data for grain number 3:
  'Round' grain.
  x,z coordinates               : 135.000, 40.0000 micrometers
  Grain radius                  : 2.00000 micrometers
  Grain 3 is stabilized
  No Voronoi construction
  Phase number                  : 1
  Rotation angle                : 45.0000000000000  degree
 Input data for grain number 4:
  'Round' grain.
  x,z coordinates               : 190.000, 40.0000 micrometers
  Grain radius                  : 2.00000 micrometers
  Grain 4 is stabilized
  No Voronoi construction
  Phase number                  : 1
  Rotation angle                : 67.5000000000000  degree
 Input data for grain number 5:
  'Round' grain.
  x,z coordinates               : 255.000, 40.0000 micrometers
  Grain radius                  : 2.00000 micrometers
  Grain 5 is stabilized
  No Voronoi construction
  Phase number                  : 1
  Rotation angle                : 90.0000000000000  degree


 Data for further nucleation
 ***************************
 Run-time nucleation disabled
 
 
 Phase interaction data
 **********************
 
 Data for phase interaction 0 / 1:
 ---------------------------------
  Interaction between 0 and 1 will be simulated.
  Interaction parameters between phases  0  and 1:
  'Smoothing angle'        smooth = 45.00
  Interfacial energy        sigma = 1.00000E-04 [J/cm**2]
  Kinetic coefficient          mu = 1.00000E-03 [cm**4/(Js)]
 static anisotropy coefficient   = 0.2000000
 kinetic anisotropy coefficient  = 1.0000000E-02
 
 Data for phase interaction 1 / 1:
 ---------------------------------
  Interaction between 1 and 1 will not be simulated.


 Phase diagram - input data
 **************************
 Equilibrium temperature between 0  and 1 = 1000.00000000000 K
 Entropy of fusion between phase 0  and 1 = 1.00000000000000 J/(cm**3 K)
 
 
 Boundary conditions
 *******************
 Initial temperature at the bottom: 999.0000 K
 Temperature gradient at beginning: 0.0000 K/cm
 Cooling rate: 0.0000 K/s
 Simulation domain not shifted
 
 In W-direction isolation boundary condition for phase field
 In E-direction isolation boundary condition for phase field
 In B-direction isolation boundary condition for phase field
 In T-direction isolation boundary condition for phase field
 
 Unit-cell model symmetric with respect to the x/y diagonal plane not activated


 Other numerical parameters
 **************************
 Phase minimum      phMin = 1.00E-04
 Interface thickness etaZ = 4.00000000000000


 Beginning of initialisation
 ***************************
 # Grain number 1 set
 # Grain number 2 set
 # Grain number 3 set
 # Grain number 4 set
 # Grain number 5 set
 
 # tWidth_max( 0 : 1 ) = 5.9375000E-03 s
 # Maximal value for tWidth = 5.9375000E-03 s for phase-field solver
 # Initial value for tWidth = 5.93750E-03 s for automatic time stepping (phase-field solver)
 # Critical grain radius:
 # of phase 1 in phase 0 = 1.0000 / dT_unt  [micrometers]
 
 Remaining license time: permanent

 ==================================================

 Time t = 0.0000000 s
 CPU-time: 0 s
 Current phase-field solver time step = 5.94E-03 s
 Temperature at the bottom = 999.00 K
 Temperature gradient = 0.00000 K/cm

 **********************************************
 *         Beginning of simulation            *
 **********************************************

 Intermediate output for t = 5.0000 s
 CPU-time: 1 s
 Current phase-field solver time step = 2.83E-03 s
 Temperature at the bottom = 999.00 K
 Temperature gradient = 0.00000 K/cm

 Intermediate output for t = 10.000 s
 CPU-time: 2 s
 Current phase-field solver time step = 2.76E-03 s
 Temperature at the bottom = 999.00 K
 Temperature gradient = 0.00000 K/cm

 Intermediate output for t = 15.000 s
 CPU-time: 2 s
 Current phase-field solver time step = 2.65E-03 s
 Temperature at the bottom = 999.00 K
 Temperature gradient = 0.00000 K/cm

 Intermediate output for t = 20.000 s
 CPU-time: 3 s
 Current phase-field solver time step = 2.69E-03 s
 Temperature at the bottom = 999.00 K
 Temperature gradient = 0.00000 K/cm

 Intermediate output for t = 25.000 s
 CPU-time: 5 s
 Current phase-field solver time step = 2.65E-03 s
 Temperature at the bottom = 999.00 K
 Temperature gradient = 0.00000 K/cm

 Intermediate output for t = 30.000 s
 CPU-time: 6 s
 Current phase-field solver time step = 2.69E-03 s
 Temperature at the bottom = 999.00 K
 Temperature gradient = 0.00000 K/cm

 Intermediate output for t = 35.000 s
 CPU-time: 6 s
 Current phase-field solver time step = 2.65E-03 s
 Temperature at the bottom = 999.00 K
 Temperature gradient = 0.00000 K/cm

 Intermediate output for t = 40.000 s
 CPU-time: 8 s
 Current phase-field solver time step = 2.77E-03 s
 Temperature at the bottom = 999.00 K
 Temperature gradient = 0.00000 K/cm

 Intermediate output for t = 45.000 s
 CPU-time: 8 s
 Current phase-field solver time step = 2.65E-03 s
 Temperature at the bottom = 999.00 K
 Temperature gradient = 0.00000 K/cm

 Intermediate output for t = 50.000 s
 CPU-time: 9 s
 Current phase-field solver time step = 3.23E-03 s
 Temperature at the bottom = 999.00 K
 Temperature gradient = 0.00000 K/cm

 ==================================================

 Simulation run on machine n009
 Remaining license time: permanent
 CPU time in seconds:          54
 Wall clock time in seconds:  75
 End
 
