
 MICRESS binary
 **************
 version number: 6.400 (Linux)
 compiled: 01/17/2018
 compiler version: Intel 1400 20140120
 executable architecture: x64
 Thermo-Calc coupling: enabled
 #    Version:    19
 #    Link Date:  20-03-2017 12:28:00
 #    OS Name:    Linux
 #    Build Date: 10716
 #    Compiler:   ifort (IFORT) 14.0.2 20140120
 OpenMP: disabled
 shell: /bin/tcsh
 ('double precision' binary)

 Miscellanea
 ***********
 Date and time: 17/01/2018 (06:19)
 Machine: n009
 Driving file: T044_Dendrite_dri.temp


 Flags and settings
 ******************

 Geometry
 --------
 AnzX,   AnzY,   AnzZ   = 250, 1, 250
 deltaX, deltaY, deltaZ [cm] = 5.0000E-05, 5.0000E-05, 5.0000E-05

 Flags
 -----
 Simulation with concentration coupling
 'Double-obstacle' potential
 no_1d_far_field
 no_1d_temp
 IFaceDim coeff. : 0.00 (0.75, 0.50)
 nTupelDim coeff.: 0.00 (0.75, 0.50)


 The data compression is done with 'zlib' (cf. http://www.zlib.net/).
 The routine for appending is loosely derived from the 'gzappend.c' example.


 Time input data
 ***************
 Number of intermediate outputs = 10
 Intermediate output at t       = 1.0000000E-01 s
 Intermediate output at t       = 2.0000000E-01 s
 Intermediate output at t       = 3.0000000E-01 s
 Intermediate output at t       = 4.0000000E-01 s
 Intermediate output at t       = 5.0000000E-01 s
 Intermediate output at t       = 6.0000000E-01 s
 Intermediate output at t       = 7.0000000E-01 s
 Intermediate output at t       = 8.0000000E-01 s
 Intermediate output at t       = 9.0000000E-01 s
 Intermediate output at t       = 1.0000000E+00 s
 Coefficient for phase-field criterion 1.00
 Coefficient for segregation criterion 0.990
 Upper limit for time step: 1.000E-02
 Lower limit for time step: 1.000E-06
 Number of steps to adjust profiles of initially sharp interfaces [exclude_inactive]: 0
 
 
 Phase data
 **********
 Number of distinct solid phases = 1
 
 Data for phase 1:
 -----------------
 in phase 1, recrystallisation will not be considered.
 Phase 1 is anisotropic.
 Cubic crystal symmetry will be considered:
 No categorization is allowed for phase 1
 Grain orientations will be defined by 2D angles.


 Grain input
 ***********
 Grains will be positioned deterministically
 Number of grains = 0


 Data for further nucleation
 ***************************
 Run-time nucleation enabled
 Number of types of seeds: 1

 Input for seed type 1:
 ----------------------
  Type of 'position' of the seeds: area
  Minimal value of x-coordinates: .50000 micrometers
  Maximal value of x-coordinates: 0.50000 micrometers
  Minimal value of z-coordinates: .50000 micrometers
  Maximal value of z-coordinates: 0.50000 micrometers
  Phase of new grains: 1
  Phase of new grains: 1
  Reference phase is phase 0
  Minimal fraction of reference phase: 0.00000
  Maximal fraction of reference phase: 1.00000
  Nucleation driving force for seed type 1 will be undercooling.
  Seed type 1 will be described by the nucleation model seed_undercooling
  maximum number of new nuclei 1: 1
  Grain radius [micrometers]: 0.00000
  Choice of growth mode:analytical_curvature
  Critical Radius               : 8.000000E-02 micrometers
  min. undercooling [K] (>0): 3.0000
  Determination of grain orientations is 'fix'
  Rotation angle                : +45.000  degree
  min. nucleation temperature for seed type 1: 0.0000 K
  max. nucleation temperature for seed type 1: 1000.0000 K
  Time between checks for nucleation: 8.00000E-02 [s]
  No random noise will be applied.

 Other nucleation parameters
 ---------------------------
  Metastable small seeds will be killed
 
 
 Phase interaction data
 **********************
 
 Data for phase interaction 0 / 1:
 ---------------------------------
  Interaction between 0 and 1 will be simulated.
  Interaction parameters between phases  0  and 1:
  Averaging coefficient        Av = +0.50
  'Smoothing angle'        smooth = 30.00
  Interfacial energy        sigma = 2.00000E-05 [J/cm**2]
  Kinetic coefficient          mu = 1.00000E+00 [cm**4/(Js)]
 Cubic anisotropy of interfacial stiffness.
  Coefficient delta = 0.5000000
 Cubic anisotropy of interfacial mobility.
  Coefficient delta = 5.0000000E-02


 Concentration data
 ******************
 Number of dissolved constituents = 1
 Concentration in atom percent at%

 Diffusion Data
 --------------
 Diffusion of component 1  in phase 0  will be solved.
 Diff.-coefficient:
 Prefactor: 3.000000000000000E-005 [cm**2/s]
 Activation energy: 0.000000000000000E+000 [J/mol]
 Diffusion of component 1  in phase 1  will be solved.
 Diff.-coefficient:
 Prefactor: 1.000000000000000E-008 [cm**2/s]
 Activation energy: 0.000000000000000E+000 [J/mol]


 Phase diagram - input data
 **************************

 TC-Coupling is not performed

 Input of the phase diagram of phase 0 and phase 1:
 --------------------------------------------------
 Linear phase diagram is used
  Temperature of the cut = 886.000000000000 K
  conc0( 0: 1: 1) = 8.00000E+00 [at%]
  conc0( 1: 0: 1) = 4.00000E+00 [at%]
  Slope       mSlope( 1: 0: 1) = -4.00000E+01 K/at%
  Slope       mSlope( 0: 1: 1) = -6.00000E+00 K/at%
 Redistribution characteristics of components:
 1:  ATC
 
 
 Initial concentrations
 **********************
 Concentrations will be automatically set, matrix phase: 0
 Initial concentration of component 1 in phase 0 = 8.000000000 at%


 Parameters for latent heat and 1D temperature field
 ***************************************************
 Simulation without release of latent heat
 
 
 Boundary conditions
 *******************
 Initial temperature at the bottom: 872.0000 K
 Temperature gradient at beginning: 0.0000 K/cm
 Cooling rate: 0.0000 K/s
 Simulation domain not shifted
 
 In W-direction symmetric boundary condition for phase field
 In E-direction isolation boundary condition for phase field
 In B-direction symmetric boundary condition for phase field
 In T-direction isolation boundary condition for phase field
 
 In W-direction symmetric boundary condition for concentration field
 In E-direction isolation boundary condition for concentration field
 In B-direction symmetric boundary condition for concentration field
 In T-direction isolation boundary condition for concentration field
 
 Unit-cell model symmetric with respect to the x/y diagonal plane not activated


 Other numerical parameters
 **************************
 Phase minimum      phMin = 1.00E-04
 Interface thickness etaZ = 4.00000000000000


 Beginning of initialisation
 ***************************
 Equilibrium temperature T_Glgew = 886.0000 K
 Phase  0, Component  0: 92.00000
 Phase  0, Component  1: 8.000000
 Phase  1, Component  0: 96.00000
 Phase  1, Component  1: 4.000000
 
 # tWidth_max( 0 : 1 ) = 2.8273810E-05 s
 # Maximal value for tWidth = 2.8273810E-05 s for phase-field solver
 # Maximal value for tWidth = 1.9791667E-05 s for conc-field solver
 # Automatic time stepping (phase-field solver): decreased value for tWidth = 1.88021E-05 s
 # Initial value for tWidth = 1.88021E-05 s for automatic time stepping (phase-field solver)
 # Critical grain radius:
 # of phase 1 in phase 0 = 0.25000 / dT_unt  [micrometers]
 
 Remaining license time: permanent

 ==================================================

 Time t = 0.0000000 s
 CPU-time: 0 s
 Current phase-field solver time step = 1.88E-05 s
 Average conc. of comp. 1 = 8.0000000 at%
 Temperature at the bottom = 872.00 K
 Temperature gradient = 0.00000 K/cm
 Fraction of phase 0: 1.00000
 Fraction of phase 1: 0.00000

 **********************************************
 *         Beginning of simulation            *
 **********************************************

 Seed number 1 set at time t = 0.80000E-01 s
 -------------------------------------------
 in user-defined area
 Phase: 1
 Seed type: 1
 Local temperature = 872.00 K
 Undercooling = 14.000 K
 Grain number = 1

 Grain 1 reaches full size at t = 8.034390E-02 s

 Intermediate output for t = 0.10000 s
 CPU-time: 1 s
 Current phase-field solver time step = 3.17E-05 s
 Average conc. of comp. 1 = 8.0000000, Variation = +0.0000000 at%
 Temperature at the bottom = 872.00 K
 Temperature gradient = 0.00000 K/cm

 Intermediate output for t = 0.20000 s
 CPU-time: 9 s
 Current phase-field solver time step = 3.72E-05 s
 Average conc. of comp. 1 = 8.0000000, Variation = +0.0000000 at%
 Temperature at the bottom = 872.00 K
 Temperature gradient = 0.00000 K/cm

 Intermediate output for t = 0.30000 s
 CPU-time: 13 s
 Current phase-field solver time step = 3.75E-05 s
 Average conc. of comp. 1 = 8.0000000, Variation = +0.0000000 at%
 Temperature at the bottom = 872.00 K
 Temperature gradient = 0.00000 K/cm

 Intermediate output for t = 0.40000 s
 CPU-time: 22 s
 Current phase-field solver time step = 4.45E-05 s
 Average conc. of comp. 1 = 8.0000000, Variation = +0.0000000 at%
 Temperature at the bottom = 872.00 K
 Temperature gradient = 0.00000 K/cm

 Intermediate output for t = 0.50000 s
 CPU-time: 27 s
 Current phase-field solver time step = 4.46E-05 s
 Average conc. of comp. 1 = 8.0000000, Variation = +0.0000000 at%
 Temperature at the bottom = 872.00 K
 Temperature gradient = 0.00000 K/cm

 Intermediate output for t = 0.60000 s
 CPU-time: 37 s
 Current phase-field solver time step = 4.46E-05 s
 Average conc. of comp. 1 = 8.0000000, Variation = +0.0000000 at%
 Temperature at the bottom = 872.00 K
 Temperature gradient = 0.00000 K/cm

 Intermediate output for t = 0.70000 s
 CPU-time: 38 s
 Current phase-field solver time step = 4.47E-05 s
 Average conc. of comp. 1 = 8.0000000, Variation = +0.0000000 at%
 Temperature at the bottom = 872.00 K
 Temperature gradient = 0.00000 K/cm

 Intermediate output for t = 0.80000 s
 CPU-time: 40 s
 Current phase-field solver time step = 4.47E-05 s
 Average conc. of comp. 1 = 8.0000000, Variation = +0.0000000 at%
 Temperature at the bottom = 872.00 K
 Temperature gradient = 0.00000 K/cm

 Intermediate output for t = 0.90000 s
 CPU-time: 38 s
 Current phase-field solver time step = 4.49E-05 s
 Average conc. of comp. 1 = 8.0000000, Variation = +0.0000000 at%
 Temperature at the bottom = 872.00 K
 Temperature gradient = 0.00000 K/cm

 Intermediate output for t = 1.0000 s
 CPU-time: 35 s
 Current phase-field solver time step = 4.46E-05 s
 Average conc. of comp. 1 = 8.0000000, Variation = +0.0000000 at%
 Temperature at the bottom = 872.00 K
 Temperature gradient = 0.00000 K/cm

 ==================================================

 Simulation run on machine n009
 Remaining license time: permanent
 CPU time in seconds:         266
 Wall clock time in seconds:  287
 End
 
