
 MICRESS binary
 **************
 version number: 6.400 (Linux)
 compiled: 01/17/2018
 compiler version: Intel 1400 20140120
 executable architecture: x64
 Thermo-Calc coupling: enabled
 #    Version:    19
 #    Link Date:  20-03-2017 12:28:00
 #    OS Name:    Linux
 #    Build Date: 10716
 #    Compiler:   ifort (IFORT) 14.0.2 20140120
 OpenMP: disabled
 shell: /bin/tcsh
 ('double precision' binary)

 Miscellanea
 ***********
 Date and time: 17/01/2018 (04:57)
 Machine: n009
 Driving file: T029_Grain_Growth_Misorientation_3D_dri.temp


 Flags and settings
 ******************

 Geometry
 --------
 AnzX,   AnzY,   AnzZ   = 100, 100, 100
 deltaX, deltaY, deltaZ [cm] = 1.0000E-04, 1.0000E-04, 1.0000E-04

 Flags
 -----
 Phase-field simulation without coupling
 'Multi-obstacle' potential
 IFaceDim coeff. : 0.500 (0.95, 0.75)
 nTupelDim coeff.: 0.500 (0.95, 0.75)


 The data compression is done with 'zlib' (cf. http://www.zlib.net/).
 The routine for appending is loosely derived from the 'gzappend.c' example.


 Time input data
 ***************
 Number of intermediate outputs = 15
 Intermediate output at t       = 5.0000000E+01 s
 Intermediate output at t       = 1.0000000E+02 s
 Intermediate output at t       = 1.5000000E+02 s
 Intermediate output at t       = 2.0000000E+02 s
 Intermediate output at t       = 2.5000000E+02 s
 Intermediate output at t       = 3.0000000E+02 s
 Intermediate output at t       = 3.5000000E+02 s
 Intermediate output at t       = 4.0000000E+02 s
 Intermediate output at t       = 4.5000000E+02 s
 Intermediate output at t       = 5.0000000E+02 s
 Intermediate output at t       = 6.0000000E+02 s
 Intermediate output at t       = 7.0000000E+02 s
 Intermediate output at t       = 8.0000000E+02 s
 Intermediate output at t       = 9.0000000E+02 s
 Intermediate output at t       = 1.0000000E+03 s
 Coefficient for phase-field criterion 1.00
 Weight factor for bulk increment = 1.000E-07
 Upper limit for time step: 1.000E+20
 Number of steps to adjust profiles of initially sharp interfaces [exclude_inactive]: 40
 
 
 Phase data
 **********
 Number of distinct solid phases = 1
 
 Data for phase 1:
 -----------------
 in phase 1, recrystallisation will not be considered.
 Phase 1 is anisotropic.
 Cubic crystal symmetry will be considered:
 No categorization is allowed for phase 1
 Grain orientations will be defined by angle and axis.


 Grain input
 ***********
 Grains will be positioned randomly
 Integer for randomization: 77
 Number of different types of grains: 1
 Number of grains of type 1: 200

 Input for grain type 1
 ----------------------
  For grain type 1 round grains will be set.
  Minimal value of x-coordinates: 0.00000 micrometers
  Maximal value of x-coordinates: 100.000 micrometers
  Minimal value of y-coordinates: 0.00000 micrometers
  Maximal value of y-coordinates: 0.00000 micrometers
  Minimal value of z-coordinates: 0.00000 micrometers
  Maximal value of z-coordinates: 100.000 micrometers
  Minimum grain radius: 30.0000 micrometers
  Maximum grain radius: 35.0000 micrometers
  Grain type 1 is stabilized
  For grains of type 1 will be set according to the Voronoi construction
  Phase number for grain type 1: 1
  Determination of grain orientations is 'random'
  Minimal distance between grains is: 16.000 micrometers

 I.e.:
 -----
 Number of grains = 200
 Input data for grain number 1:
  'Round' grain.
  x,y,z coordinates             : 79.2205, 92.9693, 89.1989 micrometers
  Grain radius                  : 32.421 micrometers
  Stabilisation
  Voronoi construction
  Phase number                  : 1
  Rotation angle                : +44.4470 degree
  Rotation axis defined by      : -0.174105203416770       0.853540972038721      -0.491075541230065
 Input data for grain number 2:
  'Round' grain.
  x,y,z coordinates             : 37.3510, 67.7018, 41.7769 micrometers
  Grain radius                  : 33.005 micrometers
  Stabilisation
  Voronoi construction
  Phase number                  : 1
  Rotation angle                : +46.4580 degree
  Rotation axis defined by      : 0.413186010443667      -0.148747391511356       0.898416125351840
 Input data for grain number 3:
  'Round' grain.
  x,y,z coordinates             : 7.47240, 48.5794, 92.0500 micrometers
  Grain radius                  : 33.861 micrometers
  Stabilisation
  Voronoi construction
  Phase number                  : 1
  Rotation angle                : +45.9200 degree
  Rotation axis defined by      : -0.702587128823880      -0.692004029134361       0.165836516101937
 Input data for grain number 4:
  'Round' grain.
  x,y,z coordinates             : 40.4765, 96.5680, 21.6023 micrometers
  Grain radius                  : 33.031 micrometers
  Stabilisation
  Voronoi construction
  Phase number                  : 1
  Rotation angle                : +45.4173 degree
  Rotation axis defined by      : 0.332280237224177       0.748342972647043       0.574084174350793
 Input data for grain number 5:
  'Round' grain.
  x,y,z coordinates             : 23.4477, 49.5588, 3.51248 micrometers
  Grain radius                  : 33.740 micrometers
  Stabilisation
  Voronoi construction
  Phase number                  : 1
  Rotation angle                : +35.6475 degree
  Rotation axis defined by      : 0.958116015957840      -0.129895686612481       0.255226978520195
 Input data for grain number 6:
  'Round' grain.
  x,y,z coordinates             : 37.9567, 4.26477, 81.7516 micrometers
  Grain radius                  : 30.979 micrometers
  Stabilisation
  Voronoi construction
  Phase number                  : 1
  Rotation angle                : +43.6270 degree
  Rotation axis defined by      : -0.655861728311107       0.724715369907563       0.211265297568037
 Input data for grain number 7:
  'Round' grain.
  x,y,z coordinates             : 89.5661, 93.5773, 74.9105 micrometers
  Grain radius                  : 33.456 micrometers
  Stabilisation
  Voronoi construction
  Phase number                  : 1
  Rotation angle                : +54.0365 degree
  Rotation axis defined by      : -0.760566346927156      -0.636793271067207       0.126622122259135
 Input data for grain number 8:
  'Round' grain.
  x,y,z coordinates             : 92.5998, 70.4364, 73.8714 micrometers
  Grain radius                  : 34.510 micrometers
  Stabilisation
  Voronoi construction
  Phase number                  : 1
  Rotation angle                : +50.0904 degree
  Rotation axis defined by      : 0.567190813092391       0.627226275831157      -0.533743178364436
 Input data for grain number 9:
  'Round' grain.
  x,y,z coordinates             : 40.0289, 71.6738, 26.4632 micrometers
  Grain radius                  : 31.229 micrometers
  Stabilisation
  Voronoi construction
  Phase number                  : 1
  Rotation angle                : +51.3023 degree
  Rotation axis defined by      : 0.148081097279856       0.536079280801688       0.831078211315601
 Input data for grain number 10:
  'Round' grain.
  x,y,z coordinates             : 74.9859, 7.32152, 66.5825 micrometers
  Grain radius                  : 31.409 micrometers
  Stabilisation
  Voronoi construction
  Phase number                  : 1
  Rotation angle                : +38.0906 degree
  Rotation axis defined by      : 0.220192652601862      -0.903689809687895      -0.367232792117496
 Input data for grain number 11:
  'Round' grain.
  x,y,z coordinates             : 97.2258, 41.2207, 90.1625 micrometers
  Grain radius                  : 33.362 micrometers
  Stabilisation
  Voronoi construction
  Phase number                  : 1
  Rotation angle                : +59.8966 degree
  Rotation axis defined by      : 0.610892074700097      -0.370764328207791      -0.699531761964557
 Input data for grain number 12:
  'Round' grain.
  x,y,z coordinates             : 75.6484, 56.6349, 81.2954 micrometers
  Grain radius                  : 34.463 micrometers
  Stabilisation
  Voronoi construction
  Phase number                  : 1
  Rotation angle                : +48.6549 degree
  Rotation axis defined by      : 0.561924187004804      -0.765036082411756       0.314580674338177
 Input data for grain number 13:
  'Round' grain.
  x,y,z coordinates             : 4.99054, 47.1290, 62.9280 micrometers
  Grain radius                  : 34.533 micrometers
  Stabilisation
  Voronoi construction
  Phase number                  : 1
  Rotation angle                : +25.3548 degree
  Rotation axis defined by      : 0.572487267604219      -0.216163294734220       0.790905657105006
 Input data for grain number 14:
  'Round' grain.
  x,y,z coordinates             : 64.3009, 79.5614, 39.5670 micrometers
  Grain radius                  : 30.219 micrometers
  Stabilisation
  Voronoi construction
  Phase number                  : 1
  Rotation angle                : +28.8471 degree
  Rotation axis defined by      : -0.824729136080350       9.897880945187799E-003  0.565441317957004
 Input data for grain number 15:
  'Round' grain.
  x,y,z coordinates             : 92.6181, 69.9990, 54.4497 micrometers
  Grain radius                  : 30.230 micrometers
  Stabilisation
  Voronoi construction
  Phase number                  : 1
  Rotation angle                : +39.7531 degree
  Rotation axis defined by      : 0.425147678688210       0.782647106053202      -0.454656968155746
 Input data for grain number 16:
  'Round' grain.
  x,y,z coordinates             : 51.2237, 51.6353, 37.0620 micrometers
  Grain radius                  : 33.586 micrometers
  Stabilisation
  Voronoi construction
  Phase number                  : 1
  Rotation angle                : +44.2909 degree
  Rotation axis defined by      : 0.267310369641890       0.354713918615526      -0.895948214029324
 Input data for grain number 17:
  'Round' grain.
  x,y,z coordinates             : 98.9307, 49.9837, 71.1870 micrometers
  Grain radius                  : 31.053 micrometers
  Stabilisation
  Voronoi construction
  Phase number                  : 1
  Rotation angle                : +42.0265 degree
  Rotation axis defined by      : 0.911859731610998       0.281677422901192      -0.298612892042629
 Input data for grain number 18:
  'Round' grain.
  x,y,z coordinates             : 65.4337, 45.2556, 32.1544 micrometers
  Grain radius                  : 33.663 micrometers
  Stabilisation
  Voronoi construction
  Phase number                  : 1
  Rotation angle                : +42.5378 degree
  Rotation axis defined by      : -0.274397725795188      -0.386295918443418       0.880614189910874
 Input data for grain number 19:
  'Round' grain.
  x,y,z coordinates             : 88.3232, 55.5489, 5.14492 micrometers
  Grain radius                  : 31.295 micrometers
  Stabilisation
  Voronoi construction
  Phase number                  : 1
  Rotation angle                : +36.3162 degree
  Rotation axis defined by      : -0.440212295279837      -0.437588727682493       0.784046708104610
 Input data for grain number 20:
  'Round' grain.
  x,y,z coordinates             : 30.9909, 56.6980, 97.0737 micrometers
  Grain radius                  : 32.046 micrometers
  Stabilisation
  Voronoi construction
  Phase number                  : 1
  Rotation angle                : +44.8417 degree
  Rotation axis defined by      : 0.785402359683059      -0.612057076051712      -9.235404192189857E-002
 Input data for grain number 21:
  'Round' grain.
  x,y,z coordinates             : 58.2101, 51.6316, 0.944919 micrometers
  Grain radius                  : 30.659 micrometers
  Stabilisation
  Voronoi construction
  Phase number                  : 1
  Rotation angle                : +55.3636 degree
  Rotation axis defined by      : 0.729053567419255      -0.445061463472561       0.520001143811165
 Input data for grain number 22:
  'Round' grain.
  x,y,z coordinates             : 66.2909, 76.1468, 59.0102 micrometers
  Grain radius                  : 34.405 micrometers
  Stabilisation
  Voronoi construction
  Phase number                  : 1
  Rotation angle                : +34.3199 degree
  Rotation axis defined by      : -0.590662910015697       0.151075279592229       0.792649725053834
 Input data for grain number 23:
  'Round' grain.
  x,y,z coordinates             : 16.7623, 58.5442, 79.2148 micrometers
  Grain radius                  : 34.656 micrometers
  Stabilisation
  Voronoi construction
  Phase number                  : 1
  Rotation angle                : +38.3903 degree
  Rotation axis defined by      : 0.654205953762995       0.698694403931792      -0.289552585855225
 Input data for grain number 24:
  'Round' grain.
  x,y,z coordinates             : 5.06735, 92.1578, 79.6710 micrometers
  Grain radius                  : 31.139 micrometers
  Stabilisation
  Voronoi construction
  Phase number                  : 1
  Rotation angle                : +47.2211 degree
  Rotation axis defined by      : -0.544978066668819      -0.816258339406266       0.191627842965582
 Input data for grain number 25:
  'Round' grain.
  x,y,z coordinates             : 24.6869, 74.2967, 2.37832 micrometers
  Grain radius                  : 31.295 micrometers
  Stabilisation
  Voronoi construction
  Phase number                  : 1
  Rotation angle                : +48.1722 degree
  Rotation axis defined by      : 0.706734159654108      -0.578744126151830      -0.406917760761012
 Input data for grain number 26:
  'Round' grain.
  x,y,z coordinates             : 25.4831, 88.8575, 19.4093 micrometers
  Grain radius                  : 33.319 micrometers
  Stabilisation
  Voronoi construction
  Phase number                  : 1
  Rotation angle                : +37.4982 degree
  Rotation axis defined by      : 0.985628944475877       6.178536137675683E-002 -0.157220078014584
 Input data for grain number 27:
  'Round' grain.
  x,y,z coordinates             : 48.7513, 36.4264, 2.74000 micrometers
  Grain radius                  : 31.842 micrometers
  Stabilisation
  Voronoi construction
  Phase number                  : 1
  Rotation angle                : +46.1252 degree
  Rotation axis defined by      : 0.794267721652877      -0.523142087737561      -0.308967866254622
 Input data for grain number 28:
  'Round' grain.
  x,y,z coordinates             : 58.1978, 23.6245, 30.8456 micrometers
  Grain radius                  : 30.591 micrometers
  Stabilisation
  Voronoi construction
  Phase number                  : 1
  Rotation angle                : +41.7880 degree
  Rotation axis defined by      : -0.952731732651089      -0.200380307052231       0.228363697082760
 Input data for grain number 29:
  'Round' grain.
  x,y,z coordinates             : 82.4168, 7.95976, 13.3215 micrometers
  Grain radius                  : 31.665 micrometers
  Stabilisation
  Voronoi construction
  Phase number                  : 1
  Rotation angle                : +18.3582 degree
  Rotation axis defined by      : 3.025988580637872E-002 -0.982685633526694       0.182793011275666
 Input data for grain number 30:
  'Round' grain.
  x,y,z coordinates             : 89.3246, 44.2616, 24.4773 micrometers
  Grain radius                  : 32.488 micrometers
  Stabilisation
  Voronoi construction
  Phase number                  : 1
  Rotation angle                : +43.1571 degree
  Rotation axis defined by      : 0.462433668113468       0.816507165944295      -0.345645990222278
 Input data for grain number 31:
  'Round' grain.
  x,y,z coordinates             : 48.4999, 6.47632, 67.4155 micrometers
  Grain radius                  : 32.590 micrometers
  Stabilisation
  Voronoi construction
  Phase number                  : 1
  Rotation angle                : +52.6941 degree
  Rotation axis defined by      : 0.307446736784518      -0.692002190494885       0.653153483027406
 Input data for grain number 32:
  'Round' grain.
  x,y,z coordinates             : 27.8553, 90.3057, 81.1184 micrometers
  Grain radius                  : 34.151 micrometers
  Stabilisation
  Voronoi construction
  Phase number                  : 1
  Rotation angle                : +24.0081 degree
  Rotation axis defined by      : 0.893772103314189      -0.402845289346926      -0.197198124200823
 Input data for grain number 33:
  'Round' grain.
  x,y,z coordinates             : 70.0862, 44.3736, 16.6395 micrometers
  Grain radius                  : 31.204 micrometers
  Stabilisation
  Voronoi construction
  Phase number                  : 1
  Rotation angle                : +46.9168 degree
  Rotation axis defined by      : -0.583058259656764      -0.492241160746654      -0.646329409444450
 Input data for grain number 34:
  'Round' grain.
  x,y,z coordinates             : 98.3503, 28.4505, 68.3964 micrometers
  Grain radius                  : 31.272 micrometers
  Stabilisation
  Voronoi construction
  Phase number                  : 1
  Rotation angle                : +57.5264 degree
  Rotation axis defined by      : 4.044773683186438E-002  0.681656922700228       0.730553092061101
 Input data for grain number 35:
  'Round' grain.
  x,y,z coordinates             : 8.53352, 88.3789, 28.0346 micrometers
  Grain radius                  : 30.802 micrometers
  Stabilisation
  Voronoi construction
  Phase number                  : 1
  Rotation angle                : +42.5834 degree
  Rotation axis defined by      : 0.140471118013758       0.936694151823467      -0.320736544446810
 Input data for grain number 36:
  'Round' grain.
  x,y,z coordinates             : 97.6583, 5.19963, 4.81478 micrometers
  Grain radius                  : 33.317 micrometers
  Stabilisation
  Voronoi construction
  Phase number                  : 1
  Rotation angle                : +21.3984 degree
  Rotation axis defined by      : -0.975613434326144      -0.174096939047741      -0.133673791659229
 Input data for grain number 37:
  'Round' grain.
  x,y,z coordinates             : 36.8959, 46.5764, 46.5801 micrometers
  Grain radius                  : 34.220 micrometers
  Stabilisation
  Voronoi construction
  Phase number                  : 1
  Rotation angle                : +34.4648 degree
  Rotation axis defined by      : 0.506370260345018       7.244499042018611E-002  0.859267643287665
 Input data for grain number 38:
  'Round' grain.
  x,y,z coordinates             : 83.7878, 50.4522, 38.9191 micrometers
  Grain radius                  : 34.458 micrometers
  Stabilisation
  Voronoi construction
  Phase number                  : 1
  Rotation angle                : +35.3957 degree
  Rotation axis defined by      : 0.680664142151340      -0.167219094282218      -0.713255984970904
 Input data for grain number 39:
  'Round' grain.
  x,y,z coordinates             : 91.5462, 39.2528, 7.03002 micrometers
  Grain radius                  : 33.560 micrometers
  Stabilisation
  Voronoi construction
  Phase number                  : 1
  Rotation angle                : +44.5679 degree
  Rotation axis defined by      : -6.514475374697905E-002 -0.439677461611763      -0.895790093051872
 Input data for grain number 40:
  'Round' grain.
  x,y,z coordinates             : 31.6374, 68.1181, 63.7048 micrometers
  Grain radius                  : 33.121 micrometers
  Stabilisation
  Voronoi construction
  Phase number                  : 1
  Rotation angle                : +38.9325 degree
  Rotation axis defined by      : -0.296359767003815      -0.131801133431952       0.945938343512672
 Input data for grain number 41:
  'Round' grain.
  x,y,z coordinates             : 65.3210, 47.1607, 91.7402 micrometers
  Grain radius                  : 31.142 micrometers
  Stabilisation
  Voronoi construction
  Phase number                  : 1
  Rotation angle                : +31.1602 degree
  Rotation axis defined by      : -0.606193202835364       0.749460889374928       0.266154421593075
 Input data for grain number 42:
  'Round' grain.
  x,y,z coordinates             : 85.0700, 32.4263, 44.6657 micrometers
  Grain radius                  : 32.499 micrometers
  Stabilisation
  Voronoi construction
  Phase number                  : 1
  Rotation angle                : +59.0789 degree
  Rotation axis defined by      : 0.456751297549405       0.610768571425106      -0.646792087417796
 Input data for grain number 43:
  'Round' grain.
  x,y,z coordinates             : 83.9807, 23.5479, 1.24409 micrometers
  Grain radius                  : 33.536 micrometers
  Stabilisation
  Voronoi construction
  Phase number                  : 1
  Rotation angle                : +38.2182 degree
  Rotation axis defined by      : 0.686006922400871      -0.601905101606149      -0.408784479987409
 Input data for grain number 44:
  'Round' grain.
  x,y,z coordinates             : 17.9955, 9.56047, 47.8657 micrometers
  Grain radius                  : 34.094 micrometers
  Stabilisation
  Voronoi construction
  Phase number                  : 1
  Rotation angle                : +46.5068 degree
  Rotation axis defined by      : -0.959393359995266      -6.724542559022173E-002  0.273938740477107
 Input data for grain number 45:
  'Round' grain.
  x,y,z coordinates             : 55.2528, 15.6460, 6.72038 micrometers
  Grain radius                  : 34.592 micrometers
  Stabilisation
  Voronoi construction
  Phase number                  : 1
  Rotation angle                : +27.0568 degree
  Rotation axis defined by      : 0.423831977352223       0.857849619363306      -0.290620862176025
 Input data for grain number 46:
  'Round' grain.
  x,y,z coordinates             : 40.4544, 82.3795, 8.62018 micrometers
  Grain radius                  : 33.629 micrometers
  Stabilisation
  Voronoi construction
  Phase number                  : 1
  Rotation angle                : +47.8865 degree
  Rotation axis defined by      : 0.135741886105146      -0.825842243157033      -0.547319586506803
 Input data for grain number 47:
  'Round' grain.
  x,y,z coordinates             : 9.01829, 66.1384, 14.2752 micrometers
  Grain radius                  : 31.963 micrometers
  Stabilisation
  Voronoi construction
  Phase number                  : 1
  Rotation angle                : +52.8403 degree
  Rotation axis defined by      : 0.751480020956873      -0.392625291636507      -0.530210485062307
 Input data for grain number 48:
  'Round' grain.
  x,y,z coordinates             : 88.6993, 18.2887, 32.6198 micrometers
  Grain radius                  : 34.892 micrometers
  Stabilisation
  Voronoi construction
  Phase number                  : 1
  Rotation angle                : +21.7582 degree
  Rotation axis defined by      : -0.166203435998410       0.928808427158763       0.331196804787104
 Input data for grain number 49:
  'Round' grain.
  x,y,z coordinates             : 46.7816, 63.5389, 0.301887 micrometers
  Grain radius                  : 34.666 micrometers
  Stabilisation
  Voronoi construction
  Phase number                  : 1
  Rotation angle                : +54.5701 degree
  Rotation axis defined by      : 0.605849786218442       0.782496659029046       0.143683733064843
 Input data for grain number 50:
  'Round' grain.
  x,y,z coordinates             : 90.2390, 76.8068, 9.16935 micrometers
  Grain radius                  : 32.977 micrometers
  Stabilisation
  Voronoi construction
  Phase number                  : 1
  Rotation angle                : +26.6429 degree
  Rotation axis defined by      : -0.547765737965791       0.590254089531127       0.592918886613147
 Input data for grain number 51:
  'Round' grain.
  x,y,z coordinates             : 38.1358, 37.3326, 76.9852 micrometers
  Grain radius                  : 34.949 micrometers
  Stabilisation
  Voronoi construction
  Phase number                  : 1
  Rotation angle                : +12.4925 degree
  Rotation axis defined by      : -0.909549875828879      -0.139515917598970       0.391477115699229
 Input data for grain number 52:
  'Round' grain.
  x,y,z coordinates             : 44.6143, 41.4758, 17.6878 micrometers
  Grain radius                  : 33.432 micrometers
  Stabilisation
  Voronoi construction
  Phase number                  : 1
  Rotation angle                : +43.9041 degree
  Rotation axis defined by      : -0.245591974747402      -0.942683915526382      -0.225901786950702
 Input data for grain number 53:
  'Round' grain.
  x,y,z coordinates             : 47.0607, 73.9992, 57.4796 micrometers
  Grain radius                  : 30.688 micrometers
  Stabilisation
  Voronoi construction
  Phase number                  : 1
  Rotation angle                : +28.8327 degree
  Rotation axis defined by      : -0.681033389558691       0.714099848938523       0.162033725045677
 Input data for grain number 54:
  'Round' grain.
  x,y,z coordinates             : 15.4215, 24.0411, 69.1294 micrometers
  Grain radius                  : 32.541 micrometers
  Stabilisation
  Voronoi construction
  Phase number                  : 1
  Rotation angle                : +58.9328 degree
  Rotation axis defined by      : 6.756030637907853E-002  0.678248783608684      -0.731720023325387
 Input data for grain number 55:
  'Round' grain.
  x,y,z coordinates             : 1.31647, 12.1530, 31.2853 micrometers
  Grain radius                  : 32.340 micrometers
  Stabilisation
  Voronoi construction
  Phase number                  : 1
  Rotation angle                : +29.6541 degree
  Rotation axis defined by      : 0.626313266641737       0.376247229791184      -0.682766222145630
 Input data for grain number 56:
  'Round' grain.
  x,y,z coordinates             : 12.4374, 27.5037, 12.3170 micrometers
  Grain radius                  : 34.500 micrometers
  Stabilisation
  Voronoi construction
  Phase number                  : 1
  Rotation angle                : +31.7420 degree
  Rotation axis defined by      : 0.317711641202579       0.903106768508613       0.288890078954424
 Input data for grain number 57:
  'Round' grain.
  x,y,z coordinates             : 81.0954, 37.0032, 99.2131 micrometers
  Grain radius                  : 31.120 micrometers
  Stabilisation
  Voronoi construction
  Phase number                  : 1
  Rotation angle                : +47.0927 degree
  Rotation axis defined by      : 0.760108668197717      -0.415067757876413      -0.499953566746093
 Input data for grain number 58:
  'Round' grain.
  x,y,z coordinates             : 78.5917, 45.5768, 65.8302 micrometers
  Grain radius                  : 32.871 micrometers
  Stabilisation
  Voronoi construction
  Phase number                  : 1
  Rotation angle                : +51.0496 degree
  Rotation axis defined by      : 0.488707569225803      -0.848280225992774      -0.203925402956704
 Input data for grain number 59:
  'Round' grain.
  x,y,z coordinates             : 84.7375, 14.6533, 98.0431 micrometers
  Grain radius                  : 33.464 micrometers
  Stabilisation
  Voronoi construction
  Phase number                  : 1
  Rotation angle                : +52.3402 degree
  Rotation axis defined by      : -0.496174723564243      -0.821015794939074       0.282389284776365
 Input data for grain number 60:
  'Round' grain.
  x,y,z coordinates             : 57.0234, 94.3764, 10.4892 micrometers
  Grain radius                  : 31.537 micrometers
  Stabilisation
  Voronoi construction
  Phase number                  : 1
  Rotation angle                : +42.2500 degree
  Rotation axis defined by      : 0.702989088465126      -0.443926122406090       0.555640116752260
 Input data for grain number 61:
  'Round' grain.
  x,y,z coordinates             : 11.5462, 21.6978, 99.6273 micrometers
  Grain radius                  : 33.115 micrometers
  Stabilisation
  Voronoi construction
  Phase number                  : 1
  Rotation angle                : +38.7365 degree
  Rotation axis defined by      : -0.896557704816751       0.437696169382473      -6.787006145296839E-002
 Input data for grain number 62:
  'Round' grain.
  x,y,z coordinates             : 42.1827, 6.19396, 17.9752 micrometers
  Grain radius                  : 34.095 micrometers
  Stabilisation
  Voronoi construction
  Phase number                  : 1
  Rotation angle                : +27.3801 degree
  Rotation axis defined by      : 0.269281766757911      -0.104555002972541       0.957369093633772
 Input data for grain number 63:
  'Round' grain.
  x,y,z coordinates             : 99.8752, 47.6200, 46.3150 micrometers
  Grain radius                  : 32.551 micrometers
  Stabilisation
  Voronoi construction
  Phase number                  : 1
  Rotation angle                : +47.5206 degree
  Rotation axis defined by      : -0.244473211786890       0.243711297343646      -0.938529515926739
 Input data for grain number 64:
  'Round' grain.
  x,y,z coordinates             : 49.7569, 58.1298, 67.5707 micrometers
  Grain radius                  : 33.289 micrometers
  Stabilisation
  Voronoi construction
  Phase number                  : 1
  Rotation angle                : +32.4454 degree
  Rotation axis defined by      : -0.273421957973708      -3.146590562168786E-002  0.961379389045361
 Input data for grain number 65:
  'Round' grain.
  x,y,z coordinates             : 63.9534, 52.4001, 54.5054 micrometers
  Grain radius                  : 34.831 micrometers
  Stabilisation
  Voronoi construction
  Phase number                  : 1
  Rotation angle                : +55.8762 degree
  Rotation axis defined by      : 0.450461263001321       0.576354509046590       0.681835853000500
 Input data for grain number 66:
  'Round' grain.
  x,y,z coordinates             : 86.7788, 3.79481, 80.9955 micrometers
  Grain radius                  : 32.483 micrometers
  Stabilisation
  Voronoi construction
  Phase number                  : 1
  Rotation angle                : +56.2478 degree
  Rotation axis defined by      : 0.428971545891599       0.622374092890904       0.654701383314253
 Input data for grain number 67:
  'Round' grain.
  x,y,z coordinates             : 47.7995, 93.3581, 44.5785 micrometers
  Grain radius                  : 31.798 micrometers
  Stabilisation
  Voronoi construction
  Phase number                  : 1
  Rotation angle                : +49.9919 degree
  Rotation axis defined by      : 0.783674106750125      -0.620822566462824      -2.083831518875923E-002
 Input data for grain number 68:
  'Round' grain.
  x,y,z coordinates             : 37.8464, 28.7182, 30.0255 micrometers
  Grain radius                  : 33.059 micrometers
  Stabilisation
  Voronoi construction
  Phase number                  : 1
  Rotation angle                : +38.2637 degree
  Rotation axis defined by      : 0.929931019939780      -4.038742426230053E-002 -0.365509444632033
 Input data for grain number 69:
  'Round' grain.
  x,y,z coordinates             : 53.1328, 54.4719, 99.4310 micrometers
  Grain radius                  : 30.054 micrometers
  Stabilisation
  Voronoi construction
  Phase number                  : 1
  Rotation angle                : +40.2940 degree
  Rotation axis defined by      : -6.128914937329757E-003  8.226470433508053E-002  0.996591669051248
 Input data for grain number 70:
  'Round' grain.
  x,y,z coordinates             : 53.7506, 16.8447, 55.7689 micrometers
  Grain radius                  : 31.969 micrometers
  Stabilisation
  Voronoi construction
  Phase number                  : 1
  Rotation angle                : +60.2921 degree
  Rotation axis defined by      : -0.433469901167113       0.619704307554348       0.654270904122107
 Input data for grain number 71:
  'Round' grain.
  x,y,z coordinates             : 65.2927, 10.1565, 92.7181 micrometers
  Grain radius                  : 33.086 micrometers
  Stabilisation
  Voronoi construction
  Phase number                  : 1
  Rotation angle                : +43.0571 degree
  Rotation axis defined by      : 0.319011070604010       0.269229391608266       0.908706482603886
 Input data for grain number 72:
  'Round' grain.
  x,y,z coordinates             : 34.0808, 0.155505, 63.8603 micrometers
  Grain radius                  : 31.746 micrometers
  Stabilisation
  Voronoi construction
  Phase number                  : 1
  Rotation angle                : +29.6974 degree
  Rotation axis defined by      : 0.850350321972288       0.448040039246984       0.275979081006489
 Input data for grain number 73:
  'Round' grain.
  x,y,z coordinates             : 30.2606, 81.5337, 34.5235 micrometers
  Grain radius                  : 33.100 micrometers
  Stabilisation
  Voronoi construction
  Phase number                  : 1
  Rotation angle                : +49.8582 degree
  Rotation axis defined by      : 0.174890996394135      -0.546484510565622      -0.819004163049322
 Input data for grain number 74:
  'Round' grain.
  x,y,z coordinates             : 96.7358, 95.1313, 55.8610 micrometers
  Grain radius                  : 30.565 micrometers
  Stabilisation
  Voronoi construction
  Phase number                  : 1
  Rotation angle                : +32.2691 degree
  Rotation axis defined by      : -0.159806197047430       0.953243602802251       0.256492910431890
 Input data for grain number 75:
  'Round' grain.
  x,y,z coordinates             : 8.99429, 56.3318, 45.1254 micrometers
  Grain radius                  : 33.008 micrometers
  Stabilisation
  Voronoi construction
  Phase number                  : 1
  Rotation angle                : +34.9081 degree
  Rotation axis defined by      : 0.499933467304269      -0.670511817428298       0.548160953514688
 Input data for grain number 76:
  'Round' grain.
  x,y,z coordinates             : 19.7775, 1.31021, 94.7884 micrometers
  Grain radius                  : 34.340 micrometers
  Stabilisation
  Voronoi construction
  Phase number                  : 1
  Rotation angle                : +15.9105 degree
  Rotation axis defined by      : 0.478008668047128      -0.469020587868163       0.742648908588448
 Input data for grain number 77:
  'Round' grain.
  x,y,z coordinates             : 80.4090, 77.4981, 41.1684 micrometers
  Grain radius                  : 33.163 micrometers
  Stabilisation
  Voronoi construction
  Phase number                  : 1
  Rotation angle                : +33.9345 degree
  Rotation axis defined by      : 0.633155157687078       0.443697707999236       0.634229367193349
 Input data for grain number 78:
  'Round' grain.
  x,y,z coordinates             : 21.1045, 51.4081, 28.8230 micrometers
  Grain radius                  : 32.428 micrometers
  Stabilisation
  Voronoi construction
  Phase number                  : 1
  Rotation angle                : +47.1538 degree
  Rotation axis defined by      : 0.873073333621927      -0.321007687109833       0.367010924816538
 Input data for grain number 79:
  'Round' grain.
  x,y,z coordinates             : 25.0107, 36.3107, 20.3051 micrometers
  Grain radius                  : 31.284 micrometers
  Stabilisation
  Voronoi construction
  Phase number                  : 1
  Rotation angle                : +28.9406 degree
  Rotation axis defined by      : -4.900370791512981E-002  7.135915266300000E-002  0.996246208495564
 Input data for grain number 80:
  'Round' grain.
  x,y,z coordinates             : 99.1557, 82.0687, 29.3344 micrometers
  Grain radius                  : 31.302 micrometers
  Stabilisation
  Voronoi construction
  Phase number                  : 1
  Rotation angle                : +41.0072 degree
  Rotation axis defined by      : -0.735900594340134       0.614634123976442      -0.284033816461260
 Input data for grain number 81:
  'Round' grain.
  x,y,z coordinates             : 34.4742, 23.3395, 54.5703 micrometers
  Grain radius                  : 31.525 micrometers
  Stabilisation
  Voronoi construction
  Phase number                  : 1
  Rotation angle                : +19.7885 degree
  Rotation axis defined by      : -0.387592845734425       0.877405984862074      -0.282719867826271
 Input data for grain number 82:
  'Round' grain.
  x,y,z coordinates             : 32.3892, 21.9530, 97.8161 micrometers
  Grain radius                  : 30.153 micrometers
  Stabilisation
  Voronoi construction
  Phase number                  : 1
  Rotation angle                : +44.9187 degree
  Rotation axis defined by      : 0.365483881269401      -9.472429856371857E-002 -0.925985334545783
 Input data for grain number 83:
  'Round' grain.
  x,y,z coordinates             : 17.6078, 8.94891, 9.93749 micrometers
  Grain radius                  : 30.041 micrometers
  Stabilisation
  Voronoi construction
  Phase number                  : 1
  Rotation angle                : +50.2548 degree
  Rotation axis defined by      : -0.710255388815399       1.859220771863420E-002  0.703698523851538
 Input data for grain number 84:
  'Round' grain.
  x,y,z coordinates             : 99.6618, 96.5335, 5.94121 micrometers
  Grain radius                  : 32.688 micrometers
  Stabilisation
  Voronoi construction
  Phase number                  : 1
  Rotation angle                : +55.4848 degree
  Rotation axis defined by      : -0.535658949102235      -0.705114153775665       0.464632672540275
 Input data for grain number 85:
  'Round' grain.
  x,y,z coordinates             : 0.771116, 3.89967, 86.5840 micrometers
  Grain radius                  : 34.397 micrometers
  Stabilisation
  Voronoi construction
  Phase number                  : 1
  Rotation angle                : +42.4982 degree
  Rotation axis defined by      : 0.602961801573296       0.115285221615614      -0.789396214533946
 Input data for grain number 86:
  'Round' grain.
  x,y,z coordinates             : 99.3725, 95.3634, 94.9904 micrometers
  Grain radius                  : 31.171 micrometers
  Stabilisation
  Voronoi construction
  Phase number                  : 1
  Rotation angle                : +48.8630 degree
  Rotation axis defined by      : -0.169513554755036       0.904141462655284       0.392164978372464
 Input data for grain number 87:
  'Round' grain.
  x,y,z coordinates             : 72.6458, 93.9958, 47.7198 micrometers
  Grain radius                  : 30.118 micrometers
  Stabilisation
  Voronoi construction
  Phase number                  : 1
  Rotation angle                : +45.6399 degree
  Rotation axis defined by      : -0.315325283417963      -0.896330960901474      -0.311706230555023
 Input data for grain number 88:
  'Round' grain.
  x,y,z coordinates             : 73.4400, 68.0296, 15.7583 micrometers
  Grain radius                  : 31.842 micrometers
  Stabilisation
  Voronoi construction
  Phase number                  : 1
  Rotation angle                : +21.9057 degree
  Rotation axis defined by      : 0.898621890693144      -0.436541348702834       4.370753298678259E-002
 Input data for grain number 89:
  'Round' grain.
  x,y,z coordinates             : 45.3292, 96.2297, 93.6824 micrometers
  Grain radius                  : 32.035 micrometers
  Stabilisation
  Voronoi construction
  Phase number                  : 1
  Rotation angle                : +37.1028 degree
  Rotation axis defined by      : -0.258889786480058      -0.628032100052582      -0.733860858582779
 Input data for grain number 90:
  'Round' grain.
  x,y,z coordinates             : 73.1218, 36.1554, 77.5539 micrometers
  Grain radius                  : 30.097 micrometers
  Stabilisation
  Voronoi construction
  Phase number                  : 1
  Rotation angle                : +48.4619 degree
  Rotation axis defined by      : 0.820748861098424       0.302754537469190      -0.484469810253908
 Input data for grain number 91:
  'Round' grain.
  x,y,z coordinates             : 32.3409, 59.7415, 16.2408 micrometers
  Grain radius                  : 31.990 micrometers
  Stabilisation
  Voronoi construction
  Phase number                  : 1
  Rotation angle                : +46.8913 degree
  Rotation axis defined by      : 0.263967187166620       0.628997912455344      -0.731220179033759
 Input data for grain number 92:
  'Round' grain.
  x,y,z coordinates             : 45.1234, 81.7556, 82.1548 micrometers
  Grain radius                  : 33.943 micrometers
  Stabilisation
  Voronoi construction
  Phase number                  : 1
  Rotation angle                : +34.5408 degree
  Rotation axis defined by      : -0.733591549967683      -0.676626251093052      -6.340626268574590E-002
 Input data for grain number 93:
  'Round' grain.
  x,y,z coordinates             : 20.8649, 74.3001, 94.6774 micrometers
  Grain radius                  : 33.405 micrometers
  Stabilisation
  Voronoi construction
  Phase number                  : 1
  Rotation angle                : +44.1289 degree
  Rotation axis defined by      : -0.868616661816227       0.393005947848452      -0.301747277984367
 Input data for grain number 94:
  'Round' grain.
  x,y,z coordinates             : 83.5325, 64.6846, 29.3845 micrometers
  Grain radius                  : 30.491 micrometers
  Stabilisation
  Voronoi construction
  Phase number                  : 1
  Rotation angle                : +25.0493 degree
  Rotation axis defined by      : -0.420532375725476      -0.113531390334687       0.900146179448293
 Input data for grain number 95:
  'Round' grain.
  x,y,z coordinates             : 3.85136, 26.5751, 45.2957 micrometers
  Grain radius                  : 31.927 micrometers
  Stabilisation
  Voronoi construction
  Phase number                  : 1
  Rotation angle                : +33.1296 degree
  Rotation axis defined by      : -0.556460107483099      -0.541241683672626      -0.630404305692083
 Input data for grain number 96:
  'Round' grain.
  x,y,z coordinates             : 55.4574, 87.0038, 25.3799 micrometers
  Grain radius                  : 32.515 micrometers
  Stabilisation
  Voronoi construction
  Phase number                  : 1
  Rotation angle                : +41.1306 degree
  Rotation axis defined by      : 0.588234292906494       0.502038158193936       0.633985886566915
 Input data for grain number 97:
  'Round' grain.
  x,y,z coordinates             : 9.63533, 95.8420, 8.93875 micrometers
  Grain radius                  : 32.656 micrometers
  Stabilisation
  Voronoi construction
  Phase number                  : 1
  Rotation angle                : +34.6696 degree
  Rotation axis defined by      : -0.441979500744290       0.481889012728698      -0.756595731109546
 Input data for grain number 98:
  'Round' grain.
  x,y,z coordinates             : 14.6516, 93.7935, 56.9394 micrometers
  Grain radius                  : 32.835 micrometers
  Stabilisation
  Voronoi construction
  Phase number                  : 1
  Rotation angle                : +48.5478 degree
  Rotation axis defined by      : 0.272720063461197      -0.550780160074737      -0.788837741397917
 Input data for grain number 99:
  'Round' grain.
  x,y,z coordinates             : 67.1010, 32.4650, 49.2899 micrometers
  Grain radius                  : 32.380 micrometers
  Stabilisation
  Voronoi construction
  Phase number                  : 1
  Rotation angle                : +41.2791 degree
  Rotation axis defined by      : 0.882581303812309      -0.268102524446431      -0.386226978014763
 Input data for grain number 100:
  'Round' grain.
  x,y,z coordinates             : 61.0708, 77.9719, 80.1178 micrometers
  Grain radius                  : 34.090 micrometers
  Stabilisation
  Voronoi construction
  Phase number                  : 1
  Rotation angle                : +46.9939 degree
  Rotation axis defined by      : 0.592979629507849       0.805204043704253       4.648332072173860E-003
 Input data for grain number 101:
  'Round' grain.
  x,y,z coordinates             : 31.0424, 89.7595, 50.7583 micrometers
  Grain radius                  : 30.295 micrometers
  Stabilisation
  Voronoi construction
  Phase number                  : 1
  Rotation angle                : +52.6961 degree
  Rotation axis defined by      : 2.331662814461051E-002 -0.688204863201213      -0.725141642107365
 Input data for grain number 102:
  'Round' grain.
  x,y,z coordinates             : 49.1696, 19.9154, 77.2789 micrometers
  Grain radius                  : 34.910 micrometers
  Stabilisation
  Voronoi construction
  Phase number                  : 1
  Rotation angle                : +59.0138 degree
  Rotation axis defined by      : 0.325589981904826       0.631207213241333      -0.703966346948010
 Input data for grain number 103:
  'Round' grain.
  x,y,z coordinates             : 60.4166, 2.61020, 39.4903 micrometers
  Grain radius                  : 33.342 micrometers
  Stabilisation
  Voronoi construction
  Phase number                  : 1
  Rotation angle                : +59.8598 degree
  Rotation axis defined by      : -0.424850610823023       0.704700163892028      -0.568242586835810
 Input data for grain number 104:
  'Round' grain.
  x,y,z coordinates             : 87.9200, 57.8460, 96.9672 micrometers
  Grain radius                  : 32.337 micrometers
  Stabilisation
  Voronoi construction
  Phase number                  : 1
  Rotation angle                : +46.4691 degree
  Rotation axis defined by      : 0.254086083074393       0.660789627818758      -0.706255853182867
 Input data for grain number 105:
  'Round' grain.
  x,y,z coordinates             : 74.1955, 82.1768, 4.35160 micrometers
  Grain radius                  : 30.062 micrometers
  Stabilisation
  Voronoi construction
  Phase number                  : 1
  Rotation angle                : +54.7473 degree
  Rotation axis defined by      : -0.594291713258786      -0.638335709853834      -0.489228863700149
 Input data for grain number 106:
  'Round' grain.
  x,y,z coordinates             : 96.6185, 17.8071, 86.0402 micrometers
  Grain radius                  : 34.911 micrometers
  Stabilisation
  Voronoi construction
  Phase number                  : 1
  Rotation angle                : +22.2283 degree
  Rotation axis defined by      : 0.372816357789192       0.906616816546702      -0.197620624732147
 Input data for grain number 107:
  'Round' grain.
  x,y,z coordinates             : 25.4103, 7.81504, 29.8061 micrometers
  Grain radius                  : 33.895 micrometers
  Stabilisation
  Voronoi construction
  Phase number                  : 1
  Rotation angle                : +34.4563 degree
  Rotation axis defined by      : -0.139965308461917       0.990104454848924       1.014302299491320E-002
 Input data for grain number 108:
  'Round' grain.
  x,y,z coordinates             : 43.3042, 5.57141, 37.5195 micrometers
  Grain radius                  : 34.817 micrometers
  Stabilisation
  Voronoi construction
  Phase number                  : 1
  Rotation angle                : +52.2992 degree
  Rotation axis defined by      : -0.526588190650865      -0.570732942099281      -0.630054589912451
 Input data for grain number 109:
  'Round' grain.
  x,y,z coordinates             : 70.6837, 95.7831, 25.6005 micrometers
  Grain radius                  : 33.117 micrometers
  Stabilisation
  Voronoi construction
  Phase number                  : 1
  Rotation angle                : +56.6945 degree
  Rotation axis defined by      : 0.614354412930285       0.686307896177037      -0.389294396258326
 Input data for grain number 110:
  'Round' grain.
  x,y,z coordinates             : 0.453715, 91.1981, 46.0002 micrometers
  Grain radius                  : 31.216 micrometers
  Stabilisation
  Voronoi construction
  Phase number                  : 1
  Rotation angle                : +30.8251 degree
  Rotation axis defined by      : 0.971629526049601       0.114364153313061      -0.207019092224883
 Input data for grain number 111:
  'Round' grain.
  x,y,z coordinates             : 64.9585, 95.7692, 77.6238 micrometers
  Grain radius                  : 30.066 micrometers
  Stabilisation
  Voronoi construction
  Phase number                  : 1
  Rotation angle                : +45.7184 degree
  Rotation axis defined by      : -0.196426526336135      -0.290732634270426       0.936424666015210
 Input data for grain number 112:
  'Round' grain.
  x,y,z coordinates             : 60.8746, 64.7464, 32.8732 micrometers
  Grain radius                  : 34.357 micrometers
  Stabilisation
  Voronoi construction
  Phase number                  : 1
  Rotation angle                : +23.8958 degree
  Rotation axis defined by      : -0.992253432088871      -3.176628256441814E-002  0.120100082430840
 Input data for grain number 113:
  'Round' grain.
  x,y,z coordinates             : 71.0269, 68.9711, 93.8391 micrometers
  Grain radius                  : 31.998 micrometers
  Stabilisation
  Voronoi construction
  Phase number                  : 1
  Rotation angle                : +47.4991 degree
  Rotation axis defined by      : -0.578954411070262      -0.800437549812576       0.155278841933878
 Input data for grain number 114:
  'Round' grain.
  x,y,z coordinates             : 19.6040, 38.2712, 98.1547 micrometers
  Grain radius                  : 32.681 micrometers
  Stabilisation
  Voronoi construction
  Phase number                  : 1
  Rotation angle                : +40.2010 degree
  Rotation axis defined by      : 0.603048201513748       0.114573315403853       0.789433861731559
 Input data for grain number 115:
  'Round' grain.
  x,y,z coordinates             : 65.0962, 4.57506, 23.0664 micrometers
  Grain radius                  : 32.032 micrometers
  Stabilisation
  Voronoi construction
  Phase number                  : 1
  Rotation angle                : +44.3866 degree
  Rotation axis defined by      : 0.880684539998510       0.243194055484828      -0.406511245089794
 Input data for grain number 116:
  'Round' grain.
  x,y,z coordinates             : 91.8266, 97.8949, 26.9287 micrometers
  Grain radius                  : 34.383 micrometers
  Stabilisation
  Voronoi construction
  Phase number                  : 1
  Rotation angle                : +50.0376 degree
  Rotation axis defined by      : -0.513302380210895      -0.483075068133681       0.709337116621898
 Input data for grain number 117:
  'Round' grain.
  x,y,z coordinates             : 80.9683, 10.5735, 51.2526 micrometers
  Grain radius                  : 32.002 micrometers
  Stabilisation
  Voronoi construction
  Phase number                  : 1
  Rotation angle                : +18.0236 degree
  Rotation axis defined by      : -0.530462173495044       0.675785153629498      -0.511785412672997
 Input data for grain number 118:
  'Round' grain.
  x,y,z coordinates             : 47.0167, 89.9223, 67.8376 micrometers
  Grain radius                  : 31.249 micrometers
  Stabilisation
  Voronoi construction
  Phase number                  : 1
  Rotation angle                : +43.1118 degree
  Rotation axis defined by      : -0.959275872180307       0.281307168450746      -2.561402020253556E-002
 Input data for grain number 119:
  'Round' grain.
  x,y,z coordinates             : 7.73765, 34.5929, 80.9253 micrometers
  Grain radius                  : 32.730 micrometers
  Stabilisation
  Voronoi construction
  Phase number                  : 1
  Rotation angle                : +46.5489 degree
  Rotation axis defined by      : -0.369721841817925      -0.393698750712809      -0.841609798760646
 Input data for grain number 120:
  'Round' grain.
  x,y,z coordinates             : 1.53200, 67.7213, 30.9792 micrometers
  Grain radius                  : 33.447 micrometers
  Stabilisation
  Voronoi construction
  Phase number                  : 1
  Rotation angle                : +46.4344 degree
  Rotation axis defined by      : -0.333876578235320       0.825567868403319      -0.454933099659581
 Input data for grain number 121:
  'Round' grain.
  x,y,z coordinates             : 8.10542, 77.0091, 65.7533 micrometers
  Grain radius                  : 32.470 micrometers
  Stabilisation
  Voronoi construction
  Phase number                  : 1
  Rotation angle                : +43.1763 degree
  Rotation axis defined by      : 0.514015001913469       0.361829031935507       0.777732813668364
 Input data for grain number 122:
  'Round' grain.
  x,y,z coordinates             : 17.6187, 11.7381, 80.8252 micrometers
  Grain radius                  : 31.453 micrometers
  Stabilisation
  Voronoi construction
  Phase number                  : 1
  Rotation angle                : +46.4761 degree
  Rotation axis defined by      : -0.907912031977866      -0.176997276070614       0.379957506115362
 Input data for grain number 123:
  'Round' grain.
  x,y,z coordinates             : 68.1080, 26.9708, 97.7913 micrometers
  Grain radius                  : 33.995 micrometers
  Stabilisation
  Voronoi construction
  Phase number                  : 1
  Rotation angle                : +32.3012 degree
  Rotation axis defined by      : 2.777778694658037E-002  0.699419818409820      -0.714171066459518
 Input data for grain number 124:
  'Round' grain.
  x,y,z coordinates             : 12.5996, 26.2707, 28.7279 micrometers
  Grain radius                  : 32.658 micrometers
  Stabilisation
  Voronoi construction
  Phase number                  : 1
  Rotation angle                : +24.9587 degree
  Rotation axis defined by      : 0.986872523557365      -0.150246159360973       5.923439747979872E-002
 Input data for grain number 125:
  'Round' grain.
  x,y,z coordinates             : 1.09206, 11.6706, 1.35049 micrometers
  Grain radius                  : 31.543 micrometers
  Stabilisation
  Voronoi construction
  Phase number                  : 1
  Rotation angle                : +45.0714 degree
  Rotation axis defined by      : -0.686625004410319      -1.774194408276293E-003 -0.727009597978411
 Input data for grain number 126:
  'Round' grain.
  x,y,z coordinates             : 75.9788, 63.0188, 62.8191 micrometers
  Grain radius                  : 32.591 micrometers
  Stabilisation
  Voronoi construction
  Phase number                  : 1
  Rotation angle                : +51.8171 degree
  Rotation axis defined by      : -0.524654316248442       0.755620690070116      -0.392141838089029
 Input data for grain number 127:
  'Round' grain.
  x,y,z coordinates             : 3.72969, 60.7154, 0.101842 micrometers
  Grain radius                  : 33.773 micrometers
  Stabilisation
  Voronoi construction
  Phase number                  : 1
  Rotation angle                : +41.7809 degree
  Rotation axis defined by      : 0.195306955472081      -0.551004644924503       0.811325504600865
 Input data for grain number 128:
  'Round' grain.
  x,y,z coordinates             : 5.36745, 8.90851, 68.7098 micrometers
  Grain radius                  : 32.063 micrometers
  Stabilisation
  Voronoi construction
  Phase number                  : 1
  Rotation angle                : +37.1068 degree
  Rotation axis defined by      : 0.895069739100058      -0.437408800377818      -8.673928463730632E-002
 Input data for grain number 129:
  'Round' grain.
  x,y,z coordinates             : 31.0149, 99.6357, 35.1934 micrometers
  Grain radius                  : 34.309 micrometers
  Stabilisation
  Voronoi construction
  Phase number                  : 1
  Rotation angle                : +55.3986 degree
  Rotation axis defined by      : -0.437471122873136      -0.554911370827675       0.707596203479264
 Input data for grain number 130:
  'Round' grain.
  x,y,z coordinates             : 53.9148, 73.8989, 94.9854 micrometers
  Grain radius                  : 34.602 micrometers
  Stabilisation
  Voronoi construction
  Phase number                  : 1
  Rotation angle                : +48.4471 degree
  Rotation axis defined by      : -0.399641812703684      -0.747508717503958       0.530581886983056
 Input data for grain number 131:
  'Round' grain.
  x,y,z coordinates             : 7.05496, 44.2751, 21.8911 micrometers
  Grain radius                  : 32.405 micrometers
  Stabilisation
  Voronoi construction
  Phase number                  : 1
  Rotation angle                : +33.8633 degree
  Rotation axis defined by      : -5.831105976153399E-002 -0.632569439332782      -0.772305460767756
 Input data for grain number 132:
  'Round' grain.
  x,y,z coordinates             : 98.1454, 0.124349, 57.3527 micrometers
  Grain radius                  : 32.234 micrometers
  Stabilisation
  Voronoi construction
  Phase number                  : 1
  Rotation angle                : +46.2576 degree
  Rotation axis defined by      : -0.263168718280492      -7.708654705491336E-002 -0.961665165211756
 Input data for grain number 133:
  'Round' grain.
  x,y,z coordinates             : 99.7896, 3.01363, 93.1065 micrometers
  Grain radius                  : 31.013 micrometers
  Stabilisation
  Voronoi construction
  Phase number                  : 1
  Rotation angle                : +21.8661 degree
  Rotation axis defined by      : 0.240758148703814       9.655209147475187E-002  0.965770784122487
 Input data for grain number 134:
  'Round' grain.
  x,y,z coordinates             : 26.2005, 40.0482, 66.2638 micrometers
  Grain radius                  : 30.054 micrometers
  Stabilisation
  Voronoi construction
  Phase number                  : 1
  Rotation angle                : +52.8482 degree
  Rotation axis defined by      : 0.170694111238918      -0.710346365062950      -0.682840802845151
 Input data for grain number 135:
  'Round' grain.
  x,y,z coordinates             : 17.8245, 70.6896, 40.9977 micrometers
  Grain radius                  : 33.838 micrometers
  Stabilisation
  Voronoi construction
  Phase number                  : 1
  Rotation angle                : +32.7780 degree
  Rotation axis defined by      : 0.345032643347029      -0.911142574327691      -0.225325729273136
 Input data for grain number 136:
  'Round' grain.
  x,y,z coordinates             : 60.0532, 0.990558, 78.9393 micrometers
  Grain radius                  : 31.654 micrometers
  Stabilisation
  Voronoi construction
  Phase number                  : 1
  Rotation angle                : +30.6033 degree
  Rotation axis defined by      : 0.808885709768111      -0.428178992089344       0.402947464648052
 Input data for grain number 137:
  'Round' grain.
  x,y,z coordinates             : 97.6133, 78.5715, 97.3669 micrometers
  Grain radius                  : 34.248 micrometers
  Stabilisation
  Voronoi construction
  Phase number                  : 1
  Rotation angle                : +49.9418 degree
  Rotation axis defined by      : 0.511047780901605      -0.334513582591897       0.791789636644152
 Input data for grain number 138:
  'Round' grain.
  x,y,z coordinates             : 9.02024, 73.8833, 82.3484 micrometers
  Grain radius                  : 31.905 micrometers
  Stabilisation
  Voronoi construction
  Phase number                  : 1
  Rotation angle                : +22.6879 degree
  Rotation axis defined by      : 0.152224100938907      -0.806706393610752      -0.571010172939919
 Input data for grain number 139:
  'Round' grain.
  x,y,z coordinates             : 4.61899, 1.44476, 51.8758 micrometers
  Grain radius                  : 33.543 micrometers
  Stabilisation
  Voronoi construction
  Phase number                  : 1
  Rotation angle                : +50.0863 degree
  Rotation axis defined by      : -0.473292399678415      -0.857299483964480       0.202563321459943
 Input data for grain number 140:
  'Round' grain.
  x,y,z coordinates             : 38.1351, 97.8727, 2.55750 micrometers
  Grain radius                  : 31.485 micrometers
  Stabilisation
  Voronoi construction
  Phase number                  : 1
  Rotation angle                : +46.7440 degree
  Rotation axis defined by      : -0.735428462491991       0.444057301373542      -0.511818414726857
 Input data for grain number 141:
  'Round' grain.
  x,y,z coordinates             : 90.9812, 3.24169, 39.1931 micrometers
  Grain radius                  : 31.658 micrometers
  Stabilisation
  Voronoi construction
  Phase number                  : 1
  Rotation angle                : +41.2954 degree
  Rotation axis defined by      : 0.728724818363646       0.662465684615061       0.173491659189628
 Input data for grain number 142:
  'Round' grain.
  x,y,z coordinates             : 33.4865, 9.20578, 1.75574 micrometers
  Grain radius                  : 31.100 micrometers
  Stabilisation
  Voronoi construction
  Phase number                  : 1
  Rotation angle                : +53.7829 degree
  Rotation axis defined by      : -0.410306550208946      -0.712007261753975       0.569819439880074
 Input data for grain number 143:
  'Round' grain.
  x,y,z coordinates             : 19.4822, 55.5560, 61.0511 micrometers
  Grain radius                  : 33.641 micrometers
  Stabilisation
  Voronoi construction
  Phase number                  : 1
  Rotation angle                : +44.6969 degree
  Rotation axis defined by      : -0.325123386687949      -0.203011992824362      -0.923623794733570
 Input data for grain number 144:
  'Round' grain.
  x,y,z coordinates             : 64.7792, 36.3023, 2.59190 micrometers
  Grain radius                  : 32.513 micrometers
  Stabilisation
  Voronoi construction
  Phase number                  : 1
  Rotation angle                : +43.7721 degree
  Rotation axis defined by      : -6.423368349603302E-002 -0.950290395213409      -0.304667357407510
 Input data for grain number 145:
  'Round' grain.
  x,y,z coordinates             : 99.0975, 16.9106, 54.8420 micrometers
  Grain radius                  : 34.731 micrometers
  Stabilisation
  Voronoi construction
  Phase number                  : 1
  Rotation angle                : +32.9024 degree
  Rotation axis defined by      : -0.393417301128449      -0.842230689551119      -0.368605877260596
 Input data for grain number 146:
  'Round' grain.
  x,y,z coordinates             : 77.9530, 74.1130, 79.7545 micrometers
  Grain radius                  : 33.371 micrometers
  Stabilisation
  Voronoi construction
  Phase number                  : 1
  Rotation angle                : +9.7570 degree
  Rotation axis defined by      : 7.021122296488221E-002 -0.952304442141015      -0.296962343822018
 Input data for grain number 147:
  'Round' grain.
  x,y,z coordinates             : 57.1157, 43.8632, 77.1449 micrometers
  Grain radius                  : 34.986 micrometers
  Stabilisation
  Voronoi construction
  Phase number                  : 1
  Rotation angle                : +46.5265 degree
  Rotation axis defined by      : -0.165782693706634      -0.952581725127620       0.255155159501546
 Input data for grain number 148:
  'Round' grain.
  x,y,z coordinates             : 61.0819, 93.9265, 97.2250 micrometers
  Grain radius                  : 31.082 micrometers
  Stabilisation
  Voronoi construction
  Phase number                  : 1
  Rotation angle                : +33.4225 degree
  Rotation axis defined by      : -0.843757404677159       0.515568522747290       0.149206368512345
 Input data for grain number 149:
  'Round' grain.
  x,y,z coordinates             : 11.3348, 97.2719, 99.8703 micrometers
  Grain radius                  : 31.174 micrometers
  Stabilisation
  Voronoi construction
  Phase number                  : 1
  Rotation angle                : +23.4001 degree
  Rotation axis defined by      : -0.125870997542353       0.951159809811257      -0.281871439095036
 Input data for grain number 150:
  'Round' grain.
  x,y,z coordinates             : 71.2805, 19.9738, 14.8399 micrometers
  Grain radius                  : 30.483 micrometers
  Stabilisation
  Voronoi construction
  Phase number                  : 1
  Rotation angle                : +40.4598 degree
  Rotation axis defined by      : -1.389544139819031E-002 -0.493999863795135      -0.869350936779122
 Input data for grain number 151:
  'Round' grain.
  x,y,z coordinates             : 49.9763, 33.4417, 54.4859 micrometers
  Grain radius                  : 32.816 micrometers
  Stabilisation
  Voronoi construction
  Phase number                  : 1
  Rotation angle                : +37.1339 degree
  Rotation axis defined by      : -7.022794019609088E-002  0.633280818438029       0.770729162166759
 Input data for grain number 152:
  'Round' grain.
  x,y,z coordinates             : 31.5924, 25.1805, 2.27223 micrometers
  Grain radius                  : 30.176 micrometers
  Stabilisation
  Voronoi construction
  Phase number                  : 1
  Rotation angle                : +40.2474 degree
  Rotation axis defined by      : -0.925319551876977       0.157417489173629      -0.344968782669476
 Input data for grain number 153:
  'Round' grain.
  x,y,z coordinates             : 57.9039, 60.9574, 83.3972 micrometers
  Grain radius                  : 34.758 micrometers
  Stabilisation
  Voronoi construction
  Phase number                  : 1
  Rotation angle                : +41.3050 degree
  Rotation axis defined by      : 0.566186103022320       0.789128787529685       0.238136627666407
 Input data for grain number 154:
  'Round' grain.
  x,y,z coordinates             : 67.3710, 3.96938, 1.24194 micrometers
  Grain radius                  : 34.319 micrometers
  Stabilisation
  Voronoi construction
  Phase number                  : 1
  Rotation angle                : +44.3503 degree
  Rotation axis defined by      : 0.931904785907366       0.312566744641749      -0.183998641698806
 Input data for grain number 155:
  'Round' grain.
  x,y,z coordinates             : 2.71515, 40.7798, 5.31816 micrometers
  Grain radius                  : 34.775 micrometers
  Stabilisation
  Voronoi construction
  Phase number                  : 1
  Rotation angle                : +38.1937 degree
  Rotation axis defined by      : 0.653308002424216       0.190690377440962      -0.732683993219385
 Input data for grain number 156:
  'Round' grain.
  x,y,z coordinates             : 41.8898, 43.1967, 92.3415 micrometers
  Grain radius                  : 31.090 micrometers
  Stabilisation
  Voronoi construction
  Phase number                  : 1
  Rotation angle                : +55.3297 degree
  Rotation axis defined by      : 0.739445986437195      -0.605239804264685       0.294795543513752
 Input data for grain number 157:
  'Round' grain.
  x,y,z coordinates             : 58.9758, 76.2846, 3.78911 micrometers
  Grain radius                  : 32.200 micrometers
  Stabilisation
  Voronoi construction
  Phase number                  : 1
  Rotation angle                : +45.0260 degree
  Rotation axis defined by      : 0.654004609366664       0.224592123848271       0.722382411768504
 Input data for grain number 158:
  'Round' grain.
  x,y,z coordinates             : 34.2436, 56.5177, 78.1838 micrometers
  Grain radius                  : 32.795 micrometers
  Stabilisation
  Voronoi construction
  Phase number                  : 1
  Rotation angle                : +54.8607 degree
  Rotation axis defined by      : 0.738205160190305      -0.282698231315491      -0.612482531570900
 Input data for grain number 159:
  'Round' grain.
  x,y,z coordinates             : 0.798279, 76.0198, 98.0747 micrometers
  Grain radius                  : 34.607 micrometers
  Stabilisation
  Voronoi construction
  Phase number                  : 1
  Rotation angle                : +20.4491 degree
  Rotation axis defined by      : -6.098407385266408E-002 -0.735926909358134      -0.674308925359081
 Input data for grain number 160:
  'Round' grain.
  x,y,z coordinates             : 99.9371, 82.3103, 45.4026 micrometers
  Grain radius                  : 32.573 micrometers
  Stabilisation
  Voronoi construction
  Phase number                  : 1
  Rotation angle                : +45.8750 degree
  Rotation axis defined by      : -0.494472910255627       0.675846804200028       0.546559821315051
 Input data for grain number 161:
  'Round' grain.
  x,y,z coordinates             : 51.2381, 17.4037, 96.8786 micrometers
  Grain radius                  : 31.950 micrometers
  Stabilisation
  Voronoi construction
  Phase number                  : 1
  Rotation angle                : +46.2314 degree
  Rotation axis defined by      : -0.551792292761789       0.380003592616598       0.742376276053570
 Input data for grain number 162:
  'Round' grain.
  x,y,z coordinates             : 76.5540, 97.8400, 10.6601 micrometers
  Grain radius                  : 32.906 micrometers
  Stabilisation
  Voronoi construction
  Phase number                  : 1
  Rotation angle                : +47.3568 degree
  Rotation axis defined by      : 0.529387876076779      -0.140693889497635      -0.836632360192303
 Input data for grain number 163:
  'Round' grain.
  x,y,z coordinates             : 51.4372, 60.5989, 16.9900 micrometers
  Grain radius                  : 31.677 micrometers
  Stabilisation
  Voronoi construction
  Phase number                  : 1
  Rotation angle                : +47.2843 degree
  Rotation axis defined by      : -0.799997018665074      -0.587880295577977      -0.120006367323340
 Input data for grain number 164:
  'Round' grain.
  x,y,z coordinates             : 37.9853, 81.5607, 98.8655 micrometers
  Grain radius                  : 34.352 micrometers
  Stabilisation
  Voronoi construction
  Phase number                  : 1
  Rotation angle                : +55.3022 degree
  Rotation axis defined by      : -0.255516574113082       0.683530902371036      -0.683737366140941
 Input data for grain number 165:
  'Round' grain.
  x,y,z coordinates             : 74.3795, 88.9591, 65.8431 micrometers
  Grain radius                  : 32.063 micrometers
  Stabilisation
  Voronoi construction
  Phase number                  : 1
  Rotation angle                : +58.3862 degree
  Rotation axis defined by      : -0.720032967242126       0.386090933778740      -0.576616264892311
 Input data for grain number 166:
  'Round' grain.
  x,y,z coordinates             : 77.6936, 21.1964, 84.4876 micrometers
  Grain radius                  : 34.150 micrometers
  Stabilisation
  Voronoi construction
  Phase number                  : 1
  Rotation angle                : +58.3847 degree
  Rotation axis defined by      : -0.729478636852289       0.221836592993553      -0.647031254565913
 Input data for grain number 167:
  'Round' grain.
  x,y,z coordinates             : 18.9977, 31.9420, 48.4559 micrometers
  Grain radius                  : 30.081 micrometers
  Stabilisation
  Voronoi construction
  Phase number                  : 1
  Rotation angle                : +42.6167 degree
  Rotation axis defined by      : 0.939879981432595       0.269414010296833      -0.209861172106809
 Input data for grain number 168:
  'Round' grain.
  x,y,z coordinates             : 97.8671, 26.7680, 16.9389 micrometers
  Grain radius                  : 32.371 micrometers
  Stabilisation
  Voronoi construction
  Phase number                  : 1
  Rotation angle                : +43.9757 degree
  Rotation axis defined by      : 0.120687951602425      -0.229175538734204       0.965874210642306
 Input data for grain number 169:
  'Round' grain.
  x,y,z coordinates             : 1.08717, 2.18363, 16.5521 micrometers
  Grain radius                  : 33.716 micrometers
  Stabilisation
  Voronoi construction
  Phase number                  : 1
  Rotation angle                : +35.2671 degree
  Rotation axis defined by      : -0.546089388541529       0.711257268835202       0.442605328991223
 Input data for grain number 170:
  'Round' grain.
  x,y,z coordinates             : 37.1811, 5.29342, 99.0325 micrometers
  Grain radius                  : 30.805 micrometers
  Stabilisation
  Voronoi construction
  Phase number                  : 1
  Rotation angle                : +52.1046 degree
  Rotation axis defined by      : 0.637699615377431       0.226116129388665      -0.736349574983082
 Input data for grain number 171:
  'Round' grain.
  x,y,z coordinates             : 60.5575, 30.3659, 67.8983 micrometers
  Grain radius                  : 32.769 micrometers
  Stabilisation
  Voronoi construction
  Phase number                  : 1
  Rotation angle                : +30.3859 degree
  Rotation axis defined by      : 0.645792217760309       0.745169340470974      -0.166358244467401
 Input data for grain number 172:
  'Round' grain.
  x,y,z coordinates             : 31.7343, 20.7485, 76.4316 micrometers
  Grain radius                  : 32.924 micrometers
  Stabilisation
  Voronoi construction
  Phase number                  : 1
  Rotation angle                : +38.6571 degree
  Rotation axis defined by      : -0.874860991150827      -0.484373694232777       6.086853744551535E-004
 Input data for grain number 173:
  'Round' grain.
  x,y,z coordinates             : 60.1209, 98.6852, 60.8495 micrometers
  Grain radius                  : 32.509 micrometers
  Stabilisation
  Voronoi construction
  Phase number                  : 1
  Rotation angle                : +48.9839 degree
  Rotation axis defined by      : 0.425085825917150       0.853606958012659       0.301093344059129
 Input data for grain number 174:
  'Round' grain.
  x,y,z coordinates             : 74.8542, 30.6828, 27.5873 micrometers
  Grain radius                  : 33.894 micrometers
  Stabilisation
  Voronoi construction
  Phase number                  : 1
  Rotation angle                : +43.4855 degree
  Rotation axis defined by      : -0.435810864166505      -0.587563863487932       0.681789994791343
 Input data for grain number 175:
  'Round' grain.
  x,y,z coordinates             : 9.47463, 80.5579, 4.10877 micrometers
  Grain radius                  : 31.962 micrometers
  Stabilisation
  Voronoi construction
  Phase number                  : 1
  Rotation angle                : +46.0695 degree
  Rotation axis defined by      : -0.865735124733070      -0.482127542249243      -0.134371599708125
 Input data for grain number 176:
  'Round' grain.
  x,y,z coordinates             : 40.4094, 67.4158, 88.8977 micrometers
  Grain radius                  : 34.001 micrometers
  Stabilisation
  Voronoi construction
  Phase number                  : 1
  Rotation angle                : +58.0622 degree
  Rotation axis defined by      : 0.206248925284382       0.662088808250518       0.720485801947857
 Input data for grain number 177:
  'Round' grain.
  x,y,z coordinates             : 83.7146, 24.7829, 58.9240 micrometers
  Grain radius                  : 31.802 micrometers
  Stabilisation
  Voronoi construction
  Phase number                  : 1
  Rotation angle                : +21.0635 degree
  Rotation axis defined by      : 0.907875452118651       0.357533609367557       0.218933509570741
 Input data for grain number 178:
  'Round' grain.
  x,y,z coordinates             : 0.215289, 57.8644, 77.4494 micrometers
  Grain radius                  : 32.408 micrometers
  Stabilisation
  Voronoi construction
  Phase number                  : 1
  Rotation angle                : +40.8614 degree
  Rotation axis defined by      : 0.676272211438463      -0.665563562284082      -0.315723044131805
 Input data for grain number 179:
  'Round' grain.
  x,y,z coordinates             : 99.3944, 58.0685, 26.4978 micrometers
  Grain radius                  : 33.644 micrometers
  Stabilisation
  Voronoi construction
  Phase number                  : 1
  Rotation angle                : +43.0871 degree
  Rotation axis defined by      : -0.850480650292086      -0.467859285214800       0.240396241062641
 Input data for grain number 180:
  'Round' grain.
  x,y,z coordinates             : 15.3654, 96.9735, 39.9306 micrometers
  Grain radius                  : 34.138 micrometers
  Stabilisation
  Voronoi construction
  Phase number                  : 1
  Rotation angle                : +40.1989 degree
  Rotation axis defined by      : 0.581203241268577       6.216376474255333E-002 -0.811380588066989
 Input data for grain number 181:
  'Round' grain.
  x,y,z coordinates             : 2.43010, 68.9828, 52.8709 micrometers
  Grain radius                  : 31.635 micrometers
  Stabilisation
  Voronoi construction
  Phase number                  : 1
  Rotation angle                : +48.4115 degree
  Rotation axis defined by      : 0.827977618997467      -0.555341729503997       7.777291244896935E-002
 Input data for grain number 182:
  'Round' grain.
  x,y,z coordinates             : 0.153127, 91.4009, 64.4063 micrometers
  Grain radius                  : 34.727 micrometers
  Stabilisation
  Voronoi construction
  Phase number                  : 1
  Rotation angle                : +44.1818 degree
  Rotation axis defined by      : -0.230663774147264       1.452297136928346E-002 -0.972925128978971
 Input data for grain number 183:
  'Round' grain.
  x,y,z coordinates             : 74.1498, 10.1686, 36.0921 micrometers
  Grain radius                  : 30.310 micrometers
  Stabilisation
  Voronoi construction
  Phase number                  : 1
  Rotation angle                : +52.8678 degree
  Rotation axis defined by      : 0.577175483321508      -0.705122443109451      -0.411911157503585
 Input data for grain number 184:
  'Round' grain.
  x,y,z coordinates             : 99.9948, 63.4409, 41.7722 micrometers
  Grain radius                  : 32.077 micrometers
  Stabilisation
  Voronoi construction
  Phase number                  : 1
  Rotation angle                : +39.8857 degree
  Rotation axis defined by      : -0.942397900405113       0.236752142273463       0.236293504864100
 Input data for grain number 185:
  'Round' grain.
  x,y,z coordinates             : 6.181924E-02, 30.6099, 60.4165 micrometers
  Grain radius                  : 32.968 micrometers
  Stabilisation
  Voronoi construction
  Phase number                  : 1
  Rotation angle                : +44.4448 degree
  Rotation axis defined by      : 0.181436611586675       0.821403237455995      -0.540719407338739
 Input data for grain number 186:
  'Round' grain.
  x,y,z coordinates             : 33.2839, 99.3817, 68.9443 micrometers
  Grain radius                  : 34.578 micrometers
  Stabilisation
  Voronoi construction
  Phase number                  : 1
  Rotation angle                : +51.6950 degree
  Rotation axis defined by      : -0.514914594068702      -0.517371100348847       0.683513061571531
 Input data for grain number 187:
  'Round' grain.
  x,y,z coordinates             : 49.8090, 1.37114, 52.2299 micrometers
  Grain radius                  : 34.887 micrometers
  Stabilisation
  Voronoi construction
  Phase number                  : 1
  Rotation angle                : +46.0650 degree
  Rotation axis defined by      : 0.916588791496227      -0.387426375872024      -9.882201466351090E-002
 Input data for grain number 188:
  'Round' grain.
  x,y,z coordinates             : 22.8065, 71.4724, 24.5243 micrometers
  Grain radius                  : 33.347 micrometers
  Stabilisation
  Voronoi construction
  Phase number                  : 1
  Rotation angle                : +45.0008 degree
  Rotation axis defined by      : -0.506292102848927      -0.686488422185070       0.521921404809829
 Input data for grain number 189:
  'Round' grain.
  x,y,z coordinates             : 1.34765, 33.4530, 95.7589 micrometers
  Grain radius                  : 30.160 micrometers
  Stabilisation
  Voronoi construction
  Phase number                  : 1
  Rotation angle                : +39.3111 degree
  Rotation axis defined by      : -0.590189762971350      -0.807136615545782       1.437106569193843E-002
 Input data for grain number 190:
  'Round' grain.
  x,y,z coordinates             : 27.2717, 97.2710, 97.1880 micrometers
  Grain radius                  : 34.129 micrometers
  Stabilisation
  Voronoi construction
  Phase number                  : 1
  Rotation angle                : +36.7477 degree
  Rotation axis defined by      : -0.280614928083439      -1.830103171636769E-002 -0.959645942196831
 Input data for grain number 191:
  'Round' grain.
  x,y,z coordinates             : 98.1600, 33.0742, 35.1969 micrometers
  Grain radius                  : 31.448 micrometers
  Stabilisation
  Voronoi construction
  Phase number                  : 1
  Rotation angle                : +51.8893 degree
  Rotation axis defined by      : 0.544744314801990       0.728366505810352       0.415615043886202
 Input data for grain number 192:
  'Round' grain.
  x,y,z coordinates             : 99.7933, 2.42176, 24.7745 micrometers
  Grain radius                  : 30.237 micrometers
  Stabilisation
  Voronoi construction
  Phase number                  : 1
  Rotation angle                : +27.2908 degree
  Rotation axis defined by      : -0.164630107030091       0.622102636165196       0.765431406420963
 Input data for grain number 193:
  'Round' grain.
  x,y,z coordinates             : 51.8230, 0.828454, 92.9801 micrometers
  Grain radius                  : 31.913 micrometers
  Stabilisation
  Voronoi construction
  Phase number                  : 1
  Rotation angle                : +29.9564 degree
  Rotation axis defined by      : -0.375306276041025      -0.450146836592626       0.810254913388292
 Input data for grain number 194:
  'Round' grain.
  x,y,z coordinates             : 82.4718, 83.9123, 26.2742 micrometers
  Grain radius                  : 30.175 micrometers
  Stabilisation
  Voronoi construction
  Phase number                  : 1
  Rotation angle                : +47.5939 degree
  Rotation axis defined by      : 0.521168385969956       0.829696829264660       0.199966709663488
 Input data for grain number 195:
  'Round' grain.
  x,y,z coordinates             : 28.8199, 83.7382, 65.9621 micrometers
  Grain radius                  : 33.296 micrometers
  Stabilisation
  Voronoi construction
  Phase number                  : 1
  Rotation angle                : +43.4013 degree
  Rotation axis defined by      : 9.846503939336147E-002  0.820999204070504      -0.562374379691023
 Input data for grain number 196:
  'Round' grain.
  x,y,z coordinates             : 29.5405, 21.0643, 17.7343 micrometers
  Grain radius                  : 31.835 micrometers
  Stabilisation
  Voronoi construction
  Phase number                  : 1
  Rotation angle                : +39.6996 degree
  Rotation axis defined by      : 2.371677089038632E-002  0.798620924182802       0.601366888210467
 Input data for grain number 197:
  'Round' grain.
  x,y,z coordinates             : 24.2287, 42.4115, 83.3409 micrometers
  Grain radius                  : 32.496 micrometers
  Stabilisation
  Voronoi construction
  Phase number                  : 1
  Rotation angle                : +57.7941 degree
  Rotation axis defined by      : 0.621347704413566      -0.695665536984336      -0.360522524777976
 Input data for grain number 198:
  'Round' grain.
  x,y,z coordinates             : 0.791487, 20.4148, 86.0269 micrometers
  Grain radius                  : 33.747 micrometers
  Stabilisation
  Voronoi construction
  Phase number                  : 1
  Rotation angle                : +21.2885 degree
  Rotation axis defined by      : -0.714915677351945      -0.580369225105006       0.389957865451417
 Input data for grain number 199:
  'Round' grain.
  x,y,z coordinates             : 3.91158, 41.8575, 37.7852 micrometers
  Grain radius                  : 33.170 micrometers
  Stabilisation
  Voronoi construction
  Phase number                  : 1
  Rotation angle                : +50.6295 degree
  Rotation axis defined by      : 0.661744948576178      -0.509911963315884       0.549621153797097
 Input data for grain number 200:
  'Round' grain.
  x,y,z coordinates             : 51.2170, 0.380091, 3.69043 micrometers
  Grain radius                  : 31.638 micrometers
  Stabilisation
  Voronoi construction
  Phase number                  : 1
  Rotation angle                : +44.6968 degree
  Rotation axis defined by      : -4.543617125283429E-002  0.890935090438406       0.451851987898021


 Data for further nucleation
 ***************************
 Run-time nucleation disabled
 
 
 Phase interaction data
 **********************
 
 Data for phase interaction 0 / 1:
 ---------------------------------
  Interaction between 0 and 1 will not be simulated.
 
 Data for phase interaction 1 / 1:
 ---------------------------------
  Interaction between 1 and 1 will be simulated.
  Interaction parameters between phases  1  and 1:
  Interfacial energy        sigma = 5.00000E-05 [J/cm**2]
  Kinetic coefficient          mu = 1.00000E-04 [cm**4/(Js)]
  Misorientation will be considered.
 Transition from low to high angle boundary (in degrees): 15.000
 Number of special orientation relations: 2
  Misorientation coefficient defined by the Read-Shockley model
  minimal reduction factor of the Humphreys model:   0.0000
  Parameters B and N of the Humphreys model:   5.0000         4.0000
  Rotation angle [degrees]: +60.00
  Tolerance of rotation angle [degrees]: +3.000
  Rotation axis:                        
  Tolerance of rotation angle [degrees]: +4.000
  Prefactor of interfacial energy for the special OR: 0.50000
  Prefactor of interfacial mobility for the special OR? 1.0000
  Rotation angle [degrees]: +38.90
  Tolerance of rotation angle [degrees]: +3.000
  Rotation axis:                        
  Tolerance of rotation angle [degrees]: +4.000
  Prefactor of interfacial energy for the special OR: 0.50000
  Prefactor of interfacial mobility for the special OR? 1.0000


 Phase diagram - input data
 **************************
 
 
 Boundary conditions
 *******************
 Initial temperature at the bottom: 1200.000 K
 Temperature gradient at beginning: 0.0000 K/cm
 Cooling rate: 0.0000 K/s
 Simulation domain not shifted
 
 In W-direction periodic/wrap-around boundary condition for phase field
 In E-direction periodic/wrap-around boundary condition for phase field
 In S-direction periodic/wrap-around boundary condition for phase field
 In N-direction periodic/wrap-around boundary condition for phase field
 In B-direction periodic/wrap-around boundary condition for phase field
 In T-direction periodic/wrap-around boundary condition for phase field
 
 Unit-cell model symmetric with respect to the x/y diagonal plane not activated


 Other numerical parameters
 **************************
 Phase minimum      phMin = 1.00E-04
 Interface thickness etaZ = 3.50000000000000


 Beginning of initialisation
 ***************************
 # Grain number   1 set
 # Grain number   2 set
 # Grain number   3 set
 # Grain number   4 set
 # Grain number   5 set
 # Grain number   6 set
 # Grain number   7 set
 # Grain number   8 set
 # Grain number   9 set
 # Grain number  10 set
 # Grain number  11 set
 # Grain number  12 set
 # Grain number  13 set
 # Grain number  14 set
 # Grain number  15 set
 # Grain number  16 set
 # Grain number  17 set
 # Grain number  18 set
 # Grain number  19 set
 # Grain number  20 set
 # Grain number  21 set
 # Grain number  22 set
 # Grain number  23 set
 # Grain number  24 set
 # Grain number  25 set
 # Grain number  26 set
 # Grain number  27 set
 # Grain number  28 set
 # Grain number  29 set
 # Grain number  30 set
 # Grain number  31 set
 # Grain number  32 set
 # Grain number  33 set
 # Grain number  34 set
 # Grain number  35 set
 # Grain number  36 set
 # Grain number  37 set
 # Grain number  38 set
 # Grain number  39 set
 # Grain number  40 set
 # Grain number  41 set
 # Grain number  42 set
 # Grain number  43 set
 # Grain number  44 set
 # Grain number  45 set
 # Grain number  46 set
 # Grain number  47 set
 # Grain number  48 set
 # Grain number  49 set
 # Grain number  50 set
 # Grain number  51 set
 # Grain number  52 set
 # Grain number  53 set
 # Grain number  54 set
 # Grain number  55 set
 # Grain number  56 set
 # Grain number  57 set
 # Grain number  58 set
 # Grain number  59 set
 # Grain number  60 set
 # Grain number  61 set
 # Grain number  62 set
 # Grain number  63 set
 # Grain number  64 set
 # Grain number  65 set
 # Grain number  66 set
 # Grain number  67 set
 # Grain number  68 set
 # Grain number  69 set
 # Grain number  70 set
 # Grain number  71 set
 # Grain number  72 set
 # Grain number  73 set
 # Grain number  74 set
 # Grain number  75 set
 # Grain number  76 set
 # Grain number  77 set
 # Grain number  78 set
 # Grain number  79 set
 # Grain number  80 set
 # Grain number  81 set
 # Grain number  82 set
 # Grain number  83 set
 # Grain number  84 set
 # Grain number  85 set
 # Grain number  86 set
 # Grain number  87 set
 # Grain number  88 set
 # Grain number  89 set
 # Grain number  90 set
 # Grain number  91 set
 # Grain number  92 set
 # Grain number  93 set
 # Grain number  94 set
 # Grain number  95 set
 # Grain number  96 set
 # Grain number  97 set
 # Grain number  98 set
 # Grain number  99 set
 # Grain number 100 set
 # Grain number 101 set
 # Grain number 102 set
 # Grain number 103 set
 # Grain number 104 set
 # Grain number 105 set
 # Grain number 106 set
 # Grain number 107 set
 # Grain number 108 set
 # Grain number 109 set
 # Grain number 110 set
 # Grain number 111 set
 # Grain number 112 set
 # Grain number 113 set
 # Grain number 114 set
 # Grain number 115 set
 # Grain number 116 set
 # Grain number 117 set
 # Grain number 118 set
 # Grain number 119 set
 # Grain number 120 set
 # Grain number 121 set
 # Grain number 122 set
 # Grain number 123 set
 # Grain number 124 set
 # Grain number 125 set
 # Grain number 126 set
 # Grain number 127 set
 # Grain number 128 set
 # Grain number 129 set
 # Grain number 130 set
 # Grain number 131 set
 # Grain number 132 set
 # Grain number 133 set
 # Grain number 134 set
 # Grain number 135 set
 # Grain number 136 set
 # Grain number 137 set
 # Grain number 138 set
 # Grain number 139 set
 # Grain number 140 set
 # Grain number 141 set
 # Grain number 142 set
 # Grain number 143 set
 # Grain number 144 set
 # Grain number 145 set
 # Grain number 146 set
 # Grain number 147 set
 # Grain number 148 set
 # Grain number 149 set
 # Grain number 150 set
 # Grain number 151 set
 # Grain number 152 set
 # Grain number 153 set
 # Grain number 154 set
 # Grain number 155 set
 # Grain number 156 set
 # Grain number 157 set
 # Grain number 158 set
 # Grain number 159 set
 # Grain number 160 set
 # Grain number 161 set
 # Grain number 162 set
 # Grain number 163 set
 # Grain number 164 set
 # Grain number 165 set
 # Grain number 166 set
 # Grain number 167 set
 # Grain number 168 set
 # Grain number 169 set
 # Grain number 170 set
 # Grain number 171 set
 # Grain number 172 set
 # Grain number 173 set
 # Grain number 174 set
 # Grain number 175 set
 # Grain number 176 set
 # Grain number 177 set
 # Grain number 178 set
 # Grain number 179 set
 # Grain number 180 set
 # Grain number 181 set
 # Grain number 182 set
 # Grain number 183 set
 # Grain number 184 set
 # Grain number 185 set
 # Grain number 186 set
 # Grain number 187 set
 # Grain number 188 set
 # Grain number 189 set
 # Grain number 190 set
 # Grain number 191 set
 # Grain number 192 set
 # Grain number 193 set
 # Grain number 194 set
 # Grain number 195 set
 # Grain number 196 set
 # Grain number 197 set
 # Grain number 198 set
 # Grain number 199 set
 # Grain number 200 set
 
 # tWidth_max( 1 : 1 ) = 0.3040000 s
 # Maximal value for tWidth = 0.3040000 s for phase-field solver
 # Initial value for tWidth = 0.30400 s for automatic time stepping (phase-field solver)
 
 Remaining license time: permanent

 ==================================================

 Time t = 0.0000000 s
 CPU-time: 66 s
 Current phase-field solver time step = 3.04E-01 s
 Temperature at the bottom = 1200.0 K
 Temperature gradient = 0.00000 K/cm

 **********************************************
 *         Beginning of simulation            *
 **********************************************

 Intermediate output for t = 50.000 s
 CPU-time: 567 s
 Current phase-field solver time step = 1.30E-01 s
 Temperature at the bottom = 1200.0 K
 Temperature gradient = 0.00000 K/cm

 Intermediate output for t = 100.00 s
 CPU-time: 567 s
 Current phase-field solver time step = 1.49E-01 s
 Temperature at the bottom = 1200.0 K
 Temperature gradient = 0.00000 K/cm

 Intermediate output for t = 150.00 s
 CPU-time: 542 s
 Current phase-field solver time step = 1.69E-01 s
 Temperature at the bottom = 1200.0 K
 Temperature gradient = 0.00000 K/cm

 Intermediate output for t = 200.00 s
 CPU-time: 535 s
 Current phase-field solver time step = 1.28E-01 s
 Temperature at the bottom = 1200.0 K
 Temperature gradient = 0.00000 K/cm

 Intermediate output for t = 250.00 s
 CPU-time: 541 s
 Current phase-field solver time step = 1.45E-01 s
 Temperature at the bottom = 1200.0 K
 Temperature gradient = 0.00000 K/cm

 Intermediate output for t = 300.00 s
 CPU-time: 514 s
 Current phase-field solver time step = 1.84E-01 s
 Temperature at the bottom = 1200.0 K
 Temperature gradient = 0.00000 K/cm

 Intermediate output for t = 350.00 s
 CPU-time: 542 s
 Current phase-field solver time step = 1.77E-01 s
 Temperature at the bottom = 1200.0 K
 Temperature gradient = 0.00000 K/cm

 Intermediate output for t = 400.00 s
 CPU-time: 493 s
 Current phase-field solver time step = 1.30E-01 s
 Temperature at the bottom = 1200.0 K
 Temperature gradient = 0.00000 K/cm

 Intermediate output for t = 450.00 s
 CPU-time: 466 s
 Current phase-field solver time step = 1.39E-01 s
 Temperature at the bottom = 1200.0 K
 Temperature gradient = 0.00000 K/cm

 Intermediate output for t = 500.00 s
 CPU-time: 416 s
 Current phase-field solver time step = 1.67E-01 s
 Temperature at the bottom = 1200.0 K
 Temperature gradient = 0.00000 K/cm

 Intermediate output for t = 600.00 s
 CPU-time: 775 s
 Current phase-field solver time step = 1.69E-01 s
 Temperature at the bottom = 1200.0 K
 Temperature gradient = 0.00000 K/cm

 Intermediate output for t = 700.00 s
 CPU-time: 726 s
 Current phase-field solver time step = 1.40E-01 s
 Temperature at the bottom = 1200.0 K
 Temperature gradient = 0.00000 K/cm

 Intermediate output for t = 800.00 s
 CPU-time: 570 s
 Current phase-field solver time step = 1.38E-01 s
 Temperature at the bottom = 1200.0 K
 Temperature gradient = 0.00000 K/cm

 Intermediate output for t = 900.00 s
 CPU-time: 451 s
 Current phase-field solver time step = 3.14E-01 s
 Temperature at the bottom = 1200.0 K
 Temperature gradient = 0.00000 K/cm

 Intermediate output for t = 1000.0 s
 CPU-time: 431 s
 Current phase-field solver time step = 1.80E-01 s
 Temperature at the bottom = 1200.0 K
 Temperature gradient = 0.00000 K/cm

 ==================================================

 Simulation run on machine n009
 Remaining license time: permanent
 CPU time in seconds:        8209
 Wall clock time in seconds:  8601
 End
 
