
 MICRESS binary
 **************
 version number: 6.400 (Linux)
 compiled: 01/17/2018
 compiler version: Intel 1400 20140120
 executable architecture: x64
 Thermo-Calc coupling: enabled
 #    Version:    19
 #    Link Date:  20-03-2017 12:28:00
 #    OS Name:    Linux
 #    Build Date: 10716
 #    Compiler:   ifort (IFORT) 14.0.2 20140120
 OpenMP: disabled
 shell: /bin/tcsh
 ('double precision' binary)

 Miscellanea
 ***********
 Date and time: 17/01/2018 (05:59)
 Machine: n009
 Driving file: T039_5Grains_DifferentSizes_dri.temp


 Flags and settings
 ******************

 Geometry
 --------
 AnzX,   AnzY,   AnzZ   = 800, 1, 160
 deltaX, deltaY, deltaZ [cm] = 5.0000E-06, 5.0000E-06, 5.0000E-06

 Flags
 -----
 Phase-field simulation without coupling
 'Multi-obstacle' potential
 IFaceDim coeff. : 0.200 (0.75, 0.50)
 nTupelDim coeff.: 0.00 (0.75, 0.50)


 The data compression is done with 'zlib' (cf. http://www.zlib.net/).
 The routine for appending is loosely derived from the 'gzappend.c' example.


 Time input data
 ***************
 Number of intermediate outputs = 10
 Intermediate output at t       = 1.0000000E+00 s
 Intermediate output at t       = 2.0000000E+00 s
 Intermediate output at t       = 3.0000000E+00 s
 Intermediate output at t       = 4.0000000E+00 s
 Intermediate output at t       = 5.0000000E+00 s
 Intermediate output at t       = 6.0000000E+00 s
 Intermediate output at t       = 7.0000000E+00 s
 Intermediate output at t       = 8.0000000E+00 s
 Intermediate output at t       = 9.0000000E+00 s
 Intermediate output at t       = 1.0000000E+01 s
 Coefficient for phase-field criterion 1.00
 Weight factor for bulk increment = 2.500E-10
 Upper limit for time step: 1.000E+03
 Lower limit for time step: 1.000E-36
 Number of steps to adjust profiles of initially sharp interfaces [exclude_inactive]: 1
 
 
 Phase data
 **********
 Number of distinct solid phases = 1
 
 Data for phase 1:
 -----------------
 in phase 1, recrystallisation will not be considered.
 Phase 1 is isotropic.
 No categorization is allowed for phase 1


 Grain input
 ***********
 Grains will be positioned deterministically
 Number of grains = 5
 Input data for grain number 1:
  'Round' grain.
  x,z coordinates               : 4.00000, 4.00000 micrometers
  Grain radius                  : 1.80000 micrometers
  Grain 1 is stabilized
  No Voronoi construction
  Phase number                  : 1
 Input data for grain number 2:
  'Round' grain.
  x,z coordinates               : 12.0000, 4.00000 micrometers
  Grain radius                  : 1.90000 micrometers
  Grain 2 is stabilized
  No Voronoi construction
  Phase number                  : 1
 Input data for grain number 3:
  'Round' grain.
  x,z coordinates               : 20.0000, 4.00000 micrometers
  Grain radius                  : 2.00000 micrometers
  Grain 3 is stabilized
  No Voronoi construction
  Phase number                  : 1
 Input data for grain number 4:
  'Round' grain.
  x,z coordinates               : 28.0000, 4.00000 micrometers
  Grain radius                  : 2.10000 micrometers
  Grain 4 is stabilized
  No Voronoi construction
  Phase number                  : 1
 Input data for grain number 5:
  'Round' grain.
  x,z coordinates               : 36.0000, 4.00000 micrometers
  Grain radius                  : 2.20000 micrometers
  Grain 5 is stabilized
  No Voronoi construction
  Phase number                  : 1


 Data for further nucleation
 ***************************
 Run-time nucleation disabled
 
 
 Phase interaction data
 **********************
 
 Data for phase interaction 0 / 1:
 ---------------------------------
  Interaction between 0 and 1 will be simulated.
  Interaction parameters between phases  0  and 1:
  'Smoothing angle'        smooth = 45.00
  Interfacial energy        sigma = 2.00000E-05 [J/cm**2]
  Kinetic coefficient          mu = 1.00000E-03 [cm**4/(Js)]
 
 Data for phase interaction 1 / 1:
 ---------------------------------
  Interaction between 1 and 1 will not be simulated.


 Phase diagram - input data
 **************************
 Equilibrium temperature between 0  and 1 = 1000.00000000000 K
 Entropy of fusion between phase 0  and 1 = 1.00000000000000 J/(cm**3 K)
 
 
 Boundary conditions
 *******************
 Initial temperature at the bottom: 999.9010 K
 Temperature gradient at beginning: 0.0000 K/cm
 Cooling rate: 0.0000 K/s
 Simulation domain not shifted
 
 In W-direction isolation boundary condition for phase field
 In E-direction isolation boundary condition for phase field
 In B-direction isolation boundary condition for phase field
 In T-direction isolation boundary condition for phase field
 
 Unit-cell model symmetric with respect to the x/y diagonal plane not activated


 Other numerical parameters
 **************************
 Phase minimum      phMin = 1.00E-04
 Interface thickness etaZ = 4.00000000000000


 Beginning of initialisation
 ***************************
 # Grain number 1 set
 # Grain number 2 set
 # Grain number 3 set
 # Grain number 4 set
 # Grain number 5 set
 
 # tWidth_max( 0 : 1 ) = 2.9687500E-04 s
 # Maximal value for tWidth = 2.9687500E-04 s for phase-field solver
 # Initial value for tWidth = 2.96875E-04 s for automatic time stepping (phase-field solver)
 # Critical grain radius:
 # of phase 1 in phase 0 = 0.20000 / dT_unt  [micrometers]
 
 Remaining license time: permanent

 ==================================================

 Time t = 0.0000000 s
 CPU-time: 0 s
 Current phase-field solver time step = 2.97E-04 s
 Temperature at the bottom = 999.90 K
 Temperature gradient = 0.00000 K/cm

 **********************************************
 *         Beginning of simulation            *
 **********************************************

 Intermediate output for t = 1.0000 s
 CPU-time: 14 s
 Current phase-field solver time step = 2.97E-04 s
 Temperature at the bottom = 999.90 K
 Temperature gradient = 0.00000 K/cm

 Intermediate output for t = 2.0000 s
 CPU-time: 12 s
 Current phase-field solver time step = 2.97E-04 s
 Temperature at the bottom = 999.90 K
 Temperature gradient = 0.00000 K/cm

 Intermediate output for t = 3.0000 s
 CPU-time: 13 s
 Current phase-field solver time step = 2.97E-04 s
 Temperature at the bottom = 999.90 K
 Temperature gradient = 0.00000 K/cm

 Intermediate output for t = 4.0000 s
 CPU-time: 11 s
 Current phase-field solver time step = 2.97E-04 s
 Temperature at the bottom = 999.90 K
 Temperature gradient = 0.00000 K/cm

 Intermediate output for t = 5.0000 s
 CPU-time: 11 s
 Current phase-field solver time step = 2.97E-04 s
 Temperature at the bottom = 999.90 K
 Temperature gradient = 0.00000 K/cm

 Intermediate output for t = 6.0000 s
 CPU-time: 11 s
 Current phase-field solver time step = 2.97E-04 s
 Temperature at the bottom = 999.90 K
 Temperature gradient = 0.00000 K/cm

 Intermediate output for t = 7.0000 s
 CPU-time: 12 s
 Current phase-field solver time step = 4.22E-05 s
 Temperature at the bottom = 999.90 K
 Temperature gradient = 0.00000 K/cm

 Intermediate output for t = 8.0000 s
 CPU-time: 8 s
 Current phase-field solver time step = 2.79E-04 s
 Temperature at the bottom = 999.90 K
 Temperature gradient = 0.00000 K/cm

 Intermediate output for t = 9.0000 s
 CPU-time: 4 s
 Current phase-field solver time step = 2.97E-04 s
 Temperature at the bottom = 999.90 K
 Temperature gradient = 0.00000 K/cm

 Intermediate output for t = 10.000 s
 CPU-time: 4 s
 Current phase-field solver time step = 2.97E-04 s
 Temperature at the bottom = 999.90 K
 Temperature gradient = 0.00000 K/cm

 ==================================================

 Simulation run on machine n009
 Remaining license time: permanent
 CPU time in seconds:         105
 Wall clock time in seconds:  113
 End
 
