
 MICRESS binary
 **************
 version number: 6.400 (Linux)
 compiled: 01/18/2018
 compiler version: Intel 1400 20140120
 executable architecture: x64
 Thermo-Calc coupling: enabled
 #    Version:    19
 #    Link Date:  20-03-2017 12:28:00
 #    OS Name:    Linux
 #    Build Date: 10716
 #    Compiler:   ifort (IFORT) 14.0.2 20140120
 OpenMP: enabled
 shell: /bin/tcsh
 ('double precision' binary)

 Miscellanea
 ***********
 Date and time: 18/01/2018 (04:26)
 Machine: n009
 Driving file: T001_Delta_Gamma_dri.temp


 Flags and settings
 ******************

 Geometry
 --------
 AnzX,   AnzY,   AnzZ   = 245, 1, 1500
 deltaX, deltaY, deltaZ [cm] = 1.0000E-04, 1.0000E-04, 1.0000E-04

 Flags
 -----
 Simulation with concentration coupling
 'Double-obstacle' potential
 1d_far_field 501
 no_1d_temp
 IFaceDim coeff. : 0.100 (0.75, 0.50)
 nTupelDim coeff.: 0.100 (0.75, 0.50)


 The data compression is done with 'zlib' (cf. http://www.zlib.net/).
 The routine for appending is loosely derived from the 'gzappend.c' example.


 Time input data
 ***************
 Number of intermediate outputs = 19
 Intermediate output at t       = 1.0000000E-02 s
 Intermediate output at t       = 1.0000000E+00 s
 Intermediate output at t       = 2.5000000E+00 s
 Intermediate output at t       = 5.0000000E+00 s
 Intermediate output at t       = 7.5000000E+00 s
 Intermediate output at t       = 1.0000000E+01 s
 Intermediate output at t       = 1.2500000E+01 s
 Intermediate output at t       = 1.5000000E+01 s
 Intermediate output at t       = 1.7500000E+01 s
 Intermediate output at t       = 2.0000000E+01 s
 Intermediate output at t       = 2.2500000E+01 s
 Intermediate output at t       = 2.5000000E+01 s
 Intermediate output at t       = 2.7500000E+01 s
 Intermediate output at t       = 3.0000000E+01 s
 Intermediate output at t       = 3.2500000E+01 s
 Intermediate output at t       = 3.5000000E+01 s
 Intermediate output at t       = 4.0000000E+01 s
 Intermediate output at t       = 4.5000000E+01 s
 Intermediate output at t       = 5.0000000E+01 s
 Coefficient for phase-field criterion 1.00
 Coefficient for segregation criterion 0.900
 Upper limit for time step: 1.000E+20
 Number of steps to adjust profiles of initially sharp interfaces [exclude_inactive]: 0
 
 
 Phase data
 **********
 Number of distinct solid phases = 2
 
 Data for phase 1:
 -----------------
 in phase 1, recrystallisation will not be considered.
 Phase 1 is anisotropic.
 Cubic crystal symmetry will be considered:
 No categorization is allowed for phase 1
 
 Data for phase 2:
 -----------------
 in phase 2, recrystallisation will not be considered.
 Phase 2 is anisotropic.
 Cubic crystal symmetry will be considered:
 No categorization is allowed for phase 2
 Grain orientations will be defined by 2D angles.


 Grain input
 ***********
 Grains will be positioned deterministically
 Number of grains = 1
 Input data for grain number 1:
  'Round' grain.
  x,z coordinates               : 0.500000, 0.500000 micrometers
  Grain radius                  : 0.00000 micrometers
  Grain 1 is stabilized
  No Voronoi construction
  Phase number                  : 1
  Rotation angle                : 0.000000000000000E+000  degree


 Data for further nucleation
 ***************************
 Run-time nucleation enabled
 Number of types of seeds: 1

 Input for seed type 1:
 ----------------------
  Type of 'position' of the seeds: interfaces
  Phase of new grains: 2
  Phase of new grains: 2
  Reference phase is phase 0
  Minimal fraction of reference phase: 0.00000
  Maximal fraction of reference phase: 1.00000
  Substrate phase: 1
  The influence of the curvature undercooling will not be taken into account.
  Nucleation driving force for seed type 1 will be undercooling.
  Seed type 1 will be described by the nucleation model seed_undercooling
  maximum number of new nuclei 1: 5
  Grain radius [micrometers]: 0.00000
  Choice of growth mode:stabilisation
  min. undercooling [K] (>0): 1.0000
  Determination of grain orientations is 'parent_relation'
  Minimal value of rotation angle -5.000
  Maximal value of rotation angle +5.000
  Shield time [s]: 100.00
  shield phase or group number: 2
  Shield distance [micrometers]  [ nucleation distance [micrometers] ]: 25.000
  min. nucleation temperature for seed type 1: 1700.0000 K
  max. nucleation temperature for seed type 1: 1765.0000 K
  Time between checks for nucleation: 1.0000 [s]
  No random noise will be applied.

 Other nucleation parameters
 ---------------------------
  Max. number of simultaneous nucleations: 5
  Metastable small seeds will not be killed
 
 
 Phase interaction data
 **********************
 
 Data for phase interaction 0 / 1:
 ---------------------------------
  Interaction between 0 and 1 will be simulated.
  Interaction parameters between phases  0  and 1:
  Averaging coefficient        Av = +1.00
  Maximal driving force     dGMax = 20.000 [J/cm**3]
  Interfacial energy        sigma = 2.04000E-05 [J/cm**2]
  Kinetic coefficient          mu = 4.00000E-03 [cm**4/(Js)]
 Cubic anisotropy of interfacial stiffness.
  Coefficient delta = 0.3000000
 Cubic anisotropy of interfacial mobility.
  Coefficient delta = 0.3000000
 
 Data for phase interaction 0 / 2:
 ---------------------------------
  Interaction between 0 and 2 will be simulated.
  Interaction parameters between phases  0  and 2:
  Averaging coefficient        Av = +1.00
  Maximal driving force     dGMax = 20.000 [J/cm**3]
  Interfacial energy        sigma = 2.04000E-05 [J/cm**2]
  Kinetic coefficient          mu = 4.00000E-03 [cm**4/(Js)]
 Cubic anisotropy of interfacial stiffness.
  Coefficient delta = 0.3000000
 Cubic anisotropy of interfacial mobility.
  Coefficient delta = 0.3000000
 
 Data for phase interaction 1 / 1:
 ---------------------------------
  Interaction between 1 and 1 will not be simulated.
 
 Data for phase interaction 1 / 2:
 ---------------------------------
  Interaction between 1 and 2 will be simulated.
  Interaction parameters between phases  1  and 2:
  Averaging coefficient        Av = +1.00
  Maximal driving force     dGMax = 20.000 [J/cm**3]
  Interfacial energy        sigma = 5.04000E-05 [J/cm**2]
  Kinetic coefficient          mu = 2.00000E-02 [cm**4/(Js)]
  Misorientation will not be considered.
  Phases  1 /  2 have an isotropic interaction.
 
 Data for phase interaction 2 / 2:
 ---------------------------------
  Interaction between 2 and 2 will not be simulated.


 Concentration data
 ******************
 Number of dissolved constituents = 2
 Concentration in atom percent at%

 Diffusion Data
 --------------
 Diffusion of component 1  in phase 0  will be solved.
 Diff.-coefficient:
 Prefactor: 2.000000000000000E-005 [cm**2/s]
 Activation energy: 0.000000000000000E+000 [J/mol]
 Diffusion of component 1  in phase 1  will be solved.
 Diff.-coefficient:
 Prefactor: 6.000000000000000E-006 [cm**2/s]
 Activation energy: 0.000000000000000E+000 [J/mol]
 Diffusion of component 1  in phase 2  will be solved.
 Diff.-coefficient:
 Prefactor: 1.000000000000000E-006 [cm**2/s]
 Activation energy: 0.000000000000000E+000 [J/mol]
 Diffusion of component 2  in phase 0  will be solved.
 Diff.-coefficient:
 Prefactor: 2.000000000000000E-005 [cm**2/s]
 Activation energy: 0.000000000000000E+000 [J/mol]
 Diffusion of component 2  in phase 1  will be solved.
 Diff.-coefficient:
 Prefactor: 1.60000000000000 [cm**2/s]
 Activation energy: 240000.000000000 [J/mol]
 Diffusion of component 2  in phase 2  will be solved.
 Diff.-coefficient:
 Prefactor: 1.40000000000000 [cm**2/s]
 Activation energy: 286000.000000000 [J/mol]


 Phase diagram - input data
 **************************

 Name of Thermo-Calc *.GES5 file: GES_Files/TC2015a_FeCMn
 Interval for updating thermodynamic data [s] = 0.10000

 Input of the phase diagram of phase 0 and phase 1:
 --------------------------------------------------
 TC-Coupling activated
 No relinearisation is done per Interface!

 Input of the phase diagram of phase 0 and phase 2:
 --------------------------------------------------
 TC-Coupling activated
 No relinearisation is done per Interface!

 Input of the phase diagram of phase 1 and phase 2:
 --------------------------------------------------
 TC-Coupling activated
 No relinearisation is done per Interface!
 # Reading GES5 workspace ...
 The database contains the following components:
 1: C
 2: FE
 3: MN
 Thermo-Calc index of (MICRESS) component 0 = 2
 Thermo-Calc index of (MICRESS) component 1 = 1
 Thermo-Calc index of (MICRESS) component 2 = 3
 0 -> FE
 1 -> C
 2 -> MN
 The database contains 4 phases:
 1: LIQUID
 2: BCC_A2
 3: CEMENTITE
 4: FCC_A1
 Thermo-Calc index of the (MICRESS) phase 0 = 1
 Thermo-Calc index of the (MICRESS) phase 1 = 2
 Thermo-Calc index of the (MICRESS) phase 2 = 4
 0 -> LIQUID
 1 -> BCC_A2
 2 -> FCC_A1
 # Molar volume of phase 0 (LIQUID): 8.0000 [cm**3/mol]
 # Molar volume of phase 1 (BCC_A2): 8.0000 [cm**3/mol]
 # Molar volume of phase 2 (FCC_A1): 8.0000 [cm**3/mol]
 initial equilibrium at T = 1786.000
 
 
 Initial concentrations
 **********************
 Concentrations will be automatically set, matrix phase: 0
 Initial concentration of component 1 (C) in phase 0 (LIQUID) = 1.000000000 at%
 Initial concentration of component 2 (MN) in phase 0 (LIQUID) = 1.000000000 at%
 1D far-field diffusion approximation was set.
 Number of cells for the 1D external field: 501
 1D-distance [micrometers] = 200.0
 1D-distance [cells]       = 200
 Concentration for 1D extension set homogeneous for component 1
 Concentration for 1D extension set homogeneous for component 2


 Parameters for latent heat and 1D temperature field
 ***************************************************
 Simulation without release of latent heat
 
 
 Boundary conditions
 *******************
 Initial temperature at the bottom: 1786.000 K
 Temperature gradient at beginning: 250.00 K/cm
 Cooling rate: -1.0000 K/s
 Simulation domain shifted in z-direction
 minimal distance to the upper boundary MovingFrameDist = 200.0000 micrometer
 Data shifted out from moving-frame system will not be stored
 
 In W-direction symmetric boundary condition for phase field
 In E-direction symmetric boundary condition for phase field
 In B-direction isolation boundary condition for phase field
 In T-direction isolation boundary condition for phase field
 
 In W-direction symmetric boundary condition for concentration field
 In E-direction symmetric boundary condition for concentration field
 In B-direction isolation boundary condition for concentration field
 In T-direction fixed boundary condition for concentration field
 Fixed value for concentration field for component 1 in T-direction 1.00000 at%
 Fixed value for concentration field for component 2 in T-direction 1.00000 at%
 
 Unit-cell model symmetric with respect to the x/y diagonal plane not activated


 Other numerical parameters
 **************************
 Phase minimum      phMin = 1.00E-04
 Interface thickness etaZ = 3.00000000000000
 Number of parallel threads: 6


 Beginning of initialisation
 ***************************
  Grain number 1 set

 Start Composition for iteration of quasi-equilibrium
 ****************************************************
  FE in LIQUID:  98.01980
  C in LIQUID: 0.9803922
  MN in LIQUID: 0.9998059
  FE in BCC_A2:  96.14901
  C in BCC_A2:  2.860741
  MN in BCC_A2: 0.9902453
  FE in FCC_A1:  98.00255
  C in FCC_A1: 0.9257909
  MN in FCC_A1:  1.071662

 # The linearisation parameters of the phases LIQUID/BCC_A2 are:
 # -------------------------------------------------------------
 1786.0000            ! T0 [K]
 -2.8378039           ! dG [J/cm**3]
 0.94428659           ! dSf+ [J/cm**3K]
 0.88523289           ! dSf- [J/cm**3K]
 1667.7901            ! dH [J/cm3]
 1.0002691952475      ! c0(C)/LIQUID
 0.16905575626966     ! c0(C)/BCC_A2
 1.0000260506626      ! c0(MN)/LIQUID
 0.72978789294020     ! c0(MN)/BCC_A2
 -17.653329           ! m(C)/LIQUID
 -104.62040           ! m(C)/BCC_A2
 -4.9863669           ! m(MN)/LIQUID
 -7.7554302           ! m(MN)/BCC_A2
 -3.47319686E-03      ! dcdT(C)/LIQUID
 5.43454658E-04       ! dcdT(C)/BCC_A2
 -2.44110399E-04      ! dcdT(MN)/LIQUID
 1.21097969E-04       ! dcdT(MN)/BCC_A2
 Initial concentration in the phases:
 LIQUID, FE: 98.00000 at%
 LIQUID, C: 1.000000 at%
 LIQUID, MN: 1.000000 at%
 BCC_A2, FE: 99.10116 at%
 BCC_A2, C: 0.1690558 at%
 BCC_A2, MN: 0.7297879 at%
 
 # tWidth_max( 0 : 1 ) = 2.2388763E-02 s
 # tWidth_max( 0 : 2 ) = 2.2388763E-02 s
 # tWidth_max( 1 : 2 ) = 2.3561508E-03 s
 # Maximal value for tWidth = 2.3561508E-03 s for phase-field solver
 # Maximal value for tWidth = 1.1875000E-04 s for conc-field solver
 # Automatic time stepping (phase-field solver): decreased value for tWidth = 1.12813E-04 s
 # Initial value for tWidth = 1.12812E-04 s for automatic time stepping (phase-field solver)
 # Critical grain radius:
 # of phase 1 in phase 0 = 0.21604 / dT_unt  [micrometers]
 
 Remaining license time: permanent

 ==================================================

 Time t = 0.0000000 s
 CPU-time: 0 s
 Current phase-field solver time step = 1.13E-04 s
 Average conc. of comp. 1 = 1.0000000 at%
 Average conc. of comp. 2 = 1.0000000 at%
 Temperature at the bottom = 1786.0 K
 Temperature gradient = 250.000 K/cm
 Fraction of phase 0: 1.00000
 Fraction of phase 1: 0.00000
 Fraction of phase 2: 0.00000

 **********************************************
 *         Beginning of simulation            *
 **********************************************

 Intermediate output for t = 1.00000E-02 s
 CPU-time: 2 s
 Current phase-field solver time step = 1.00E-03 s
 Average conc. of comp. 1 = 1.0000000 at%
 Average conc. of comp. 2 = 1.0000000 at%
 Temperature at the bottom = 1786.0 K
 Temperature gradient = 250.000 K/cm
 Simulation area shifted by 0 layers
 Velocity of the comoving frame = 0.000 cm/s

 Grain 1 reaches full size at t = 3.223508E-02 s
 complete relinearisation!
 complete relinearisation!
 complete relinearisation!
 complete relinearisation!
 complete relinearisation!
 complete relinearisation!
 complete relinearisation!
 complete relinearisation!
 complete relinearisation!
 complete relinearisation!

 Intermediate output for t = 1.0000 s
 CPU-time: 66 s
 Current phase-field solver time step = 8.32E-04 s
 Average conc. of comp. 1 = 1.0000000 at%
 Average conc. of comp. 2 = 1.0000000 at%
 Temperature at the bottom = 1785.0 K
 Temperature gradient = 250.000 K/cm
 Simulation area shifted by 0 layers
 Velocity of the comoving frame = 0.000 cm/s
 complete relinearisation!
 complete relinearisation!
 complete relinearisation!
 complete relinearisation!
 complete relinearisation!
 complete relinearisation!
 complete relinearisation!
 complete relinearisation!
 complete relinearisation!
 complete relinearisation!
 complete relinearisation!
 complete relinearisation!
 complete relinearisation!
 complete relinearisation!

 Intermediate output for t = 2.5000 s
 CPU-time: 133 s
 Current phase-field solver time step = 7.86E-04 s
 Average conc. of comp. 1 = 1.0000000 at%
 Average conc. of comp. 2 = 1.0000000 at%
 Temperature at the bottom = 1783.5 K
 Temperature gradient = 250.000 K/cm
 Simulation area shifted by 0 layers
 Velocity of the comoving frame = 0.000 cm/s
 complete relinearisation!
 complete relinearisation!
 complete relinearisation!
 complete relinearisation!
 complete relinearisation!
 complete relinearisation!
 complete relinearisation!
 complete relinearisation!
 complete relinearisation!
 complete relinearisation!
 complete relinearisation!
 complete relinearisation!
 complete relinearisation!
 complete relinearisation!
 complete relinearisation!
 complete relinearisation!
 complete relinearisation!
 complete relinearisation!
 complete relinearisation!
 complete relinearisation!
 complete relinearisation!
 complete relinearisation!
 complete relinearisation!
 complete relinearisation!
 complete relinearisation!
 complete relinearisation!

 Intermediate output for t = 5.0000 s
 CPU-time: 349 s
 Current phase-field solver time step = 6.93E-04 s
 Average conc. of comp. 1 = 1.0000000 at%
 Average conc. of comp. 2 = 1.0000000 at%
 Temperature at the bottom = 1781.0 K
 Temperature gradient = 250.000 K/cm
 Simulation area shifted by 0 layers
 Velocity of the comoving frame = 0.000 cm/s
 complete relinearisation!
 complete relinearisation!
 complete relinearisation!
 complete relinearisation!
 complete relinearisation!
 complete relinearisation!
 complete relinearisation!
 complete relinearisation!
 complete relinearisation!
 complete relinearisation!
 complete relinearisation!
 complete relinearisation!
 complete relinearisation!
 complete relinearisation!
 complete relinearisation!
 complete relinearisation!
 complete relinearisation!
 complete relinearisation!
 complete relinearisation!
 complete relinearisation!
 complete relinearisation!
 complete relinearisation!
 complete relinearisation!
 complete relinearisation!
 complete relinearisation!

 Intermediate output for t = 7.5000 s
 CPU-time: 402 s
 Current phase-field solver time step = 6.39E-04 s
 Average conc. of comp. 1 = 1.0000000 at%
 Average conc. of comp. 2 = 1.0000000 at%
 Temperature at the bottom = 1778.5 K
 Temperature gradient = 250.000 K/cm
 Simulation area shifted by 0 layers
 Velocity of the comoving frame = 0.000 cm/s
 complete relinearisation!
 complete relinearisation!
 complete relinearisation!
 complete relinearisation!
 complete relinearisation!
 complete relinearisation!
 complete relinearisation!
 complete relinearisation!
 complete relinearisation!
 complete relinearisation!
 complete relinearisation!
 complete relinearisation!
 complete relinearisation!
 complete relinearisation!
 complete relinearisation!
 complete relinearisation!
 complete relinearisation!
 complete relinearisation!
 complete relinearisation!
 complete relinearisation!
 complete relinearisation!
 complete relinearisation!
 complete relinearisation!
 complete relinearisation!
 complete relinearisation!

 Intermediate output for t = 10.000 s
 CPU-time: 518 s
 Current phase-field solver time step = 5.89E-04 s
 Average conc. of comp. 1 = 1.0000000 at%
 Average conc. of comp. 2 = 1.0000000 at%
 Temperature at the bottom = 1776.0 K
 Temperature gradient = 250.000 K/cm
 Simulation area shifted by 0 layers
 Velocity of the comoving frame = 0.000 cm/s
 complete relinearisation!
 complete relinearisation!
 complete relinearisation!
 complete relinearisation!
 complete relinearisation!
 complete relinearisation!
 complete relinearisation!
 complete relinearisation!
 complete relinearisation!
 complete relinearisation!
 complete relinearisation!
 complete relinearisation!
 complete relinearisation!
 complete relinearisation!
 complete relinearisation!
 complete relinearisation!
 complete relinearisation!
 complete relinearisation!
 complete relinearisation!
 complete relinearisation!
 complete relinearisation!
 complete relinearisation!
 complete relinearisation!
 complete relinearisation!
 complete relinearisation!

 Intermediate output for t = 12.500 s
 CPU-time: 716 s
 Current phase-field solver time step = 5.49E-04 s
 Average conc. of comp. 1 = 1.0000001 at%
 Average conc. of comp. 2 = 1.0000000 at%
 Temperature at the bottom = 1773.5 K
 Temperature gradient = 250.000 K/cm
 Simulation area shifted by 0 layers
 Velocity of the comoving frame = 0.000 cm/s
 complete relinearisation!
 complete relinearisation!
 complete relinearisation!
 complete relinearisation!
 complete relinearisation!
 complete relinearisation!
 complete relinearisation!
 complete relinearisation!
 complete relinearisation!
 complete relinearisation!
 complete relinearisation!
 complete relinearisation!
 complete relinearisation!
 complete relinearisation!
 complete relinearisation!
 complete relinearisation!
 complete relinearisation!
 complete relinearisation!
 complete relinearisation!
 complete relinearisation!
 complete relinearisation!
 complete relinearisation!
 complete relinearisation!
 complete relinearisation!
 complete relinearisation!

 Intermediate output for t = 15.000 s
 CPU-time: 1023 s
 Current phase-field solver time step = 5.23E-04 s
 Average conc. of comp. 1 = 1.0000001 at%
 Average conc. of comp. 2 = 1.0000000 at%
 Temperature at the bottom = 1771.0 K
 Temperature gradient = 250.000 K/cm
 Simulation area shifted by 0 layers
 Velocity of the comoving frame = 0.000 cm/s
 complete relinearisation!
 complete relinearisation!
 complete relinearisation!
 complete relinearisation!
 complete relinearisation!
 complete relinearisation!
 complete relinearisation!
 complete relinearisation!
 complete relinearisation!
 complete relinearisation!
 complete relinearisation!
 complete relinearisation!
 complete relinearisation!
 complete relinearisation!
 complete relinearisation!
 complete relinearisation!
 complete relinearisation!
 complete relinearisation!
 complete relinearisation!
 complete relinearisation!
 complete relinearisation!
 complete relinearisation!
 complete relinearisation!
 complete relinearisation!
 complete relinearisation!

 Intermediate output for t = 17.500 s
 CPU-time: 1309 s
 Current phase-field solver time step = 4.91E-04 s
 Average conc. of comp. 1 = 1.0000001 at%
 Average conc. of comp. 2 = 1.0000000 at%
 Temperature at the bottom = 1768.5 K
 Temperature gradient = 250.000 K/cm
 Simulation area shifted by 0 layers
 Velocity of the comoving frame = 0.000 cm/s
 complete relinearisation!
 complete relinearisation!
 complete relinearisation!
 complete relinearisation!
 complete relinearisation!
 complete relinearisation!
 complete relinearisation!
 complete relinearisation!
 complete relinearisation!
 complete relinearisation!
 complete relinearisation!
 complete relinearisation!
 complete relinearisation!
 complete relinearisation!
 complete relinearisation!
 complete relinearisation!
 complete relinearisation!
 complete relinearisation!
 complete relinearisation!
 complete relinearisation!
 complete relinearisation!
 complete relinearisation!
 complete relinearisation!
 complete relinearisation!

 Intermediate output for t = 20.000 s
 CPU-time: 1484 s
 Current phase-field solver time step = 4.65E-04 s
 Average conc. of comp. 1 = 1.0000001 at%
 Average conc. of comp. 2 = 1.0000000 at%
 Temperature at the bottom = 1766.0 K
 Temperature gradient = 250.000 K/cm
 Simulation area shifted by 0 layers
 Velocity of the comoving frame = 0.000 cm/s
 complete relinearisation!
 complete relinearisation!
 complete relinearisation!
 complete relinearisation!
 complete relinearisation!
 complete relinearisation!
 complete relinearisation!
 complete relinearisation!
 complete relinearisation!
 complete relinearisation!
 complete relinearisation!
 complete relinearisation!
 complete relinearisation!
 complete relinearisation!
 complete relinearisation!
 complete relinearisation!
 complete relinearisation!
 complete relinearisation!
 complete relinearisation!
 complete relinearisation!
 complete relinearisation!
 complete relinearisation!
 complete relinearisation!
 complete relinearisation!
 complete relinearisation!

 Intermediate output for t = 22.500 s
 CPU-time: 1645 s
 Current phase-field solver time step = 4.39E-04 s
 Average conc. of comp. 1 = 1.0000001 at%
 Average conc. of comp. 2 = 1.0000000 at%
 Temperature at the bottom = 1763.5 K
 Temperature gradient = 250.000 K/cm
 Simulation area shifted by 0 layers
 Velocity of the comoving frame = 0.000 cm/s
 complete relinearisation!
 complete relinearisation!
 complete relinearisation!
 complete relinearisation!
 complete relinearisation!

 # The linearisation parameters of the phases LIQUID/FCC_A1 are:
 # -------------------------------------------------------------
 1764.6500            ! T0 [K]
 -0.34827212          ! dG [J/cm**3]
 1.0243646            ! dSf+ [J/cm**3K]
 0.98378818           ! dSf- [J/cm**3K]
 1765.6753            ! dH [J/cm3]
 2.2361482835216      ! c0(C)/LIQUID
 0.71449854020308     ! c0(C)/FCC_A1
 1.2967818849261      ! c0(MN)/LIQUID
 0.96174242985151     ! c0(MN)/FCC_A1
 -14.543634           ! m(C)/LIQUID
 -41.855027           ! m(C)/FCC_A1
 -4.0687496           ! m(MN)/LIQUID
 -6.1848772           ! m(MN)/FCC_A1
 -2.74846498E-03      ! dcdT(C)/LIQUID
 6.21537845E-04       ! dcdT(C)/FCC_A1
 8.86989232E-05       ! dcdT(MN)/LIQUID
 -1.18581445E-04      ! dcdT(MN)/FCC_A1

 # Minimum undercooling for stable growth, seed type 1: 0.3982957 K [r=1.000000 mic.]
 complete relinearisation!
 complete relinearisation!
 complete relinearisation!
 complete relinearisation!
 complete relinearisation!
 complete relinearisation!
 complete relinearisation!
 complete relinearisation!
 complete relinearisation!
 complete relinearisation!
 complete relinearisation!
 complete relinearisation!
 complete relinearisation!
 complete relinearisation!
 complete relinearisation!
 complete relinearisation!
 complete relinearisation!
 complete relinearisation!
 complete relinearisation!
 complete relinearisation!

 Intermediate output for t = 25.000 s
 CPU-time: 1833 s
 Current phase-field solver time step = 4.15E-04 s
 Average conc. of comp. 1 = 1.0000001 at%
 Average conc. of comp. 2 = 1.0000000 at%
 Temperature at the bottom = 1761.0 K
 Temperature gradient = 250.000 K/cm
 Simulation area shifted by 0 layers
 Velocity of the comoving frame = 0.000 cm/s
 complete relinearisation!
 complete relinearisation!
 complete relinearisation!
 complete relinearisation!
 complete relinearisation!
 complete relinearisation!
 complete relinearisation!
 complete relinearisation!
 complete relinearisation!
 complete relinearisation!

 Seed number 1 set at time t = 26.000 s
 --------------------------------------
 at an interface
 Phase: 2 (FCC_A1)
 Seed type: 1
 Local temperature = 1761.8 K
 Undercooling = 1.0757 K
 Grain number = 2

 Seed number 2 set at time t = 26.000 s
 --------------------------------------
 at an interface
 Phase: 2 (FCC_A1)
 Seed type: 1
 Local temperature = 1762.2 K
 Undercooling = 1.0059 K
 Grain number = 3

 # The linearisation parameters of the phases BCC_A2/FCC_A1 are:
 # -------------------------------------------------------------
 1761.8500            ! T0 [K]
 0.69112299           ! dG [J/cm**3]
 0.10478791           ! dSf+ [J/cm**3K]
 9.22690974E-02       ! dSf- [J/cm**3K]
 156.47154            ! dH [J/cm3]
 0.30462830347840     ! c0(C)/BCC_A2
 0.57892597009701     ! c0(C)/FCC_A1
 0.82614421583070     ! c0(MN)/BCC_A2
 0.86538616430816     ! c0(MN)/FCC_A1
 161.18446            ! m(C)/BCC_A2
 98.227129            ! m(C)/FCC_A1
 8.1531955            ! m(MN)/BCC_A2
 8.3497441            ! m(MN)/FCC_A1
 7.40628682E-04       ! dcdT(C)/BCC_A2
 -1.38413831E-03      ! dcdT(C)/FCC_A1
 3.02272237E-04       ! dcdT(MN)/BCC_A2
 -3.28933292E-04      ! dcdT(MN)/FCC_A1
 complete relinearisation!

 Intermediate output for t = 26.000 s
 CPU-time: 815 s
 Current phase-field solver time step = 4.96E-05 s
 Average conc. of comp. 1 = 1.0000001 at%
 Average conc. of comp. 2 = 1.0000000 at%
 Temperature at the bottom = 1760.0 K
 Temperature gradient = 250.000 K/cm
 Simulation area shifted by 0 layers
 Velocity of the comoving frame = 0.000 cm/s

 Grain 2 reaches full size at t = 26.0377 s

 Grain 3 reaches full size at t = 26.0395 s
 complete relinearisation!
 complete relinearisation!
 complete relinearisation!
 complete relinearisation!
 complete relinearisation!
 complete relinearisation!
 complete relinearisation!
 complete relinearisation!
 complete relinearisation!

 Seed number 3 set at time t = 27.000 s
 --------------------------------------
 at an interface
 Phase: 2 (FCC_A1)
 Seed type: 1
 Local temperature = 1761.5 K
 Undercooling = 1.1727 K
 Grain number = 4

 Seed number 4 set at time t = 27.000 s
 --------------------------------------
 at an interface
 Phase: 2 (FCC_A1)
 Seed type: 1
 Local temperature = 1761.7 K
 Undercooling = 1.1239 K
 Grain number = 5

 Seed number 5 set at time t = 27.000 s
 --------------------------------------
 at an interface
 Phase: 2 (FCC_A1)
 Seed type: 1
 Local temperature = 1761.8 K
 Undercooling = 1.1166 K
 Grain number = 6
 complete relinearisation!

 Intermediate output for t = 27.000 s
 CPU-time: 1115 s
 Current phase-field solver time step = 4.02E-05 s
 Average conc. of comp. 1 = 1.0000000 at%
 Average conc. of comp. 2 = 1.0000000 at%
 Temperature at the bottom = 1759.0 K
 Temperature gradient = 250.000 K/cm
 Simulation area shifted by 0 layers
 Velocity of the comoving frame = 0.000 cm/s

 Grain 5 reaches full size at t = 27.0309 s

 Grain 4 reaches full size at t = 27.0323 s

 Grain 6 reaches full size at t = 27.0389 s
 complete relinearisation!
 complete relinearisation!
 complete relinearisation!
 complete relinearisation!

 Intermediate output for t = 27.500 s
 CPU-time: 664 s
 Current phase-field solver time step = 2.42E-04 s
 Average conc. of comp. 1 = 0.9999999 at%
 Average conc. of comp. 2 = 1.0000000 at%
 Temperature at the bottom = 1758.5 K
 Temperature gradient = 250.000 K/cm
 Simulation area shifted by 0 layers
 Velocity of the comoving frame = 0.000 cm/s
 complete relinearisation!
 complete relinearisation!
 complete relinearisation!
 complete relinearisation!
 complete relinearisation!
 complete relinearisation!
 complete relinearisation!
 complete relinearisation!
 complete relinearisation!
 complete relinearisation!
 complete relinearisation!
 complete relinearisation!
 complete relinearisation!
 complete relinearisation!
 complete relinearisation!
 complete relinearisation!
 complete relinearisation!
 complete relinearisation!
 complete relinearisation!
 complete relinearisation!
 complete relinearisation!
 complete relinearisation!
 complete relinearisation!
 complete relinearisation!
 complete relinearisation!

 Intermediate output for t = 30.000 s
 CPU-time: 3265 s
 Current phase-field solver time step = 2.59E-04 s
 Average conc. of comp. 1 = 0.9999984 at%
 Average conc. of comp. 2 = 0.9999996 at%
 Temperature at the bottom = 1756.0 K
 Temperature gradient = 250.000 K/cm
 Simulation area shifted by 0 layers
 Velocity of the comoving frame = 0.000 cm/s
 complete relinearisation!
 complete relinearisation!
 complete relinearisation!
 complete relinearisation!
 complete relinearisation!
 complete relinearisation!
 complete relinearisation!
 complete relinearisation!
 complete relinearisation!
 complete relinearisation!
 complete relinearisation!
 complete relinearisation!
 complete relinearisation!
 complete relinearisation!
 complete relinearisation!
 complete relinearisation!
 complete relinearisation!
 complete relinearisation!
 complete relinearisation!
 complete relinearisation!
 complete relinearisation!
 complete relinearisation!
 complete relinearisation!
 complete relinearisation!
 complete relinearisation!

 Intermediate output for t = 32.500 s
 CPU-time: 3509 s
 Current phase-field solver time step = 2.86E-04 s
 Average conc. of comp. 1 = 0.9999872 at%
 Average conc. of comp. 2 = 0.9999965 at%
 Temperature at the bottom = 1753.5 K
 Temperature gradient = 250.000 K/cm
 Simulation area shifted by 0 layers
 Velocity of the comoving frame = 0.000 cm/s
 complete relinearisation!
 complete relinearisation!
 complete relinearisation!
 complete relinearisation!
 complete relinearisation!
 complete relinearisation!
 complete relinearisation!
 complete relinearisation!
 complete relinearisation!
 complete relinearisation!
 complete relinearisation!
 complete relinearisation!
 complete relinearisation!
 complete relinearisation!
 complete relinearisation!
 complete relinearisation!
 complete relinearisation!
 complete relinearisation!
 complete relinearisation!
 complete relinearisation!
 complete relinearisation!
 complete relinearisation!
 complete relinearisation!
 complete relinearisation!
 complete relinearisation!

 Intermediate output for t = 35.000 s
 CPU-time: 3811 s
 Current phase-field solver time step = 3.22E-04 s
 Average conc. of comp. 1 = 1.0113700 at%
 Average conc. of comp. 2 = 1.0032954 at%
 Temperature at the bottom = 1751.6 K
 Temperature gradient = 250.000 K/cm
 Simulation area shifted by 25 layers
 Velocity of the comoving frame = 0.1000E-02 cm/s
 complete relinearisation!
 complete relinearisation!
 complete relinearisation!
 complete relinearisation!
 complete relinearisation!
 complete relinearisation!
 complete relinearisation!
 complete relinearisation!
 complete relinearisation!
 complete relinearisation!
 complete relinearisation!
 complete relinearisation!
 complete relinearisation!
 complete relinearisation!
 complete relinearisation!
 complete relinearisation!
 complete relinearisation!
 complete relinearisation!
 complete relinearisation!
 complete relinearisation!
 complete relinearisation!
 complete relinearisation!
 complete relinearisation!
 complete relinearisation!
 complete relinearisation!
 complete relinearisation!
 complete relinearisation!
 complete relinearisation!
 complete relinearisation!
 complete relinearisation!
 complete relinearisation!
 complete relinearisation!
 complete relinearisation!
 complete relinearisation!
 complete relinearisation!
 complete relinearisation!
 complete relinearisation!
 complete relinearisation!
 complete relinearisation!
 complete relinearisation!
 complete relinearisation!
 complete relinearisation!
 complete relinearisation!
 complete relinearisation!
 complete relinearisation!
 complete relinearisation!
 complete relinearisation!
 complete relinearisation!
 complete relinearisation!
 complete relinearisation!

 Intermediate output for t = 40.000 s
 CPU-time: 7251 s
 Current phase-field solver time step = 3.77E-04 s
 Average conc. of comp. 1 = 1.0384792 at%
 Average conc. of comp. 2 = 1.0100786 at%
 Temperature at the bottom = 1751.7 K
 Temperature gradient = 250.000 K/cm
 Simulation area shifted by 226 layers
 Velocity of the comoving frame = 0.4020E-02 cm/s
 complete relinearisation!
 complete relinearisation!
 complete relinearisation!
 complete relinearisation!
 complete relinearisation!
 complete relinearisation!
 complete relinearisation!
 complete relinearisation!
 complete relinearisation!
 complete relinearisation!
 complete relinearisation!
 complete relinearisation!
 complete relinearisation!
 complete relinearisation!
 complete relinearisation!
 complete relinearisation!
 complete relinearisation!
 complete relinearisation!
 complete relinearisation!
 complete relinearisation!
 complete relinearisation!
 complete relinearisation!
 complete relinearisation!
 complete relinearisation!
 complete relinearisation!
 complete relinearisation!
 complete relinearisation!
 complete relinearisation!
 complete relinearisation!
 complete relinearisation!
 complete relinearisation!
 complete relinearisation!
 complete relinearisation!
 complete relinearisation!
 complete relinearisation!
 complete relinearisation!
 complete relinearisation!
 complete relinearisation!
 complete relinearisation!
 complete relinearisation!
 complete relinearisation!
 complete relinearisation!
 complete relinearisation!
 complete relinearisation!
 complete relinearisation!
 complete relinearisation!
 complete relinearisation!
 complete relinearisation!
 complete relinearisation!
 complete relinearisation!

 Intermediate output for t = 45.000 s
 CPU-time: 7005 s
 Current phase-field solver time step = 3.76E-04 s
 Average conc. of comp. 1 = 1.0312238 at%
 Average conc. of comp. 2 = 1.0080221 at%
 Temperature at the bottom = 1751.6 K
 Temperature gradient = 250.000 K/cm
 Simulation area shifted by 425 layers
 Velocity of the comoving frame = 0.3980E-02 cm/s
 complete relinearisation!
 complete relinearisation!
 complete relinearisation!
 complete relinearisation!
 complete relinearisation!
 complete relinearisation!
 complete relinearisation!
 complete relinearisation!
 complete relinearisation!
 complete relinearisation!
 complete relinearisation!
 complete relinearisation!
 complete relinearisation!
 complete relinearisation!
 complete relinearisation!
 complete relinearisation!
 complete relinearisation!
 complete relinearisation!
 complete relinearisation!
 complete relinearisation!
 complete relinearisation!
 complete relinearisation!
 complete relinearisation!
 complete relinearisation!
 complete relinearisation!
 complete relinearisation!
 complete relinearisation!
 complete relinearisation!
 complete relinearisation!
 complete relinearisation!
 complete relinearisation!
 complete relinearisation!
 complete relinearisation!
 complete relinearisation!
 complete relinearisation!
 complete relinearisation!
 complete relinearisation!
 complete relinearisation!
 complete relinearisation!
 complete relinearisation!
 complete relinearisation!
 complete relinearisation!
 complete relinearisation!
 complete relinearisation!
 complete relinearisation!
 complete relinearisation!
 complete relinearisation!
 complete relinearisation!
 complete relinearisation!
 complete relinearisation!

 Intermediate output for t = 50.000 s
 CPU-time: 7038 s
 Current phase-field solver time step = 3.65E-04 s
 Average conc. of comp. 1 = 1.0320649 at%
 Average conc. of comp. 2 = 1.0083494 at%
 Temperature at the bottom = 1751.6 K
 Temperature gradient = 250.000 K/cm
 Simulation area shifted by 625 layers
 Velocity of the comoving frame = 0.4000E-02 cm/s

 ==================================================

 Simulation run on machine n009
 Remaining license time: permanent
 CPU time in seconds:       43966
 Wall clock time in seconds:  18516
 End
 
