
 MICRESS binary
 **************
 version number: 6.400 (Linux)
 compiled: 01/17/2018
 compiler version: Intel 1400 20140120
 executable architecture: x64
 Thermo-Calc coupling: enabled
 #    Version:    19
 #    Link Date:  20-03-2017 12:28:00
 #    OS Name:    Linux
 #    Build Date: 10716
 #    Compiler:   ifort (IFORT) 14.0.2 20140120
 OpenMP: disabled
 shell: /bin/tcsh
 ('double precision' binary)

 Miscellanea
 ***********
 Date and time: 17/01/2018 (04:54)
 Machine: n009
 Driving file: T027_SubGrainGrowth_dri.temp


 Flags and settings
 ******************

 Geometry
 --------
 AnzX,   AnzY,   AnzZ   = 200, 1, 200
 deltaX, deltaY, deltaZ [cm] = 1.5000E-04, 1.5000E-04, 1.5000E-04

 Flags
 -----
 Phase-field simulation without coupling
 'Multi-obstacle' potential
 IFaceDim coeff. : 0.100 (0.75, 0.50)
 nTupelDim coeff.: 0.010 (0.75, 0.50)


 The data compression is done with 'zlib' (cf. http://www.zlib.net/).
 The routine for appending is loosely derived from the 'gzappend.c' example.


 Time input data
 ***************
 Number of intermediate outputs = 50
 Intermediate output at t       = 1.0000000E+01 s
 Intermediate output at t       = 2.0000000E+01 s
 Intermediate output at t       = 3.0000000E+01 s
 Intermediate output at t       = 4.0000000E+01 s
 Intermediate output at t       = 5.0000000E+01 s
 Intermediate output at t       = 6.0000000E+01 s
 Intermediate output at t       = 7.0000000E+01 s
 Intermediate output at t       = 8.0000000E+01 s
 Intermediate output at t       = 9.0000000E+01 s
 Intermediate output at t       = 1.0000000E+02 s
 Intermediate output at t       = 1.1000000E+02 s
 Intermediate output at t       = 1.2000000E+02 s
 Intermediate output at t       = 1.3000000E+02 s
 Intermediate output at t       = 1.4000000E+02 s
 Intermediate output at t       = 1.5000000E+02 s
 Intermediate output at t       = 1.6000000E+02 s
 Intermediate output at t       = 1.7000000E+02 s
 Intermediate output at t       = 1.8000000E+02 s
 Intermediate output at t       = 1.9000000E+02 s
 Intermediate output at t       = 2.0000000E+02 s
 Intermediate output at t       = 2.1000000E+02 s
 Intermediate output at t       = 2.2000000E+02 s
 Intermediate output at t       = 2.3000000E+02 s
 Intermediate output at t       = 2.4000000E+02 s
 Intermediate output at t       = 2.5000000E+02 s
 Intermediate output at t       = 2.6000000E+02 s
 Intermediate output at t       = 2.7000000E+02 s
 Intermediate output at t       = 2.8000000E+02 s
 Intermediate output at t       = 2.9000000E+02 s
 Intermediate output at t       = 3.0000000E+02 s
 Intermediate output at t       = 3.1000000E+02 s
 Intermediate output at t       = 3.2000000E+02 s
 Intermediate output at t       = 3.3000000E+02 s
 Intermediate output at t       = 3.4000000E+02 s
 Intermediate output at t       = 3.5000000E+02 s
 Intermediate output at t       = 3.6000000E+02 s
 Intermediate output at t       = 3.7000000E+02 s
 Intermediate output at t       = 3.8000000E+02 s
 Intermediate output at t       = 3.9000000E+02 s
 Intermediate output at t       = 4.0000000E+02 s
 Intermediate output at t       = 4.1000000E+02 s
 Intermediate output at t       = 4.2000000E+02 s
 Intermediate output at t       = 4.3000000E+02 s
 Intermediate output at t       = 4.4000000E+02 s
 Intermediate output at t       = 4.5000000E+02 s
 Intermediate output at t       = 4.6000000E+02 s
 Intermediate output at t       = 4.7000000E+02 s
 Intermediate output at t       = 4.8000000E+02 s
 Intermediate output at t       = 4.9000000E+02 s
 Intermediate output at t       = 5.0000000E+02 s
 Coefficient for phase-field criterion 1.00
 Weight factor for bulk increment = 2.250E-07
 Upper limit for time step: 1.000E+20
 Number of steps to adjust profiles of initially sharp interfaces [exclude_inactive]: 100
 
 
 Phase data
 **********
 Number of distinct solid phases = 1
 
 Data for phase 1:
 -----------------
 in phase 1, recrystallisation will not be considered.
 Phase 1 is anisotropic.
 Cubic crystal symmetry will be considered:
 No categorization is allowed for phase 1
 Grain orientations will be defined by 2D angles.


 Grain input
 ***********
 Grains will be positioned randomly
 Integer for randomization: 345000
 Number of different types of grains: 2
 Number of grains of type 1: 80
 Number of grains of type 2: 10

 Input for grain type 1
 ----------------------
  For grain type 1 round grains will be set.
  Minimal value of x-coordinates: 0.00000 micrometers
  Maximal value of x-coordinates: 300.000 micrometers
  Minimal value of z-coordinates: 0.00000 micrometers
  Maximal value of z-coordinates: 150.000 micrometers
  Minimum grain radius: 40.0000 micrometers
  Maximum grain radius: 45.0000 micrometers
  Grain type 1 is stabilized
  For grains of type 1 will be set according to the Voronoi construction
  Phase number for grain type 1: 1
  Determination of grain orientations is 'range'
  Minimal value of rotation angle 10.00
  Maximal value of rotation angle 20.00
  Minimal distance between grains is: 20.000 micrometers

 Input for grain type 2
 ----------------------
  For grain type 2 round grains will be set.
  Minimal value of x-coordinates: 0.00000 micrometers
  Maximal value of x-coordinates: 300.000 micrometers
  Minimal value of z-coordinates: 150.000 micrometers
  Maximal value of z-coordinates: 300.000 micrometers
  Minimum grain radius: 130.000 micrometers
  Maximum grain radius: 135.000 micrometers
  Grain type 2 is stabilized
  For grains of type 2 will be set according to the Voronoi construction
  Phase number for grain type 2: 1
  Determination of grain orientations is 'range'
  Minimal value of rotation angle 60.00
  Maximal value of rotation angle 70.00
  Minimal distance between grains is: 60.000 micrometers

 I.e.:
 -----
 Number of grains = 90
 Input data for grain number 1:
  'Round' grain.
  x,z coordinates               : 182.678, 90.2574 micrometers
  Grain radius                  : 40.033 micrometers
  Stabilisation
  Voronoi construction
  Phase number                  : 1
  Rotation angle                : +11.7282 degree
 Input data for grain number 2:
  'Round' grain.
  x,z coordinates               : 70.2059, 123.308 micrometers
  Grain radius                  : 43.079 micrometers
  Stabilisation
  Voronoi construction
  Phase number                  : 1
  Rotation angle                : +19.3476 degree
 Input data for grain number 3:
  'Round' grain.
  x,z coordinates               : 190.025, 6.46578 micrometers
  Grain radius                  : 40.612 micrometers
  Stabilisation
  Voronoi construction
  Phase number                  : 1
  Rotation angle                : +10.6523 degree
 Input data for grain number 4:
  'Round' grain.
  x,z coordinates               : 167.788, 9.48975 micrometers
  Grain radius                  : 41.963 micrometers
  Stabilisation
  Voronoi construction
  Phase number                  : 1
  Rotation angle                : +13.3786 degree
 Input data for grain number 5:
  'Round' grain.
  x,z coordinates               : 25.2897, 23.4261 micrometers
  Grain radius                  : 40.844 micrometers
  Stabilisation
  Voronoi construction
  Phase number                  : 1
  Rotation angle                : +17.8178 degree
 Input data for grain number 6:
  'Round' grain.
  x,z coordinates               : 267.307, 134.442 micrometers
  Grain radius                  : 40.655 micrometers
  Stabilisation
  Voronoi construction
  Phase number                  : 1
  Rotation angle                : +10.5213 degree
 Input data for grain number 7:
  'Round' grain.
  x,z coordinates               : 229.850, 5.49831 micrometers
  Grain radius                  : 41.115 micrometers
  Stabilisation
  Voronoi construction
  Phase number                  : 1
  Rotation angle                : +11.5194 degree
 Input data for grain number 8:
  'Round' grain.
  x,z coordinates               : 36.3818, 121.148 micrometers
  Grain radius                  : 43.866 micrometers
  Stabilisation
  Voronoi construction
  Phase number                  : 1
  Rotation angle                : +12.6710 degree
 Input data for grain number 9:
  'Round' grain.
  x,z coordinates               : 124.063, 32.9895 micrometers
  Grain radius                  : 40.630 micrometers
  Stabilisation
  Voronoi construction
  Phase number                  : 1
  Rotation angle                : +14.3512 degree
 Input data for grain number 10:
  'Round' grain.
  x,z coordinates               : 74.1058, 73.1957 micrometers
  Grain radius                  : 40.185 micrometers
  Stabilisation
  Voronoi construction
  Phase number                  : 1
  Rotation angle                : +18.1131 degree
 Input data for grain number 11:
  'Round' grain.
  x,z coordinates               : 66.4027, 95.8772 micrometers
  Grain radius                  : 40.041 micrometers
  Stabilisation
  Voronoi construction
  Phase number                  : 1
  Rotation angle                : +19.3995 degree
 Input data for grain number 12:
  'Round' grain.
  x,z coordinates               : 242.904, 90.7199 micrometers
  Grain radius                  : 43.873 micrometers
  Stabilisation
  Voronoi construction
  Phase number                  : 1
  Rotation angle                : +13.0183 degree
 Input data for grain number 13:
  'Round' grain.
  x,z coordinates               : 292.324, 70.6085 micrometers
  Grain radius                  : 43.670 micrometers
  Stabilisation
  Voronoi construction
  Phase number                  : 1
  Rotation angle                : +12.1557 degree
 Input data for grain number 14:
  'Round' grain.
  x,z coordinates               : 46.6550, 37.1620 micrometers
  Grain radius                  : 44.199 micrometers
  Stabilisation
  Voronoi construction
  Phase number                  : 1
  Rotation angle                : +19.0983 degree
 Input data for grain number 15:
  'Round' grain.
  x,z coordinates               : 12.1805, 125.780 micrometers
  Grain radius                  : 44.177 micrometers
  Stabilisation
  Voronoi construction
  Phase number                  : 1
  Rotation angle                : +19.1555 degree
 Input data for grain number 16:
  'Round' grain.
  x,z coordinates               : 162.086, 72.5711 micrometers
  Grain radius                  : 41.138 micrometers
  Stabilisation
  Voronoi construction
  Phase number                  : 1
  Rotation angle                : +18.0087 degree
 Input data for grain number 17:
  'Round' grain.
  x,z coordinates               : 38.0056, 87.5560 micrometers
  Grain radius                  : 41.219 micrometers
  Stabilisation
  Voronoi construction
  Phase number                  : 1
  Rotation angle                : +14.7448 degree
 Input data for grain number 18:
  'Round' grain.
  x,z coordinates               : 73.9713, 38.7113 micrometers
  Grain radius                  : 42.117 micrometers
  Stabilisation
  Voronoi construction
  Phase number                  : 1
  Rotation angle                : +12.9587 degree
 Input data for grain number 19:
  'Round' grain.
  x,z coordinates               : 39.2770, 2.42952 micrometers
  Grain radius                  : 43.395 micrometers
  Stabilisation
  Voronoi construction
  Phase number                  : 1
  Rotation angle                : +14.0592 degree
 Input data for grain number 20:
  'Round' grain.
  x,z coordinates               : 226.066, 74.7446 micrometers
  Grain radius                  : 42.658 micrometers
  Stabilisation
  Voronoi construction
  Phase number                  : 1
  Rotation angle                : +13.2345 degree
 Input data for grain number 21:
  'Round' grain.
  x,z coordinates               : 213.120, 17.4022 micrometers
  Grain radius                  : 43.238 micrometers
  Stabilisation
  Voronoi construction
  Phase number                  : 1
  Rotation angle                : +14.3401 degree
 Input data for grain number 22:
  'Round' grain.
  x,z coordinates               : 213.279, 119.190 micrometers
  Grain radius                  : 40.739 micrometers
  Stabilisation
  Voronoi construction
  Phase number                  : 1
  Rotation angle                : +13.7923 degree
 Input data for grain number 23:
  'Round' grain.
  x,z coordinates               : 291.405, 33.2037 micrometers
  Grain radius                  : 43.940 micrometers
  Stabilisation
  Voronoi construction
  Phase number                  : 1
  Rotation angle                : +10.2901 degree
 Input data for grain number 24:
  'Round' grain.
  x,z coordinates               : 256.495, 19.4448 micrometers
  Grain radius                  : 44.190 micrometers
  Stabilisation
  Voronoi construction
  Phase number                  : 1
  Rotation angle                : +16.8685 degree
 Input data for grain number 25:
  'Round' grain.
  x,z coordinates               : 298.200, 14.2323 micrometers
  Grain radius                  : 42.590 micrometers
  Stabilisation
  Voronoi construction
  Phase number                  : 1
  Rotation angle                : +18.5342 degree
 Input data for grain number 26:
  'Round' grain.
  x,z coordinates               : 135.977, 147.016 micrometers
  Grain radius                  : 42.890 micrometers
  Stabilisation
  Voronoi construction
  Phase number                  : 1
  Rotation angle                : +16.9213 degree
 Input data for grain number 27:
  'Round' grain.
  x,z coordinates               : 243.495, 118.319 micrometers
  Grain radius                  : 44.350 micrometers
  Stabilisation
  Voronoi construction
  Phase number                  : 1
  Rotation angle                : +13.1071 degree
 Input data for grain number 28:
  'Round' grain.
  x,z coordinates               : 194.428, 45.6198 micrometers
  Grain radius                  : 43.403 micrometers
  Stabilisation
  Voronoi construction
  Phase number                  : 1
  Rotation angle                : +12.5997 degree
 Input data for grain number 29:
  'Round' grain.
  x,z coordinates               : 159.563, 48.6600 micrometers
  Grain radius                  : 40.672 micrometers
  Stabilisation
  Voronoi construction
  Phase number                  : 1
  Rotation angle                : +15.3325 degree
 Input data for grain number 30:
  'Round' grain.
  x,z coordinates               : 80.8511, 2.57343 micrometers
  Grain radius                  : 41.508 micrometers
  Stabilisation
  Voronoi construction
  Phase number                  : 1
  Rotation angle                : +15.5841 degree
 Input data for grain number 31:
  'Round' grain.
  x,z coordinates               : 105.639, 137.678 micrometers
  Grain radius                  : 44.866 micrometers
  Stabilisation
  Voronoi construction
  Phase number                  : 1
  Rotation angle                : +11.5292 degree
 Input data for grain number 32:
  'Round' grain.
  x,z coordinates               : 136.601, 102.112 micrometers
  Grain radius                  : 44.841 micrometers
  Stabilisation
  Voronoi construction
  Phase number                  : 1
  Rotation angle                : +13.3602 degree
 Input data for grain number 33:
  'Round' grain.
  x,z coordinates               : 33.1532, 141.481 micrometers
  Grain radius                  : 44.149 micrometers
  Stabilisation
  Voronoi construction
  Phase number                  : 1
  Rotation angle                : +10.3006 degree
 Input data for grain number 34:
  'Round' grain.
  x,z coordinates               : 131.589, 56.5195 micrometers
  Grain radius                  : 44.747 micrometers
  Stabilisation
  Voronoi construction
  Phase number                  : 1
  Rotation angle                : +17.6348 degree
 Input data for grain number 35:
  'Round' grain.
  x,z coordinates               : 111.607, 78.0077 micrometers
  Grain radius                  : 40.005 micrometers
  Stabilisation
  Voronoi construction
  Phase number                  : 1
  Rotation angle                : +18.8771 degree
 Input data for grain number 36:
  'Round' grain.
  x,z coordinates               : 1.25875, 7.63223 micrometers
  Grain radius                  : 43.186 micrometers
  Stabilisation
  Voronoi construction
  Phase number                  : 1
  Rotation angle                : +12.4233 degree
 Input data for grain number 37:
  'Round' grain.
  x,z coordinates               : 160.892, 127.662 micrometers
  Grain radius                  : 42.400 micrometers
  Stabilisation
  Voronoi construction
  Phase number                  : 1
  Rotation angle                : +12.7312 degree
 Input data for grain number 38:
  'Round' grain.
  x,z coordinates               : 264.681, 83.3402 micrometers
  Grain radius                  : 43.173 micrometers
  Stabilisation
  Voronoi construction
  Phase number                  : 1
  Rotation angle                : +13.2203 degree
 Input data for grain number 39:
  'Round' grain.
  x,z coordinates               : 95.7618, 53.8173 micrometers
  Grain radius                  : 40.441 micrometers
  Stabilisation
  Voronoi construction
  Phase number                  : 1
  Rotation angle                : +16.4706 degree
 Input data for grain number 40:
  'Round' grain.
  x,z coordinates               : 168.913, 106.556 micrometers
  Grain radius                  : 43.318 micrometers
  Stabilisation
  Voronoi construction
  Phase number                  : 1
  Rotation angle                : +12.8760 degree
 Input data for grain number 41:
  'Round' grain.
  x,z coordinates               : 260.915, 52.9919 micrometers
  Grain radius                  : 44.498 micrometers
  Stabilisation
  Voronoi construction
  Phase number                  : 1
  Rotation angle                : +18.8678 degree
 Input data for grain number 42:
  'Round' grain.
  x,z coordinates               : 222.969, 41.7885 micrometers
  Grain radius                  : 41.226 micrometers
  Stabilisation
  Voronoi construction
  Phase number                  : 1
  Rotation angle                : +16.2414 degree
 Input data for grain number 43:
  'Round' grain.
  x,z coordinates               : 92.4925, 94.3804 micrometers
  Grain radius                  : 41.791 micrometers
  Stabilisation
  Voronoi construction
  Phase number                  : 1
  Rotation angle                : +15.2457 degree
 Input data for grain number 44:
  'Round' grain.
  x,z coordinates               : 192.275, 131.244 micrometers
  Grain radius                  : 44.484 micrometers
  Stabilisation
  Voronoi construction
  Phase number                  : 1
  Rotation angle                : +11.7886 degree
 Input data for grain number 45:
  'Round' grain.
  x,z coordinates               : 61.2272, 148.703 micrometers
  Grain radius                  : 40.175 micrometers
  Stabilisation
  Voronoi construction
  Phase number                  : 1
  Rotation angle                : +19.3994 degree
 Input data for grain number 46:
  'Round' grain.
  x,z coordinates               : 143.328, 3.93943 micrometers
  Grain radius                  : 42.876 micrometers
  Stabilisation
  Voronoi construction
  Phase number                  : 1
  Rotation angle                : +14.1204 degree
 Input data for grain number 47:
  'Round' grain.
  x,z coordinates               : 124.542, 122.324 micrometers
  Grain radius                  : 40.794 micrometers
  Stabilisation
  Voronoi construction
  Phase number                  : 1
  Rotation angle                : +14.1755 degree
 Input data for grain number 48:
  'Round' grain.
  x,z coordinates               : 209.353, 59.7574 micrometers
  Grain radius                  : 42.142 micrometers
  Stabilisation
  Voronoi construction
  Phase number                  : 1
  Rotation angle                : +14.3929 degree
 Input data for grain number 49:
  'Round' grain.
  x,z coordinates               : 8.38721, 103.251 micrometers
  Grain radius                  : 41.341 micrometers
  Stabilisation
  Voronoi construction
  Phase number                  : 1
  Rotation angle                : +15.9126 degree
 Input data for grain number 50:
  'Round' grain.
  x,z coordinates               : 3.20230, 69.4574 micrometers
  Grain radius                  : 43.569 micrometers
  Stabilisation
  Voronoi construction
  Phase number                  : 1
  Rotation angle                : +10.9084 degree
 Input data for grain number 51:
  'Round' grain.
  x,z coordinates               : 232.353, 135.955 micrometers
  Grain radius                  : 41.255 micrometers
  Stabilisation
  Voronoi construction
  Phase number                  : 1
  Rotation angle                : +15.6796 degree
 Input data for grain number 52:
  'Round' grain.
  x,z coordinates               : 59.2981, 3.51207 micrometers
  Grain radius                  : 40.375 micrometers
  Stabilisation
  Voronoi construction
  Phase number                  : 1
  Rotation angle                : +11.7071 degree
 Input data for grain number 53:
  'Round' grain.
  x,z coordinates               : 16.3918, 50.2137 micrometers
  Grain radius                  : 41.109 micrometers
  Stabilisation
  Voronoi construction
  Phase number                  : 1
  Rotation angle                : +13.9237 degree
 Input data for grain number 54:
  'Round' grain.
  x,z coordinates               : 97.4809, 32.4561 micrometers
  Grain radius                  : 43.922 micrometers
  Stabilisation
  Voronoi construction
  Phase number                  : 1
  Rotation angle                : +16.4997 degree
 Input data for grain number 55:
  'Round' grain.
  x,z coordinates               : 292.859, 146.915 micrometers
  Grain radius                  : 43.398 micrometers
  Stabilisation
  Voronoi construction
  Phase number                  : 1
  Rotation angle                : +17.7782 degree
 Input data for grain number 56:
  'Round' grain.
  x,z coordinates               : 183.111, 26.1688 micrometers
  Grain radius                  : 42.271 micrometers
  Stabilisation
  Voronoi construction
  Phase number                  : 1
  Rotation angle                : +13.8527 degree
 Input data for grain number 57:
  'Round' grain.
  x,z coordinates               : 267.525, 108.212 micrometers
  Grain radius                  : 40.257 micrometers
  Stabilisation
  Voronoi construction
  Phase number                  : 1
  Rotation angle                : +15.4456 degree
 Input data for grain number 58:
  'Round' grain.
  x,z coordinates               : 34.7155, 65.9634 micrometers
  Grain radius                  : 44.307 micrometers
  Stabilisation
  Voronoi construction
  Phase number                  : 1
  Rotation angle                : +14.4550 degree
 Input data for grain number 59:
  'Round' grain.
  x,z coordinates               : 201.208, 78.5317 micrometers
  Grain radius                  : 44.411 micrometers
  Stabilisation
  Voronoi construction
  Phase number                  : 1
  Rotation angle                : +12.0504 degree
 Input data for grain number 60:
  'Round' grain.
  x,z coordinates               : 296.988, 127.025 micrometers
  Grain radius                  : 43.028 micrometers
  Stabilisation
  Voronoi construction
  Phase number                  : 1
  Rotation angle                : +19.9958 degree
 Input data for grain number 61:
  'Round' grain.
  x,z coordinates               : 170.894, 147.959 micrometers
  Grain radius                  : 43.039 micrometers
  Stabilisation
  Voronoi construction
  Phase number                  : 1
  Rotation angle                : +16.9917 degree
 Input data for grain number 62:
  'Round' grain.
  x,z coordinates               : 209.690, 145.265 micrometers
  Grain radius                  : 44.419 micrometers
  Stabilisation
  Voronoi construction
  Phase number                  : 1
  Rotation angle                : +14.9075 degree
 Input data for grain number 63:
  'Round' grain.
  x,z coordinates               : 281.548, 1.96279 micrometers
  Grain radius                  : 40.446 micrometers
  Stabilisation
  Voronoi construction
  Phase number                  : 1
  Rotation angle                : +17.6606 degree
 Input data for grain number 64:
  'Round' grain.
  x,z coordinates               : 83.3425, 142.951 micrometers
  Grain radius                  : 42.477 micrometers
  Stabilisation
  Voronoi construction
  Phase number                  : 1
  Rotation angle                : +18.7649 degree
 Input data for grain number 65:
  'Round' grain.
  x,z coordinates               : 178.206, 58.8267 micrometers
  Grain radius                  : 41.928 micrometers
  Stabilisation
  Voronoi construction
  Phase number                  : 1
  Rotation angle                : +14.8244 degree
 Input data for grain number 66:
  'Round' grain.
  x,z coordinates               : 6.55674, 145.764 micrometers
  Grain radius                  : 44.449 micrometers
  Stabilisation
  Voronoi construction
  Phase number                  : 1
  Rotation angle                : +17.3290 degree
 Input data for grain number 67:
  'Round' grain.
  x,z coordinates               : 115.450, 99.4807 micrometers
  Grain radius                  : 43.750 micrometers
  Stabilisation
  Voronoi construction
  Phase number                  : 1
  Rotation angle                : +11.4679 degree
 Input data for grain number 68:
  'Round' grain.
  x,z coordinates               : 95.9482, 117.413 micrometers
  Grain radius                  : 42.964 micrometers
  Stabilisation
  Voronoi construction
  Phase number                  : 1
  Rotation angle                : +12.7434 degree
 Input data for grain number 69:
  'Round' grain.
  x,z coordinates               : 151.157, 30.3472 micrometers
  Grain radius                  : 44.085 micrometers
  Stabilisation
  Voronoi construction
  Phase number                  : 1
  Rotation angle                : +10.5005 degree
 Input data for grain number 70:
  'Round' grain.
  x,z coordinates               : 121.989, 11.5380 micrometers
  Grain radius                  : 41.092 micrometers
  Stabilisation
  Voronoi construction
  Phase number                  : 1
  Rotation angle                : +19.7428 degree
 Input data for grain number 71:
  'Round' grain.
  x,z coordinates               : 3.44634, 29.2381 micrometers
  Grain radius                  : 40.002 micrometers
  Stabilisation
  Voronoi construction
  Phase number                  : 1
  Rotation angle                : +18.7448 degree
 Input data for grain number 72:
  'Round' grain.
  x,z coordinates               : 213.651, 98.4977 micrometers
  Grain radius                  : 44.703 micrometers
  Stabilisation
  Voronoi construction
  Phase number                  : 1
  Rotation angle                : +18.5349 degree
 Input data for grain number 73:
  'Round' grain.
  x,z coordinates               : 239.637, 58.8420 micrometers
  Grain radius                  : 42.659 micrometers
  Stabilisation
  Voronoi construction
  Phase number                  : 1
  Rotation angle                : +10.8339 degree
 Input data for grain number 74:
  'Round' grain.
  x,z coordinates               : 59.3946, 56.5658 micrometers
  Grain radius                  : 44.595 micrometers
  Stabilisation
  Voronoi construction
  Phase number                  : 1
  Rotation angle                : +19.0408 degree
 Input data for grain number 75:
  'Round' grain.
  x,z coordinates               : 296.269, 106.601 micrometers
  Grain radius                  : 40.593 micrometers
  Stabilisation
  Voronoi construction
  Phase number                  : 1
  Rotation angle                : +13.5324 degree
 Input data for grain number 76:
  'Round' grain.
  x,z coordinates               : 140.419, 80.5525 micrometers
  Grain radius                  : 41.573 micrometers
  Stabilisation
  Voronoi construction
  Phase number                  : 1
  Rotation angle                : +11.2910 degree
 Input data for grain number 77:
  'Round' grain.
  x,z coordinates               : 192.090, 110.211 micrometers
  Grain radius                  : 44.440 micrometers
  Stabilisation
  Voronoi construction
  Phase number                  : 1
  Rotation angle                : +14.0823 degree
 Input data for grain number 78:
  'Round' grain.
  x,z coordinates               : 237.582, 28.0189 micrometers
  Grain radius                  : 43.865 micrometers
  Stabilisation
  Voronoi construction
  Phase number                  : 1
  Rotation angle                : +17.8168 degree
 Input data for grain number 79:
  'Round' grain.
  x,z coordinates               : 101.413, 0.271581 micrometers
  Grain radius                  : 43.568 micrometers
  Stabilisation
  Voronoi construction
  Phase number                  : 1
  Rotation angle                : +14.3065 degree
 Input data for grain number 80:
  'Round' grain.
  x,z coordinates               : 251.224, 148.878 micrometers
  Grain radius                  : 41.575 micrometers
  Stabilisation
  Voronoi construction
  Phase number                  : 1
  Rotation angle                : +12.1636 degree
 Input data for grain number 81:
  'Round' grain.
  x,z coordinates               : 11.0601, 213.087 micrometers
  Grain radius                  : 131.57 micrometers
  Stabilisation
  Voronoi construction
  Phase number                  : 1
  Rotation angle                : +69.9013 degree
 Input data for grain number 82:
  'Round' grain.
  x,z coordinates               : 235.727, 227.742 micrometers
  Grain radius                  : 134.80 micrometers
  Stabilisation
  Voronoi construction
  Phase number                  : 1
  Rotation angle                : +65.8340 degree
 Input data for grain number 83:
  'Round' grain.
  x,z coordinates               : 297.011, 237.005 micrometers
  Grain radius                  : 130.77 micrometers
  Stabilisation
  Voronoi construction
  Phase number                  : 1
  Rotation angle                : +68.7382 degree
 Input data for grain number 84:
  'Round' grain.
  x,z coordinates               : 240.361, 295.832 micrometers
  Grain radius                  : 131.19 micrometers
  Stabilisation
  Voronoi construction
  Phase number                  : 1
  Rotation angle                : +65.6545 degree
 Input data for grain number 85:
  'Round' grain.
  x,z coordinates               : 150.484, 218.077 micrometers
  Grain radius                  : 132.12 micrometers
  Stabilisation
  Voronoi construction
  Phase number                  : 1
  Rotation angle                : +61.4619 degree
 Input data for grain number 86:
  'Round' grain.
  x,z coordinates               : 128.585, 282.491 micrometers
  Grain radius                  : 130.50 micrometers
  Stabilisation
  Voronoi construction
  Phase number                  : 1
  Rotation angle                : +64.7836 degree
 Input data for grain number 87:
  'Round' grain.
  x,z coordinates               : 85.2983, 213.173 micrometers
  Grain radius                  : 131.14 micrometers
  Stabilisation
  Voronoi construction
  Phase number                  : 1
  Rotation angle                : +63.4555 degree
 Input data for grain number 88:
  'Round' grain.
  x,z coordinates               : 51.4994, 265.464 micrometers
  Grain radius                  : 133.98 micrometers
  Stabilisation
  Voronoi construction
  Phase number                  : 1
  Rotation angle                : +61.5699 degree
 Input data for grain number 89:
  'Round' grain.
  x,z coordinates               : 187.889, 266.626 micrometers
  Grain radius                  : 132.75 micrometers
  Stabilisation
  Voronoi construction
  Phase number                  : 1
  Rotation angle                : +66.4193 degree
 Input data for grain number 90:
  'Round' grain.
  x,z coordinates               : 0.600085, 298.828 micrometers
  Grain radius                  : 133.09 micrometers
  Stabilisation
  Voronoi construction
  Phase number                  : 1
  Rotation angle                : +67.8120 degree


 Data for further nucleation
 ***************************
 Run-time nucleation disabled
 
 
 Phase interaction data
 **********************
 
 Data for phase interaction 0 / 1:
 ---------------------------------
  Interaction between 0 and 1 will not be simulated.
 
 Data for phase interaction 1 / 1:
 ---------------------------------
  Interaction between 1 and 1 will be simulated.
  Interaction parameters between phases  1  and 1:
  Interfacial energy        sigma = 5.00000E-05 [J/cm**2]
  Kinetic coefficient          mu = 5.00000E-03 [cm**4/(Js)]
  Misorientation will be considered.
 Transition from low to high angle boundary (in degrees): 15.000
 Number of special orientation relations: 0
  Static misorientation coeff.    = 0.50000
  Kinetic misorientation coeff.   = 0.50000


 Phase diagram - input data
 **************************
 
 
 Boundary conditions
 *******************
 Initial temperature at the bottom: 1000.000 K
 Temperature gradient at beginning: 0.0000 K/cm
 Cooling rate: 0.0000 K/s
 Simulation domain not shifted
 
 In W-direction periodic/wrap-around boundary condition for phase field
 In E-direction periodic/wrap-around boundary condition for phase field
 In B-direction isolation boundary condition for phase field
 In T-direction isolation boundary condition for phase field
 
 Unit-cell model symmetric with respect to the x/y diagonal plane not activated


 Other numerical parameters
 **************************
 Phase minimum      phMin = 1.00E-05
 Interface thickness etaZ = 4.00000000000000


 Beginning of initialisation
 ***************************
 # Grain number  1 set
 # Grain number  2 set
 # Grain number  3 set
 # Grain number  4 set
 # Grain number  5 set
 # Grain number  6 set
 # Grain number  7 set
 # Grain number  8 set
 # Grain number  9 set
 # Grain number 10 set
 # Grain number 11 set
 # Grain number 12 set
 # Grain number 13 set
 # Grain number 14 set
 # Grain number 15 set
 # Grain number 16 set
 # Grain number 17 set
 # Grain number 18 set
 # Grain number 19 set
 # Grain number 20 set
 # Grain number 21 set
 # Grain number 22 set
 # Grain number 23 set
 # Grain number 24 set
 # Grain number 25 set
 # Grain number 26 set
 # Grain number 27 set
 # Grain number 28 set
 # Grain number 29 set
 # Grain number 30 set
 # Grain number 31 set
 # Grain number 32 set
 # Grain number 33 set
 # Grain number 34 set
 # Grain number 35 set
 # Grain number 36 set
 # Grain number 37 set
 # Grain number 38 set
 # Grain number 39 set
 # Grain number 40 set
 # Grain number 41 set
 # Grain number 42 set
 # Grain number 43 set
 # Grain number 44 set
 # Grain number 45 set
 # Grain number 46 set
 # Grain number 47 set
 # Grain number 48 set
 # Grain number 49 set
 # Grain number 50 set
 # Grain number 51 set
 # Grain number 52 set
 # Grain number 53 set
 # Grain number 54 set
 # Grain number 55 set
 # Grain number 56 set
 # Grain number 57 set
 # Grain number 58 set
 # Grain number 59 set
 # Grain number 60 set
 # Grain number 61 set
 # Grain number 62 set
 # Grain number 63 set
 # Grain number 64 set
 # Grain number 65 set
 # Grain number 66 set
 # Grain number 67 set
 # Grain number 68 set
 # Grain number 69 set
 # Grain number 70 set
 # Grain number 71 set
 # Grain number 72 set
 # Grain number 73 set
 # Grain number 74 set
 # Grain number 75 set
 # Grain number 76 set
 # Grain number 77 set
 # Grain number 78 set
 # Grain number 79 set
 # Grain number 80 set
 # Grain number 81 set
 # Grain number 82 set
 # Grain number 83 set
 # Grain number 84 set
 # Grain number 85 set
 # Grain number 86 set
 # Grain number 87 set
 # Grain number 88 set
 # Grain number 89 set
 # Grain number 90 set
 
 # tWidth_max( 1 : 1 ) = 2.1375000E-02 s
 # Maximal value for tWidth = 2.1375000E-02 s for phase-field solver
 # Initial value for tWidth = 2.13750E-02 s for automatic time stepping (phase-field solver)
 
 Remaining license time: permanent

 ==================================================

 Time t = 0.0000000 s
 CPU-time: 2 s
 Current phase-field solver time step = 2.14E-02 s
 Temperature at the bottom = 1000.0 K
 Temperature gradient = 0.00000 K/cm

 **********************************************
 *         Beginning of simulation            *
 **********************************************

 Intermediate output for t = 10.000 s
 CPU-time: 7 s
 Current phase-field solver time step = 2.14E-02 s
 Temperature at the bottom = 1000.0 K
 Temperature gradient = 0.00000 K/cm

 Intermediate output for t = 20.000 s
 CPU-time: 7 s
 Current phase-field solver time step = 2.14E-02 s
 Temperature at the bottom = 1000.0 K
 Temperature gradient = 0.00000 K/cm

 Intermediate output for t = 30.000 s
 CPU-time: 8 s
 Current phase-field solver time step = 2.14E-02 s
 Temperature at the bottom = 1000.0 K
 Temperature gradient = 0.00000 K/cm

 Intermediate output for t = 40.000 s
 CPU-time: 8 s
 Current phase-field solver time step = 2.14E-02 s
 Temperature at the bottom = 1000.0 K
 Temperature gradient = 0.00000 K/cm

 Intermediate output for t = 50.000 s
 CPU-time: 8 s
 Current phase-field solver time step = 2.14E-02 s
 Temperature at the bottom = 1000.0 K
 Temperature gradient = 0.00000 K/cm

 Intermediate output for t = 60.000 s
 CPU-time: 8 s
 Current phase-field solver time step = 5.95E-03 s
 Temperature at the bottom = 1000.0 K
 Temperature gradient = 0.00000 K/cm

 Intermediate output for t = 70.000 s
 CPU-time: 7 s
 Current phase-field solver time step = 2.14E-02 s
 Temperature at the bottom = 1000.0 K
 Temperature gradient = 0.00000 K/cm

 Intermediate output for t = 80.000 s
 CPU-time: 8 s
 Current phase-field solver time step = 2.14E-02 s
 Temperature at the bottom = 1000.0 K
 Temperature gradient = 0.00000 K/cm

 Intermediate output for t = 90.000 s
 CPU-time: 7 s
 Current phase-field solver time step = 1.74E-02 s
 Temperature at the bottom = 1000.0 K
 Temperature gradient = 0.00000 K/cm

 Intermediate output for t = 100.00 s
 CPU-time: 7 s
 Current phase-field solver time step = 2.14E-02 s
 Temperature at the bottom = 1000.0 K
 Temperature gradient = 0.00000 K/cm

 Intermediate output for t = 110.00 s
 CPU-time: 6 s
 Current phase-field solver time step = 2.14E-02 s
 Temperature at the bottom = 1000.0 K
 Temperature gradient = 0.00000 K/cm

 Intermediate output for t = 120.00 s
 CPU-time: 6 s
 Current phase-field solver time step = 2.14E-02 s
 Temperature at the bottom = 1000.0 K
 Temperature gradient = 0.00000 K/cm

 Intermediate output for t = 130.00 s
 CPU-time: 5 s
 Current phase-field solver time step = 2.14E-02 s
 Temperature at the bottom = 1000.0 K
 Temperature gradient = 0.00000 K/cm

 Intermediate output for t = 140.00 s
 CPU-time: 5 s
 Current phase-field solver time step = 2.14E-02 s
 Temperature at the bottom = 1000.0 K
 Temperature gradient = 0.00000 K/cm

 Intermediate output for t = 150.00 s
 CPU-time: 5 s
 Current phase-field solver time step = 2.14E-02 s
 Temperature at the bottom = 1000.0 K
 Temperature gradient = 0.00000 K/cm

 Intermediate output for t = 160.00 s
 CPU-time: 5 s
 Current phase-field solver time step = 2.14E-02 s
 Temperature at the bottom = 1000.0 K
 Temperature gradient = 0.00000 K/cm

 Intermediate output for t = 170.00 s
 CPU-time: 5 s
 Current phase-field solver time step = 1.96E-02 s
 Temperature at the bottom = 1000.0 K
 Temperature gradient = 0.00000 K/cm

 Intermediate output for t = 180.00 s
 CPU-time: 5 s
 Current phase-field solver time step = 2.14E-02 s
 Temperature at the bottom = 1000.0 K
 Temperature gradient = 0.00000 K/cm

 Intermediate output for t = 190.00 s
 CPU-time: 5 s
 Current phase-field solver time step = 2.14E-02 s
 Temperature at the bottom = 1000.0 K
 Temperature gradient = 0.00000 K/cm

 Intermediate output for t = 200.00 s
 CPU-time: 5 s
 Current phase-field solver time step = 2.14E-02 s
 Temperature at the bottom = 1000.0 K
 Temperature gradient = 0.00000 K/cm

 Intermediate output for t = 210.00 s
 CPU-time: 4 s
 Current phase-field solver time step = 2.14E-02 s
 Temperature at the bottom = 1000.0 K
 Temperature gradient = 0.00000 K/cm

 Intermediate output for t = 220.00 s
 CPU-time: 4 s
 Current phase-field solver time step = 2.14E-02 s
 Temperature at the bottom = 1000.0 K
 Temperature gradient = 0.00000 K/cm

 Intermediate output for t = 230.00 s
 CPU-time: 4 s
 Current phase-field solver time step = 2.14E-02 s
 Temperature at the bottom = 1000.0 K
 Temperature gradient = 0.00000 K/cm

 Intermediate output for t = 240.00 s
 CPU-time: 4 s
 Current phase-field solver time step = 2.14E-02 s
 Temperature at the bottom = 1000.0 K
 Temperature gradient = 0.00000 K/cm

 Intermediate output for t = 250.00 s
 CPU-time: 4 s
 Current phase-field solver time step = 2.14E-02 s
 Temperature at the bottom = 1000.0 K
 Temperature gradient = 0.00000 K/cm

 Intermediate output for t = 260.00 s
 CPU-time: 4 s
 Current phase-field solver time step = 2.14E-02 s
 Temperature at the bottom = 1000.0 K
 Temperature gradient = 0.00000 K/cm

 Intermediate output for t = 270.00 s
 CPU-time: 3 s
 Current phase-field solver time step = 2.14E-02 s
 Temperature at the bottom = 1000.0 K
 Temperature gradient = 0.00000 K/cm

 Intermediate output for t = 280.00 s
 CPU-time: 3 s
 Current phase-field solver time step = 2.14E-02 s
 Temperature at the bottom = 1000.0 K
 Temperature gradient = 0.00000 K/cm

 Intermediate output for t = 290.00 s
 CPU-time: 4 s
 Current phase-field solver time step = 2.14E-02 s
 Temperature at the bottom = 1000.0 K
 Temperature gradient = 0.00000 K/cm

 Intermediate output for t = 300.00 s
 CPU-time: 4 s
 Current phase-field solver time step = 2.14E-02 s
 Temperature at the bottom = 1000.0 K
 Temperature gradient = 0.00000 K/cm

 Intermediate output for t = 310.00 s
 CPU-time: 3 s
 Current phase-field solver time step = 2.14E-02 s
 Temperature at the bottom = 1000.0 K
 Temperature gradient = 0.00000 K/cm

 Intermediate output for t = 320.00 s
 CPU-time: 3 s
 Current phase-field solver time step = 2.14E-02 s
 Temperature at the bottom = 1000.0 K
 Temperature gradient = 0.00000 K/cm

 Intermediate output for t = 330.00 s
 CPU-time: 3 s
 Current phase-field solver time step = 2.14E-02 s
 Temperature at the bottom = 1000.0 K
 Temperature gradient = 0.00000 K/cm

 Intermediate output for t = 340.00 s
 CPU-time: 3 s
 Current phase-field solver time step = 2.14E-02 s
 Temperature at the bottom = 1000.0 K
 Temperature gradient = 0.00000 K/cm

 Intermediate output for t = 350.00 s
 CPU-time: 3 s
 Current phase-field solver time step = 2.14E-02 s
 Temperature at the bottom = 1000.0 K
 Temperature gradient = 0.00000 K/cm

 Intermediate output for t = 360.00 s
 CPU-time: 3 s
 Current phase-field solver time step = 2.14E-02 s
 Temperature at the bottom = 1000.0 K
 Temperature gradient = 0.00000 K/cm

 Intermediate output for t = 370.00 s
 CPU-time: 3 s
 Current phase-field solver time step = 2.14E-02 s
 Temperature at the bottom = 1000.0 K
 Temperature gradient = 0.00000 K/cm

 Intermediate output for t = 380.00 s
 CPU-time: 3 s
 Current phase-field solver time step = 2.14E-02 s
 Temperature at the bottom = 1000.0 K
 Temperature gradient = 0.00000 K/cm

 Intermediate output for t = 390.00 s
 CPU-time: 3 s
 Current phase-field solver time step = 2.14E-02 s
 Temperature at the bottom = 1000.0 K
 Temperature gradient = 0.00000 K/cm

 Intermediate output for t = 400.00 s
 CPU-time: 2 s
 Current phase-field solver time step = 2.14E-02 s
 Temperature at the bottom = 1000.0 K
 Temperature gradient = 0.00000 K/cm

 Intermediate output for t = 410.00 s
 CPU-time: 3 s
 Current phase-field solver time step = 2.14E-02 s
 Temperature at the bottom = 1000.0 K
 Temperature gradient = 0.00000 K/cm

 Intermediate output for t = 420.00 s
 CPU-time: 3 s
 Current phase-field solver time step = 2.14E-02 s
 Temperature at the bottom = 1000.0 K
 Temperature gradient = 0.00000 K/cm

 Intermediate output for t = 430.00 s
 CPU-time: 2 s
 Current phase-field solver time step = 2.14E-02 s
 Temperature at the bottom = 1000.0 K
 Temperature gradient = 0.00000 K/cm

 Intermediate output for t = 440.00 s
 CPU-time: 3 s
 Current phase-field solver time step = 2.14E-02 s
 Temperature at the bottom = 1000.0 K
 Temperature gradient = 0.00000 K/cm

 Intermediate output for t = 450.00 s
 CPU-time: 3 s
 Current phase-field solver time step = 2.14E-02 s
 Temperature at the bottom = 1000.0 K
 Temperature gradient = 0.00000 K/cm

 Intermediate output for t = 460.00 s
 CPU-time: 3 s
 Current phase-field solver time step = 2.14E-02 s
 Temperature at the bottom = 1000.0 K
 Temperature gradient = 0.00000 K/cm

 Intermediate output for t = 470.00 s
 CPU-time: 3 s
 Current phase-field solver time step = 2.14E-02 s
 Temperature at the bottom = 1000.0 K
 Temperature gradient = 0.00000 K/cm

 Intermediate output for t = 480.00 s
 CPU-time: 3 s
 Current phase-field solver time step = 2.14E-02 s
 Temperature at the bottom = 1000.0 K
 Temperature gradient = 0.00000 K/cm

 Intermediate output for t = 490.00 s
 CPU-time: 3 s
 Current phase-field solver time step = 2.14E-02 s
 Temperature at the bottom = 1000.0 K
 Temperature gradient = 0.00000 K/cm

 Intermediate output for t = 500.00 s
 CPU-time: 3 s
 Current phase-field solver time step = 2.14E-02 s
 Temperature at the bottom = 1000.0 K
 Temperature gradient = 0.00000 K/cm

 ==================================================

 Simulation run on machine n009
 Remaining license time: permanent
 CPU time in seconds:         246
 Wall clock time in seconds:  1778
 End
 
