
 MICRESS binary
 **************
 version number: 6.400 (Linux)
 compiled: 01/17/2018
 compiler version: Intel 1400 20140120
 executable architecture: x64
 Thermo-Calc coupling: enabled
 #    Version:    19
 #    Link Date:  20-03-2017 12:28:00
 #    OS Name:    Linux
 #    Build Date: 10716
 #    Compiler:   ifort (IFORT) 14.0.2 20140120
 OpenMP: disabled
 shell: /bin/tcsh
 ('double precision' binary)

 Miscellanea
 ***********
 Date and time: 17/01/2018 (04:12)
 Machine: n008
 Driving file: B007_1Grain_Shrinking_dri.temp


 Flags and settings
 ******************

 Geometry
 --------
 AnzX,   AnzY,   AnzZ   = 100, 1, 100
 deltaX, deltaY, deltaZ [cm] = 1.0000E-04, 1.0000E-04, 1.0000E-04

 Flags
 -----
 Phase-field simulation without coupling
 'Multi-obstacle' potential
 IFaceDim coeff. : 0.200 (0.75, 0.50)
 nTupelDim coeff.: 0.00 (0.75, 0.50)


 The data compression is done with 'zlib' (cf. http://www.zlib.net/).
 The routine for appending is loosely derived from the 'gzappend.c' example.


 Time input data
 ***************
 Number of intermediate outputs = 41
 Intermediate output at t       = 2.0000000E+01 s
 Intermediate output at t       = 4.0000000E+01 s
 Intermediate output at t       = 6.0000000E+01 s
 Intermediate output at t       = 8.0000000E+01 s
 Intermediate output at t       = 1.0000000E+02 s
 Intermediate output at t       = 1.2000000E+02 s
 Intermediate output at t       = 1.4000000E+02 s
 Intermediate output at t       = 1.6000000E+02 s
 Intermediate output at t       = 1.8000000E+02 s
 Intermediate output at t       = 2.0000000E+02 s
 Intermediate output at t       = 2.2000000E+02 s
 Intermediate output at t       = 2.4000000E+02 s
 Intermediate output at t       = 2.6000000E+02 s
 Intermediate output at t       = 2.8000000E+02 s
 Intermediate output at t       = 3.0000000E+02 s
 Intermediate output at t       = 3.2000000E+02 s
 Intermediate output at t       = 3.4000000E+02 s
 Intermediate output at t       = 3.6000000E+02 s
 Intermediate output at t       = 3.8000000E+02 s
 Intermediate output at t       = 4.0000000E+02 s
 Intermediate output at t       = 4.2000000E+02 s
 Intermediate output at t       = 4.4000000E+02 s
 Intermediate output at t       = 4.6000000E+02 s
 Intermediate output at t       = 4.8000000E+02 s
 Intermediate output at t       = 5.0000000E+02 s
 Intermediate output at t       = 5.2000000E+02 s
 Intermediate output at t       = 5.4000000E+02 s
 Intermediate output at t       = 5.6000000E+02 s
 Intermediate output at t       = 5.8000000E+02 s
 Intermediate output at t       = 6.0000000E+02 s
 Intermediate output at t       = 6.2000000E+02 s
 Intermediate output at t       = 6.4000000E+02 s
 Intermediate output at t       = 6.6000000E+02 s
 Intermediate output at t       = 6.8000000E+02 s
 Intermediate output at t       = 7.0000000E+02 s
 Intermediate output at t       = 7.2000000E+02 s
 Intermediate output at t       = 7.4000000E+02 s
 Intermediate output at t       = 7.6000000E+02 s
 Intermediate output at t       = 7.8000000E+02 s
 Intermediate output at t       = 8.0000000E+02 s
 Intermediate output at t       = 8.2000000E+02 s
 Coefficient for phase-field criterion 0.950
 Weight factor for bulk increment = 1.000E-07
 Upper limit for time step: 1.000E+03
 Lower limit for time step: 1.000E-36
 Number of steps to adjust profiles of initially sharp interfaces [exclude_inactive]: 170
 
 
 Phase data
 **********
 Number of distinct solid phases = 1
 
 Data for phase 1:
 -----------------
 in phase 1, recrystallisation will not be considered.
 Phase 1 is isotropic.
 No categorization is allowed for phase 1


 Grain input
 ***********
 Grains will be positioned deterministically
 Number of grains = 1
 Input data for grain number 1:
  'Round' grain.
  x,z coordinates               : 50.0000, 50.0000 micrometers
  Grain radius                  : 40.1000 micrometers
  Grain 1 is stabilized
  No Voronoi construction
  Phase number                  : 1


 Data for further nucleation
 ***************************
 Run-time nucleation disabled
 
 
 Phase interaction data
 **********************
 
 Data for phase interaction 0 / 1:
 ---------------------------------
  Interaction between 0 and 1 will be simulated.
  Interaction parameters between phases  0  and 1:
  'Smoothing angle'        smooth = 45.00
  Interfacial energy        sigma = 1.00000E-05 [J/cm**2]
  Kinetic coefficient          mu = 1.00000E-03 [cm**4/(Js)]
 
 Data for phase interaction 1 / 1:
 ---------------------------------
  Interaction between 1 and 1 will not be simulated.


 Phase diagram - input data
 **************************
 Equilibrium temperature between 0  and 1 = 1000.00000000000 K
 Entropy of fusion between phase 0  and 1 = 1.00000000000000 J/(cm**3 K)
 
 
 Boundary conditions
 *******************
 Initial temperature at the bottom: 1000.000 K
 Temperature gradient at beginning: 0.0000 K/cm
 Cooling rate: 0.0000 K/s
 Simulation domain not shifted
 
 In W-direction isolation boundary condition for phase field
 In E-direction isolation boundary condition for phase field
 In B-direction isolation boundary condition for phase field
 In T-direction isolation boundary condition for phase field
 
 Unit-cell model symmetric with respect to the x/y diagonal plane not activated


 Other numerical parameters
 **************************
 Phase minimum      phMin = 1.00E-04
 Interface thickness etaZ = 4.00000000000000


 Beginning of initialisation
 ***************************
 # Grain number 1 set
 
 # tWidth_max( 0 : 1 ) = 0.2375000 s
 # Maximal value for tWidth = 0.2375000 s for phase-field solver
 # Initial value for tWidth = 0.22562 s for automatic time stepping (phase-field solver)
 # Critical grain radius:
 # of phase 1 in phase 0 = 0.10000 / dT_unt  [micrometers]
 
 Remaining license time: permanent

 ==================================================

 Time t = 0.0000000 s
 CPU-time: 0 s
 Current phase-field solver time step = 2.26E-01 s
 Temperature at the bottom = 1000.0 K
 Temperature gradient = 0.00000 K/cm

 **********************************************
 *         Beginning of simulation            *
 **********************************************

 Intermediate output for t = 0.22562 s
 CPU-time: 0 s
 Current phase-field solver time step = 2.26E-01 s
 Temperature at the bottom = 1000.0 K
 Temperature gradient = 0.00000 K/cm

 Intermediate output for t = 20.000 s
 CPU-time: 0 s
 Current phase-field solver time step = 2.26E-01 s
 Temperature at the bottom = 1000.0 K
 Temperature gradient = 0.00000 K/cm

 Intermediate output for t = 40.000 s
 CPU-time: 0 s
 Current phase-field solver time step = 2.26E-01 s
 Temperature at the bottom = 1000.0 K
 Temperature gradient = 0.00000 K/cm

 Intermediate output for t = 60.000 s
 CPU-time: 0 s
 Current phase-field solver time step = 2.26E-01 s
 Temperature at the bottom = 1000.0 K
 Temperature gradient = 0.00000 K/cm

 Intermediate output for t = 80.000 s
 CPU-time: 0 s
 Current phase-field solver time step = 2.26E-01 s
 Temperature at the bottom = 1000.0 K
 Temperature gradient = 0.00000 K/cm

 Intermediate output for t = 100.00 s
 CPU-time: 0 s
 Current phase-field solver time step = 2.26E-01 s
 Temperature at the bottom = 1000.0 K
 Temperature gradient = 0.00000 K/cm

 Intermediate output for t = 120.00 s
 CPU-time: 0 s
 Current phase-field solver time step = 2.26E-01 s
 Temperature at the bottom = 1000.0 K
 Temperature gradient = 0.00000 K/cm

 Intermediate output for t = 140.00 s
 CPU-time: 0 s
 Current phase-field solver time step = 2.26E-01 s
 Temperature at the bottom = 1000.0 K
 Temperature gradient = 0.00000 K/cm

 Intermediate output for t = 160.00 s
 CPU-time: 0 s
 Current phase-field solver time step = 2.26E-01 s
 Temperature at the bottom = 1000.0 K
 Temperature gradient = 0.00000 K/cm

 Intermediate output for t = 180.00 s
 CPU-time: 0 s
 Current phase-field solver time step = 2.26E-01 s
 Temperature at the bottom = 1000.0 K
 Temperature gradient = 0.00000 K/cm

 Intermediate output for t = 200.00 s
 CPU-time: 0 s
 Current phase-field solver time step = 2.26E-01 s
 Temperature at the bottom = 1000.0 K
 Temperature gradient = 0.00000 K/cm

 Intermediate output for t = 220.00 s
 CPU-time: 0 s
 Current phase-field solver time step = 2.26E-01 s
 Temperature at the bottom = 1000.0 K
 Temperature gradient = 0.00000 K/cm

 Intermediate output for t = 240.00 s
 CPU-time: 0 s
 Current phase-field solver time step = 2.26E-01 s
 Temperature at the bottom = 1000.0 K
 Temperature gradient = 0.00000 K/cm

 Intermediate output for t = 260.00 s
 CPU-time: 0 s
 Current phase-field solver time step = 2.26E-01 s
 Temperature at the bottom = 1000.0 K
 Temperature gradient = 0.00000 K/cm

 Intermediate output for t = 280.00 s
 CPU-time: 0 s
 Current phase-field solver time step = 2.26E-01 s
 Temperature at the bottom = 1000.0 K
 Temperature gradient = 0.00000 K/cm

 Intermediate output for t = 300.00 s
 CPU-time: 0 s
 Current phase-field solver time step = 2.26E-01 s
 Temperature at the bottom = 1000.0 K
 Temperature gradient = 0.00000 K/cm

 Intermediate output for t = 320.00 s
 CPU-time: 0 s
 Current phase-field solver time step = 2.26E-01 s
 Temperature at the bottom = 1000.0 K
 Temperature gradient = 0.00000 K/cm

 Intermediate output for t = 340.00 s
 CPU-time: 0 s
 Current phase-field solver time step = 2.26E-01 s
 Temperature at the bottom = 1000.0 K
 Temperature gradient = 0.00000 K/cm

 Intermediate output for t = 360.00 s
 CPU-time: 0 s
 Current phase-field solver time step = 2.26E-01 s
 Temperature at the bottom = 1000.0 K
 Temperature gradient = 0.00000 K/cm

 Intermediate output for t = 380.00 s
 CPU-time: 0 s
 Current phase-field solver time step = 2.26E-01 s
 Temperature at the bottom = 1000.0 K
 Temperature gradient = 0.00000 K/cm

 Intermediate output for t = 400.00 s
 CPU-time: 0 s
 Current phase-field solver time step = 2.26E-01 s
 Temperature at the bottom = 1000.0 K
 Temperature gradient = 0.00000 K/cm

 Intermediate output for t = 420.00 s
 CPU-time: 0 s
 Current phase-field solver time step = 2.26E-01 s
 Temperature at the bottom = 1000.0 K
 Temperature gradient = 0.00000 K/cm

 Intermediate output for t = 440.00 s
 CPU-time: 0 s
 Current phase-field solver time step = 2.26E-01 s
 Temperature at the bottom = 1000.0 K
 Temperature gradient = 0.00000 K/cm

 Intermediate output for t = 460.00 s
 CPU-time: 0 s
 Current phase-field solver time step = 2.26E-01 s
 Temperature at the bottom = 1000.0 K
 Temperature gradient = 0.00000 K/cm

 Intermediate output for t = 480.00 s
 CPU-time: 0 s
 Current phase-field solver time step = 2.26E-01 s
 Temperature at the bottom = 1000.0 K
 Temperature gradient = 0.00000 K/cm

 Intermediate output for t = 500.00 s
 CPU-time: 0 s
 Current phase-field solver time step = 2.26E-01 s
 Temperature at the bottom = 1000.0 K
 Temperature gradient = 0.00000 K/cm

 Intermediate output for t = 520.00 s
 CPU-time: 0 s
 Current phase-field solver time step = 2.26E-01 s
 Temperature at the bottom = 1000.0 K
 Temperature gradient = 0.00000 K/cm

 Intermediate output for t = 540.00 s
 CPU-time: 0 s
 Current phase-field solver time step = 2.26E-01 s
 Temperature at the bottom = 1000.0 K
 Temperature gradient = 0.00000 K/cm

 Intermediate output for t = 560.00 s
 CPU-time: 0 s
 Current phase-field solver time step = 2.26E-01 s
 Temperature at the bottom = 1000.0 K
 Temperature gradient = 0.00000 K/cm

 Intermediate output for t = 580.00 s
 CPU-time: 0 s
 Current phase-field solver time step = 2.26E-01 s
 Temperature at the bottom = 1000.0 K
 Temperature gradient = 0.00000 K/cm

 Intermediate output for t = 600.00 s
 CPU-time: 0 s
 Current phase-field solver time step = 2.26E-01 s
 Temperature at the bottom = 1000.0 K
 Temperature gradient = 0.00000 K/cm

 Intermediate output for t = 620.00 s
 CPU-time: 0 s
 Current phase-field solver time step = 2.26E-01 s
 Temperature at the bottom = 1000.0 K
 Temperature gradient = 0.00000 K/cm

 Intermediate output for t = 640.00 s
 CPU-time: 0 s
 Current phase-field solver time step = 2.26E-01 s
 Temperature at the bottom = 1000.0 K
 Temperature gradient = 0.00000 K/cm

 Intermediate output for t = 660.00 s
 CPU-time: 0 s
 Current phase-field solver time step = 2.26E-01 s
 Temperature at the bottom = 1000.0 K
 Temperature gradient = 0.00000 K/cm

 Intermediate output for t = 680.00 s
 CPU-time: 0 s
 Current phase-field solver time step = 2.26E-01 s
 Temperature at the bottom = 1000.0 K
 Temperature gradient = 0.00000 K/cm

 Intermediate output for t = 700.00 s
 CPU-time: 0 s
 Current phase-field solver time step = 2.26E-01 s
 Temperature at the bottom = 1000.0 K
 Temperature gradient = 0.00000 K/cm

 Intermediate output for t = 720.00 s
 CPU-time: 0 s
 Current phase-field solver time step = 2.26E-01 s
 Temperature at the bottom = 1000.0 K
 Temperature gradient = 0.00000 K/cm

 Intermediate output for t = 740.00 s
 CPU-time: 0 s
 Current phase-field solver time step = 2.26E-01 s
 Temperature at the bottom = 1000.0 K
 Temperature gradient = 0.00000 K/cm

 Intermediate output for t = 760.00 s
 CPU-time: 0 s
 Current phase-field solver time step = 2.26E-01 s
 Temperature at the bottom = 1000.0 K
 Temperature gradient = 0.00000 K/cm

 Intermediate output for t = 780.00 s
 CPU-time: 0 s
 Current phase-field solver time step = 2.26E-01 s
 Temperature at the bottom = 1000.0 K
 Temperature gradient = 0.00000 K/cm

 Phase 1 disappeared at 794.4979 s


 Intermediate output for t = 794.78 s
 CPU-time: 0 s
 Current phase-field solver time step = 2.81E-01 s
 Temperature at the bottom = 1000.0 K
 Temperature gradient = 0.00000 K/cm

 Intermediate output for t = 800.00 s
 CPU-time: 0 s
 Current phase-field solver time step = 4.50E+00 s
 Temperature at the bottom = 1000.0 K
 Temperature gradient = 0.00000 K/cm

 Intermediate output for t = 820.00 s
 CPU-time: 0 s
 Current phase-field solver time step = 1.80E+01 s
 Temperature at the bottom = 1000.0 K
 Temperature gradient = 0.00000 K/cm

 ==================================================

 Simulation run on machine n008
 Remaining license time: permanent
 CPU time in seconds:           3
 Wall clock time in seconds:  786
 End
 
